[0.141s] DEBUG:colcon:Command line arguments: ['/usr/bin/colcon', 'list', '-p', '--base-paths', '/home/llagoeiro/Desktop/Hiperion-ELA220/src']
[0.141s] DEBUG:colcon:Parsed command line arguments: Namespace(log_base=None, log_level=None, verb_name='list', build_base='build', ignore_user_meta=False, metas=['./colcon.meta'], base_paths=['/home/llagoeiro/Desktop/Hiperion-ELA220/src'], packages_ignore=None, packages_ignore_regex=None, paths=None, packages_up_to=None, packages_up_to_regex=None, packages_above=None, packages_above_and_dependencies=None, packages_above_depth=None, packages_select_by_dep=None, packages_skip_by_dep=None, packages_skip_up_to=None, packages_select_build_failed=False, packages_skip_build_finished=False, packages_select_test_failures=False, packages_skip_test_passed=False, packages_select=None, packages_skip=None, packages_select_regex=None, packages_skip_regex=None, packages_start=None, packages_end=None, allow_overriding=[], topological_order=False, names_only=False, paths_only=True, topological_graph=False, topological_graph_dot=False, topological_graph_density=False, topological_graph_legend=False, topological_graph_dot_cluster=False, topological_graph_dot_include_skipped=False, verb_parser=<colcon_defaults.argument_parser.defaults.DefaultArgumentsDecorator object at 0x70a117728ee0>, verb_extension=<colcon_package_information.verb.list.ListVerb object at 0x70a1178310f0>, main=<bound method ListVerb.main of <colcon_package_information.verb.list.ListVerb object at 0x70a1178310f0>>)
[0.389s] Level 1:colcon.colcon_core.package_discovery:discover_packages(colcon_meta) check parameters
[0.390s] Level 1:colcon.colcon_core.package_discovery:discover_packages(recursive) check parameters
[0.390s] Level 1:colcon.colcon_core.package_discovery:discover_packages(ignore) check parameters
[0.390s] Level 1:colcon.colcon_core.package_discovery:discover_packages(path) check parameters
[0.390s] Level 1:colcon.colcon_core.package_discovery:discover_packages(recursive) discover
[0.390s] INFO:colcon.colcon_core.package_discovery:Crawling recursively for packages in '/home/llagoeiro/Desktop/Hiperion-ELA220/src'
[0.390s] Level 1:colcon.colcon_core.package_identification:_identify(/home/llagoeiro/Desktop/Hiperion-ELA220/src) by extensions ['ignore', 'ignore_ament_install']
[0.390s] Level 1:colcon.colcon_core.package_identification:_identify(/home/llagoeiro/Desktop/Hiperion-ELA220/src) by extension 'ignore'
[0.390s] Level 1:colcon.colcon_core.package_identification:_identify(/home/llagoeiro/Desktop/Hiperion-ELA220/src) by extension 'ignore_ament_install'
[0.390s] Level 1:colcon.colcon_core.package_identification:_identify(/home/llagoeiro/Desktop/Hiperion-ELA220/src) by extensions ['colcon_pkg']
[0.391s] Level 1:colcon.colcon_core.package_identification:_identify(/home/llagoeiro/Desktop/Hiperion-ELA220/src) by extension 'colcon_pkg'
[0.391s] Level 1:colcon.colcon_core.package_identification:_identify(/home/llagoeiro/Desktop/Hiperion-ELA220/src) by extensions ['colcon_meta']
[0.391s] Level 1:colcon.colcon_core.package_identification:_identify(/home/llagoeiro/Desktop/Hiperion-ELA220/src) by extension 'colcon_meta'
[0.391s] Level 1:colcon.colcon_core.package_identification:_identify(/home/llagoeiro/Desktop/Hiperion-ELA220/src) by extensions ['ros']
[0.391s] Level 1:colcon.colcon_core.package_identification:_identify(/home/llagoeiro/Desktop/Hiperion-ELA220/src) by extension 'ros'
[0.407s] Level 1:colcon.colcon_core.package_identification:_identify(/home/llagoeiro/Desktop/Hiperion-ELA220/src) by extensions ['cmake', 'python']
[0.407s] Level 1:colcon.colcon_core.package_identification:_identify(/home/llagoeiro/Desktop/Hiperion-ELA220/src) by extension 'cmake'
[0.407s] Level 1:colcon.colcon_core.package_identification:_identify(/home/llagoeiro/Desktop/Hiperion-ELA220/src) by extension 'python'
[0.407s] Level 1:colcon.colcon_core.package_identification:_identify(/home/llagoeiro/Desktop/Hiperion-ELA220/src) by extensions ['python_setup_py']
[0.407s] Level 1:colcon.colcon_core.package_identification:_identify(/home/llagoeiro/Desktop/Hiperion-ELA220/src) by extension 'python_setup_py'
[0.407s] Level 1:colcon.colcon_core.package_identification:_identify(/home/llagoeiro/Desktop/Hiperion-ELA220/src/log) by extensions ['ignore', 'ignore_ament_install']
[0.408s] Level 1:colcon.colcon_core.package_identification:_identify(/home/llagoeiro/Desktop/Hiperion-ELA220/src/log) by extension 'ignore'
[0.408s] Level 1:colcon.colcon_core.package_identification:_identify(/home/llagoeiro/Desktop/Hiperion-ELA220/src/log) ignored
[0.408s] Level 1:colcon.colcon_core.package_identification:_identify(/home/llagoeiro/Desktop/Hiperion-ELA220/src/my_box_bot_description) by extensions ['ignore', 'ignore_ament_install']
[0.408s] Level 1:colcon.colcon_core.package_identification:_identify(/home/llagoeiro/Desktop/Hiperion-ELA220/src/my_box_bot_description) by extension 'ignore'
[0.408s] Level 1:colcon.colcon_core.package_identification:_identify(/home/llagoeiro/Desktop/Hiperion-ELA220/src/my_box_bot_description) by extension 'ignore_ament_install'
[0.408s] Level 1:colcon.colcon_core.package_identification:_identify(/home/llagoeiro/Desktop/Hiperion-ELA220/src/my_box_bot_description) by extensions ['colcon_pkg']
[0.408s] Level 1:colcon.colcon_core.package_identification:_identify(/home/llagoeiro/Desktop/Hiperion-ELA220/src/my_box_bot_description) by extension 'colcon_pkg'
[0.408s] Level 1:colcon.colcon_core.package_identification:_identify(/home/llagoeiro/Desktop/Hiperion-ELA220/src/my_box_bot_description) by extensions ['colcon_meta']
[0.408s] Level 1:colcon.colcon_core.package_identification:_identify(/home/llagoeiro/Desktop/Hiperion-ELA220/src/my_box_bot_description) by extension 'colcon_meta'
[0.408s] Level 1:colcon.colcon_core.package_identification:_identify(/home/llagoeiro/Desktop/Hiperion-ELA220/src/my_box_bot_description) by extensions ['ros']
[0.408s] Level 1:colcon.colcon_core.package_identification:_identify(/home/llagoeiro/Desktop/Hiperion-ELA220/src/my_box_bot_description) by extension 'ros'
[0.413s] DEBUG:colcon.colcon_core.package_identification:Package '/home/llagoeiro/Desktop/Hiperion-ELA220/src/my_box_bot_description' with type 'ros.ament_cmake' and name 'my_box_bot_description'
[0.413s] Level 1:colcon.colcon_core.package_identification:_identify(/home/llagoeiro/Desktop/Hiperion-ELA220/src/my_box_bot_gazebo) by extensions ['ignore', 'ignore_ament_install']
[0.413s] Level 1:colcon.colcon_core.package_identification:_identify(/home/llagoeiro/Desktop/Hiperion-ELA220/src/my_box_bot_gazebo) by extension 'ignore'
[0.413s] Level 1:colcon.colcon_core.package_identification:_identify(/home/llagoeiro/Desktop/Hiperion-ELA220/src/my_box_bot_gazebo) by extension 'ignore_ament_install'
[0.414s] Level 1:colcon.colcon_core.package_identification:_identify(/home/llagoeiro/Desktop/Hiperion-ELA220/src/my_box_bot_gazebo) by extensions ['colcon_pkg']
[0.414s] Level 1:colcon.colcon_core.package_identification:_identify(/home/llagoeiro/Desktop/Hiperion-ELA220/src/my_box_bot_gazebo) by extension 'colcon_pkg'
[0.414s] Level 1:colcon.colcon_core.package_identification:_identify(/home/llagoeiro/Desktop/Hiperion-ELA220/src/my_box_bot_gazebo) by extensions ['colcon_meta']
[0.414s] Level 1:colcon.colcon_core.package_identification:_identify(/home/llagoeiro/Desktop/Hiperion-ELA220/src/my_box_bot_gazebo) by extension 'colcon_meta'
[0.414s] Level 1:colcon.colcon_core.package_identification:_identify(/home/llagoeiro/Desktop/Hiperion-ELA220/src/my_box_bot_gazebo) by extensions ['ros']
[0.414s] Level 1:colcon.colcon_core.package_identification:_identify(/home/llagoeiro/Desktop/Hiperion-ELA220/src/my_box_bot_gazebo) by extension 'ros'
[0.415s] DEBUG:colcon.colcon_core.package_identification:Package '/home/llagoeiro/Desktop/Hiperion-ELA220/src/my_box_bot_gazebo' with type 'ros.ament_cmake' and name 'my_box_bot_gazebo'
[0.416s] Level 1:colcon.colcon_core.package_identification:_identify(/home/llagoeiro/Desktop/Hiperion-ELA220/src/ros2_mpu6050_driver) by extensions ['ignore', 'ignore_ament_install']
[0.416s] Level 1:colcon.colcon_core.package_identification:_identify(/home/llagoeiro/Desktop/Hiperion-ELA220/src/ros2_mpu6050_driver) by extension 'ignore'
[0.416s] Level 1:colcon.colcon_core.package_identification:_identify(/home/llagoeiro/Desktop/Hiperion-ELA220/src/ros2_mpu6050_driver) by extension 'ignore_ament_install'
[0.416s] Level 1:colcon.colcon_core.package_identification:_identify(/home/llagoeiro/Desktop/Hiperion-ELA220/src/ros2_mpu6050_driver) by extensions ['colcon_pkg']
[0.416s] Level 1:colcon.colcon_core.package_identification:_identify(/home/llagoeiro/Desktop/Hiperion-ELA220/src/ros2_mpu6050_driver) by extension 'colcon_pkg'
[0.416s] Level 1:colcon.colcon_core.package_identification:_identify(/home/llagoeiro/Desktop/Hiperion-ELA220/src/ros2_mpu6050_driver) by extensions ['colcon_meta']
[0.416s] Level 1:colcon.colcon_core.package_identification:_identify(/home/llagoeiro/Desktop/Hiperion-ELA220/src/ros2_mpu6050_driver) by extension 'colcon_meta'
[0.416s] Level 1:colcon.colcon_core.package_identification:_identify(/home/llagoeiro/Desktop/Hiperion-ELA220/src/ros2_mpu6050_driver) by extensions ['ros']
[0.416s] Level 1:colcon.colcon_core.package_identification:_identify(/home/llagoeiro/Desktop/Hiperion-ELA220/src/ros2_mpu6050_driver) by extension 'ros'
[0.417s] DEBUG:colcon.colcon_core.package_identification:Package '/home/llagoeiro/Desktop/Hiperion-ELA220/src/ros2_mpu6050_driver' with type 'ros.ament_cmake' and name 'mpu6050driver'
[0.417s] Level 1:colcon.colcon_core.package_identification:_identify(/home/llagoeiro/Desktop/Hiperion-ELA220/src/rplidar_ros) by extensions ['ignore', 'ignore_ament_install']
[0.417s] Level 1:colcon.colcon_core.package_identification:_identify(/home/llagoeiro/Desktop/Hiperion-ELA220/src/rplidar_ros) by extension 'ignore'
[0.417s] Level 1:colcon.colcon_core.package_identification:_identify(/home/llagoeiro/Desktop/Hiperion-ELA220/src/rplidar_ros) by extension 'ignore_ament_install'
[0.417s] Level 1:colcon.colcon_core.package_identification:_identify(/home/llagoeiro/Desktop/Hiperion-ELA220/src/rplidar_ros) by extensions ['colcon_pkg']
[0.417s] Level 1:colcon.colcon_core.package_identification:_identify(/home/llagoeiro/Desktop/Hiperion-ELA220/src/rplidar_ros) by extension 'colcon_pkg'
[0.417s] Level 1:colcon.colcon_core.package_identification:_identify(/home/llagoeiro/Desktop/Hiperion-ELA220/src/rplidar_ros) by extensions ['colcon_meta']
[0.418s] Level 1:colcon.colcon_core.package_identification:_identify(/home/llagoeiro/Desktop/Hiperion-ELA220/src/rplidar_ros) by extension 'colcon_meta'
[0.418s] Level 1:colcon.colcon_core.package_identification:_identify(/home/llagoeiro/Desktop/Hiperion-ELA220/src/rplidar_ros) by extensions ['ros']
[0.418s] Level 1:colcon.colcon_core.package_identification:_identify(/home/llagoeiro/Desktop/Hiperion-ELA220/src/rplidar_ros) by extension 'ros'
[0.419s] DEBUG:colcon.colcon_core.package_identification:Package '/home/llagoeiro/Desktop/Hiperion-ELA220/src/rplidar_ros' with type 'ros.ament_cmake' and name 'rplidar_ros'
[0.419s] Level 1:colcon.colcon_core.package_discovery:discover_packages(recursive) using defaults
