running egg_info
writing ../../build/manip_pkg/manip_pkg.egg-info/PKG-INFO
writing dependency_links to ../../build/manip_pkg/manip_pkg.egg-info/dependency_links.txt
writing entry points to ../../build/manip_pkg/manip_pkg.egg-info/entry_points.txt
writing requirements to ../../build/manip_pkg/manip_pkg.egg-info/requires.txt
writing top-level names to ../../build/manip_pkg/manip_pkg.egg-info/top_level.txt
reading manifest file '../../build/manip_pkg/manip_pkg.egg-info/SOURCES.txt'
adding license file 'LICENSE'
writing manifest file '../../build/manip_pkg/manip_pkg.egg-info/SOURCES.txt'
running build
running build_py
copying manip_pkg/main_node.py -> /home/wall-e/Desktop/manip_ws/build/manip_pkg/build/lib/manip_pkg
running install
running install_lib
copying /home/wall-e/Desktop/manip_ws/build/manip_pkg/build/lib/manip_pkg/main_node.py -> /home/wall-e/Desktop/manip_ws/install/manip_pkg/lib/python3.10/site-packages/manip_pkg
byte-compiling /home/wall-e/Desktop/manip_ws/install/manip_pkg/lib/python3.10/site-packages/manip_pkg/main_node.py to main_node.cpython-310.pyc
running install_data
running install_egg_info
removing '/home/wall-e/Desktop/manip_ws/install/manip_pkg/lib/python3.10/site-packages/manip_pkg-0.0.0-py3.10.egg-info' (and everything under it)
Copying ../../build/manip_pkg/manip_pkg.egg-info to /home/wall-e/Desktop/manip_ws/install/manip_pkg/lib/python3.10/site-packages/manip_pkg-0.0.0-py3.10.egg-info
running install_scripts
Installing main_node script to /home/wall-e/Desktop/manip_ws/install/manip_pkg/lib/manip_pkg
writing list of installed files to '/home/wall-e/Desktop/manip_ws/build/manip_pkg/install.log'
