[0.112s] DEBUG:colcon:Command line arguments: ['/usr/bin/colcon', 'build', '--packages-select', 'my_box_bot_description', 'my_box_bot_gazebo']
[0.112s] DEBUG:colcon:Parsed command line arguments: Namespace(log_base=None, log_level=None, verb_name='build', build_base='build', install_base='install', merge_install=False, symlink_install=False, test_result_base=None, continue_on_error=False, executor='parallel', parallel_workers=12, event_handlers=None, ignore_user_meta=False, metas=['./colcon.meta'], base_paths=['.'], packages_ignore=None, packages_ignore_regex=None, paths=None, packages_up_to=None, packages_up_to_regex=None, packages_above=None, packages_above_and_dependencies=None, packages_above_depth=None, packages_select_by_dep=None, packages_skip_by_dep=None, packages_skip_up_to=None, packages_select_build_failed=False, packages_skip_build_finished=False, packages_select_test_failures=False, packages_skip_test_passed=False, packages_select=['my_box_bot_description', 'my_box_bot_gazebo'], packages_skip=None, packages_select_regex=None, packages_skip_regex=None, packages_start=None, packages_end=None, allow_overriding=[], cmake_args=None, cmake_target=None, cmake_target_skip_unavailable=False, cmake_clean_cache=False, cmake_clean_first=False, cmake_force_configure=False, ament_cmake_args=None, catkin_cmake_args=None, catkin_skip_building_tests=False, verb_parser=<colcon_defaults.argument_parser.defaults.DefaultArgumentsDecorator object at 0x7f897004c1c0>, verb_extension=<colcon_core.verb.build.BuildVerb object at 0x7f89701b97b0>, main=<bound method BuildVerb.main of <colcon_core.verb.build.BuildVerb object at 0x7f89701b97b0>>)
[0.274s] Level 1:colcon.colcon_core.package_discovery:discover_packages(colcon_meta) check parameters
[0.274s] Level 1:colcon.colcon_core.package_discovery:discover_packages(recursive) check parameters
[0.274s] Level 1:colcon.colcon_core.package_discovery:discover_packages(ignore) check parameters
[0.274s] Level 1:colcon.colcon_core.package_discovery:discover_packages(path) check parameters
[0.274s] Level 1:colcon.colcon_core.package_discovery:discover_packages(colcon_meta) discover
[0.274s] Level 1:colcon.colcon_core.package_discovery:discover_packages(recursive) discover
[0.274s] INFO:colcon.colcon_core.package_discovery:Crawling recursively for packages in '/home/llagoeiro/Desktop/Hiperion-ELA220'
[0.275s] Level 1:colcon.colcon_core.package_identification:_identify(.) by extensions ['ignore', 'ignore_ament_install']
[0.275s] Level 1:colcon.colcon_core.package_identification:_identify(.) by extension 'ignore'
[0.275s] Level 1:colcon.colcon_core.package_identification:_identify(.) by extension 'ignore_ament_install'
[0.275s] Level 1:colcon.colcon_core.package_identification:_identify(.) by extensions ['colcon_pkg']
[0.275s] Level 1:colcon.colcon_core.package_identification:_identify(.) by extension 'colcon_pkg'
[0.275s] Level 1:colcon.colcon_core.package_identification:_identify(.) by extensions ['colcon_meta']
[0.275s] Level 1:colcon.colcon_core.package_identification:_identify(.) by extension 'colcon_meta'
[0.275s] Level 1:colcon.colcon_core.package_identification:_identify(.) by extensions ['ros']
[0.275s] Level 1:colcon.colcon_core.package_identification:_identify(.) by extension 'ros'
[0.288s] Level 1:colcon.colcon_core.package_identification:_identify(.) by extensions ['cmake', 'python']
[0.288s] Level 1:colcon.colcon_core.package_identification:_identify(.) by extension 'cmake'
[0.289s] Level 1:colcon.colcon_core.package_identification:_identify(.) by extension 'python'
[0.289s] Level 1:colcon.colcon_core.package_identification:_identify(.) by extensions ['python_setup_py']
[0.289s] Level 1:colcon.colcon_core.package_identification:_identify(.) by extension 'python_setup_py'
[0.289s] Level 1:colcon.colcon_core.package_identification:_identify(build) by extensions ['ignore', 'ignore_ament_install']
[0.289s] Level 1:colcon.colcon_core.package_identification:_identify(build) by extension 'ignore'
[0.289s] Level 1:colcon.colcon_core.package_identification:_identify(build) ignored
[0.289s] Level 1:colcon.colcon_core.package_identification:_identify(install) by extensions ['ignore', 'ignore_ament_install']
[0.289s] Level 1:colcon.colcon_core.package_identification:_identify(install) by extension 'ignore'
[0.289s] Level 1:colcon.colcon_core.package_identification:_identify(install) ignored
[0.289s] Level 1:colcon.colcon_core.package_identification:_identify(log) by extensions ['ignore', 'ignore_ament_install']
[0.289s] Level 1:colcon.colcon_core.package_identification:_identify(log) by extension 'ignore'
[0.289s] Level 1:colcon.colcon_core.package_identification:_identify(log) ignored
[0.289s] Level 1:colcon.colcon_core.package_identification:_identify(src) by extensions ['ignore', 'ignore_ament_install']
[0.290s] Level 1:colcon.colcon_core.package_identification:_identify(src) by extension 'ignore'
[0.290s] Level 1:colcon.colcon_core.package_identification:_identify(src) by extension 'ignore_ament_install'
[0.290s] Level 1:colcon.colcon_core.package_identification:_identify(src) by extensions ['colcon_pkg']
[0.290s] Level 1:colcon.colcon_core.package_identification:_identify(src) by extension 'colcon_pkg'
[0.290s] Level 1:colcon.colcon_core.package_identification:_identify(src) by extensions ['colcon_meta']
[0.290s] Level 1:colcon.colcon_core.package_identification:_identify(src) by extension 'colcon_meta'
[0.290s] Level 1:colcon.colcon_core.package_identification:_identify(src) by extensions ['ros']
[0.290s] Level 1:colcon.colcon_core.package_identification:_identify(src) by extension 'ros'
[0.290s] Level 1:colcon.colcon_core.package_identification:_identify(src) by extensions ['cmake', 'python']
[0.290s] Level 1:colcon.colcon_core.package_identification:_identify(src) by extension 'cmake'
[0.290s] Level 1:colcon.colcon_core.package_identification:_identify(src) by extension 'python'
[0.290s] Level 1:colcon.colcon_core.package_identification:_identify(src) by extensions ['python_setup_py']
[0.290s] Level 1:colcon.colcon_core.package_identification:_identify(src) by extension 'python_setup_py'
[0.290s] Level 1:colcon.colcon_core.package_identification:_identify(src/my_box_bot_description) by extensions ['ignore', 'ignore_ament_install']
[0.290s] Level 1:colcon.colcon_core.package_identification:_identify(src/my_box_bot_description) by extension 'ignore'
[0.290s] Level 1:colcon.colcon_core.package_identification:_identify(src/my_box_bot_description) by extension 'ignore_ament_install'
[0.290s] Level 1:colcon.colcon_core.package_identification:_identify(src/my_box_bot_description) by extensions ['colcon_pkg']
[0.290s] Level 1:colcon.colcon_core.package_identification:_identify(src/my_box_bot_description) by extension 'colcon_pkg'
[0.290s] Level 1:colcon.colcon_core.package_identification:_identify(src/my_box_bot_description) by extensions ['colcon_meta']
[0.290s] Level 1:colcon.colcon_core.package_identification:_identify(src/my_box_bot_description) by extension 'colcon_meta'
[0.290s] Level 1:colcon.colcon_core.package_identification:_identify(src/my_box_bot_description) by extensions ['ros']
[0.290s] Level 1:colcon.colcon_core.package_identification:_identify(src/my_box_bot_description) by extension 'ros'
[0.293s] DEBUG:colcon.colcon_core.package_identification:Package 'src/my_box_bot_description' with type 'ros.ament_cmake' and name 'my_box_bot_description'
[0.293s] Level 1:colcon.colcon_core.package_identification:_identify(src/my_box_bot_gazebo) by extensions ['ignore', 'ignore_ament_install']
[0.294s] Level 1:colcon.colcon_core.package_identification:_identify(src/my_box_bot_gazebo) by extension 'ignore'
[0.294s] Level 1:colcon.colcon_core.package_identification:_identify(src/my_box_bot_gazebo) by extension 'ignore_ament_install'
[0.294s] Level 1:colcon.colcon_core.package_identification:_identify(src/my_box_bot_gazebo) by extensions ['colcon_pkg']
[0.294s] Level 1:colcon.colcon_core.package_identification:_identify(src/my_box_bot_gazebo) by extension 'colcon_pkg'
[0.294s] Level 1:colcon.colcon_core.package_identification:_identify(src/my_box_bot_gazebo) by extensions ['colcon_meta']
[0.294s] Level 1:colcon.colcon_core.package_identification:_identify(src/my_box_bot_gazebo) by extension 'colcon_meta'
[0.294s] Level 1:colcon.colcon_core.package_identification:_identify(src/my_box_bot_gazebo) by extensions ['ros']
[0.294s] Level 1:colcon.colcon_core.package_identification:_identify(src/my_box_bot_gazebo) by extension 'ros'
[0.295s] DEBUG:colcon.colcon_core.package_identification:Package 'src/my_box_bot_gazebo' with type 'ros.ament_cmake' and name 'my_box_bot_gazebo'
[0.295s] Level 1:colcon.colcon_core.package_identification:_identify(src/ros2_mpu6050_driver) by extensions ['ignore', 'ignore_ament_install']
[0.295s] Level 1:colcon.colcon_core.package_identification:_identify(src/ros2_mpu6050_driver) by extension 'ignore'
[0.295s] Level 1:colcon.colcon_core.package_identification:_identify(src/ros2_mpu6050_driver) by extension 'ignore_ament_install'
[0.295s] Level 1:colcon.colcon_core.package_identification:_identify(src/ros2_mpu6050_driver) by extensions ['colcon_pkg']
[0.295s] Level 1:colcon.colcon_core.package_identification:_identify(src/ros2_mpu6050_driver) by extension 'colcon_pkg'
[0.295s] Level 1:colcon.colcon_core.package_identification:_identify(src/ros2_mpu6050_driver) by extensions ['colcon_meta']
[0.295s] Level 1:colcon.colcon_core.package_identification:_identify(src/ros2_mpu6050_driver) by extension 'colcon_meta'
[0.295s] Level 1:colcon.colcon_core.package_identification:_identify(src/ros2_mpu6050_driver) by extensions ['ros']
[0.295s] Level 1:colcon.colcon_core.package_identification:_identify(src/ros2_mpu6050_driver) by extension 'ros'
[0.296s] DEBUG:colcon.colcon_core.package_identification:Package 'src/ros2_mpu6050_driver' with type 'ros.ament_cmake' and name 'mpu6050driver'
[0.296s] Level 1:colcon.colcon_core.package_identification:_identify(src/rplidar_ros) by extensions ['ignore', 'ignore_ament_install']
[0.296s] Level 1:colcon.colcon_core.package_identification:_identify(src/rplidar_ros) by extension 'ignore'
[0.296s] Level 1:colcon.colcon_core.package_identification:_identify(src/rplidar_ros) by extension 'ignore_ament_install'
[0.296s] Level 1:colcon.colcon_core.package_identification:_identify(src/rplidar_ros) by extensions ['colcon_pkg']
[0.296s] Level 1:colcon.colcon_core.package_identification:_identify(src/rplidar_ros) by extension 'colcon_pkg'
[0.296s] Level 1:colcon.colcon_core.package_identification:_identify(src/rplidar_ros) by extensions ['colcon_meta']
[0.296s] Level 1:colcon.colcon_core.package_identification:_identify(src/rplidar_ros) by extension 'colcon_meta'
[0.296s] Level 1:colcon.colcon_core.package_identification:_identify(src/rplidar_ros) by extensions ['ros']
[0.296s] Level 1:colcon.colcon_core.package_identification:_identify(src/rplidar_ros) by extension 'ros'
[0.297s] DEBUG:colcon.colcon_core.package_identification:Package 'src/rplidar_ros' with type 'ros.ament_cmake' and name 'rplidar_ros'
[0.297s] Level 1:colcon.colcon_core.package_discovery:discover_packages(recursive) using defaults
[0.297s] Level 1:colcon.colcon_core.package_discovery:discover_packages(ignore) discover
[0.297s] Level 1:colcon.colcon_core.package_discovery:discover_packages(ignore) using defaults
[0.297s] Level 1:colcon.colcon_core.package_discovery:discover_packages(path) discover
[0.297s] Level 1:colcon.colcon_core.package_discovery:discover_packages(path) using defaults
[0.319s] INFO:colcon.colcon_core.package_selection:Skipping not selected package 'mpu6050driver' in 'src/ros2_mpu6050_driver'
[0.319s] INFO:colcon.colcon_core.package_selection:Skipping not selected package 'rplidar_ros' in 'src/rplidar_ros'
[0.320s] Level 1:colcon.colcon_core.package_discovery:discover_packages(prefix_path) check parameters
[0.320s] Level 1:colcon.colcon_core.package_discovery:discover_packages(prefix_path) discover
[0.322s] DEBUG:colcon.colcon_installed_package_information.package_discovery:Found 2 installed packages in /home/llagoeiro/Desktop/Hiperion-ELA220/install
[0.323s] DEBUG:colcon.colcon_installed_package_information.package_discovery:Found 279 installed packages in /opt/ros/humble
[0.325s] Level 1:colcon.colcon_core.package_discovery:discover_packages(prefix_path) using defaults
[0.376s] Level 5:colcon.colcon_core.verb:set package 'my_box_bot_description' build argument 'cmake_args' from command line to 'None'
[0.376s] Level 5:colcon.colcon_core.verb:set package 'my_box_bot_description' build argument 'cmake_target' from command line to 'None'
[0.376s] Level 5:colcon.colcon_core.verb:set package 'my_box_bot_description' build argument 'cmake_target_skip_unavailable' from command line to 'False'
[0.376s] Level 5:colcon.colcon_core.verb:set package 'my_box_bot_description' build argument 'cmake_clean_cache' from command line to 'False'
[0.376s] Level 5:colcon.colcon_core.verb:set package 'my_box_bot_description' build argument 'cmake_clean_first' from command line to 'False'
[0.376s] Level 5:colcon.colcon_core.verb:set package 'my_box_bot_description' build argument 'cmake_force_configure' from command line to 'False'
[0.376s] Level 5:colcon.colcon_core.verb:set package 'my_box_bot_description' build argument 'ament_cmake_args' from command line to 'None'
[0.376s] Level 5:colcon.colcon_core.verb:set package 'my_box_bot_description' build argument 'catkin_cmake_args' from command line to 'None'
[0.376s] Level 5:colcon.colcon_core.verb:set package 'my_box_bot_description' build argument 'catkin_skip_building_tests' from command line to 'False'
[0.376s] DEBUG:colcon.colcon_core.verb:Building package 'my_box_bot_description' with the following arguments: {'ament_cmake_args': None, 'build_base': '/home/llagoeiro/Desktop/Hiperion-ELA220/build/my_box_bot_description', 'catkin_cmake_args': None, 'catkin_skip_building_tests': False, 'cmake_args': None, 'cmake_clean_cache': False, 'cmake_clean_first': False, 'cmake_force_configure': False, 'cmake_target': None, 'cmake_target_skip_unavailable': False, 'install_base': '/home/llagoeiro/Desktop/Hiperion-ELA220/install/my_box_bot_description', 'merge_install': False, 'path': '/home/llagoeiro/Desktop/Hiperion-ELA220/src/my_box_bot_description', 'symlink_install': False, 'test_result_base': None}
[0.377s] Level 5:colcon.colcon_core.verb:set package 'my_box_bot_gazebo' build argument 'cmake_args' from command line to 'None'
[0.377s] Level 5:colcon.colcon_core.verb:set package 'my_box_bot_gazebo' build argument 'cmake_target' from command line to 'None'
[0.377s] Level 5:colcon.colcon_core.verb:set package 'my_box_bot_gazebo' build argument 'cmake_target_skip_unavailable' from command line to 'False'
[0.377s] Level 5:colcon.colcon_core.verb:set package 'my_box_bot_gazebo' build argument 'cmake_clean_cache' from command line to 'False'
[0.377s] Level 5:colcon.colcon_core.verb:set package 'my_box_bot_gazebo' build argument 'cmake_clean_first' from command line to 'False'
[0.377s] Level 5:colcon.colcon_core.verb:set package 'my_box_bot_gazebo' build argument 'cmake_force_configure' from command line to 'False'
[0.377s] Level 5:colcon.colcon_core.verb:set package 'my_box_bot_gazebo' build argument 'ament_cmake_args' from command line to 'None'
[0.377s] Level 5:colcon.colcon_core.verb:set package 'my_box_bot_gazebo' build argument 'catkin_cmake_args' from command line to 'None'
[0.377s] Level 5:colcon.colcon_core.verb:set package 'my_box_bot_gazebo' build argument 'catkin_skip_building_tests' from command line to 'False'
[0.377s] DEBUG:colcon.colcon_core.verb:Building package 'my_box_bot_gazebo' with the following arguments: {'ament_cmake_args': None, 'build_base': '/home/llagoeiro/Desktop/Hiperion-ELA220/build/my_box_bot_gazebo', 'catkin_cmake_args': None, 'catkin_skip_building_tests': False, 'cmake_args': None, 'cmake_clean_cache': False, 'cmake_clean_first': False, 'cmake_force_configure': False, 'cmake_target': None, 'cmake_target_skip_unavailable': False, 'install_base': '/home/llagoeiro/Desktop/Hiperion-ELA220/install/my_box_bot_gazebo', 'merge_install': False, 'path': '/home/llagoeiro/Desktop/Hiperion-ELA220/src/my_box_bot_gazebo', 'symlink_install': False, 'test_result_base': None}
[0.377s] INFO:colcon.colcon_core.executor:Executing jobs using 'parallel' executor
[0.378s] DEBUG:colcon.colcon_parallel_executor.executor.parallel:run_until_complete
[0.379s] INFO:colcon.colcon_ros.task.ament_cmake.build:Building ROS package in '/home/llagoeiro/Desktop/Hiperion-ELA220/src/my_box_bot_description' with build type 'ament_cmake'
[0.379s] INFO:colcon.colcon_cmake.task.cmake.build:Building CMake package in '/home/llagoeiro/Desktop/Hiperion-ELA220/src/my_box_bot_description'
[0.381s] INFO:colcon.colcon_core.plugin_system:Skipping extension 'colcon_core.shell.bat': Not used on non-Windows systems
[0.382s] INFO:colcon.colcon_core.shell:Skip shell extension 'powershell' for command environment: Not usable outside of PowerShell
[0.382s] DEBUG:colcon.colcon_core.shell:Skip shell extension 'dsv' for command environment
[0.392s] DEBUG:colcon.colcon_core.event_handler.log_command:Invoking command in '/home/llagoeiro/Desktop/Hiperion-ELA220/build/my_box_bot_description': CMAKE_PREFIX_PATH=${CMAKE_PREFIX_PATH}:/opt/ros/humble /usr/bin/cmake --build /home/llagoeiro/Desktop/Hiperion-ELA220/build/my_box_bot_description -- -j12 -l12
[0.443s] DEBUG:colcon.colcon_core.event_handler.log_command:Invoked command in '/home/llagoeiro/Desktop/Hiperion-ELA220/build/my_box_bot_description' returned '0': CMAKE_PREFIX_PATH=${CMAKE_PREFIX_PATH}:/opt/ros/humble /usr/bin/cmake --build /home/llagoeiro/Desktop/Hiperion-ELA220/build/my_box_bot_description -- -j12 -l12
[0.485s] DEBUG:colcon.colcon_core.event_handler.log_command:Invoking command in '/home/llagoeiro/Desktop/Hiperion-ELA220/build/my_box_bot_description': CMAKE_PREFIX_PATH=${CMAKE_PREFIX_PATH}:/opt/ros/humble /usr/bin/cmake --install /home/llagoeiro/Desktop/Hiperion-ELA220/build/my_box_bot_description
[0.498s] Level 1:colcon.colcon_core.environment:create_environment_scripts_only(my_box_bot_description)
[0.505s] Level 1:colcon.colcon_core.environment:checking '/home/llagoeiro/Desktop/Hiperion-ELA220/install/my_box_bot_description' for CMake module files
[0.507s] Level 1:colcon.colcon_core.environment:checking '/home/llagoeiro/Desktop/Hiperion-ELA220/install/my_box_bot_description' for CMake config files
[0.508s] DEBUG:colcon.colcon_core.event_handler.log_command:Invoked command in '/home/llagoeiro/Desktop/Hiperion-ELA220/build/my_box_bot_description' returned '0': CMAKE_PREFIX_PATH=${CMAKE_PREFIX_PATH}:/opt/ros/humble /usr/bin/cmake --install /home/llagoeiro/Desktop/Hiperion-ELA220/build/my_box_bot_description
[0.508s] Level 1:colcon.colcon_core.shell:create_environment_hook('my_box_bot_description', 'cmake_prefix_path')
[0.509s] INFO:colcon.colcon_core.shell:Creating environment hook '/home/llagoeiro/Desktop/Hiperion-ELA220/install/my_box_bot_description/share/my_box_bot_description/hook/cmake_prefix_path.ps1'
[0.510s] INFO:colcon.colcon_core.shell:Creating environment descriptor '/home/llagoeiro/Desktop/Hiperion-ELA220/install/my_box_bot_description/share/my_box_bot_description/hook/cmake_prefix_path.dsv'
[0.511s] INFO:colcon.colcon_core.shell:Creating environment hook '/home/llagoeiro/Desktop/Hiperion-ELA220/install/my_box_bot_description/share/my_box_bot_description/hook/cmake_prefix_path.sh'
[0.513s] Level 1:colcon.colcon_core.environment:checking '/home/llagoeiro/Desktop/Hiperion-ELA220/install/my_box_bot_description/bin'
[0.514s] Level 1:colcon.colcon_core.environment:checking '/home/llagoeiro/Desktop/Hiperion-ELA220/install/my_box_bot_description/lib/pkgconfig/my_box_bot_description.pc'
[0.514s] Level 1:colcon.colcon_core.environment:checking '/home/llagoeiro/Desktop/Hiperion-ELA220/install/my_box_bot_description/lib/python3.10/site-packages'
[0.515s] Level 1:colcon.colcon_core.environment:checking '/home/llagoeiro/Desktop/Hiperion-ELA220/install/my_box_bot_description/bin'
[0.515s] INFO:colcon.colcon_core.shell:Creating package script '/home/llagoeiro/Desktop/Hiperion-ELA220/install/my_box_bot_description/share/my_box_bot_description/package.ps1'
[0.517s] INFO:colcon.colcon_core.shell:Creating package descriptor '/home/llagoeiro/Desktop/Hiperion-ELA220/install/my_box_bot_description/share/my_box_bot_description/package.dsv'
[0.518s] INFO:colcon.colcon_core.shell:Creating package script '/home/llagoeiro/Desktop/Hiperion-ELA220/install/my_box_bot_description/share/my_box_bot_description/package.sh'
[0.520s] INFO:colcon.colcon_core.shell:Creating package script '/home/llagoeiro/Desktop/Hiperion-ELA220/install/my_box_bot_description/share/my_box_bot_description/package.bash'
[0.521s] INFO:colcon.colcon_core.shell:Creating package script '/home/llagoeiro/Desktop/Hiperion-ELA220/install/my_box_bot_description/share/my_box_bot_description/package.zsh'
[0.523s] Level 1:colcon.colcon_core.environment:create_file_with_runtime_dependencies(/home/llagoeiro/Desktop/Hiperion-ELA220/install/my_box_bot_description/share/colcon-core/packages/my_box_bot_description)
[0.553s] Level 1:colcon.colcon_core.environment:create_environment_scripts_only(my_box_bot_description)
[0.554s] Level 1:colcon.colcon_core.environment:checking '/home/llagoeiro/Desktop/Hiperion-ELA220/install/my_box_bot_description' for CMake module files
[0.555s] Level 1:colcon.colcon_core.environment:checking '/home/llagoeiro/Desktop/Hiperion-ELA220/install/my_box_bot_description' for CMake config files
[0.555s] Level 1:colcon.colcon_core.shell:create_environment_hook('my_box_bot_description', 'cmake_prefix_path')
[0.556s] INFO:colcon.colcon_core.shell:Creating environment hook '/home/llagoeiro/Desktop/Hiperion-ELA220/install/my_box_bot_description/share/my_box_bot_description/hook/cmake_prefix_path.ps1'
[0.556s] INFO:colcon.colcon_core.shell:Creating environment descriptor '/home/llagoeiro/Desktop/Hiperion-ELA220/install/my_box_bot_description/share/my_box_bot_description/hook/cmake_prefix_path.dsv'
[0.557s] INFO:colcon.colcon_core.shell:Creating environment hook '/home/llagoeiro/Desktop/Hiperion-ELA220/install/my_box_bot_description/share/my_box_bot_description/hook/cmake_prefix_path.sh'
[0.558s] Level 1:colcon.colcon_core.environment:checking '/home/llagoeiro/Desktop/Hiperion-ELA220/install/my_box_bot_description/bin'
[0.558s] Level 1:colcon.colcon_core.environment:checking '/home/llagoeiro/Desktop/Hiperion-ELA220/install/my_box_bot_description/lib/pkgconfig/my_box_bot_description.pc'
[0.558s] Level 1:colcon.colcon_core.environment:checking '/home/llagoeiro/Desktop/Hiperion-ELA220/install/my_box_bot_description/lib/python3.10/site-packages'
[0.559s] Level 1:colcon.colcon_core.environment:checking '/home/llagoeiro/Desktop/Hiperion-ELA220/install/my_box_bot_description/bin'
[0.559s] INFO:colcon.colcon_core.shell:Creating package script '/home/llagoeiro/Desktop/Hiperion-ELA220/install/my_box_bot_description/share/my_box_bot_description/package.ps1'
[0.560s] INFO:colcon.colcon_core.shell:Creating package descriptor '/home/llagoeiro/Desktop/Hiperion-ELA220/install/my_box_bot_description/share/my_box_bot_description/package.dsv'
[0.560s] INFO:colcon.colcon_core.shell:Creating package script '/home/llagoeiro/Desktop/Hiperion-ELA220/install/my_box_bot_description/share/my_box_bot_description/package.sh'
[0.561s] INFO:colcon.colcon_core.shell:Creating package script '/home/llagoeiro/Desktop/Hiperion-ELA220/install/my_box_bot_description/share/my_box_bot_description/package.bash'
[0.561s] INFO:colcon.colcon_core.shell:Creating package script '/home/llagoeiro/Desktop/Hiperion-ELA220/install/my_box_bot_description/share/my_box_bot_description/package.zsh'
[0.561s] Level 1:colcon.colcon_core.environment:create_file_with_runtime_dependencies(/home/llagoeiro/Desktop/Hiperion-ELA220/install/my_box_bot_description/share/colcon-core/packages/my_box_bot_description)
[0.562s] INFO:colcon.colcon_ros.task.ament_cmake.build:Building ROS package in '/home/llagoeiro/Desktop/Hiperion-ELA220/src/my_box_bot_gazebo' with build type 'ament_cmake'
[0.562s] INFO:colcon.colcon_cmake.task.cmake.build:Building CMake package in '/home/llagoeiro/Desktop/Hiperion-ELA220/src/my_box_bot_gazebo'
[0.562s] INFO:colcon.colcon_core.shell:Skip shell extension 'powershell' for command environment: Not usable outside of PowerShell
[0.563s] DEBUG:colcon.colcon_core.shell:Skip shell extension 'dsv' for command environment
[0.575s] DEBUG:colcon.colcon_core.event_handler.log_command:Invoking command in '/home/llagoeiro/Desktop/Hiperion-ELA220/build/my_box_bot_gazebo': CMAKE_PREFIX_PATH=/home/llagoeiro/Desktop/Hiperion-ELA220/install/my_box_bot_description:/home/llagoeiro/Desktop/Hiperion-ELA220/install/my_box_bot_gazebo:/opt/ros/humble /usr/bin/cmake --build /home/llagoeiro/Desktop/Hiperion-ELA220/build/my_box_bot_gazebo -- -j12 -l12
[0.632s] DEBUG:colcon.colcon_core.event_handler.log_command:Invoked command in '/home/llagoeiro/Desktop/Hiperion-ELA220/build/my_box_bot_gazebo' returned '0': CMAKE_PREFIX_PATH=/home/llagoeiro/Desktop/Hiperion-ELA220/install/my_box_bot_description:/home/llagoeiro/Desktop/Hiperion-ELA220/install/my_box_bot_gazebo:/opt/ros/humble /usr/bin/cmake --build /home/llagoeiro/Desktop/Hiperion-ELA220/build/my_box_bot_gazebo -- -j12 -l12
[0.660s] DEBUG:colcon.colcon_core.event_handler.log_command:Invoking command in '/home/llagoeiro/Desktop/Hiperion-ELA220/build/my_box_bot_gazebo': CMAKE_PREFIX_PATH=/home/llagoeiro/Desktop/Hiperion-ELA220/install/my_box_bot_description:/home/llagoeiro/Desktop/Hiperion-ELA220/install/my_box_bot_gazebo:/opt/ros/humble /usr/bin/cmake --install /home/llagoeiro/Desktop/Hiperion-ELA220/build/my_box_bot_gazebo
[0.676s] Level 1:colcon.colcon_core.environment:create_environment_scripts_only(my_box_bot_gazebo)
[0.677s] Level 1:colcon.colcon_core.environment:checking '/home/llagoeiro/Desktop/Hiperion-ELA220/install/my_box_bot_gazebo' for CMake module files
[0.678s] DEBUG:colcon.colcon_core.event_handler.log_command:Invoked command in '/home/llagoeiro/Desktop/Hiperion-ELA220/build/my_box_bot_gazebo' returned '0': CMAKE_PREFIX_PATH=/home/llagoeiro/Desktop/Hiperion-ELA220/install/my_box_bot_description:/home/llagoeiro/Desktop/Hiperion-ELA220/install/my_box_bot_gazebo:/opt/ros/humble /usr/bin/cmake --install /home/llagoeiro/Desktop/Hiperion-ELA220/build/my_box_bot_gazebo
[0.679s] Level 1:colcon.colcon_core.environment:checking '/home/llagoeiro/Desktop/Hiperion-ELA220/install/my_box_bot_gazebo' for CMake config files
[0.679s] Level 1:colcon.colcon_core.shell:create_environment_hook('my_box_bot_gazebo', 'cmake_prefix_path')
[0.679s] INFO:colcon.colcon_core.shell:Creating environment hook '/home/llagoeiro/Desktop/Hiperion-ELA220/install/my_box_bot_gazebo/share/my_box_bot_gazebo/hook/cmake_prefix_path.ps1'
[0.680s] INFO:colcon.colcon_core.shell:Creating environment descriptor '/home/llagoeiro/Desktop/Hiperion-ELA220/install/my_box_bot_gazebo/share/my_box_bot_gazebo/hook/cmake_prefix_path.dsv'
[0.681s] INFO:colcon.colcon_core.shell:Creating environment hook '/home/llagoeiro/Desktop/Hiperion-ELA220/install/my_box_bot_gazebo/share/my_box_bot_gazebo/hook/cmake_prefix_path.sh'
[0.682s] Level 1:colcon.colcon_core.environment:checking '/home/llagoeiro/Desktop/Hiperion-ELA220/install/my_box_bot_gazebo/bin'
[0.682s] Level 1:colcon.colcon_core.environment:checking '/home/llagoeiro/Desktop/Hiperion-ELA220/install/my_box_bot_gazebo/lib/pkgconfig/my_box_bot_gazebo.pc'
[0.682s] Level 1:colcon.colcon_core.environment:checking '/home/llagoeiro/Desktop/Hiperion-ELA220/install/my_box_bot_gazebo/lib/python3.10/site-packages'
[0.682s] Level 1:colcon.colcon_core.environment:checking '/home/llagoeiro/Desktop/Hiperion-ELA220/install/my_box_bot_gazebo/bin'
[0.683s] INFO:colcon.colcon_core.shell:Creating package script '/home/llagoeiro/Desktop/Hiperion-ELA220/install/my_box_bot_gazebo/share/my_box_bot_gazebo/package.ps1'
[0.683s] INFO:colcon.colcon_core.shell:Creating package descriptor '/home/llagoeiro/Desktop/Hiperion-ELA220/install/my_box_bot_gazebo/share/my_box_bot_gazebo/package.dsv'
[0.684s] INFO:colcon.colcon_core.shell:Creating package script '/home/llagoeiro/Desktop/Hiperion-ELA220/install/my_box_bot_gazebo/share/my_box_bot_gazebo/package.sh'
[0.684s] INFO:colcon.colcon_core.shell:Creating package script '/home/llagoeiro/Desktop/Hiperion-ELA220/install/my_box_bot_gazebo/share/my_box_bot_gazebo/package.bash'
[0.684s] INFO:colcon.colcon_core.shell:Creating package script '/home/llagoeiro/Desktop/Hiperion-ELA220/install/my_box_bot_gazebo/share/my_box_bot_gazebo/package.zsh'
[0.685s] Level 1:colcon.colcon_core.environment:create_file_with_runtime_dependencies(/home/llagoeiro/Desktop/Hiperion-ELA220/install/my_box_bot_gazebo/share/colcon-core/packages/my_box_bot_gazebo)
[0.724s] Level 1:colcon.colcon_core.environment:create_environment_scripts_only(my_box_bot_gazebo)
[0.725s] Level 1:colcon.colcon_core.environment:checking '/home/llagoeiro/Desktop/Hiperion-ELA220/install/my_box_bot_gazebo' for CMake module files
[0.726s] Level 1:colcon.colcon_core.environment:checking '/home/llagoeiro/Desktop/Hiperion-ELA220/install/my_box_bot_gazebo' for CMake config files
[0.727s] Level 1:colcon.colcon_core.shell:create_environment_hook('my_box_bot_gazebo', 'cmake_prefix_path')
[0.728s] INFO:colcon.colcon_core.shell:Creating environment hook '/home/llagoeiro/Desktop/Hiperion-ELA220/install/my_box_bot_gazebo/share/my_box_bot_gazebo/hook/cmake_prefix_path.ps1'
[0.729s] INFO:colcon.colcon_core.shell:Creating environment descriptor '/home/llagoeiro/Desktop/Hiperion-ELA220/install/my_box_bot_gazebo/share/my_box_bot_gazebo/hook/cmake_prefix_path.dsv'
[0.730s] INFO:colcon.colcon_core.shell:Creating environment hook '/home/llagoeiro/Desktop/Hiperion-ELA220/install/my_box_bot_gazebo/share/my_box_bot_gazebo/hook/cmake_prefix_path.sh'
[0.732s] Level 1:colcon.colcon_core.environment:checking '/home/llagoeiro/Desktop/Hiperion-ELA220/install/my_box_bot_gazebo/bin'
[0.732s] Level 1:colcon.colcon_core.environment:checking '/home/llagoeiro/Desktop/Hiperion-ELA220/install/my_box_bot_gazebo/lib/pkgconfig/my_box_bot_gazebo.pc'
[0.732s] Level 1:colcon.colcon_core.environment:checking '/home/llagoeiro/Desktop/Hiperion-ELA220/install/my_box_bot_gazebo/lib/python3.10/site-packages'
[0.733s] Level 1:colcon.colcon_core.environment:checking '/home/llagoeiro/Desktop/Hiperion-ELA220/install/my_box_bot_gazebo/bin'
[0.733s] INFO:colcon.colcon_core.shell:Creating package script '/home/llagoeiro/Desktop/Hiperion-ELA220/install/my_box_bot_gazebo/share/my_box_bot_gazebo/package.ps1'
[0.734s] INFO:colcon.colcon_core.shell:Creating package descriptor '/home/llagoeiro/Desktop/Hiperion-ELA220/install/my_box_bot_gazebo/share/my_box_bot_gazebo/package.dsv'
[0.735s] INFO:colcon.colcon_core.shell:Creating package script '/home/llagoeiro/Desktop/Hiperion-ELA220/install/my_box_bot_gazebo/share/my_box_bot_gazebo/package.sh'
[0.736s] INFO:colcon.colcon_core.shell:Creating package script '/home/llagoeiro/Desktop/Hiperion-ELA220/install/my_box_bot_gazebo/share/my_box_bot_gazebo/package.bash'
[0.737s] INFO:colcon.colcon_core.shell:Creating package script '/home/llagoeiro/Desktop/Hiperion-ELA220/install/my_box_bot_gazebo/share/my_box_bot_gazebo/package.zsh'
[0.737s] Level 1:colcon.colcon_core.environment:create_file_with_runtime_dependencies(/home/llagoeiro/Desktop/Hiperion-ELA220/install/my_box_bot_gazebo/share/colcon-core/packages/my_box_bot_gazebo)
[0.738s] DEBUG:colcon.colcon_parallel_executor.executor.parallel:closing loop
[0.738s] DEBUG:colcon.colcon_parallel_executor.executor.parallel:loop closed
[0.738s] DEBUG:colcon.colcon_parallel_executor.executor.parallel:run_until_complete finished with '0'
[0.739s] DEBUG:colcon.colcon_core.event_reactor:joining thread
[0.750s] INFO:colcon.colcon_core.plugin_system:Skipping extension 'colcon_notification.desktop_notification.terminal_notifier': Not used on non-Darwin systems
[0.751s] INFO:colcon.colcon_core.plugin_system:Skipping extension 'colcon_notification.desktop_notification.win32': Not used on non-Windows systems
[0.751s] INFO:colcon.colcon_notification.desktop_notification:Sending desktop notification using 'notify2'
[0.777s] DEBUG:colcon.colcon_core.event_reactor:joined thread
[0.777s] INFO:colcon.colcon_core.shell:Creating prefix script '/home/llagoeiro/Desktop/Hiperion-ELA220/install/local_setup.ps1'
[0.779s] INFO:colcon.colcon_core.shell:Creating prefix util module '/home/llagoeiro/Desktop/Hiperion-ELA220/install/_local_setup_util_ps1.py'
[0.783s] INFO:colcon.colcon_core.shell:Creating prefix chain script '/home/llagoeiro/Desktop/Hiperion-ELA220/install/setup.ps1'
[0.785s] INFO:colcon.colcon_core.shell:Creating prefix script '/home/llagoeiro/Desktop/Hiperion-ELA220/install/local_setup.sh'
[0.787s] INFO:colcon.colcon_core.shell:Creating prefix util module '/home/llagoeiro/Desktop/Hiperion-ELA220/install/_local_setup_util_sh.py'
[0.788s] INFO:colcon.colcon_core.shell:Creating prefix chain script '/home/llagoeiro/Desktop/Hiperion-ELA220/install/setup.sh'
[0.792s] INFO:colcon.colcon_core.shell:Creating prefix script '/home/llagoeiro/Desktop/Hiperion-ELA220/install/local_setup.bash'
[0.794s] INFO:colcon.colcon_core.shell:Creating prefix chain script '/home/llagoeiro/Desktop/Hiperion-ELA220/install/setup.bash'
[0.797s] INFO:colcon.colcon_core.shell:Creating prefix script '/home/llagoeiro/Desktop/Hiperion-ELA220/install/local_setup.zsh'
[0.799s] INFO:colcon.colcon_core.shell:Creating prefix chain script '/home/llagoeiro/Desktop/Hiperion-ELA220/install/setup.zsh'
