[0.706s] Invoking command in '/home/wall-e/Desktop/ws_project/build/mpu6050driver': CMAKE_PREFIX_PATH=/opt/ros/humble /usr/bin/cmake /home/wall-e/Desktop/ws_project/src/ros2_mpu6050_driver -DCMAKE_INSTALL_PREFIX=/home/wall-e/Desktop/ws_project/install/mpu6050driver
[1.086s] -- The C compiler identification is GNU 11.4.0
[1.442s] -- The CXX compiler identification is GNU 11.4.0
[1.490s] -- Detecting C compiler ABI info
[1.931s] -- Detecting C compiler ABI info - done
[1.962s] -- Check for working C compiler: /usr/bin/cc - skipped
[1.963s] -- Detecting C compile features
[1.965s] -- Detecting C compile features - done
[1.982s] -- Detecting CXX compiler ABI info
[2.500s] -- Detecting CXX compiler ABI info - done
[2.538s] -- Check for working CXX compiler: /usr/bin/c++ - skipped
[2.540s] -- Detecting CXX compile features
[2.543s] -- Detecting CXX compile features - done
[2.572s] -- Found ament_cmake: 1.3.8 (/opt/ros/humble/share/ament_cmake/cmake)
[3.785s] -- Found Python3: /usr/bin/python3 (found version "3.10.12") found components: Interpreter 
[4.479s] -- Found rclcpp: 16.0.8 (/opt/ros/humble/share/rclcpp/cmake)
[4.818s] -- Found rosidl_generator_c: 3.1.5 (/opt/ros/humble/share/rosidl_generator_c/cmake)
[4.852s] -- Found rosidl_adapter: 3.1.5 (/opt/ros/humble/share/rosidl_adapter/cmake)
[4.906s] -- Found rosidl_generator_cpp: 3.1.5 (/opt/ros/humble/share/rosidl_generator_cpp/cmake)
[4.986s] -- Using all available rosidl_typesupport_c: rosidl_typesupport_fastrtps_c;rosidl_typesupport_introspection_c
[5.099s] -- Using all available rosidl_typesupport_cpp: rosidl_typesupport_fastrtps_cpp;rosidl_typesupport_introspection_cpp
[5.484s] -- Found rmw_implementation_cmake: 6.1.1 (/opt/ros/humble/share/rmw_implementation_cmake/cmake)
[5.506s] -- Found rmw_fastrtps_cpp: 6.2.6 (/opt/ros/humble/share/rmw_fastrtps_cpp/cmake)
[6.137s] -- Found OpenSSL: /usr/lib/aarch64-linux-gnu/libcrypto.so (found version "3.0.2")  
[6.386s] -- Found FastRTPS: /opt/ros/humble/include  
[6.804s] -- Using RMW implementation 'rmw_fastrtps_cpp' as default
[6.876s] -- Looking for pthread.h
[7.264s] -- Looking for pthread.h - found
[7.266s] -- Performing Test CMAKE_HAVE_LIBC_PTHREAD
[7.654s] -- Performing Test CMAKE_HAVE_LIBC_PTHREAD - Success
[7.658s] -- Found Threads: TRUE  
[8.352s] -- Found sensor_msgs: 4.2.3 (/opt/ros/humble/share/sensor_msgs/cmake)
[9.207s] -- Configuring done
[9.302s] -- Generating done
[9.312s] -- Build files have been written to: /home/wall-e/Desktop/ws_project/build/mpu6050driver
