[0.011s] Invoking command in '/home/llagoeiro/Desktop/Hiperion-ELA220/build/my_box_bot_gazebo': CMAKE_PREFIX_PATH=/home/llagoeiro/Desktop/Hiperion-ELA220/install/my_box_bot_description:/home/llagoeiro/Desktop/Hiperion-ELA220/install/my_box_bot_gazebo:/opt/ros/humble /usr/bin/cmake --build /home/llagoeiro/Desktop/Hiperion-ELA220/build/my_box_bot_gazebo -- -j12 -l12
[0.070s] Invoked command in '/home/llagoeiro/Desktop/Hiperion-ELA220/build/my_box_bot_gazebo' returned '0': CMAKE_PREFIX_PATH=/home/llagoeiro/Desktop/Hiperion-ELA220/install/my_box_bot_description:/home/llagoeiro/Desktop/Hiperion-ELA220/install/my_box_bot_gazebo:/opt/ros/humble /usr/bin/cmake --build /home/llagoeiro/Desktop/Hiperion-ELA220/build/my_box_bot_gazebo -- -j12 -l12
[0.098s] Invoking command in '/home/llagoeiro/Desktop/Hiperion-ELA220/build/my_box_bot_gazebo': CMAKE_PREFIX_PATH=/home/llagoeiro/Desktop/Hiperion-ELA220/install/my_box_bot_description:/home/llagoeiro/Desktop/Hiperion-ELA220/install/my_box_bot_gazebo:/opt/ros/humble /usr/bin/cmake --install /home/llagoeiro/Desktop/Hiperion-ELA220/build/my_box_bot_gazebo
[0.108s] -- Install configuration: ""
[0.109s] -- Up-to-date: /home/llagoeiro/Desktop/Hiperion-ELA220/install/my_box_bot_gazebo/share/my_box_bot_gazebo//launch
[0.109s] -- Up-to-date: /home/llagoeiro/Desktop/Hiperion-ELA220/install/my_box_bot_gazebo/share/my_box_bot_gazebo//launch/start_world.launch.py
[0.109s] -- Up-to-date: /home/llagoeiro/Desktop/Hiperion-ELA220/install/my_box_bot_gazebo/share/my_box_bot_gazebo//launch/spawn_robot_description.launch.py
[0.109s] -- Up-to-date: /home/llagoeiro/Desktop/Hiperion-ELA220/install/my_box_bot_gazebo/share/my_box_bot_gazebo//launch/spawn_robot_ros2_sensor.launch.xml
[0.109s] -- Up-to-date: /home/llagoeiro/Desktop/Hiperion-ELA220/install/my_box_bot_gazebo/share/my_box_bot_gazebo//launch/spawn_robot_ros2.launch.xml
[0.109s] -- Up-to-date: /home/llagoeiro/Desktop/Hiperion-ELA220/install/my_box_bot_gazebo/share/my_box_bot_gazebo//worlds
[0.109s] -- Up-to-date: /home/llagoeiro/Desktop/Hiperion-ELA220/install/my_box_bot_gazebo/share/my_box_bot_gazebo//worlds/bot_bot_empty.world
[0.110s] -- Up-to-date: /home/llagoeiro/Desktop/Hiperion-ELA220/install/my_box_bot_gazebo/share/my_box_bot_gazebo//models
[0.110s] -- Up-to-date: /home/llagoeiro/Desktop/Hiperion-ELA220/install/my_box_bot_gazebo/share/my_box_bot_gazebo//models/box_room
[0.110s] -- Up-to-date: /home/llagoeiro/Desktop/Hiperion-ELA220/install/my_box_bot_gazebo/share/my_box_bot_gazebo//models/box_room/model.config
[0.110s] -- Up-to-date: /home/llagoeiro/Desktop/Hiperion-ELA220/install/my_box_bot_gazebo/share/my_box_bot_gazebo//models/box_room/meshes
[0.110s] -- Up-to-date: /home/llagoeiro/Desktop/Hiperion-ELA220/install/my_box_bot_gazebo/share/my_box_bot_gazebo//models/box_room/meshes/chambre.png
[0.110s] -- Up-to-date: /home/llagoeiro/Desktop/Hiperion-ELA220/install/my_box_bot_gazebo/share/my_box_bot_gazebo//models/box_room/meshes/box_room.dae
[0.110s] -- Up-to-date: /home/llagoeiro/Desktop/Hiperion-ELA220/install/my_box_bot_gazebo/share/my_box_bot_gazebo//models/box_room/model.sdf
[0.111s] -- Up-to-date: /home/llagoeiro/Desktop/Hiperion-ELA220/install/my_box_bot_gazebo/share/ament_index/resource_index/package_run_dependencies/my_box_bot_gazebo
[0.111s] -- Up-to-date: /home/llagoeiro/Desktop/Hiperion-ELA220/install/my_box_bot_gazebo/share/ament_index/resource_index/parent_prefix_path/my_box_bot_gazebo
[0.111s] -- Up-to-date: /home/llagoeiro/Desktop/Hiperion-ELA220/install/my_box_bot_gazebo/share/my_box_bot_gazebo/environment/ament_prefix_path.sh
[0.112s] -- Up-to-date: /home/llagoeiro/Desktop/Hiperion-ELA220/install/my_box_bot_gazebo/share/my_box_bot_gazebo/environment/ament_prefix_path.dsv
[0.112s] -- Up-to-date: /home/llagoeiro/Desktop/Hiperion-ELA220/install/my_box_bot_gazebo/share/my_box_bot_gazebo/environment/path.sh
[0.112s] -- Up-to-date: /home/llagoeiro/Desktop/Hiperion-ELA220/install/my_box_bot_gazebo/share/my_box_bot_gazebo/environment/path.dsv
[0.113s] -- Up-to-date: /home/llagoeiro/Desktop/Hiperion-ELA220/install/my_box_bot_gazebo/share/my_box_bot_gazebo/local_setup.bash
[0.113s] -- Up-to-date: /home/llagoeiro/Desktop/Hiperion-ELA220/install/my_box_bot_gazebo/share/my_box_bot_gazebo/local_setup.sh
[0.114s] -- Up-to-date: /home/llagoeiro/Desktop/Hiperion-ELA220/install/my_box_bot_gazebo/share/my_box_bot_gazebo/local_setup.zsh
[0.114s] -- Up-to-date: /home/llagoeiro/Desktop/Hiperion-ELA220/install/my_box_bot_gazebo/share/my_box_bot_gazebo/local_setup.dsv
[0.114s] -- Up-to-date: /home/llagoeiro/Desktop/Hiperion-ELA220/install/my_box_bot_gazebo/share/my_box_bot_gazebo/package.dsv
[0.114s] -- Up-to-date: /home/llagoeiro/Desktop/Hiperion-ELA220/install/my_box_bot_gazebo/share/ament_index/resource_index/packages/my_box_bot_gazebo
[0.115s] -- Up-to-date: /home/llagoeiro/Desktop/Hiperion-ELA220/install/my_box_bot_gazebo/share/my_box_bot_gazebo/cmake/my_box_bot_gazeboConfig.cmake
[0.115s] -- Up-to-date: /home/llagoeiro/Desktop/Hiperion-ELA220/install/my_box_bot_gazebo/share/my_box_bot_gazebo/cmake/my_box_bot_gazeboConfig-version.cmake
[0.115s] -- Up-to-date: /home/llagoeiro/Desktop/Hiperion-ELA220/install/my_box_bot_gazebo/share/my_box_bot_gazebo/package.xml
[0.115s] Invoked command in '/home/llagoeiro/Desktop/Hiperion-ELA220/build/my_box_bot_gazebo' returned '0': CMAKE_PREFIX_PATH=/home/llagoeiro/Desktop/Hiperion-ELA220/install/my_box_bot_description:/home/llagoeiro/Desktop/Hiperion-ELA220/install/my_box_bot_gazebo:/opt/ros/humble /usr/bin/cmake --install /home/llagoeiro/Desktop/Hiperion-ELA220/build/my_box_bot_gazebo
