[4.246s] DEBUG:colcon:Command line arguments: ['/usr/bin/colcon', 'build']
[4.247s] DEBUG:colcon:Parsed command line arguments: Namespace(log_base=None, log_level=None, verb_name='build', build_base='build', install_base='install', merge_install=False, symlink_install=False, test_result_base=None, continue_on_error=False, executor='parallel', parallel_workers=4, event_handlers=None, ignore_user_meta=False, metas=['./colcon.meta'], base_paths=['.'], packages_ignore=None, packages_ignore_regex=None, paths=None, packages_up_to=None, packages_up_to_regex=None, packages_above=None, packages_above_and_dependencies=None, packages_above_depth=None, packages_select_by_dep=None, packages_skip_by_dep=None, packages_skip_up_to=None, packages_select_build_failed=False, packages_skip_build_finished=False, packages_select_test_failures=False, packages_skip_test_passed=False, packages_select=None, packages_skip=None, packages_select_regex=None, packages_skip_regex=None, packages_start=None, packages_end=None, allow_overriding=[], cmake_args=None, cmake_target=None, cmake_target_skip_unavailable=False, cmake_clean_cache=False, cmake_clean_first=False, cmake_force_configure=False, ament_cmake_args=None, catkin_cmake_args=None, catkin_skip_building_tests=False, verb_parser=<colcon_defaults.argument_parser.defaults.DefaultArgumentsDecorator object at 0xffff98feb3a0>, verb_extension=<colcon_core.verb.build.BuildVerb object at 0xffff992c20b0>, main=<bound method BuildVerb.main of <colcon_core.verb.build.BuildVerb object at 0xffff992c20b0>>)
[4.461s] Level 1:colcon.colcon_core.package_discovery:discover_packages(colcon_meta) check parameters
[4.461s] Level 1:colcon.colcon_core.package_discovery:discover_packages(recursive) check parameters
[4.461s] Level 1:colcon.colcon_core.package_discovery:discover_packages(ignore) check parameters
[4.461s] Level 1:colcon.colcon_core.package_discovery:discover_packages(path) check parameters
[4.462s] Level 1:colcon.colcon_core.package_discovery:discover_packages(colcon_meta) discover
[4.462s] Level 1:colcon.colcon_core.package_discovery:discover_packages(recursive) discover
[4.462s] INFO:colcon.colcon_core.package_discovery:Crawling recursively for packages in '/home/wall-e/Desktop/Hiperion---ELA220'
[4.463s] Level 1:colcon.colcon_core.package_identification:_identify(.) by extensions ['ignore', 'ignore_ament_install']
[4.463s] Level 1:colcon.colcon_core.package_identification:_identify(.) by extension 'ignore'
[4.463s] Level 1:colcon.colcon_core.package_identification:_identify(.) by extension 'ignore_ament_install'
[4.463s] Level 1:colcon.colcon_core.package_identification:_identify(.) by extensions ['colcon_pkg']
[4.464s] Level 1:colcon.colcon_core.package_identification:_identify(.) by extension 'colcon_pkg'
[4.464s] Level 1:colcon.colcon_core.package_identification:_identify(.) by extensions ['colcon_meta']
[4.464s] Level 1:colcon.colcon_core.package_identification:_identify(.) by extension 'colcon_meta'
[4.464s] Level 1:colcon.colcon_core.package_identification:_identify(.) by extensions ['ros']
[4.464s] Level 1:colcon.colcon_core.package_identification:_identify(.) by extension 'ros'
[4.512s] Level 1:colcon.colcon_core.package_identification:_identify(.) by extensions ['cmake', 'python']
[4.512s] Level 1:colcon.colcon_core.package_identification:_identify(.) by extension 'cmake'
[4.513s] Level 1:colcon.colcon_core.package_identification:_identify(.) by extension 'python'
[4.513s] Level 1:colcon.colcon_core.package_identification:_identify(.) by extensions ['python_setup_py']
[4.513s] Level 1:colcon.colcon_core.package_identification:_identify(.) by extension 'python_setup_py'
[4.513s] Level 1:colcon.colcon_core.package_identification:_identify(build) by extensions ['ignore', 'ignore_ament_install']
[4.514s] Level 1:colcon.colcon_core.package_identification:_identify(build) by extension 'ignore'
[4.514s] Level 1:colcon.colcon_core.package_identification:_identify(build) ignored
[4.514s] Level 1:colcon.colcon_core.package_identification:_identify(install) by extensions ['ignore', 'ignore_ament_install']
[4.515s] Level 1:colcon.colcon_core.package_identification:_identify(install) by extension 'ignore'
[4.515s] Level 1:colcon.colcon_core.package_identification:_identify(install) ignored
[4.515s] Level 1:colcon.colcon_core.package_identification:_identify(log) by extensions ['ignore', 'ignore_ament_install']
[4.516s] Level 1:colcon.colcon_core.package_identification:_identify(log) by extension 'ignore'
[4.516s] Level 1:colcon.colcon_core.package_identification:_identify(log) ignored
[4.516s] Level 1:colcon.colcon_core.package_identification:_identify(src) by extensions ['ignore', 'ignore_ament_install']
[4.516s] Level 1:colcon.colcon_core.package_identification:_identify(src) by extension 'ignore'
[4.517s] Level 1:colcon.colcon_core.package_identification:_identify(src) by extension 'ignore_ament_install'
[4.517s] Level 1:colcon.colcon_core.package_identification:_identify(src) by extensions ['colcon_pkg']
[4.517s] Level 1:colcon.colcon_core.package_identification:_identify(src) by extension 'colcon_pkg'
[4.517s] Level 1:colcon.colcon_core.package_identification:_identify(src) by extensions ['colcon_meta']
[4.517s] Level 1:colcon.colcon_core.package_identification:_identify(src) by extension 'colcon_meta'
[4.517s] Level 1:colcon.colcon_core.package_identification:_identify(src) by extensions ['ros']
[4.517s] Level 1:colcon.colcon_core.package_identification:_identify(src) by extension 'ros'
[4.518s] Level 1:colcon.colcon_core.package_identification:_identify(src) by extensions ['cmake', 'python']
[4.518s] Level 1:colcon.colcon_core.package_identification:_identify(src) by extension 'cmake'
[4.518s] Level 1:colcon.colcon_core.package_identification:_identify(src) by extension 'python'
[4.518s] Level 1:colcon.colcon_core.package_identification:_identify(src) by extensions ['python_setup_py']
[4.518s] Level 1:colcon.colcon_core.package_identification:_identify(src) by extension 'python_setup_py'
[4.519s] Level 1:colcon.colcon_core.package_identification:_identify(src/my_box_bot_description) by extensions ['ignore', 'ignore_ament_install']
[4.519s] Level 1:colcon.colcon_core.package_identification:_identify(src/my_box_bot_description) by extension 'ignore'
[4.519s] Level 1:colcon.colcon_core.package_identification:_identify(src/my_box_bot_description) by extension 'ignore_ament_install'
[4.520s] Level 1:colcon.colcon_core.package_identification:_identify(src/my_box_bot_description) by extensions ['colcon_pkg']
[4.520s] Level 1:colcon.colcon_core.package_identification:_identify(src/my_box_bot_description) by extension 'colcon_pkg'
[4.520s] Level 1:colcon.colcon_core.package_identification:_identify(src/my_box_bot_description) by extensions ['colcon_meta']
[4.520s] Level 1:colcon.colcon_core.package_identification:_identify(src/my_box_bot_description) by extension 'colcon_meta'
[4.520s] Level 1:colcon.colcon_core.package_identification:_identify(src/my_box_bot_description) by extensions ['ros']
[4.520s] Level 1:colcon.colcon_core.package_identification:_identify(src/my_box_bot_description) by extension 'ros'
[4.529s] DEBUG:colcon.colcon_core.package_identification:Package 'src/my_box_bot_description' with type 'ros.ament_cmake' and name 'my_box_bot_description'
[4.530s] Level 1:colcon.colcon_core.package_identification:_identify(src/my_box_bot_gazebo) by extensions ['ignore', 'ignore_ament_install']
[4.531s] Level 1:colcon.colcon_core.package_identification:_identify(src/my_box_bot_gazebo) by extension 'ignore'
[4.531s] Level 1:colcon.colcon_core.package_identification:_identify(src/my_box_bot_gazebo) by extension 'ignore_ament_install'
[4.531s] Level 1:colcon.colcon_core.package_identification:_identify(src/my_box_bot_gazebo) by extensions ['colcon_pkg']
[4.531s] Level 1:colcon.colcon_core.package_identification:_identify(src/my_box_bot_gazebo) by extension 'colcon_pkg'
[4.531s] Level 1:colcon.colcon_core.package_identification:_identify(src/my_box_bot_gazebo) by extensions ['colcon_meta']
[4.531s] Level 1:colcon.colcon_core.package_identification:_identify(src/my_box_bot_gazebo) by extension 'colcon_meta'
[4.532s] Level 1:colcon.colcon_core.package_identification:_identify(src/my_box_bot_gazebo) by extensions ['ros']
[4.532s] Level 1:colcon.colcon_core.package_identification:_identify(src/my_box_bot_gazebo) by extension 'ros'
[4.534s] DEBUG:colcon.colcon_core.package_identification:Package 'src/my_box_bot_gazebo' with type 'ros.ament_cmake' and name 'my_box_bot_gazebo'
[4.535s] Level 1:colcon.colcon_core.package_identification:_identify(src/ros2_mpu6050_driver) by extensions ['ignore', 'ignore_ament_install']
[4.535s] Level 1:colcon.colcon_core.package_identification:_identify(src/ros2_mpu6050_driver) by extension 'ignore'
[4.536s] Level 1:colcon.colcon_core.package_identification:_identify(src/ros2_mpu6050_driver) by extension 'ignore_ament_install'
[4.536s] Level 1:colcon.colcon_core.package_identification:_identify(src/ros2_mpu6050_driver) by extensions ['colcon_pkg']
[4.536s] Level 1:colcon.colcon_core.package_identification:_identify(src/ros2_mpu6050_driver) by extension 'colcon_pkg'
[4.536s] Level 1:colcon.colcon_core.package_identification:_identify(src/ros2_mpu6050_driver) by extensions ['colcon_meta']
[4.536s] Level 1:colcon.colcon_core.package_identification:_identify(src/ros2_mpu6050_driver) by extension 'colcon_meta'
[4.536s] Level 1:colcon.colcon_core.package_identification:_identify(src/ros2_mpu6050_driver) by extensions ['ros']
[4.536s] Level 1:colcon.colcon_core.package_identification:_identify(src/ros2_mpu6050_driver) by extension 'ros'
[4.538s] DEBUG:colcon.colcon_core.package_identification:Package 'src/ros2_mpu6050_driver' with type 'ros.ament_cmake' and name 'mpu6050driver'
[4.539s] Level 1:colcon.colcon_core.package_identification:_identify(src/rplidar_ros) by extensions ['ignore', 'ignore_ament_install']
[4.539s] Level 1:colcon.colcon_core.package_identification:_identify(src/rplidar_ros) by extension 'ignore'
[4.539s] Level 1:colcon.colcon_core.package_identification:_identify(src/rplidar_ros) by extension 'ignore_ament_install'
[4.540s] Level 1:colcon.colcon_core.package_identification:_identify(src/rplidar_ros) by extensions ['colcon_pkg']
[4.540s] Level 1:colcon.colcon_core.package_identification:_identify(src/rplidar_ros) by extension 'colcon_pkg'
[4.540s] Level 1:colcon.colcon_core.package_identification:_identify(src/rplidar_ros) by extensions ['colcon_meta']
[4.540s] Level 1:colcon.colcon_core.package_identification:_identify(src/rplidar_ros) by extension 'colcon_meta'
[4.540s] Level 1:colcon.colcon_core.package_identification:_identify(src/rplidar_ros) by extensions ['ros']
[4.541s] Level 1:colcon.colcon_core.package_identification:_identify(src/rplidar_ros) by extension 'ros'
[4.543s] DEBUG:colcon.colcon_core.package_identification:Package 'src/rplidar_ros' with type 'ros.ament_cmake' and name 'rplidar_ros'
[4.544s] Level 1:colcon.colcon_core.package_discovery:discover_packages(recursive) using defaults
[4.544s] Level 1:colcon.colcon_core.package_discovery:discover_packages(ignore) discover
[4.544s] Level 1:colcon.colcon_core.package_discovery:discover_packages(ignore) using defaults
[4.544s] Level 1:colcon.colcon_core.package_discovery:discover_packages(path) discover
[4.544s] Level 1:colcon.colcon_core.package_discovery:discover_packages(path) using defaults
[4.920s] Level 1:colcon.colcon_core.package_discovery:discover_packages(prefix_path) check parameters
[4.920s] Level 1:colcon.colcon_core.package_discovery:discover_packages(prefix_path) discover
[5.051s] DEBUG:colcon.colcon_installed_package_information.package_discovery:Found 271 installed packages in /opt/ros/humble
[5.057s] Level 1:colcon.colcon_core.package_discovery:discover_packages(prefix_path) using defaults
[5.445s] Level 5:colcon.colcon_core.verb:set package 'mpu6050driver' build argument 'cmake_args' from command line to 'None'
[5.446s] Level 5:colcon.colcon_core.verb:set package 'mpu6050driver' build argument 'cmake_target' from command line to 'None'
[5.446s] Level 5:colcon.colcon_core.verb:set package 'mpu6050driver' build argument 'cmake_target_skip_unavailable' from command line to 'False'
[5.446s] Level 5:colcon.colcon_core.verb:set package 'mpu6050driver' build argument 'cmake_clean_cache' from command line to 'False'
[5.446s] Level 5:colcon.colcon_core.verb:set package 'mpu6050driver' build argument 'cmake_clean_first' from command line to 'False'
[5.446s] Level 5:colcon.colcon_core.verb:set package 'mpu6050driver' build argument 'cmake_force_configure' from command line to 'False'
[5.446s] Level 5:colcon.colcon_core.verb:set package 'mpu6050driver' build argument 'ament_cmake_args' from command line to 'None'
[5.447s] Level 5:colcon.colcon_core.verb:set package 'mpu6050driver' build argument 'catkin_cmake_args' from command line to 'None'
[5.447s] Level 5:colcon.colcon_core.verb:set package 'mpu6050driver' build argument 'catkin_skip_building_tests' from command line to 'False'
[5.447s] DEBUG:colcon.colcon_core.verb:Building package 'mpu6050driver' with the following arguments: {'ament_cmake_args': None, 'build_base': '/home/wall-e/Desktop/Hiperion---ELA220/build/mpu6050driver', 'catkin_cmake_args': None, 'catkin_skip_building_tests': False, 'cmake_args': None, 'cmake_clean_cache': False, 'cmake_clean_first': False, 'cmake_force_configure': False, 'cmake_target': None, 'cmake_target_skip_unavailable': False, 'install_base': '/home/wall-e/Desktop/Hiperion---ELA220/install/mpu6050driver', 'merge_install': False, 'path': '/home/wall-e/Desktop/Hiperion---ELA220/src/ros2_mpu6050_driver', 'symlink_install': False, 'test_result_base': None}
[5.508s] Level 5:colcon.colcon_core.verb:set package 'my_box_bot_description' build argument 'cmake_args' from command line to 'None'
[5.508s] Level 5:colcon.colcon_core.verb:set package 'my_box_bot_description' build argument 'cmake_target' from command line to 'None'
[5.508s] Level 5:colcon.colcon_core.verb:set package 'my_box_bot_description' build argument 'cmake_target_skip_unavailable' from command line to 'False'
[5.508s] Level 5:colcon.colcon_core.verb:set package 'my_box_bot_description' build argument 'cmake_clean_cache' from command line to 'False'
[5.508s] Level 5:colcon.colcon_core.verb:set package 'my_box_bot_description' build argument 'cmake_clean_first' from command line to 'False'
[5.508s] Level 5:colcon.colcon_core.verb:set package 'my_box_bot_description' build argument 'cmake_force_configure' from command line to 'False'
[5.508s] Level 5:colcon.colcon_core.verb:set package 'my_box_bot_description' build argument 'ament_cmake_args' from command line to 'None'
[5.508s] Level 5:colcon.colcon_core.verb:set package 'my_box_bot_description' build argument 'catkin_cmake_args' from command line to 'None'
[5.509s] Level 5:colcon.colcon_core.verb:set package 'my_box_bot_description' build argument 'catkin_skip_building_tests' from command line to 'False'
[5.509s] DEBUG:colcon.colcon_core.verb:Building package 'my_box_bot_description' with the following arguments: {'ament_cmake_args': None, 'build_base': '/home/wall-e/Desktop/Hiperion---ELA220/build/my_box_bot_description', 'catkin_cmake_args': None, 'catkin_skip_building_tests': False, 'cmake_args': None, 'cmake_clean_cache': False, 'cmake_clean_first': False, 'cmake_force_configure': False, 'cmake_target': None, 'cmake_target_skip_unavailable': False, 'install_base': '/home/wall-e/Desktop/Hiperion---ELA220/install/my_box_bot_description', 'merge_install': False, 'path': '/home/wall-e/Desktop/Hiperion---ELA220/src/my_box_bot_description', 'symlink_install': False, 'test_result_base': None}
[5.569s] Level 5:colcon.colcon_core.verb:set package 'rplidar_ros' build argument 'cmake_args' from command line to 'None'
[5.569s] Level 5:colcon.colcon_core.verb:set package 'rplidar_ros' build argument 'cmake_target' from command line to 'None'
[5.569s] Level 5:colcon.colcon_core.verb:set package 'rplidar_ros' build argument 'cmake_target_skip_unavailable' from command line to 'False'
[5.569s] Level 5:colcon.colcon_core.verb:set package 'rplidar_ros' build argument 'cmake_clean_cache' from command line to 'False'
[5.569s] Level 5:colcon.colcon_core.verb:set package 'rplidar_ros' build argument 'cmake_clean_first' from command line to 'False'
[5.570s] Level 5:colcon.colcon_core.verb:set package 'rplidar_ros' build argument 'cmake_force_configure' from command line to 'False'
[5.570s] Level 5:colcon.colcon_core.verb:set package 'rplidar_ros' build argument 'ament_cmake_args' from command line to 'None'
[5.570s] Level 5:colcon.colcon_core.verb:set package 'rplidar_ros' build argument 'catkin_cmake_args' from command line to 'None'
[5.570s] Level 5:colcon.colcon_core.verb:set package 'rplidar_ros' build argument 'catkin_skip_building_tests' from command line to 'False'
[5.570s] DEBUG:colcon.colcon_core.verb:Building package 'rplidar_ros' with the following arguments: {'ament_cmake_args': None, 'build_base': '/home/wall-e/Desktop/Hiperion---ELA220/build/rplidar_ros', 'catkin_cmake_args': None, 'catkin_skip_building_tests': False, 'cmake_args': None, 'cmake_clean_cache': False, 'cmake_clean_first': False, 'cmake_force_configure': False, 'cmake_target': None, 'cmake_target_skip_unavailable': False, 'install_base': '/home/wall-e/Desktop/Hiperion---ELA220/install/rplidar_ros', 'merge_install': False, 'path': '/home/wall-e/Desktop/Hiperion---ELA220/src/rplidar_ros', 'symlink_install': False, 'test_result_base': None}
[5.630s] Level 5:colcon.colcon_core.verb:set package 'my_box_bot_gazebo' build argument 'cmake_args' from command line to 'None'
[5.631s] Level 5:colcon.colcon_core.verb:set package 'my_box_bot_gazebo' build argument 'cmake_target' from command line to 'None'
[5.631s] Level 5:colcon.colcon_core.verb:set package 'my_box_bot_gazebo' build argument 'cmake_target_skip_unavailable' from command line to 'False'
[5.631s] Level 5:colcon.colcon_core.verb:set package 'my_box_bot_gazebo' build argument 'cmake_clean_cache' from command line to 'False'
[5.631s] Level 5:colcon.colcon_core.verb:set package 'my_box_bot_gazebo' build argument 'cmake_clean_first' from command line to 'False'
[5.631s] Level 5:colcon.colcon_core.verb:set package 'my_box_bot_gazebo' build argument 'cmake_force_configure' from command line to 'False'
[5.631s] Level 5:colcon.colcon_core.verb:set package 'my_box_bot_gazebo' build argument 'ament_cmake_args' from command line to 'None'
[5.631s] Level 5:colcon.colcon_core.verb:set package 'my_box_bot_gazebo' build argument 'catkin_cmake_args' from command line to 'None'
[5.631s] Level 5:colcon.colcon_core.verb:set package 'my_box_bot_gazebo' build argument 'catkin_skip_building_tests' from command line to 'False'
[5.631s] DEBUG:colcon.colcon_core.verb:Building package 'my_box_bot_gazebo' with the following arguments: {'ament_cmake_args': None, 'build_base': '/home/wall-e/Desktop/Hiperion---ELA220/build/my_box_bot_gazebo', 'catkin_cmake_args': None, 'catkin_skip_building_tests': False, 'cmake_args': None, 'cmake_clean_cache': False, 'cmake_clean_first': False, 'cmake_force_configure': False, 'cmake_target': None, 'cmake_target_skip_unavailable': False, 'install_base': '/home/wall-e/Desktop/Hiperion---ELA220/install/my_box_bot_gazebo', 'merge_install': False, 'path': '/home/wall-e/Desktop/Hiperion---ELA220/src/my_box_bot_gazebo', 'symlink_install': False, 'test_result_base': None}
[5.690s] INFO:colcon.colcon_core.executor:Executing jobs using 'parallel' executor
[5.755s] DEBUG:colcon.colcon_parallel_executor.executor.parallel:run_until_complete
[5.756s] INFO:colcon.colcon_ros.task.ament_cmake.build:Building ROS package in '/home/wall-e/Desktop/Hiperion---ELA220/src/my_box_bot_description' with build type 'ament_cmake'
[5.757s] INFO:colcon.colcon_cmake.task.cmake.build:Building CMake package in '/home/wall-e/Desktop/Hiperion---ELA220/src/my_box_bot_description'
[5.833s] INFO:colcon.colcon_core.plugin_system:Skipping extension 'colcon_core.shell.bat': Not used on non-Windows systems
[5.835s] INFO:colcon.colcon_core.shell:Skip shell extension 'powershell' for command environment: Not usable outside of PowerShell
[5.835s] DEBUG:colcon.colcon_core.shell:Skip shell extension 'dsv' for command environment
[5.979s] INFO:colcon.colcon_ros.task.ament_cmake.build:Building ROS package in '/home/wall-e/Desktop/Hiperion---ELA220/src/ros2_mpu6050_driver' with build type 'ament_cmake'
[5.980s] INFO:colcon.colcon_cmake.task.cmake.build:Building CMake package in '/home/wall-e/Desktop/Hiperion---ELA220/src/ros2_mpu6050_driver'
[6.049s] INFO:colcon.colcon_core.shell:Skip shell extension 'powershell' for command environment: Not usable outside of PowerShell
[6.050s] DEBUG:colcon.colcon_core.shell:Skip shell extension 'dsv' for command environment
[6.196s] INFO:colcon.colcon_ros.task.ament_cmake.build:Building ROS package in '/home/wall-e/Desktop/Hiperion---ELA220/src/rplidar_ros' with build type 'ament_cmake'
[6.197s] INFO:colcon.colcon_cmake.task.cmake.build:Building CMake package in '/home/wall-e/Desktop/Hiperion---ELA220/src/rplidar_ros'
[6.268s] INFO:colcon.colcon_core.shell:Skip shell extension 'powershell' for command environment: Not usable outside of PowerShell
[6.268s] DEBUG:colcon.colcon_core.shell:Skip shell extension 'dsv' for command environment
[6.440s] DEBUG:colcon.colcon_core.event_handler.log_command:Invoking command in '/home/wall-e/Desktop/Hiperion---ELA220/build/my_box_bot_description': CMAKE_PREFIX_PATH=/opt/ros/humble /usr/bin/cmake /home/wall-e/Desktop/Hiperion---ELA220/src/my_box_bot_description -DCMAKE_INSTALL_PREFIX=/home/wall-e/Desktop/Hiperion---ELA220/install/my_box_bot_description
[6.453s] DEBUG:colcon.colcon_core.event_handler.log_command:Invoking command in '/home/wall-e/Desktop/Hiperion---ELA220/build/mpu6050driver': CMAKE_PREFIX_PATH=/opt/ros/humble /usr/bin/cmake /home/wall-e/Desktop/Hiperion---ELA220/src/ros2_mpu6050_driver -DCMAKE_INSTALL_PREFIX=/home/wall-e/Desktop/Hiperion---ELA220/install/mpu6050driver
[6.479s] DEBUG:colcon.colcon_core.event_handler.log_command:Invoking command in '/home/wall-e/Desktop/Hiperion---ELA220/build/rplidar_ros': CMAKE_PREFIX_PATH=/opt/ros/humble /usr/bin/cmake /home/wall-e/Desktop/Hiperion---ELA220/src/rplidar_ros -DCMAKE_INSTALL_PREFIX=/home/wall-e/Desktop/Hiperion---ELA220/install/rplidar_ros
[10.577s] DEBUG:colcon.colcon_core.event_handler.log_command:Invoked command in '/home/wall-e/Desktop/Hiperion---ELA220/build/my_box_bot_description' returned '1': CMAKE_PREFIX_PATH=/opt/ros/humble /usr/bin/cmake /home/wall-e/Desktop/Hiperion---ELA220/src/my_box_bot_description -DCMAKE_INSTALL_PREFIX=/home/wall-e/Desktop/Hiperion---ELA220/install/my_box_bot_description
[10.625s] Level 1:colcon.colcon_core.environment:create_environment_scripts_only(my_box_bot_description)
[10.730s] Level 1:colcon.colcon_core.environment:checking '/home/wall-e/Desktop/Hiperion---ELA220/install/my_box_bot_description' for CMake module files
[10.732s] Level 1:colcon.colcon_core.environment:checking '/home/wall-e/Desktop/Hiperion---ELA220/install/my_box_bot_description' for CMake config files
[10.734s] Level 1:colcon.colcon_core.environment:checking '/home/wall-e/Desktop/Hiperion---ELA220/install/my_box_bot_description/bin'
[10.735s] Level 1:colcon.colcon_core.environment:checking '/home/wall-e/Desktop/Hiperion---ELA220/install/my_box_bot_description/lib/pkgconfig/my_box_bot_description.pc'
[10.736s] Level 1:colcon.colcon_core.environment:checking '/home/wall-e/Desktop/Hiperion---ELA220/install/my_box_bot_description/lib/python3.10/site-packages'
[10.738s] Level 1:colcon.colcon_core.environment:checking '/home/wall-e/Desktop/Hiperion---ELA220/install/my_box_bot_description/bin'
[10.822s] INFO:colcon.colcon_core.shell:Creating package script '/home/wall-e/Desktop/Hiperion---ELA220/install/my_box_bot_description/share/my_box_bot_description/package.ps1'
[10.825s] INFO:colcon.colcon_core.shell:Creating package descriptor '/home/wall-e/Desktop/Hiperion---ELA220/install/my_box_bot_description/share/my_box_bot_description/package.dsv'
[10.828s] INFO:colcon.colcon_core.shell:Creating package script '/home/wall-e/Desktop/Hiperion---ELA220/install/my_box_bot_description/share/my_box_bot_description/package.sh'
[10.831s] INFO:colcon.colcon_core.shell:Creating package script '/home/wall-e/Desktop/Hiperion---ELA220/install/my_box_bot_description/share/my_box_bot_description/package.bash'
[10.834s] INFO:colcon.colcon_core.shell:Creating package script '/home/wall-e/Desktop/Hiperion---ELA220/install/my_box_bot_description/share/my_box_bot_description/package.zsh'
[10.838s] Level 1:colcon.colcon_core.environment:create_file_with_runtime_dependencies(/home/wall-e/Desktop/Hiperion---ELA220/install/my_box_bot_description/share/colcon-core/packages/my_box_bot_description)
[14.899s] DEBUG:colcon.colcon_parallel_executor.executor.parallel:closing loop
[14.901s] DEBUG:colcon.colcon_parallel_executor.executor.parallel:loop closed
[14.901s] DEBUG:colcon.colcon_parallel_executor.executor.parallel:run_until_complete finished with '1'
[14.901s] DEBUG:colcon.colcon_core.event_reactor:joining thread
[15.000s] INFO:colcon.colcon_core.plugin_system:Skipping extension 'colcon_notification.desktop_notification.terminal_notifier': Not used on non-Darwin systems
[15.000s] INFO:colcon.colcon_core.plugin_system:Skipping extension 'colcon_notification.desktop_notification.win32': Not used on non-Windows systems
[15.000s] INFO:colcon.colcon_notification.desktop_notification:Sending desktop notification using 'notify2'
[15.053s] DEBUG:colcon.colcon_core.event_reactor:joined thread
[15.182s] INFO:colcon.colcon_core.shell:Creating prefix script '/home/wall-e/Desktop/Hiperion---ELA220/install/local_setup.ps1'
[15.186s] INFO:colcon.colcon_core.shell:Creating prefix util module '/home/wall-e/Desktop/Hiperion---ELA220/install/_local_setup_util_ps1.py'
[15.191s] INFO:colcon.colcon_core.shell:Creating prefix chain script '/home/wall-e/Desktop/Hiperion---ELA220/install/setup.ps1'
[15.264s] INFO:colcon.colcon_core.shell:Creating prefix script '/home/wall-e/Desktop/Hiperion---ELA220/install/local_setup.sh'
[15.267s] INFO:colcon.colcon_core.shell:Creating prefix util module '/home/wall-e/Desktop/Hiperion---ELA220/install/_local_setup_util_sh.py'
[15.269s] INFO:colcon.colcon_core.shell:Creating prefix chain script '/home/wall-e/Desktop/Hiperion---ELA220/install/setup.sh'
[15.334s] INFO:colcon.colcon_core.shell:Creating prefix script '/home/wall-e/Desktop/Hiperion---ELA220/install/local_setup.bash'
[15.336s] INFO:colcon.colcon_core.shell:Creating prefix chain script '/home/wall-e/Desktop/Hiperion---ELA220/install/setup.bash'
[15.399s] INFO:colcon.colcon_core.shell:Creating prefix script '/home/wall-e/Desktop/Hiperion---ELA220/install/local_setup.zsh'
[15.401s] INFO:colcon.colcon_core.shell:Creating prefix chain script '/home/wall-e/Desktop/Hiperion---ELA220/install/setup.zsh'
