[0.681s] Invoking command in '/home/wall-e/Desktop/Hiperion---ELA220/build/my_box_bot_description': CMAKE_PREFIX_PATH=/opt/ros/humble /usr/bin/cmake /home/wall-e/Desktop/Hiperion---ELA220/src/my_box_bot_description -DCMAKE_INSTALL_PREFIX=/home/wall-e/Desktop/Hiperion---ELA220/install/my_box_bot_description
[0.997s] -- The C compiler identification is GNU 11.4.0
[1.323s] -- The CXX compiler identification is GNU 11.4.0
[1.369s] -- Detecting C compiler ABI info
[1.776s] -- Detecting C compiler ABI info - done
[1.803s] -- Check for working C compiler: /usr/bin/cc - skipped
[1.806s] -- Detecting C compile features
[1.807s] -- Detecting C compile features - done
[1.818s] -- Detecting CXX compiler ABI info
[2.237s] -- Detecting CXX compiler ABI info - done
[2.277s] -- Check for working CXX compiler: /usr/bin/c++ - skipped
[2.279s] -- Detecting CXX compile features
[2.283s] -- Detecting CXX compile features - done
[2.307s] -- Found ament_cmake: 1.3.8 (/opt/ros/humble/share/ament_cmake/cmake)
[3.374s] -- Found Python3: /usr/bin/python3 (found version "3.10.12") found components: Interpreter 
[4.060s] -- Found urdf: 2.6.0 (/opt/ros/humble/share/urdf/cmake)
[4.793s] [31mCMake Error at CMakeLists.txt:11 (find_package):
[4.793s]   By not providing "Findxacro.cmake" in CMAKE_MODULE_PATH this project has
[4.794s]   asked CMake to find a package configuration file provided by "xacro", but
[4.794s]   CMake did not find one.
[4.795s] 
[4.796s]   Could not find a package configuration file provided by "xacro" with any of
[4.799s]   the following names:
[4.809s] 
[4.810s]     xacroConfig.cmake
[4.811s]     xacro-config.cmake
[4.811s] 
[4.811s]   Add the installation prefix of "xacro" to CMAKE_PREFIX_PATH or set
[4.812s]   "xacro_DIR" to a directory containing one of the above files.  If "xacro"
[4.812s]   provides a separate development package or SDK, be sure it has been
[4.813s]   installed.
[4.813s] 
[4.814s] [0m
[4.815s] -- Configuring incomplete, errors occurred!
[4.818s] See also "/home/wall-e/Desktop/Hiperion---ELA220/build/my_box_bot_description/CMakeFiles/CMakeOutput.log".
[4.819s] Invoked command in '/home/wall-e/Desktop/Hiperion---ELA220/build/my_box_bot_description' returned '1': CMAKE_PREFIX_PATH=/opt/ros/humble /usr/bin/cmake /home/wall-e/Desktop/Hiperion---ELA220/src/my_box_bot_description -DCMAKE_INSTALL_PREFIX=/home/wall-e/Desktop/Hiperion---ELA220/install/my_box_bot_description
