[0.296s] Invoking command in '/home/wall-e/Desktop/Hiperion---ELA220/build/rplidar_ros': CMAKE_PREFIX_PATH=/opt/ros/humble /usr/bin/cmake --build /home/wall-e/Desktop/Hiperion---ELA220/build/rplidar_ros -- -j4 -l4
[0.512s] [35m[1mConsolidate compiler generated dependencies of target rplidar_composition[0m
[0.524s] [35m[1mConsolidate compiler generated dependencies of target rplidar_node[0m
[0.529s] [35m[1mConsolidate compiler generated dependencies of target rplidar_client[0m
[0.650s] [  5%] Built target rplidar_client
[0.702s] [ 52%] Built target rplidar_composition
[0.718s] [100%] Built target rplidar_node
[0.772s] Invoked command in '/home/wall-e/Desktop/Hiperion---ELA220/build/rplidar_ros' returned '0': CMAKE_PREFIX_PATH=/opt/ros/humble /usr/bin/cmake --build /home/wall-e/Desktop/Hiperion---ELA220/build/rplidar_ros -- -j4 -l4
[1.225s] Invoking command in '/home/wall-e/Desktop/Hiperion---ELA220/build/rplidar_ros': CMAKE_PREFIX_PATH=/opt/ros/humble /usr/bin/cmake --install /home/wall-e/Desktop/Hiperion---ELA220/build/rplidar_ros
[1.258s] -- Install configuration: ""
[1.258s] -- Installing: /home/wall-e/Desktop/Hiperion---ELA220/install/rplidar_ros/share/rplidar_ros/launch
[1.260s] -- Installing: /home/wall-e/Desktop/Hiperion---ELA220/install/rplidar_ros/share/rplidar_ros/launch/rplidar_s2_launch.py
[1.261s] -- Installing: /home/wall-e/Desktop/Hiperion---ELA220/install/rplidar_ros/share/rplidar_ros/launch/view_rplidar_c1_launch.py
[1.262s] -- Installing: /home/wall-e/Desktop/Hiperion---ELA220/install/rplidar_ros/share/rplidar_ros/launch/rplidar_c1_launch.py
[1.263s] -- Installing: /home/wall-e/Desktop/Hiperion---ELA220/install/rplidar_ros/share/rplidar_ros/launch/rplidar_s1_launch.py
[1.264s] -- Installing: /home/wall-e/Desktop/Hiperion---ELA220/install/rplidar_ros/share/rplidar_ros/launch/rplidar_a3_launch.py
[1.265s] -- Installing: /home/wall-e/Desktop/Hiperion---ELA220/install/rplidar_ros/share/rplidar_ros/launch/rplidar_s1_tcp_launch.py
[1.267s] -- Installing: /home/wall-e/Desktop/Hiperion---ELA220/install/rplidar_ros/share/rplidar_ros/launch/rplidar_t1_launch.py
[1.273s] -- Installing: /home/wall-e/Desktop/Hiperion---ELA220/install/rplidar_ros/share/rplidar_ros/launch/rplidar_a2m7_launch.py
[1.274s] -- Installing: /home/wall-e/Desktop/Hiperion---ELA220/install/rplidar_ros/share/rplidar_ros/launch/view_rplidar_t1_launch.py
[1.275s] -- Installing: /home/wall-e/Desktop/Hiperion---ELA220/install/rplidar_ros/share/rplidar_ros/launch/view_rplidar_a2m12_launch.py
[1.277s] -- Installing: /home/wall-e/Desktop/Hiperion---ELA220/install/rplidar_ros/share/rplidar_ros/launch/view_rplidar_a2m7_launch.py
[1.278s] -- Installing: /home/wall-e/Desktop/Hiperion---ELA220/install/rplidar_ros/share/rplidar_ros/launch/rplidar_s3_launch.py
[1.280s] -- Installing: /home/wall-e/Desktop/Hiperion---ELA220/install/rplidar_ros/share/rplidar_ros/launch/view_rplidar_a2m8_launch.py
[1.282s] -- Installing: /home/wall-e/Desktop/Hiperion---ELA220/install/rplidar_ros/share/rplidar_ros/launch/view_rplidar_s2e_launch.py
[1.283s] -- Installing: /home/wall-e/Desktop/Hiperion---ELA220/install/rplidar_ros/share/rplidar_ros/launch/view_rplidar_s1_tcp_launch.py
[1.286s] -- Installing: /home/wall-e/Desktop/Hiperion---ELA220/install/rplidar_ros/share/rplidar_ros/launch/view_rplidar_a1_launch.py
[1.288s] -- Installing: /home/wall-e/Desktop/Hiperion---ELA220/install/rplidar_ros/share/rplidar_ros/launch/view_rplidar_s3_launch.py
[1.289s] -- Installing: /home/wall-e/Desktop/Hiperion---ELA220/install/rplidar_ros/share/rplidar_ros/launch/view_rplidar_a3_launch.py
[1.291s] -- Installing: /home/wall-e/Desktop/Hiperion---ELA220/install/rplidar_ros/share/rplidar_ros/launch/rplidar_a2m8_launch.py
[1.292s] -- Installing: /home/wall-e/Desktop/Hiperion---ELA220/install/rplidar_ros/share/rplidar_ros/launch/view_rplidar_s2_launch.py
[1.293s] -- Installing: /home/wall-e/Desktop/Hiperion---ELA220/install/rplidar_ros/share/rplidar_ros/launch/view_rplidar_s1_launch.py
[1.295s] -- Installing: /home/wall-e/Desktop/Hiperion---ELA220/install/rplidar_ros/share/rplidar_ros/launch/rplidar_a2m12_launch.py
[1.296s] -- Installing: /home/wall-e/Desktop/Hiperion---ELA220/install/rplidar_ros/share/rplidar_ros/launch/rplidar_s2e_launch.py
[1.300s] -- Installing: /home/wall-e/Desktop/Hiperion---ELA220/install/rplidar_ros/share/rplidar_ros/launch/rplidar_a1_launch.py
[1.301s] -- Installing: /home/wall-e/Desktop/Hiperion---ELA220/install/rplidar_ros/share/rplidar_ros/rviz
[1.302s] -- Installing: /home/wall-e/Desktop/Hiperion---ELA220/install/rplidar_ros/share/rplidar_ros/rviz/rplidar_ros.rviz
[1.304s] -- Installing: /home/wall-e/Desktop/Hiperion---ELA220/install/rplidar_ros/lib/rplidar_ros/rplidar_node
[1.307s] -- Set runtime path of "/home/wall-e/Desktop/Hiperion---ELA220/install/rplidar_ros/lib/rplidar_ros/rplidar_node" to ""
[1.308s] -- Installing: /home/wall-e/Desktop/Hiperion---ELA220/install/rplidar_ros/lib/rplidar_ros/rplidar_composition
[1.324s] -- Set runtime path of "/home/wall-e/Desktop/Hiperion---ELA220/install/rplidar_ros/lib/rplidar_ros/rplidar_composition" to ""
[1.325s] -- Installing: /home/wall-e/Desktop/Hiperion---ELA220/install/rplidar_ros/lib/rplidar_ros/rplidar_client
[1.352s] -- Set runtime path of "/home/wall-e/Desktop/Hiperion---ELA220/install/rplidar_ros/lib/rplidar_ros/rplidar_client" to ""
[1.356s] -- Installing: /home/wall-e/Desktop/Hiperion---ELA220/install/rplidar_ros/share/ament_index/resource_index/package_run_dependencies/rplidar_ros
[1.357s] -- Installing: /home/wall-e/Desktop/Hiperion---ELA220/install/rplidar_ros/share/ament_index/resource_index/parent_prefix_path/rplidar_ros
[1.358s] -- Installing: /home/wall-e/Desktop/Hiperion---ELA220/install/rplidar_ros/share/rplidar_ros/environment/ament_prefix_path.sh
[1.360s] -- Installing: /home/wall-e/Desktop/Hiperion---ELA220/install/rplidar_ros/share/rplidar_ros/environment/ament_prefix_path.dsv
[1.361s] -- Installing: /home/wall-e/Desktop/Hiperion---ELA220/install/rplidar_ros/share/rplidar_ros/environment/path.sh
[1.363s] -- Installing: /home/wall-e/Desktop/Hiperion---ELA220/install/rplidar_ros/share/rplidar_ros/environment/path.dsv
[1.364s] -- Installing: /home/wall-e/Desktop/Hiperion---ELA220/install/rplidar_ros/share/rplidar_ros/local_setup.bash
[1.365s] -- Installing: /home/wall-e/Desktop/Hiperion---ELA220/install/rplidar_ros/share/rplidar_ros/local_setup.sh
[1.366s] -- Installing: /home/wall-e/Desktop/Hiperion---ELA220/install/rplidar_ros/share/rplidar_ros/local_setup.zsh
[1.367s] -- Installing: /home/wall-e/Desktop/Hiperion---ELA220/install/rplidar_ros/share/rplidar_ros/local_setup.dsv
[1.368s] -- Installing: /home/wall-e/Desktop/Hiperion---ELA220/install/rplidar_ros/share/rplidar_ros/package.dsv
[1.369s] -- Installing: /home/wall-e/Desktop/Hiperion---ELA220/install/rplidar_ros/share/ament_index/resource_index/packages/rplidar_ros
[1.371s] -- Installing: /home/wall-e/Desktop/Hiperion---ELA220/install/rplidar_ros/share/rplidar_ros/cmake/ament_cmake_export_dependencies-extras.cmake
[1.373s] -- Installing: /home/wall-e/Desktop/Hiperion---ELA220/install/rplidar_ros/share/rplidar_ros/cmake/ament_cmake_export_include_directories-extras.cmake
[1.374s] -- Installing: /home/wall-e/Desktop/Hiperion---ELA220/install/rplidar_ros/share/rplidar_ros/cmake/rplidar_rosConfig.cmake
[1.375s] -- Installing: /home/wall-e/Desktop/Hiperion---ELA220/install/rplidar_ros/share/rplidar_ros/cmake/rplidar_rosConfig-version.cmake
[1.377s] -- Installing: /home/wall-e/Desktop/Hiperion---ELA220/install/rplidar_ros/share/rplidar_ros/package.xml
[2.092s] Invoked command in '/home/wall-e/Desktop/Hiperion---ELA220/build/rplidar_ros' returned '0': CMAKE_PREFIX_PATH=/opt/ros/humble /usr/bin/cmake --install /home/wall-e/Desktop/Hiperion---ELA220/build/rplidar_ros
