[0.005s] Invoking command in '/home/llagoeiro/Desktop/Hiperion---ELA220/build/my_box_bot_description': CMAKE_PREFIX_PATH=/opt/ros/humble /usr/bin/cmake /home/llagoeiro/Desktop/Hiperion---ELA220/src/my_box_bot_description -DCMAKE_INSTALL_PREFIX=/home/llagoeiro/Desktop/Hiperion---ELA220/install/my_box_bot_description
[0.039s] -- The C compiler identification is GNU 11.4.0
[0.072s] -- The CXX compiler identification is GNU 11.4.0
[0.076s] -- Detecting C compiler ABI info
[0.122s] -- Detecting C compiler ABI info - done
[0.129s] -- Check for working C compiler: /usr/bin/cc - skipped
[0.130s] -- Detecting C compile features
[0.130s] -- Detecting C compile features - done
[0.132s] -- Detecting CXX compiler ABI info
[0.179s] -- Detecting CXX compiler ABI info - done
[0.184s] -- Check for working CXX compiler: /usr/bin/c++ - skipped
[0.184s] -- Detecting CXX compile features
[0.184s] -- Detecting CXX compile features - done
[0.185s] -- Found ament_cmake: 1.3.8 (/opt/ros/humble/share/ament_cmake/cmake)
[0.274s] -- Found Python3: /usr/bin/python3 (found version "3.10.12") found components: Interpreter 
[0.321s] -- Found urdf: 2.6.0 (/opt/ros/humble/share/urdf/cmake)
[0.347s] -- Found xacro: 2.0.8 (/opt/ros/humble/share/xacro/cmake)
[0.348s] -- Found ament_lint_auto: 0.12.10 (/opt/ros/humble/share/ament_lint_auto/cmake)
[0.397s] -- Added test 'copyright' to check source files copyright and LICENSE
[0.399s] -- Added test 'flake8' to check Python code syntax and style conventions
[0.400s] -- Added test 'lint_cmake' to check CMake code style
[0.400s] -- Added test 'pep257' to check Python code against some of the docstring style conventions in PEP 257
[0.401s] -- Added test 'xmllint' to check XML markup files
[0.402s] -- Configuring done
[0.405s] -- Generating done
[0.406s] -- Build files have been written to: /home/llagoeiro/Desktop/Hiperion---ELA220/build/my_box_bot_description
[0.412s] Invoked command in '/home/llagoeiro/Desktop/Hiperion---ELA220/build/my_box_bot_description' returned '0': CMAKE_PREFIX_PATH=/opt/ros/humble /usr/bin/cmake /home/llagoeiro/Desktop/Hiperion---ELA220/src/my_box_bot_description -DCMAKE_INSTALL_PREFIX=/home/llagoeiro/Desktop/Hiperion---ELA220/install/my_box_bot_description
[0.412s] Invoking command in '/home/llagoeiro/Desktop/Hiperion---ELA220/build/my_box_bot_description': CMAKE_PREFIX_PATH=/opt/ros/humble /usr/bin/cmake --build /home/llagoeiro/Desktop/Hiperion---ELA220/build/my_box_bot_description -- -j12 -l12
[0.440s] Invoked command in '/home/llagoeiro/Desktop/Hiperion---ELA220/build/my_box_bot_description' returned '0': CMAKE_PREFIX_PATH=/opt/ros/humble /usr/bin/cmake --build /home/llagoeiro/Desktop/Hiperion---ELA220/build/my_box_bot_description -- -j12 -l12
[0.457s] Invoking command in '/home/llagoeiro/Desktop/Hiperion---ELA220/build/my_box_bot_description': CMAKE_PREFIX_PATH=/opt/ros/humble /usr/bin/cmake --install /home/llagoeiro/Desktop/Hiperion---ELA220/build/my_box_bot_description
[0.461s] -- Install configuration: ""
[0.462s] -- Installing: /home/llagoeiro/Desktop/Hiperion---ELA220/install/my_box_bot_description/share/my_box_bot_description//urdf
[0.462s] -- Installing: /home/llagoeiro/Desktop/Hiperion---ELA220/install/my_box_bot_description/share/my_box_bot_description//urdf/box_bot_geometric.urdf
[0.462s] -- Installing: /home/llagoeiro/Desktop/Hiperion---ELA220/install/my_box_bot_description/share/my_box_bot_description//urdf/ box_bot_meshes_collisions_inertias.urdf 
[0.462s] -- Installing: /home/llagoeiro/Desktop/Hiperion---ELA220/install/my_box_bot_description/share/my_box_bot_description//urdf/box_bot_geometric_meshes.urdf
[0.462s] -- Installing: /home/llagoeiro/Desktop/Hiperion---ELA220/install/my_box_bot_description/share/my_box_bot_description//rviz
[0.462s] -- Installing: /home/llagoeiro/Desktop/Hiperion---ELA220/install/my_box_bot_description/share/my_box_bot_description//launch
[0.462s] -- Installing: /home/llagoeiro/Desktop/Hiperion---ELA220/install/my_box_bot_description/share/my_box_bot_description//launch/urdf_visualize_meshes_collisions_inertias.launch.py
[0.462s] -- Installing: /home/llagoeiro/Desktop/Hiperion---ELA220/install/my_box_bot_description/share/my_box_bot_description//launch/urdf_visualize_meshes.launch.py
[0.462s] -- Installing: /home/llagoeiro/Desktop/Hiperion---ELA220/install/my_box_bot_description/share/my_box_bot_description//launch/urdf_visualize_geometric.launch.py
[0.462s] -- Installing: /home/llagoeiro/Desktop/Hiperion---ELA220/install/my_box_bot_description/share/my_box_bot_description//meshes
[0.462s] -- Installing: /home/llagoeiro/Desktop/Hiperion---ELA220/install/my_box_bot_description/share/my_box_bot_description//meshes/cute_cube.blend
[0.463s] -- Installing: /home/llagoeiro/Desktop/Hiperion---ELA220/install/my_box_bot_description/share/my_box_bot_description//meshes/sensors
[0.463s] -- Installing: /home/llagoeiro/Desktop/Hiperion---ELA220/install/my_box_bot_description/share/my_box_bot_description//meshes/sensors/rplidar.dae
[0.464s] -- Installing: /home/llagoeiro/Desktop/Hiperion---ELA220/install/my_box_bot_description/share/my_box_bot_description//meshes/sensors/realsense.dae
[0.464s] -- Installing: /home/llagoeiro/Desktop/Hiperion---ELA220/install/my_box_bot_description/share/my_box_bot_description//meshes/sensors/rplidartexture.png
[0.464s] -- Installing: /home/llagoeiro/Desktop/Hiperion---ELA220/install/my_box_bot_description/share/my_box_bot_description//meshes/lambert3_baseColor.png
[0.465s] -- Installing: /home/llagoeiro/Desktop/Hiperion---ELA220/install/my_box_bot_description/share/my_box_bot_description//meshes/cute_cube.dae
[0.465s] -- Installing: /home/llagoeiro/Desktop/Hiperion---ELA220/install/my_box_bot_description/share/my_box_bot_description//meshes/textures
[0.465s] -- Installing: /home/llagoeiro/Desktop/Hiperion---ELA220/install/my_box_bot_description/share/my_box_bot_description//meshes/textures/lambert3_baseColor.png
[0.465s] -- Installing: /home/llagoeiro/Desktop/Hiperion---ELA220/install/my_box_bot_description/share/ament_index/resource_index/package_run_dependencies/my_box_bot_description
[0.465s] -- Installing: /home/llagoeiro/Desktop/Hiperion---ELA220/install/my_box_bot_description/share/ament_index/resource_index/parent_prefix_path/my_box_bot_description
[0.465s] -- Installing: /home/llagoeiro/Desktop/Hiperion---ELA220/install/my_box_bot_description/share/my_box_bot_description/environment/ament_prefix_path.sh
[0.465s] -- Installing: /home/llagoeiro/Desktop/Hiperion---ELA220/install/my_box_bot_description/share/my_box_bot_description/environment/ament_prefix_path.dsv
[0.465s] -- Installing: /home/llagoeiro/Desktop/Hiperion---ELA220/install/my_box_bot_description/share/my_box_bot_description/environment/path.sh
[0.465s] -- Installing: /home/llagoeiro/Desktop/Hiperion---ELA220/install/my_box_bot_description/share/my_box_bot_description/environment/path.dsv
[0.465s] -- Installing: /home/llagoeiro/Desktop/Hiperion---ELA220/install/my_box_bot_description/share/my_box_bot_description/local_setup.bash
[0.465s] -- Installing: /home/llagoeiro/Desktop/Hiperion---ELA220/install/my_box_bot_description/share/my_box_bot_description/local_setup.sh
[0.465s] -- Installing: /home/llagoeiro/Desktop/Hiperion---ELA220/install/my_box_bot_description/share/my_box_bot_description/local_setup.zsh
[0.465s] -- Installing: /home/llagoeiro/Desktop/Hiperion---ELA220/install/my_box_bot_description/share/my_box_bot_description/local_setup.dsv
[0.466s] -- Installing: /home/llagoeiro/Desktop/Hiperion---ELA220/install/my_box_bot_description/share/my_box_bot_description/package.dsv
[0.466s] -- Installing: /home/llagoeiro/Desktop/Hiperion---ELA220/install/my_box_bot_description/share/ament_index/resource_index/packages/my_box_bot_description
[0.466s] -- Installing: /home/llagoeiro/Desktop/Hiperion---ELA220/install/my_box_bot_description/share/my_box_bot_description/cmake/my_box_bot_descriptionConfig.cmake
[0.466s] -- Installing: /home/llagoeiro/Desktop/Hiperion---ELA220/install/my_box_bot_description/share/my_box_bot_description/cmake/my_box_bot_descriptionConfig-version.cmake
[0.466s] -- Installing: /home/llagoeiro/Desktop/Hiperion---ELA220/install/my_box_bot_description/share/my_box_bot_description/package.xml
[0.467s] Invoked command in '/home/llagoeiro/Desktop/Hiperion---ELA220/build/my_box_bot_description' returned '0': CMAKE_PREFIX_PATH=/opt/ros/humble /usr/bin/cmake --install /home/llagoeiro/Desktop/Hiperion---ELA220/build/my_box_bot_description
