[0.006s] Invoking command in '/home/llagoeiro/Desktop/Hiperion-ELA220/build/my_box_bot_gazebo': CMAKE_PREFIX_PATH=/home/llagoeiro/Desktop/Hiperion-ELA220/install/my_box_bot_description:/home/llagoeiro/Desktop/Hiperion-ELA220/install/my_box_bot_gazebo:/opt/ros/humble /usr/bin/cmake /home/llagoeiro/Desktop/Hiperion-ELA220/src/my_box_bot_gazebo -DCMAKE_INSTALL_PREFIX=/home/llagoeiro/Desktop/Hiperion-ELA220/install/my_box_bot_gazebo
[0.052s] -- The C compiler identification is GNU 11.4.0
[0.088s] -- The CXX compiler identification is GNU 11.4.0
[0.093s] -- Detecting C compiler ABI info
[0.148s] -- Detecting C compiler ABI info - done
[0.158s] -- Check for working C compiler: /usr/bin/cc - skipped
[0.158s] -- Detecting C compile features
[0.158s] -- Detecting C compile features - done
[0.160s] -- Detecting CXX compiler ABI info
[0.213s] -- Detecting CXX compiler ABI info - done
[0.219s] -- Check for working CXX compiler: /usr/bin/c++ - skipped
[0.219s] -- Detecting CXX compile features
[0.219s] -- Detecting CXX compile features - done
[0.222s] -- Found ament_cmake: 1.3.8 (/opt/ros/humble/share/ament_cmake/cmake)
[0.327s] -- Found Python3: /usr/bin/python3 (found version "3.10.12") found components: Interpreter 
[0.392s] -- Found rclpy: 3.3.12 (/opt/ros/humble/share/rclpy/cmake)
[0.393s] -- Found gazebo_ros: 3.7.0 (/opt/ros/humble/share/gazebo_ros/cmake)
[0.423s] -- Found rosidl_generator_c: 3.1.5 (/opt/ros/humble/share/rosidl_generator_c/cmake)
[0.427s] -- Found rosidl_adapter: 3.1.5 (/opt/ros/humble/share/rosidl_adapter/cmake)
[0.434s] -- Found rosidl_generator_cpp: 3.1.5 (/opt/ros/humble/share/rosidl_generator_cpp/cmake)
[0.443s] -- Using all available rosidl_typesupport_c: rosidl_typesupport_fastrtps_c;rosidl_typesupport_introspection_c
[0.455s] -- Using all available rosidl_typesupport_cpp: rosidl_typesupport_fastrtps_cpp;rosidl_typesupport_introspection_cpp
[0.501s] -- Found rmw_implementation_cmake: 6.1.1 (/opt/ros/humble/share/rmw_implementation_cmake/cmake)
[0.502s] -- Found rmw_fastrtps_cpp: 6.2.6 (/opt/ros/humble/share/rmw_fastrtps_cpp/cmake)
[0.568s] -- Found OpenSSL: /usr/lib/x86_64-linux-gnu/libcrypto.so (found version "3.0.2")  
[0.585s] -- Found FastRTPS: /opt/ros/humble/include  
[0.618s] -- Using RMW implementation 'rmw_fastrtps_cpp' as default
[0.624s] -- Looking for pthread.h
[0.682s] -- Looking for pthread.h - found
[0.682s] -- Performing Test CMAKE_HAVE_LIBC_PTHREAD
[0.744s] -- Performing Test CMAKE_HAVE_LIBC_PTHREAD - Success
[0.745s] -- Found Threads: TRUE  
[0.892s] -- Found PkgConfig: /usr/bin/pkg-config (found version "0.29.2") 
[0.893s] -- Checking for module 'bullet>=2.82'
[0.903s] --   Found bullet, version 3.05
[0.978s] -- Found fcl: /usr/include (found suitable version "0.7.0", minimum required is "0.5.0") 
[1.012s] -- Found assimp: /usr/include (found version "5.2.0") 
[1.023s] -- Found DART: /usr/include (Required is at least version "6.6") found components: dart 
[1.046s] -- Found Boost: /usr/lib/x86_64-linux-gnu/cmake/Boost-1.74.0/BoostConfig.cmake (found suitable version "1.74.0", minimum required is "1.40.0") found components: thread system filesystem program_options regex iostreams date_time 
[1.056s] -- Found Protobuf: /usr/lib/x86_64-linux-gnu/libprotobuf.so (found version "3.12.4") 
[1.059s] -- Looking for ignition-math6 -- found version 6.15.1
[1.063s] -- Searching for dependencies of ignition-math6
[1.064s] -- Looking for OGRE...
[1.064s] -- OGRE_PREFIX_WATCH changed.
[1.068s] -- Checking for module 'OGRE'
[1.077s] --   Found OGRE, version 1.9.0
[1.098s] -- Found Ogre Ghadamon (1.9.0)
[1.102s] -- Found OGRE: optimized;/usr/lib/x86_64-linux-gnu/libOgreMain.so;debug;/usr/lib/x86_64-linux-gnu/libOgreMain.so
[1.110s] -- Looking for OGRE_Paging...
[1.113s] -- Found OGRE_Paging: optimized;/usr/lib/x86_64-linux-gnu/libOgrePaging.so;debug;/usr/lib/x86_64-linux-gnu/libOgrePaging.so
[1.113s] -- Looking for OGRE_Terrain...
[1.116s] -- Found OGRE_Terrain: optimized;/usr/lib/x86_64-linux-gnu/libOgreTerrain.so;debug;/usr/lib/x86_64-linux-gnu/libOgreTerrain.so
[1.116s] -- Looking for OGRE_Property...
[1.119s] -- Found OGRE_Property: optimized;/usr/lib/x86_64-linux-gnu/libOgreProperty.so;debug;/usr/lib/x86_64-linux-gnu/libOgreProperty.so
[1.119s] -- Looking for OGRE_RTShaderSystem...
[1.122s] -- Found OGRE_RTShaderSystem: optimized;/usr/lib/x86_64-linux-gnu/libOgreRTShaderSystem.so;debug;/usr/lib/x86_64-linux-gnu/libOgreRTShaderSystem.so
[1.122s] -- Looking for OGRE_Volume...
[1.125s] -- Found OGRE_Volume: optimized;/usr/lib/x86_64-linux-gnu/libOgreVolume.so;debug;/usr/lib/x86_64-linux-gnu/libOgreVolume.so
[1.125s] -- Looking for OGRE_Overlay...
[1.129s] -- Found OGRE_Overlay: optimized;/usr/lib/x86_64-linux-gnu/libOgreOverlay.so;debug;/usr/lib/x86_64-linux-gnu/libOgreOverlay.so
[1.191s] -- Looking for ignition-math6 -- found version 6.15.1
[1.192s] -- Looking for ignition-transport8 -- found version 8.2.1
[1.193s] -- Searching for dependencies of ignition-transport8
[1.204s] -- Found Protobuf: /usr/lib/x86_64-linux-gnu/libprotobuf.so (found suitable version "3.12.4", minimum required is "3") 
[1.211s] -- Config-file not installed for ZeroMQ -- checking for pkg-config
[1.215s] -- Checking for module 'libzmq >= 4'
[1.224s] --   Found libzmq , version 4.3.4
[1.254s] -- Found ZeroMQ: TRUE (Required is at least version "4") 
[1.258s] -- Checking for module 'uuid'
[1.267s] --   Found uuid, version 2.37.2
[1.290s] -- Found UUID: TRUE  
[1.291s] -- Looking for ignition-msgs5 -- found version 5.8.1
[1.291s] -- Searching for dependencies of ignition-msgs5
[1.303s] -- Looking for ignition-math6 -- found version 6.15.1
[1.308s] -- Checking for module 'tinyxml2'
[1.316s] --   Found tinyxml2, version 9.0.0
[1.341s] -- Looking for ignition-msgs5 -- found version 5.8.1
[1.342s] -- Looking for ignition-common3 -- found version 3.14.0
[1.342s] -- Searching for dependencies of ignition-common3
[1.343s] -- Looking for dlfcn.h - found
[1.343s] -- Looking for libdl - found
[1.345s] -- Found DL: TRUE  
[1.353s] -- Found tinyobjloader: /usr/lib/x86_64-linux-gnu/cmake/tinyobjloader/tinyobjloader-config.cmake (found version "2.0.0") 
[1.354s] -- Searching for <ignition-common3> component [graphics]
[1.355s] -- Looking for ignition-common3-graphics -- found version 3.14.0
[1.355s] -- Searching for dependencies of ignition-common3-graphics
[1.356s] -- Looking for ignition-math6 -- found version 6.15.1
[1.358s] -- Looking for ignition-fuel_tools4 -- found version 4.4.0
[1.358s] -- Searching for dependencies of ignition-fuel_tools4
[1.408s] -- Found CURL: /usr/lib/x86_64-linux-gnu/libcurl.so (found version "7.81.0")  
[1.415s] -- Checking for module 'jsoncpp'
[1.423s] --   Found jsoncpp, version 1.9.5
[1.450s] -- Found JSONCPP: TRUE  
[1.454s] -- Checking for module 'libzip'
[1.464s] --   Found libzip, version 1.7.3
[1.487s] -- Found ZIP: TRUE  
[1.487s] -- Looking for ignition-common3 -- found version 3.14.0
[1.487s] -- Looking for ignition-math6 -- found version 6.15.1
[1.488s] -- Looking for ignition-msgs5 -- found version 5.8.1
[1.490s] -- Gazebo version: 11.10
[1.490s] -- Checking for module 'tbb'
[1.499s] --   Found tbb, version 2021.5.0
[1.530s] -- Found my_box_bot_description: 0.0.0 (/home/llagoeiro/Desktop/Hiperion-ELA220/install/my_box_bot_description/share/my_box_bot_description/cmake)
[1.530s] -- Found ament_lint_auto: 0.12.10 (/opt/ros/humble/share/ament_lint_auto/cmake)
[1.585s] -- Added test 'copyright' to check source files copyright and LICENSE
[1.587s] -- Added test 'flake8' to check Python code syntax and style conventions
[1.587s] -- Added test 'lint_cmake' to check CMake code style
[1.587s] -- Added test 'pep257' to check Python code against some of the docstring style conventions in PEP 257
[1.589s] -- Added test 'xmllint' to check XML markup files
[1.589s] -- Configuring done
[1.593s] -- Generating done
[1.594s] -- Build files have been written to: /home/llagoeiro/Desktop/Hiperion-ELA220/build/my_box_bot_gazebo
[1.603s] Invoked command in '/home/llagoeiro/Desktop/Hiperion-ELA220/build/my_box_bot_gazebo' returned '0': CMAKE_PREFIX_PATH=/home/llagoeiro/Desktop/Hiperion-ELA220/install/my_box_bot_description:/home/llagoeiro/Desktop/Hiperion-ELA220/install/my_box_bot_gazebo:/opt/ros/humble /usr/bin/cmake /home/llagoeiro/Desktop/Hiperion-ELA220/src/my_box_bot_gazebo -DCMAKE_INSTALL_PREFIX=/home/llagoeiro/Desktop/Hiperion-ELA220/install/my_box_bot_gazebo
[1.607s] Invoking command in '/home/llagoeiro/Desktop/Hiperion-ELA220/build/my_box_bot_gazebo': CMAKE_PREFIX_PATH=/home/llagoeiro/Desktop/Hiperion-ELA220/install/my_box_bot_description:/home/llagoeiro/Desktop/Hiperion-ELA220/install/my_box_bot_gazebo:/opt/ros/humble /usr/bin/cmake --build /home/llagoeiro/Desktop/Hiperion-ELA220/build/my_box_bot_gazebo -- -j12 -l12
[1.637s] Invoked command in '/home/llagoeiro/Desktop/Hiperion-ELA220/build/my_box_bot_gazebo' returned '0': CMAKE_PREFIX_PATH=/home/llagoeiro/Desktop/Hiperion-ELA220/install/my_box_bot_description:/home/llagoeiro/Desktop/Hiperion-ELA220/install/my_box_bot_gazebo:/opt/ros/humble /usr/bin/cmake --build /home/llagoeiro/Desktop/Hiperion-ELA220/build/my_box_bot_gazebo -- -j12 -l12
[1.663s] Invoking command in '/home/llagoeiro/Desktop/Hiperion-ELA220/build/my_box_bot_gazebo': CMAKE_PREFIX_PATH=/home/llagoeiro/Desktop/Hiperion-ELA220/install/my_box_bot_description:/home/llagoeiro/Desktop/Hiperion-ELA220/install/my_box_bot_gazebo:/opt/ros/humble /usr/bin/cmake --install /home/llagoeiro/Desktop/Hiperion-ELA220/build/my_box_bot_gazebo
[1.668s] -- Install configuration: ""
[1.669s] -- Installing: /home/llagoeiro/Desktop/Hiperion-ELA220/install/my_box_bot_gazebo/share/my_box_bot_gazebo//launch
[1.669s] -- Installing: /home/llagoeiro/Desktop/Hiperion-ELA220/install/my_box_bot_gazebo/share/my_box_bot_gazebo//launch/start_world.launch.py
[1.669s] -- Installing: /home/llagoeiro/Desktop/Hiperion-ELA220/install/my_box_bot_gazebo/share/my_box_bot_gazebo//launch/spawn_robot_description.launch.py
[1.669s] -- Installing: /home/llagoeiro/Desktop/Hiperion-ELA220/install/my_box_bot_gazebo/share/my_box_bot_gazebo//launch/spawn_robot_ros2.launch.xml
[1.669s] -- Installing: /home/llagoeiro/Desktop/Hiperion-ELA220/install/my_box_bot_gazebo/share/my_box_bot_gazebo//worlds
[1.669s] -- Installing: /home/llagoeiro/Desktop/Hiperion-ELA220/install/my_box_bot_gazebo/share/my_box_bot_gazebo//worlds/bot_bot_empty.world
[1.669s] -- Installing: /home/llagoeiro/Desktop/Hiperion-ELA220/install/my_box_bot_gazebo/share/my_box_bot_gazebo//models
[1.669s] -- Installing: /home/llagoeiro/Desktop/Hiperion-ELA220/install/my_box_bot_gazebo/share/my_box_bot_gazebo//models/box_room
[1.669s] -- Installing: /home/llagoeiro/Desktop/Hiperion-ELA220/install/my_box_bot_gazebo/share/my_box_bot_gazebo//models/box_room/model.config
[1.670s] -- Installing: /home/llagoeiro/Desktop/Hiperion-ELA220/install/my_box_bot_gazebo/share/my_box_bot_gazebo//models/box_room/meshes
[1.670s] -- Installing: /home/llagoeiro/Desktop/Hiperion-ELA220/install/my_box_bot_gazebo/share/my_box_bot_gazebo//models/box_room/meshes/chambre.png
[1.670s] -- Installing: /home/llagoeiro/Desktop/Hiperion-ELA220/install/my_box_bot_gazebo/share/my_box_bot_gazebo//models/box_room/meshes/box_room.dae
[1.670s] -- Installing: /home/llagoeiro/Desktop/Hiperion-ELA220/install/my_box_bot_gazebo/share/my_box_bot_gazebo//models/box_room/model.sdf
[1.671s] -- Installing: /home/llagoeiro/Desktop/Hiperion-ELA220/install/my_box_bot_gazebo/share/ament_index/resource_index/package_run_dependencies/my_box_bot_gazebo
[1.671s] -- Installing: /home/llagoeiro/Desktop/Hiperion-ELA220/install/my_box_bot_gazebo/share/ament_index/resource_index/parent_prefix_path/my_box_bot_gazebo
[1.671s] -- Installing: /home/llagoeiro/Desktop/Hiperion-ELA220/install/my_box_bot_gazebo/share/my_box_bot_gazebo/environment/ament_prefix_path.sh
[1.671s] -- Installing: /home/llagoeiro/Desktop/Hiperion-ELA220/install/my_box_bot_gazebo/share/my_box_bot_gazebo/environment/ament_prefix_path.dsv
[1.671s] -- Installing: /home/llagoeiro/Desktop/Hiperion-ELA220/install/my_box_bot_gazebo/share/my_box_bot_gazebo/environment/path.sh
[1.671s] -- Installing: /home/llagoeiro/Desktop/Hiperion-ELA220/install/my_box_bot_gazebo/share/my_box_bot_gazebo/environment/path.dsv
[1.671s] -- Installing: /home/llagoeiro/Desktop/Hiperion-ELA220/install/my_box_bot_gazebo/share/my_box_bot_gazebo/local_setup.bash
[1.671s] -- Installing: /home/llagoeiro/Desktop/Hiperion-ELA220/install/my_box_bot_gazebo/share/my_box_bot_gazebo/local_setup.sh
[1.671s] -- Installing: /home/llagoeiro/Desktop/Hiperion-ELA220/install/my_box_bot_gazebo/share/my_box_bot_gazebo/local_setup.zsh
[1.671s] -- Installing: /home/llagoeiro/Desktop/Hiperion-ELA220/install/my_box_bot_gazebo/share/my_box_bot_gazebo/local_setup.dsv
[1.671s] -- Installing: /home/llagoeiro/Desktop/Hiperion-ELA220/install/my_box_bot_gazebo/share/my_box_bot_gazebo/package.dsv
[1.672s] -- Installing: /home/llagoeiro/Desktop/Hiperion-ELA220/install/my_box_bot_gazebo/share/ament_index/resource_index/packages/my_box_bot_gazebo
[1.672s] -- Installing: /home/llagoeiro/Desktop/Hiperion-ELA220/install/my_box_bot_gazebo/share/my_box_bot_gazebo/cmake/my_box_bot_gazeboConfig.cmake
[1.672s] -- Installing: /home/llagoeiro/Desktop/Hiperion-ELA220/install/my_box_bot_gazebo/share/my_box_bot_gazebo/cmake/my_box_bot_gazeboConfig-version.cmake
[1.672s] -- Installing: /home/llagoeiro/Desktop/Hiperion-ELA220/install/my_box_bot_gazebo/share/my_box_bot_gazebo/package.xml
[1.673s] Invoked command in '/home/llagoeiro/Desktop/Hiperion-ELA220/build/my_box_bot_gazebo' returned '0': CMAKE_PREFIX_PATH=/home/llagoeiro/Desktop/Hiperion-ELA220/install/my_box_bot_description:/home/llagoeiro/Desktop/Hiperion-ELA220/install/my_box_bot_gazebo:/opt/ros/humble /usr/bin/cmake --install /home/llagoeiro/Desktop/Hiperion-ELA220/build/my_box_bot_gazebo
