[0.481s] Invoking command in '/home/llagoeiro/Desktop/Hiperion-ELA220/src/finalExam_pkg': PYTHONPATH=/home/llagoeiro/Desktop/Hiperion-ELA220/build/finalExam_pkg/prefix_override:/home/llagoeiro/Desktop/Hiperion-ELA220/install/finalExam_pkg/lib/python3.10/site-packages:${PYTHONPATH} /usr/bin/python3 -W ignore:setup.py install is deprecated setup.py egg_info --egg-base ../../build/finalExam_pkg build --build-base /home/llagoeiro/Desktop/Hiperion-ELA220/build/finalExam_pkg/build install --record /home/llagoeiro/Desktop/Hiperion-ELA220/build/finalExam_pkg/install.log --single-version-externally-managed install_data
[0.623s] running egg_info
[0.623s] writing ../../build/finalExam_pkg/finalExam_pkg.egg-info/PKG-INFO
[0.623s] writing dependency_links to ../../build/finalExam_pkg/finalExam_pkg.egg-info/dependency_links.txt
[0.623s] writing entry points to ../../build/finalExam_pkg/finalExam_pkg.egg-info/entry_points.txt
[0.624s] writing requirements to ../../build/finalExam_pkg/finalExam_pkg.egg-info/requires.txt
[0.624s] writing top-level names to ../../build/finalExam_pkg/finalExam_pkg.egg-info/top_level.txt
[0.625s] reading manifest file '../../build/finalExam_pkg/finalExam_pkg.egg-info/SOURCES.txt'
[0.625s] adding license file 'LICENSE'
[0.625s] writing manifest file '../../build/finalExam_pkg/finalExam_pkg.egg-info/SOURCES.txt'
[0.625s] running build
[0.625s] running build_py
[0.626s] running install
[0.626s] running install_lib
[0.627s] running install_data
[0.627s] running install_egg_info
[0.628s] removing '/home/llagoeiro/Desktop/Hiperion-ELA220/install/finalExam_pkg/lib/python3.10/site-packages/finalExam_pkg-0.0.0-py3.10.egg-info' (and everything under it)
[0.628s] Copying ../../build/finalExam_pkg/finalExam_pkg.egg-info to /home/llagoeiro/Desktop/Hiperion-ELA220/install/finalExam_pkg/lib/python3.10/site-packages/finalExam_pkg-0.0.0-py3.10.egg-info
[0.629s] running install_scripts
[0.647s] Installing main_node script to /home/llagoeiro/Desktop/Hiperion-ELA220/install/finalExam_pkg/lib/finalExam_pkg
[0.647s] writing list of installed files to '/home/llagoeiro/Desktop/Hiperion-ELA220/build/finalExam_pkg/install.log'
[0.671s] Invoked command in '/home/llagoeiro/Desktop/Hiperion-ELA220/src/finalExam_pkg' returned '0': PYTHONPATH=/home/llagoeiro/Desktop/Hiperion-ELA220/build/finalExam_pkg/prefix_override:/home/llagoeiro/Desktop/Hiperion-ELA220/install/finalExam_pkg/lib/python3.10/site-packages:${PYTHONPATH} /usr/bin/python3 -W ignore:setup.py install is deprecated setup.py egg_info --egg-base ../../build/finalExam_pkg build --build-base /home/llagoeiro/Desktop/Hiperion-ELA220/build/finalExam_pkg/build install --record /home/llagoeiro/Desktop/Hiperion-ELA220/build/finalExam_pkg/install.log --single-version-externally-managed install_data
