[0.472s] Invoking command in '/home/wall-e/Desktop/Hiperion---ELA220/build/mpu6050driver': CMAKE_PREFIX_PATH=/opt/ros/humble /usr/bin/cmake /home/wall-e/Desktop/Hiperion---ELA220/src/ros2_mpu6050_driver -DCMAKE_INSTALL_PREFIX=/home/wall-e/Desktop/Hiperion---ELA220/install/mpu6050driver
[0.781s] -- The C compiler identification is GNU 11.4.0
[1.111s] -- The CXX compiler identification is GNU 11.4.0
[1.147s] -- Detecting C compiler ABI info
[1.553s] -- Detecting C compiler ABI info - done
[1.583s] -- Check for working C compiler: /usr/bin/cc - skipped
[1.585s] -- Detecting C compile features
[1.586s] -- Detecting C compile features - done
[1.597s] -- Detecting CXX compiler ABI info
[2.025s] -- Detecting CXX compiler ABI info - done
[2.065s] -- Check for working CXX compiler: /usr/bin/c++ - skipped
[2.066s] -- Detecting CXX compile features
[2.068s] -- Detecting CXX compile features - done
[2.091s] -- Found ament_cmake: 1.3.8 (/opt/ros/humble/share/ament_cmake/cmake)
[3.118s] -- Found Python3: /usr/bin/python3 (found version "3.10.12") found components: Interpreter 
[3.813s] -- Found rclcpp: 16.0.8 (/opt/ros/humble/share/rclcpp/cmake)
[4.158s] -- Found rosidl_generator_c: 3.1.5 (/opt/ros/humble/share/rosidl_generator_c/cmake)
[4.198s] -- Found rosidl_adapter: 3.1.5 (/opt/ros/humble/share/rosidl_adapter/cmake)
[4.259s] -- Found rosidl_generator_cpp: 3.1.5 (/opt/ros/humble/share/rosidl_generator_cpp/cmake)
[4.333s] -- Using all available rosidl_typesupport_c: rosidl_typesupport_fastrtps_c;rosidl_typesupport_introspection_c
[4.459s] -- Using all available rosidl_typesupport_cpp: rosidl_typesupport_fastrtps_cpp;rosidl_typesupport_introspection_cpp
[4.868s] -- Found rmw_implementation_cmake: 6.1.1 (/opt/ros/humble/share/rmw_implementation_cmake/cmake)
[4.881s] -- Found rmw_fastrtps_cpp: 6.2.6 (/opt/ros/humble/share/rmw_fastrtps_cpp/cmake)
[5.490s] -- Found OpenSSL: /usr/lib/aarch64-linux-gnu/libcrypto.so (found version "3.0.2")  
[5.739s] -- Found FastRTPS: /opt/ros/humble/include  
[6.164s] -- Using RMW implementation 'rmw_fastrtps_cpp' as default
[6.239s] -- Looking for pthread.h
[6.599s] -- Looking for pthread.h - found
[6.603s] -- Performing Test CMAKE_HAVE_LIBC_PTHREAD
[6.976s] -- Performing Test CMAKE_HAVE_LIBC_PTHREAD - Success
[6.977s] -- Found Threads: TRUE  
[7.691s] -- Found sensor_msgs: 4.2.3 (/opt/ros/humble/share/sensor_msgs/cmake)
[8.565s] -- Configuring done
[8.631s] -- Generating done
[8.642s] -- Build files have been written to: /home/wall-e/Desktop/Hiperion---ELA220/build/mpu6050driver
