-- Install configuration: ""
-- Up-to-date: /home/wall-e/Desktop/Hiperion---ELA220/install/my_box_bot_description/share/my_box_bot_description//urdf
-- Up-to-date: /home/wall-e/Desktop/Hiperion---ELA220/install/my_box_bot_description/share/my_box_bot_description//urdf/ box_bot_meshes_collisions_inertias.urdf 
-- Up-to-date: /home/wall-e/Desktop/Hiperion---ELA220/install/my_box_bot_description/share/my_box_bot_description//urdf/box_bot_geometric_meshes.urdf
-- Up-to-date: /home/wall-e/Desktop/Hiperion---ELA220/install/my_box_bot_description/share/my_box_bot_description//urdf/box_bot_geometric.urdf
-- Installing: /home/wall-e/Desktop/Hiperion---ELA220/install/my_box_bot_description/share/my_box_bot_description//rviz
-- Installing: /home/wall-e/Desktop/Hiperion---ELA220/install/my_box_bot_description/share/my_box_bot_description//launch
-- Installing: /home/wall-e/Desktop/Hiperion---ELA220/install/my_box_bot_description/share/my_box_bot_description//launch/urdf_visualize_geometric.launch.py
-- Installing: /home/wall-e/Desktop/Hiperion---ELA220/install/my_box_bot_description/share/my_box_bot_description//launch/urdf_visualize_meshes_collisions_inertias.launch.py
-- Installing: /home/wall-e/Desktop/Hiperion---ELA220/install/my_box_bot_description/share/my_box_bot_description//launch/urdf_visualize_meshes.launch.py
-- Installing: /home/wall-e/Desktop/Hiperion---ELA220/install/my_box_bot_description/share/my_box_bot_description//meshes
-- Installing: /home/wall-e/Desktop/Hiperion---ELA220/install/my_box_bot_description/share/my_box_bot_description//meshes/cute_cube.dae
-- Installing: /home/wall-e/Desktop/Hiperion---ELA220/install/my_box_bot_description/share/my_box_bot_description//meshes/sensors
-- Installing: /home/wall-e/Desktop/Hiperion---ELA220/install/my_box_bot_description/share/my_box_bot_description//meshes/sensors/rplidar.dae
-- Installing: /home/wall-e/Desktop/Hiperion---ELA220/install/my_box_bot_description/share/my_box_bot_description//meshes/sensors/realsense.dae
-- Installing: /home/wall-e/Desktop/Hiperion---ELA220/install/my_box_bot_description/share/my_box_bot_description//meshes/sensors/rplidartexture.png
-- Installing: /home/wall-e/Desktop/Hiperion---ELA220/install/my_box_bot_description/share/my_box_bot_description//meshes/textures
-- Installing: /home/wall-e/Desktop/Hiperion---ELA220/install/my_box_bot_description/share/my_box_bot_description//meshes/textures/lambert3_baseColor.png
-- Installing: /home/wall-e/Desktop/Hiperion---ELA220/install/my_box_bot_description/share/my_box_bot_description//meshes/cute_cube.blend
-- Installing: /home/wall-e/Desktop/Hiperion---ELA220/install/my_box_bot_description/share/my_box_bot_description//meshes/lambert3_baseColor.png
-- Installing: /home/wall-e/Desktop/Hiperion---ELA220/install/my_box_bot_description/share/ament_index/resource_index/package_run_dependencies/my_box_bot_description
-- Installing: /home/wall-e/Desktop/Hiperion---ELA220/install/my_box_bot_description/share/ament_index/resource_index/parent_prefix_path/my_box_bot_description
-- Installing: /home/wall-e/Desktop/Hiperion---ELA220/install/my_box_bot_description/share/my_box_bot_description/environment/ament_prefix_path.sh
-- Installing: /home/wall-e/Desktop/Hiperion---ELA220/install/my_box_bot_description/share/my_box_bot_description/environment/ament_prefix_path.dsv
-- Installing: /home/wall-e/Desktop/Hiperion---ELA220/install/my_box_bot_description/share/my_box_bot_description/environment/path.sh
-- Installing: /home/wall-e/Desktop/Hiperion---ELA220/install/my_box_bot_description/share/my_box_bot_description/environment/path.dsv
-- Installing: /home/wall-e/Desktop/Hiperion---ELA220/install/my_box_bot_description/share/my_box_bot_description/local_setup.bash
-- Installing: /home/wall-e/Desktop/Hiperion---ELA220/install/my_box_bot_description/share/my_box_bot_description/local_setup.sh
-- Installing: /home/wall-e/Desktop/Hiperion---ELA220/install/my_box_bot_description/share/my_box_bot_description/local_setup.zsh
-- Installing: /home/wall-e/Desktop/Hiperion---ELA220/install/my_box_bot_description/share/my_box_bot_description/local_setup.dsv
-- Installing: /home/wall-e/Desktop/Hiperion---ELA220/install/my_box_bot_description/share/my_box_bot_description/package.dsv
-- Installing: /home/wall-e/Desktop/Hiperion---ELA220/install/my_box_bot_description/share/ament_index/resource_index/packages/my_box_bot_description
-- Installing: /home/wall-e/Desktop/Hiperion---ELA220/install/my_box_bot_description/share/my_box_bot_description/cmake/my_box_bot_descriptionConfig.cmake
-- Installing: /home/wall-e/Desktop/Hiperion---ELA220/install/my_box_bot_description/share/my_box_bot_description/cmake/my_box_bot_descriptionConfig-version.cmake
-- Installing: /home/wall-e/Desktop/Hiperion---ELA220/install/my_box_bot_description/share/my_box_bot_description/package.xml
