[4.293s] DEBUG:colcon:Command line arguments: ['/usr/bin/colcon', 'build', '--packages-select', 'rplidar_ros']
[4.294s] DEBUG:colcon:Parsed command line arguments: Namespace(log_base=None, log_level=None, verb_name='build', build_base='build', install_base='install', merge_install=False, symlink_install=False, test_result_base=None, continue_on_error=False, executor='parallel', parallel_workers=4, event_handlers=None, ignore_user_meta=False, metas=['./colcon.meta'], base_paths=['.'], packages_ignore=None, packages_ignore_regex=None, paths=None, packages_up_to=None, packages_up_to_regex=None, packages_above=None, packages_above_and_dependencies=None, packages_above_depth=None, packages_select_by_dep=None, packages_skip_by_dep=None, packages_skip_up_to=None, packages_select_build_failed=False, packages_skip_build_finished=False, packages_select_test_failures=False, packages_skip_test_passed=False, packages_select=['rplidar_ros'], packages_skip=None, packages_select_regex=None, packages_skip_regex=None, packages_start=None, packages_end=None, allow_overriding=[], cmake_args=None, cmake_target=None, cmake_target_skip_unavailable=False, cmake_clean_cache=False, cmake_clean_first=False, cmake_force_configure=False, ament_cmake_args=None, catkin_cmake_args=None, catkin_skip_building_tests=False, verb_parser=<colcon_defaults.argument_parser.defaults.DefaultArgumentsDecorator object at 0xffff9341b550>, verb_extension=<colcon_core.verb.build.BuildVerb object at 0xffff936eed10>, main=<bound method BuildVerb.main of <colcon_core.verb.build.BuildVerb object at 0xffff936eed10>>)
[4.493s] Level 1:colcon.colcon_core.package_discovery:discover_packages(colcon_meta) check parameters
[4.493s] Level 1:colcon.colcon_core.package_discovery:discover_packages(recursive) check parameters
[4.493s] Level 1:colcon.colcon_core.package_discovery:discover_packages(ignore) check parameters
[4.493s] Level 1:colcon.colcon_core.package_discovery:discover_packages(path) check parameters
[4.493s] Level 1:colcon.colcon_core.package_discovery:discover_packages(colcon_meta) discover
[4.494s] Level 1:colcon.colcon_core.package_discovery:discover_packages(recursive) discover
[4.494s] INFO:colcon.colcon_core.package_discovery:Crawling recursively for packages in '/home/wall-e/Desktop/Hiperion---ELA220'
[4.494s] Level 1:colcon.colcon_core.package_identification:_identify(.) by extensions ['ignore', 'ignore_ament_install']
[4.495s] Level 1:colcon.colcon_core.package_identification:_identify(.) by extension 'ignore'
[4.495s] Level 1:colcon.colcon_core.package_identification:_identify(.) by extension 'ignore_ament_install'
[4.495s] Level 1:colcon.colcon_core.package_identification:_identify(.) by extensions ['colcon_pkg']
[4.495s] Level 1:colcon.colcon_core.package_identification:_identify(.) by extension 'colcon_pkg'
[4.495s] Level 1:colcon.colcon_core.package_identification:_identify(.) by extensions ['colcon_meta']
[4.495s] Level 1:colcon.colcon_core.package_identification:_identify(.) by extension 'colcon_meta'
[4.496s] Level 1:colcon.colcon_core.package_identification:_identify(.) by extensions ['ros']
[4.496s] Level 1:colcon.colcon_core.package_identification:_identify(.) by extension 'ros'
[4.544s] Level 1:colcon.colcon_core.package_identification:_identify(.) by extensions ['cmake', 'python']
[4.544s] Level 1:colcon.colcon_core.package_identification:_identify(.) by extension 'cmake'
[4.545s] Level 1:colcon.colcon_core.package_identification:_identify(.) by extension 'python'
[4.545s] Level 1:colcon.colcon_core.package_identification:_identify(.) by extensions ['python_setup_py']
[4.545s] Level 1:colcon.colcon_core.package_identification:_identify(.) by extension 'python_setup_py'
[4.546s] Level 1:colcon.colcon_core.package_identification:_identify(build) by extensions ['ignore', 'ignore_ament_install']
[4.546s] Level 1:colcon.colcon_core.package_identification:_identify(build) by extension 'ignore'
[4.546s] Level 1:colcon.colcon_core.package_identification:_identify(build) ignored
[4.547s] Level 1:colcon.colcon_core.package_identification:_identify(install) by extensions ['ignore', 'ignore_ament_install']
[4.547s] Level 1:colcon.colcon_core.package_identification:_identify(install) by extension 'ignore'
[4.547s] Level 1:colcon.colcon_core.package_identification:_identify(install) ignored
[4.548s] Level 1:colcon.colcon_core.package_identification:_identify(log) by extensions ['ignore', 'ignore_ament_install']
[4.548s] Level 1:colcon.colcon_core.package_identification:_identify(log) by extension 'ignore'
[4.548s] Level 1:colcon.colcon_core.package_identification:_identify(log) ignored
[4.549s] Level 1:colcon.colcon_core.package_identification:_identify(src) by extensions ['ignore', 'ignore_ament_install']
[4.549s] Level 1:colcon.colcon_core.package_identification:_identify(src) by extension 'ignore'
[4.549s] Level 1:colcon.colcon_core.package_identification:_identify(src) by extension 'ignore_ament_install'
[4.549s] Level 1:colcon.colcon_core.package_identification:_identify(src) by extensions ['colcon_pkg']
[4.549s] Level 1:colcon.colcon_core.package_identification:_identify(src) by extension 'colcon_pkg'
[4.550s] Level 1:colcon.colcon_core.package_identification:_identify(src) by extensions ['colcon_meta']
[4.550s] Level 1:colcon.colcon_core.package_identification:_identify(src) by extension 'colcon_meta'
[4.550s] Level 1:colcon.colcon_core.package_identification:_identify(src) by extensions ['ros']
[4.550s] Level 1:colcon.colcon_core.package_identification:_identify(src) by extension 'ros'
[4.550s] Level 1:colcon.colcon_core.package_identification:_identify(src) by extensions ['cmake', 'python']
[4.550s] Level 1:colcon.colcon_core.package_identification:_identify(src) by extension 'cmake'
[4.551s] Level 1:colcon.colcon_core.package_identification:_identify(src) by extension 'python'
[4.551s] Level 1:colcon.colcon_core.package_identification:_identify(src) by extensions ['python_setup_py']
[4.551s] Level 1:colcon.colcon_core.package_identification:_identify(src) by extension 'python_setup_py'
[4.551s] Level 1:colcon.colcon_core.package_identification:_identify(src/my_box_bot_description) by extensions ['ignore', 'ignore_ament_install']
[4.552s] Level 1:colcon.colcon_core.package_identification:_identify(src/my_box_bot_description) by extension 'ignore'
[4.552s] Level 1:colcon.colcon_core.package_identification:_identify(src/my_box_bot_description) by extension 'ignore_ament_install'
[4.552s] Level 1:colcon.colcon_core.package_identification:_identify(src/my_box_bot_description) by extensions ['colcon_pkg']
[4.552s] Level 1:colcon.colcon_core.package_identification:_identify(src/my_box_bot_description) by extension 'colcon_pkg'
[4.552s] Level 1:colcon.colcon_core.package_identification:_identify(src/my_box_bot_description) by extensions ['colcon_meta']
[4.553s] Level 1:colcon.colcon_core.package_identification:_identify(src/my_box_bot_description) by extension 'colcon_meta'
[4.553s] Level 1:colcon.colcon_core.package_identification:_identify(src/my_box_bot_description) by extensions ['ros']
[4.553s] Level 1:colcon.colcon_core.package_identification:_identify(src/my_box_bot_description) by extension 'ros'
[4.562s] DEBUG:colcon.colcon_core.package_identification:Package 'src/my_box_bot_description' with type 'ros.ament_cmake' and name 'my_box_bot_description'
[4.563s] Level 1:colcon.colcon_core.package_identification:_identify(src/my_box_bot_gazebo) by extensions ['ignore', 'ignore_ament_install']
[4.563s] Level 1:colcon.colcon_core.package_identification:_identify(src/my_box_bot_gazebo) by extension 'ignore'
[4.563s] Level 1:colcon.colcon_core.package_identification:_identify(src/my_box_bot_gazebo) by extension 'ignore_ament_install'
[4.564s] Level 1:colcon.colcon_core.package_identification:_identify(src/my_box_bot_gazebo) by extensions ['colcon_pkg']
[4.564s] Level 1:colcon.colcon_core.package_identification:_identify(src/my_box_bot_gazebo) by extension 'colcon_pkg'
[4.564s] Level 1:colcon.colcon_core.package_identification:_identify(src/my_box_bot_gazebo) by extensions ['colcon_meta']
[4.564s] Level 1:colcon.colcon_core.package_identification:_identify(src/my_box_bot_gazebo) by extension 'colcon_meta'
[4.564s] Level 1:colcon.colcon_core.package_identification:_identify(src/my_box_bot_gazebo) by extensions ['ros']
[4.565s] Level 1:colcon.colcon_core.package_identification:_identify(src/my_box_bot_gazebo) by extension 'ros'
[4.567s] DEBUG:colcon.colcon_core.package_identification:Package 'src/my_box_bot_gazebo' with type 'ros.ament_cmake' and name 'my_box_bot_gazebo'
[4.568s] Level 1:colcon.colcon_core.package_identification:_identify(src/ros2_mpu6050_driver) by extensions ['ignore', 'ignore_ament_install']
[4.568s] Level 1:colcon.colcon_core.package_identification:_identify(src/ros2_mpu6050_driver) by extension 'ignore'
[4.568s] Level 1:colcon.colcon_core.package_identification:_identify(src/ros2_mpu6050_driver) by extension 'ignore_ament_install'
[4.569s] Level 1:colcon.colcon_core.package_identification:_identify(src/ros2_mpu6050_driver) by extensions ['colcon_pkg']
[4.569s] Level 1:colcon.colcon_core.package_identification:_identify(src/ros2_mpu6050_driver) by extension 'colcon_pkg'
[4.569s] Level 1:colcon.colcon_core.package_identification:_identify(src/ros2_mpu6050_driver) by extensions ['colcon_meta']
[4.569s] Level 1:colcon.colcon_core.package_identification:_identify(src/ros2_mpu6050_driver) by extension 'colcon_meta'
[4.569s] Level 1:colcon.colcon_core.package_identification:_identify(src/ros2_mpu6050_driver) by extensions ['ros']
[4.569s] Level 1:colcon.colcon_core.package_identification:_identify(src/ros2_mpu6050_driver) by extension 'ros'
[4.571s] DEBUG:colcon.colcon_core.package_identification:Package 'src/ros2_mpu6050_driver' with type 'ros.ament_cmake' and name 'mpu6050driver'
[4.572s] Level 1:colcon.colcon_core.package_identification:_identify(src/rplidar_ros) by extensions ['ignore', 'ignore_ament_install']
[4.572s] Level 1:colcon.colcon_core.package_identification:_identify(src/rplidar_ros) by extension 'ignore'
[4.572s] Level 1:colcon.colcon_core.package_identification:_identify(src/rplidar_ros) by extension 'ignore_ament_install'
[4.573s] Level 1:colcon.colcon_core.package_identification:_identify(src/rplidar_ros) by extensions ['colcon_pkg']
[4.573s] Level 1:colcon.colcon_core.package_identification:_identify(src/rplidar_ros) by extension 'colcon_pkg'
[4.573s] Level 1:colcon.colcon_core.package_identification:_identify(src/rplidar_ros) by extensions ['colcon_meta']
[4.573s] Level 1:colcon.colcon_core.package_identification:_identify(src/rplidar_ros) by extension 'colcon_meta'
[4.573s] Level 1:colcon.colcon_core.package_identification:_identify(src/rplidar_ros) by extensions ['ros']
[4.573s] Level 1:colcon.colcon_core.package_identification:_identify(src/rplidar_ros) by extension 'ros'
[4.576s] DEBUG:colcon.colcon_core.package_identification:Package 'src/rplidar_ros' with type 'ros.ament_cmake' and name 'rplidar_ros'
[4.576s] Level 1:colcon.colcon_core.package_discovery:discover_packages(recursive) using defaults
[4.576s] Level 1:colcon.colcon_core.package_discovery:discover_packages(ignore) discover
[4.576s] Level 1:colcon.colcon_core.package_discovery:discover_packages(ignore) using defaults
[4.576s] Level 1:colcon.colcon_core.package_discovery:discover_packages(path) discover
[4.576s] Level 1:colcon.colcon_core.package_discovery:discover_packages(path) using defaults
[4.837s] INFO:colcon.colcon_core.package_selection:Skipping not selected package 'mpu6050driver' in 'src/ros2_mpu6050_driver'
[4.837s] INFO:colcon.colcon_core.package_selection:Skipping not selected package 'my_box_bot_description' in 'src/my_box_bot_description'
[4.837s] INFO:colcon.colcon_core.package_selection:Skipping not selected package 'my_box_bot_gazebo' in 'src/my_box_bot_gazebo'
[4.957s] Level 1:colcon.colcon_core.package_discovery:discover_packages(prefix_path) check parameters
[4.957s] Level 1:colcon.colcon_core.package_discovery:discover_packages(prefix_path) discover
[5.089s] DEBUG:colcon.colcon_installed_package_information.package_discovery:Found 272 installed packages in /opt/ros/humble
[5.095s] Level 1:colcon.colcon_core.package_discovery:discover_packages(prefix_path) using defaults
[5.487s] Level 5:colcon.colcon_core.verb:set package 'rplidar_ros' build argument 'cmake_args' from command line to 'None'
[5.487s] Level 5:colcon.colcon_core.verb:set package 'rplidar_ros' build argument 'cmake_target' from command line to 'None'
[5.487s] Level 5:colcon.colcon_core.verb:set package 'rplidar_ros' build argument 'cmake_target_skip_unavailable' from command line to 'False'
[5.487s] Level 5:colcon.colcon_core.verb:set package 'rplidar_ros' build argument 'cmake_clean_cache' from command line to 'False'
[5.487s] Level 5:colcon.colcon_core.verb:set package 'rplidar_ros' build argument 'cmake_clean_first' from command line to 'False'
[5.488s] Level 5:colcon.colcon_core.verb:set package 'rplidar_ros' build argument 'cmake_force_configure' from command line to 'False'
[5.488s] Level 5:colcon.colcon_core.verb:set package 'rplidar_ros' build argument 'ament_cmake_args' from command line to 'None'
[5.488s] Level 5:colcon.colcon_core.verb:set package 'rplidar_ros' build argument 'catkin_cmake_args' from command line to 'None'
[5.488s] Level 5:colcon.colcon_core.verb:set package 'rplidar_ros' build argument 'catkin_skip_building_tests' from command line to 'False'
[5.488s] DEBUG:colcon.colcon_core.verb:Building package 'rplidar_ros' with the following arguments: {'ament_cmake_args': None, 'build_base': '/home/wall-e/Desktop/Hiperion---ELA220/build/rplidar_ros', 'catkin_cmake_args': None, 'catkin_skip_building_tests': False, 'cmake_args': None, 'cmake_clean_cache': False, 'cmake_clean_first': False, 'cmake_force_configure': False, 'cmake_target': None, 'cmake_target_skip_unavailable': False, 'install_base': '/home/wall-e/Desktop/Hiperion---ELA220/install/rplidar_ros', 'merge_install': False, 'path': '/home/wall-e/Desktop/Hiperion---ELA220/src/rplidar_ros', 'symlink_install': False, 'test_result_base': None}
[5.548s] INFO:colcon.colcon_core.executor:Executing jobs using 'parallel' executor
[5.611s] DEBUG:colcon.colcon_parallel_executor.executor.parallel:run_until_complete
[5.612s] INFO:colcon.colcon_ros.task.ament_cmake.build:Building ROS package in '/home/wall-e/Desktop/Hiperion---ELA220/src/rplidar_ros' with build type 'ament_cmake'
[5.612s] INFO:colcon.colcon_cmake.task.cmake.build:Building CMake package in '/home/wall-e/Desktop/Hiperion---ELA220/src/rplidar_ros'
[5.689s] INFO:colcon.colcon_core.plugin_system:Skipping extension 'colcon_core.shell.bat': Not used on non-Windows systems
[5.690s] INFO:colcon.colcon_core.shell:Skip shell extension 'powershell' for command environment: Not usable outside of PowerShell
[5.690s] DEBUG:colcon.colcon_core.shell:Skip shell extension 'dsv' for command environment
[5.869s] DEBUG:colcon.colcon_core.event_handler.log_command:Invoking command in '/home/wall-e/Desktop/Hiperion---ELA220/build/rplidar_ros': CMAKE_PREFIX_PATH=/opt/ros/humble /usr/bin/cmake --build /home/wall-e/Desktop/Hiperion---ELA220/build/rplidar_ros -- -j4 -l4
[6.210s] DEBUG:colcon.colcon_core.event_handler.log_command:Invoked command in '/home/wall-e/Desktop/Hiperion---ELA220/build/rplidar_ros' returned '0': CMAKE_PREFIX_PATH=/opt/ros/humble /usr/bin/cmake --build /home/wall-e/Desktop/Hiperion---ELA220/build/rplidar_ros -- -j4 -l4
[6.627s] DEBUG:colcon.colcon_core.event_handler.log_command:Invoking command in '/home/wall-e/Desktop/Hiperion---ELA220/build/rplidar_ros': CMAKE_PREFIX_PATH=/opt/ros/humble /usr/bin/cmake --install /home/wall-e/Desktop/Hiperion---ELA220/build/rplidar_ros
[6.684s] Level 1:colcon.colcon_core.environment:create_environment_scripts_only(rplidar_ros)
[6.686s] DEBUG:colcon.colcon_core.event_handler.log_command:Invoked command in '/home/wall-e/Desktop/Hiperion---ELA220/build/rplidar_ros' returned '0': CMAKE_PREFIX_PATH=/opt/ros/humble /usr/bin/cmake --install /home/wall-e/Desktop/Hiperion---ELA220/build/rplidar_ros
[6.763s] Level 1:colcon.colcon_core.environment:checking '/home/wall-e/Desktop/Hiperion---ELA220/install/rplidar_ros' for CMake module files
[6.766s] Level 1:colcon.colcon_core.environment:checking '/home/wall-e/Desktop/Hiperion---ELA220/install/rplidar_ros' for CMake config files
[6.768s] Level 1:colcon.colcon_core.shell:create_environment_hook('rplidar_ros', 'cmake_prefix_path')
[6.830s] INFO:colcon.colcon_core.shell:Creating environment hook '/home/wall-e/Desktop/Hiperion---ELA220/install/rplidar_ros/share/rplidar_ros/hook/cmake_prefix_path.ps1'
[6.833s] INFO:colcon.colcon_core.shell:Creating environment descriptor '/home/wall-e/Desktop/Hiperion---ELA220/install/rplidar_ros/share/rplidar_ros/hook/cmake_prefix_path.dsv'
[6.835s] INFO:colcon.colcon_core.shell:Creating environment hook '/home/wall-e/Desktop/Hiperion---ELA220/install/rplidar_ros/share/rplidar_ros/hook/cmake_prefix_path.sh'
[6.839s] Level 1:colcon.colcon_core.environment:checking '/home/wall-e/Desktop/Hiperion---ELA220/install/rplidar_ros/lib'
[6.840s] Level 1:colcon.colcon_core.environment:checking '/home/wall-e/Desktop/Hiperion---ELA220/install/rplidar_ros/bin'
[6.840s] Level 1:colcon.colcon_core.environment:checking '/home/wall-e/Desktop/Hiperion---ELA220/install/rplidar_ros/lib/pkgconfig/rplidar_ros.pc'
[6.841s] Level 1:colcon.colcon_core.environment:checking '/home/wall-e/Desktop/Hiperion---ELA220/install/rplidar_ros/lib/python3.10/site-packages'
[6.842s] Level 1:colcon.colcon_core.environment:checking '/home/wall-e/Desktop/Hiperion---ELA220/install/rplidar_ros/bin'
[6.908s] INFO:colcon.colcon_core.shell:Creating package script '/home/wall-e/Desktop/Hiperion---ELA220/install/rplidar_ros/share/rplidar_ros/package.ps1'
[6.912s] INFO:colcon.colcon_core.shell:Creating package descriptor '/home/wall-e/Desktop/Hiperion---ELA220/install/rplidar_ros/share/rplidar_ros/package.dsv'
[6.914s] INFO:colcon.colcon_core.shell:Creating package script '/home/wall-e/Desktop/Hiperion---ELA220/install/rplidar_ros/share/rplidar_ros/package.sh'
[6.917s] INFO:colcon.colcon_core.shell:Creating package script '/home/wall-e/Desktop/Hiperion---ELA220/install/rplidar_ros/share/rplidar_ros/package.bash'
[6.921s] INFO:colcon.colcon_core.shell:Creating package script '/home/wall-e/Desktop/Hiperion---ELA220/install/rplidar_ros/share/rplidar_ros/package.zsh'
[6.924s] Level 1:colcon.colcon_core.environment:create_file_with_runtime_dependencies(/home/wall-e/Desktop/Hiperion---ELA220/install/rplidar_ros/share/colcon-core/packages/rplidar_ros)
[7.372s] Level 1:colcon.colcon_core.environment:create_environment_scripts_only(rplidar_ros)
[7.434s] Level 1:colcon.colcon_core.environment:checking '/home/wall-e/Desktop/Hiperion---ELA220/install/rplidar_ros' for CMake module files
[7.437s] Level 1:colcon.colcon_core.environment:checking '/home/wall-e/Desktop/Hiperion---ELA220/install/rplidar_ros' for CMake config files
[7.439s] Level 1:colcon.colcon_core.shell:create_environment_hook('rplidar_ros', 'cmake_prefix_path')
[7.505s] INFO:colcon.colcon_core.shell:Creating environment hook '/home/wall-e/Desktop/Hiperion---ELA220/install/rplidar_ros/share/rplidar_ros/hook/cmake_prefix_path.ps1'
[7.507s] INFO:colcon.colcon_core.shell:Creating environment descriptor '/home/wall-e/Desktop/Hiperion---ELA220/install/rplidar_ros/share/rplidar_ros/hook/cmake_prefix_path.dsv'
[7.509s] INFO:colcon.colcon_core.shell:Creating environment hook '/home/wall-e/Desktop/Hiperion---ELA220/install/rplidar_ros/share/rplidar_ros/hook/cmake_prefix_path.sh'
[7.511s] Level 1:colcon.colcon_core.environment:checking '/home/wall-e/Desktop/Hiperion---ELA220/install/rplidar_ros/lib'
[7.512s] Level 1:colcon.colcon_core.environment:checking '/home/wall-e/Desktop/Hiperion---ELA220/install/rplidar_ros/bin'
[7.512s] Level 1:colcon.colcon_core.environment:checking '/home/wall-e/Desktop/Hiperion---ELA220/install/rplidar_ros/lib/pkgconfig/rplidar_ros.pc'
[7.513s] Level 1:colcon.colcon_core.environment:checking '/home/wall-e/Desktop/Hiperion---ELA220/install/rplidar_ros/lib/python3.10/site-packages'
[7.514s] Level 1:colcon.colcon_core.environment:checking '/home/wall-e/Desktop/Hiperion---ELA220/install/rplidar_ros/bin'
[7.581s] INFO:colcon.colcon_core.shell:Creating package script '/home/wall-e/Desktop/Hiperion---ELA220/install/rplidar_ros/share/rplidar_ros/package.ps1'
[7.584s] INFO:colcon.colcon_core.shell:Creating package descriptor '/home/wall-e/Desktop/Hiperion---ELA220/install/rplidar_ros/share/rplidar_ros/package.dsv'
[7.586s] INFO:colcon.colcon_core.shell:Creating package script '/home/wall-e/Desktop/Hiperion---ELA220/install/rplidar_ros/share/rplidar_ros/package.sh'
[7.589s] INFO:colcon.colcon_core.shell:Creating package script '/home/wall-e/Desktop/Hiperion---ELA220/install/rplidar_ros/share/rplidar_ros/package.bash'
[7.592s] INFO:colcon.colcon_core.shell:Creating package script '/home/wall-e/Desktop/Hiperion---ELA220/install/rplidar_ros/share/rplidar_ros/package.zsh'
[7.594s] Level 1:colcon.colcon_core.environment:create_file_with_runtime_dependencies(/home/wall-e/Desktop/Hiperion---ELA220/install/rplidar_ros/share/colcon-core/packages/rplidar_ros)
[7.595s] DEBUG:colcon.colcon_parallel_executor.executor.parallel:closing loop
[7.597s] DEBUG:colcon.colcon_parallel_executor.executor.parallel:loop closed
[7.597s] DEBUG:colcon.colcon_parallel_executor.executor.parallel:run_until_complete finished with '0'
[7.598s] DEBUG:colcon.colcon_core.event_reactor:joining thread
[7.685s] INFO:colcon.colcon_core.plugin_system:Skipping extension 'colcon_notification.desktop_notification.terminal_notifier': Not used on non-Darwin systems
[7.686s] INFO:colcon.colcon_core.plugin_system:Skipping extension 'colcon_notification.desktop_notification.win32': Not used on non-Windows systems
[7.686s] INFO:colcon.colcon_notification.desktop_notification:Sending desktop notification using 'notify2'
[7.740s] DEBUG:colcon.colcon_core.event_reactor:joined thread
[7.826s] INFO:colcon.colcon_core.shell:Creating prefix script '/home/wall-e/Desktop/Hiperion---ELA220/install/local_setup.ps1'
[7.830s] INFO:colcon.colcon_core.shell:Creating prefix util module '/home/wall-e/Desktop/Hiperion---ELA220/install/_local_setup_util_ps1.py'
[7.836s] INFO:colcon.colcon_core.shell:Creating prefix chain script '/home/wall-e/Desktop/Hiperion---ELA220/install/setup.ps1'
[7.912s] INFO:colcon.colcon_core.shell:Creating prefix script '/home/wall-e/Desktop/Hiperion---ELA220/install/local_setup.sh'
[7.914s] INFO:colcon.colcon_core.shell:Creating prefix util module '/home/wall-e/Desktop/Hiperion---ELA220/install/_local_setup_util_sh.py'
[7.917s] INFO:colcon.colcon_core.shell:Creating prefix chain script '/home/wall-e/Desktop/Hiperion---ELA220/install/setup.sh'
[8.031s] INFO:colcon.colcon_core.shell:Creating prefix script '/home/wall-e/Desktop/Hiperion---ELA220/install/local_setup.bash'
[8.033s] INFO:colcon.colcon_core.shell:Creating prefix chain script '/home/wall-e/Desktop/Hiperion---ELA220/install/setup.bash'
[8.098s] INFO:colcon.colcon_core.shell:Creating prefix script '/home/wall-e/Desktop/Hiperion---ELA220/install/local_setup.zsh'
[8.101s] INFO:colcon.colcon_core.shell:Creating prefix chain script '/home/wall-e/Desktop/Hiperion---ELA220/install/setup.zsh'
