[0.013s] Invoking command in '/home/llagoeiro/Desktop/Hiperion-ELA220/build/my_box_bot_description': CMAKE_PREFIX_PATH=${CMAKE_PREFIX_PATH}:/opt/ros/humble /usr/bin/cmake /home/llagoeiro/Desktop/Hiperion-ELA220/src/my_box_bot_description -DCMAKE_INSTALL_PREFIX=/home/llagoeiro/Desktop/Hiperion-ELA220/install/my_box_bot_description
[0.079s] -- The C compiler identification is GNU 11.4.0
[0.150s] -- The CXX compiler identification is GNU 11.4.0
[0.158s] -- Detecting C compiler ABI info
[0.232s] -- Detecting C compiler ABI info - done
[0.245s] -- Check for working C compiler: /usr/bin/cc - skipped
[0.245s] -- Detecting C compile features
[0.246s] -- Detecting C compile features - done
[0.250s] -- Detecting CXX compiler ABI info
[0.341s] -- Detecting CXX compiler ABI info - done
[0.351s] -- Check for working CXX compiler: /usr/bin/c++ - skipped
[0.352s] -- Detecting CXX compile features
[0.352s] -- Detecting CXX compile features - done
[0.355s] -- Found ament_cmake: 1.3.8 (/opt/ros/humble/share/ament_cmake/cmake)
[0.524s] -- Found Python3: /usr/bin/python3 (found version "3.10.12") found components: Interpreter 
[0.616s] -- Found urdf: 2.6.0 (/opt/ros/humble/share/urdf/cmake)
[0.670s] -- Found xacro: 2.0.8 (/opt/ros/humble/share/xacro/cmake)
[0.671s] -- Found ament_lint_auto: 0.12.10 (/opt/ros/humble/share/ament_lint_auto/cmake)
[0.762s] -- Added test 'copyright' to check source files copyright and LICENSE
[0.765s] -- Added test 'flake8' to check Python code syntax and style conventions
[0.766s] -- Added test 'lint_cmake' to check CMake code style
[0.766s] -- Added test 'pep257' to check Python code against some of the docstring style conventions in PEP 257
[0.768s] -- Added test 'xmllint' to check XML markup files
[0.769s] -- Configuring done
[0.772s] -- Generating done
[0.773s] -- Build files have been written to: /home/llagoeiro/Desktop/Hiperion-ELA220/build/my_box_bot_description
[0.780s] Invoked command in '/home/llagoeiro/Desktop/Hiperion-ELA220/build/my_box_bot_description' returned '0': CMAKE_PREFIX_PATH=${CMAKE_PREFIX_PATH}:/opt/ros/humble /usr/bin/cmake /home/llagoeiro/Desktop/Hiperion-ELA220/src/my_box_bot_description -DCMAKE_INSTALL_PREFIX=/home/llagoeiro/Desktop/Hiperion-ELA220/install/my_box_bot_description
[0.783s] Invoking command in '/home/llagoeiro/Desktop/Hiperion-ELA220/build/my_box_bot_description': CMAKE_PREFIX_PATH=${CMAKE_PREFIX_PATH}:/opt/ros/humble /usr/bin/cmake --build /home/llagoeiro/Desktop/Hiperion-ELA220/build/my_box_bot_description -- -j12 -l12
[0.824s] Invoked command in '/home/llagoeiro/Desktop/Hiperion-ELA220/build/my_box_bot_description' returned '0': CMAKE_PREFIX_PATH=${CMAKE_PREFIX_PATH}:/opt/ros/humble /usr/bin/cmake --build /home/llagoeiro/Desktop/Hiperion-ELA220/build/my_box_bot_description -- -j12 -l12
[0.864s] Invoking command in '/home/llagoeiro/Desktop/Hiperion-ELA220/build/my_box_bot_description': CMAKE_PREFIX_PATH=${CMAKE_PREFIX_PATH}:/opt/ros/humble /usr/bin/cmake --install /home/llagoeiro/Desktop/Hiperion-ELA220/build/my_box_bot_description
[0.872s] -- Install configuration: ""
[0.872s] -- Installing: /home/llagoeiro/Desktop/Hiperion-ELA220/install/my_box_bot_description/share/my_box_bot_description//urdf
[0.872s] -- Installing: /home/llagoeiro/Desktop/Hiperion-ELA220/install/my_box_bot_description/share/my_box_bot_description//urdf/box_bot_geometric.urdf
[0.872s] -- Installing: /home/llagoeiro/Desktop/Hiperion-ELA220/install/my_box_bot_description/share/my_box_bot_description//urdf/ box_bot_meshes_collisions_inertias.urdf 
[0.873s] -- Installing: /home/llagoeiro/Desktop/Hiperion-ELA220/install/my_box_bot_description/share/my_box_bot_description//urdf/box_bot_geometric_meshes.urdf
[0.873s] -- Installing: /home/llagoeiro/Desktop/Hiperion-ELA220/install/my_box_bot_description/share/my_box_bot_description//rviz
[0.873s] -- Installing: /home/llagoeiro/Desktop/Hiperion-ELA220/install/my_box_bot_description/share/my_box_bot_description//launch
[0.873s] -- Installing: /home/llagoeiro/Desktop/Hiperion-ELA220/install/my_box_bot_description/share/my_box_bot_description//launch/urdf_visualize_meshes_collisions_inertias.launch.py
[0.873s] -- Installing: /home/llagoeiro/Desktop/Hiperion-ELA220/install/my_box_bot_description/share/my_box_bot_description//launch/urdf_visualize_sensor.launch.py
[0.873s] -- Installing: /home/llagoeiro/Desktop/Hiperion-ELA220/install/my_box_bot_description/share/my_box_bot_description//launch/urdf_visualize_meshes.launch.py
[0.873s] -- Installing: /home/llagoeiro/Desktop/Hiperion-ELA220/install/my_box_bot_description/share/my_box_bot_description//launch/urdf_visualize_geometric.launch.py
[0.873s] -- Installing: /home/llagoeiro/Desktop/Hiperion-ELA220/install/my_box_bot_description/share/my_box_bot_description//meshes
[0.874s] -- Installing: /home/llagoeiro/Desktop/Hiperion-ELA220/install/my_box_bot_description/share/my_box_bot_description//meshes/cute_cube.blend
[0.874s] -- Installing: /home/llagoeiro/Desktop/Hiperion-ELA220/install/my_box_bot_description/share/my_box_bot_description//meshes/sensors
[0.875s] -- Installing: /home/llagoeiro/Desktop/Hiperion-ELA220/install/my_box_bot_description/share/my_box_bot_description//meshes/sensors/rplidar.dae
[0.877s] -- Installing: /home/llagoeiro/Desktop/Hiperion-ELA220/install/my_box_bot_description/share/my_box_bot_description//meshes/sensors/realsense.dae
[0.878s] -- Installing: /home/llagoeiro/Desktop/Hiperion-ELA220/install/my_box_bot_description/share/my_box_bot_description//meshes/sensors/rplidartexture.png
[0.878s] -- Installing: /home/llagoeiro/Desktop/Hiperion-ELA220/install/my_box_bot_description/share/my_box_bot_description//meshes/lambert3_baseColor.png
[0.878s] -- Installing: /home/llagoeiro/Desktop/Hiperion-ELA220/install/my_box_bot_description/share/my_box_bot_description//meshes/cute_cube.dae
[0.878s] -- Installing: /home/llagoeiro/Desktop/Hiperion-ELA220/install/my_box_bot_description/share/my_box_bot_description//meshes/textures
[0.878s] -- Installing: /home/llagoeiro/Desktop/Hiperion-ELA220/install/my_box_bot_description/share/my_box_bot_description//meshes/textures/lambert3_baseColor.png
[0.879s] -- Installing: /home/llagoeiro/Desktop/Hiperion-ELA220/install/my_box_bot_description/share/ament_index/resource_index/package_run_dependencies/my_box_bot_description
[0.879s] -- Installing: /home/llagoeiro/Desktop/Hiperion-ELA220/install/my_box_bot_description/share/ament_index/resource_index/parent_prefix_path/my_box_bot_description
[0.879s] -- Installing: /home/llagoeiro/Desktop/Hiperion-ELA220/install/my_box_bot_description/share/my_box_bot_description/environment/ament_prefix_path.sh
[0.879s] -- Installing: /home/llagoeiro/Desktop/Hiperion-ELA220/install/my_box_bot_description/share/my_box_bot_description/environment/ament_prefix_path.dsv
[0.879s] -- Installing: /home/llagoeiro/Desktop/Hiperion-ELA220/install/my_box_bot_description/share/my_box_bot_description/environment/path.sh
[0.880s] -- Installing: /home/llagoeiro/Desktop/Hiperion-ELA220/install/my_box_bot_description/share/my_box_bot_description/environment/path.dsv
[0.880s] -- Installing: /home/llagoeiro/Desktop/Hiperion-ELA220/install/my_box_bot_description/share/my_box_bot_description/local_setup.bash
[0.880s] -- Installing: /home/llagoeiro/Desktop/Hiperion-ELA220/install/my_box_bot_description/share/my_box_bot_description/local_setup.sh
[0.880s] -- Installing: /home/llagoeiro/Desktop/Hiperion-ELA220/install/my_box_bot_description/share/my_box_bot_description/local_setup.zsh
[0.880s] -- Installing: /home/llagoeiro/Desktop/Hiperion-ELA220/install/my_box_bot_description/share/my_box_bot_description/local_setup.dsv
[0.880s] -- Installing: /home/llagoeiro/Desktop/Hiperion-ELA220/install/my_box_bot_description/share/my_box_bot_description/package.dsv
[0.881s] -- Installing: /home/llagoeiro/Desktop/Hiperion-ELA220/install/my_box_bot_description/share/ament_index/resource_index/packages/my_box_bot_description
[0.881s] -- Installing: /home/llagoeiro/Desktop/Hiperion-ELA220/install/my_box_bot_description/share/my_box_bot_description/cmake/my_box_bot_descriptionConfig.cmake
[0.881s] -- Installing: /home/llagoeiro/Desktop/Hiperion-ELA220/install/my_box_bot_description/share/my_box_bot_description/cmake/my_box_bot_descriptionConfig-version.cmake
[0.881s] -- Installing: /home/llagoeiro/Desktop/Hiperion-ELA220/install/my_box_bot_description/share/my_box_bot_description/package.xml
[0.883s] Invoked command in '/home/llagoeiro/Desktop/Hiperion-ELA220/build/my_box_bot_description' returned '0': CMAKE_PREFIX_PATH=${CMAKE_PREFIX_PATH}:/opt/ros/humble /usr/bin/cmake --install /home/llagoeiro/Desktop/Hiperion-ELA220/build/my_box_bot_description
