[0.556s] Invoking command in '/home/llagoeiro/Desktop/Hiperion-ELA220/src/finalExam_pkg': PYTHONPATH=/home/llagoeiro/Desktop/Hiperion-ELA220/build/finalExam_pkg/prefix_override:/home/llagoeiro/Desktop/Hiperion-ELA220/install/finalExam_pkg/lib/python3.10/site-packages:${PYTHONPATH} /usr/bin/python3 -W ignore:setup.py install is deprecated setup.py egg_info --egg-base ../../build/finalExam_pkg build --build-base /home/llagoeiro/Desktop/Hiperion-ELA220/build/finalExam_pkg/build install --record /home/llagoeiro/Desktop/Hiperion-ELA220/build/finalExam_pkg/install.log --single-version-externally-managed install_data
[0.731s] running egg_info
[0.731s] writing ../../build/finalExam_pkg/finalExam_pkg.egg-info/PKG-INFO
[0.731s] writing dependency_links to ../../build/finalExam_pkg/finalExam_pkg.egg-info/dependency_links.txt
[0.731s] writing entry points to ../../build/finalExam_pkg/finalExam_pkg.egg-info/entry_points.txt
[0.731s] writing requirements to ../../build/finalExam_pkg/finalExam_pkg.egg-info/requires.txt
[0.731s] writing top-level names to ../../build/finalExam_pkg/finalExam_pkg.egg-info/top_level.txt
[0.732s] reading manifest file '../../build/finalExam_pkg/finalExam_pkg.egg-info/SOURCES.txt'
[0.732s] adding license file 'LICENSE'
[0.733s] writing manifest file '../../build/finalExam_pkg/finalExam_pkg.egg-info/SOURCES.txt'
[0.733s] running build
[0.733s] running build_py
[0.733s] copying finalExam_pkg/main_node.py -> /home/llagoeiro/Desktop/Hiperion-ELA220/build/finalExam_pkg/build/lib/finalExam_pkg
[0.734s] running install
[0.734s] running install_lib
[0.734s] copying /home/llagoeiro/Desktop/Hiperion-ELA220/build/finalExam_pkg/build/lib/finalExam_pkg/main_node.py -> /home/llagoeiro/Desktop/Hiperion-ELA220/install/finalExam_pkg/lib/python3.10/site-packages/finalExam_pkg
[0.735s] byte-compiling /home/llagoeiro/Desktop/Hiperion-ELA220/install/finalExam_pkg/lib/python3.10/site-packages/finalExam_pkg/main_node.py to main_node.cpython-310.pyc
[0.736s] running install_data
[0.736s] running install_egg_info
[0.738s] removing '/home/llagoeiro/Desktop/Hiperion-ELA220/install/finalExam_pkg/lib/python3.10/site-packages/finalExam_pkg-0.0.0-py3.10.egg-info' (and everything under it)
[0.738s] Copying ../../build/finalExam_pkg/finalExam_pkg.egg-info to /home/llagoeiro/Desktop/Hiperion-ELA220/install/finalExam_pkg/lib/python3.10/site-packages/finalExam_pkg-0.0.0-py3.10.egg-info
[0.738s] running install_scripts
[0.752s] Installing main_node script to /home/llagoeiro/Desktop/Hiperion-ELA220/install/finalExam_pkg/lib/finalExam_pkg
[0.753s] writing list of installed files to '/home/llagoeiro/Desktop/Hiperion-ELA220/build/finalExam_pkg/install.log'
[0.771s] Invoked command in '/home/llagoeiro/Desktop/Hiperion-ELA220/src/finalExam_pkg' returned '0': PYTHONPATH=/home/llagoeiro/Desktop/Hiperion-ELA220/build/finalExam_pkg/prefix_override:/home/llagoeiro/Desktop/Hiperion-ELA220/install/finalExam_pkg/lib/python3.10/site-packages:${PYTHONPATH} /usr/bin/python3 -W ignore:setup.py install is deprecated setup.py egg_info --egg-base ../../build/finalExam_pkg build --build-base /home/llagoeiro/Desktop/Hiperion-ELA220/build/finalExam_pkg/build install --record /home/llagoeiro/Desktop/Hiperion-ELA220/build/finalExam_pkg/install.log --single-version-externally-managed install_data
