[0.281s] Invoking command in '/home/wall-e/Desktop/Hiperion---ELA220/build/rplidar_ros': CMAKE_PREFIX_PATH=/opt/ros/humble /usr/bin/cmake /home/wall-e/Desktop/Hiperion---ELA220/src/rplidar_ros -DCMAKE_INSTALL_PREFIX=/home/wall-e/Desktop/Hiperion---ELA220/install/rplidar_ros
[0.605s] -- The C compiler identification is GNU 11.4.0
[0.937s] -- The CXX compiler identification is GNU 11.4.0
[0.967s] -- Detecting C compiler ABI info
[1.372s] -- Detecting C compiler ABI info - done
[1.399s] -- Check for working C compiler: /usr/bin/cc - skipped
[1.400s] -- Detecting C compile features
[1.411s] -- Detecting C compile features - done
[1.421s] -- Detecting CXX compiler ABI info
[1.870s] -- Detecting CXX compiler ABI info - done
[1.896s] -- Check for working CXX compiler: /usr/bin/c++ - skipped
[1.897s] -- Detecting CXX compile features
[1.899s] -- Detecting CXX compile features - done
[1.924s] -- Found ament_cmake: 1.3.8 (/opt/ros/humble/share/ament_cmake/cmake)
[3.026s] -- Found Python3: /usr/bin/python3 (found version "3.10.12") found components: Interpreter 
[3.684s] -- Found rclcpp: 16.0.8 (/opt/ros/humble/share/rclcpp/cmake)
[4.015s] -- Found rosidl_generator_c: 3.1.5 (/opt/ros/humble/share/rosidl_generator_c/cmake)
[4.056s] -- Found rosidl_adapter: 3.1.5 (/opt/ros/humble/share/rosidl_adapter/cmake)
[4.111s] -- Found rosidl_generator_cpp: 3.1.5 (/opt/ros/humble/share/rosidl_generator_cpp/cmake)
[4.190s] -- Using all available rosidl_typesupport_c: rosidl_typesupport_fastrtps_c;rosidl_typesupport_introspection_c
[4.302s] -- Using all available rosidl_typesupport_cpp: rosidl_typesupport_fastrtps_cpp;rosidl_typesupport_introspection_cpp
[4.713s] -- Found rmw_implementation_cmake: 6.1.1 (/opt/ros/humble/share/rmw_implementation_cmake/cmake)
[4.734s] -- Found rmw_fastrtps_cpp: 6.2.6 (/opt/ros/humble/share/rmw_fastrtps_cpp/cmake)
[5.332s] -- Found OpenSSL: /usr/lib/aarch64-linux-gnu/libcrypto.so (found version "3.0.2")  
[5.581s] -- Found FastRTPS: /opt/ros/humble/include  
[5.997s] -- Using RMW implementation 'rmw_fastrtps_cpp' as default
[6.070s] -- Looking for pthread.h
[6.434s] -- Looking for pthread.h - found
[6.437s] -- Performing Test CMAKE_HAVE_LIBC_PTHREAD
[6.799s] -- Performing Test CMAKE_HAVE_LIBC_PTHREAD - Success
[6.803s] -- Found Threads: TRUE  
[7.501s] -- Found sensor_msgs: 4.2.3 (/opt/ros/humble/share/sensor_msgs/cmake)
[8.030s] -- Found std_srvs: 4.2.3 (/opt/ros/humble/share/std_srvs/cmake)
[8.533s] -- Configuring done
[8.645s] -- Generating done
[8.654s] -- Build files have been written to: /home/wall-e/Desktop/Hiperion---ELA220/build/rplidar_ros
