[0.063s] DEBUG:colcon:Command line arguments: ['/usr/bin/colcon', 'build', '--packages-select', 'finalExam_pkg']
[0.063s] DEBUG:colcon:Parsed command line arguments: Namespace(log_base=None, log_level=None, verb_name='build', build_base='build', install_base='install', merge_install=False, symlink_install=False, test_result_base=None, continue_on_error=False, executor='parallel', parallel_workers=12, event_handlers=None, ignore_user_meta=False, metas=['./colcon.meta'], base_paths=['.'], packages_ignore=None, packages_ignore_regex=None, paths=None, packages_up_to=None, packages_up_to_regex=None, packages_above=None, packages_above_and_dependencies=None, packages_above_depth=None, packages_select_by_dep=None, packages_skip_by_dep=None, packages_skip_up_to=None, packages_select_build_failed=False, packages_skip_build_finished=False, packages_select_test_failures=False, packages_skip_test_passed=False, packages_select=['finalExam_pkg'], packages_skip=None, packages_select_regex=None, packages_skip_regex=None, packages_start=None, packages_end=None, allow_overriding=[], cmake_args=None, cmake_target=None, cmake_target_skip_unavailable=False, cmake_clean_cache=False, cmake_clean_first=False, cmake_force_configure=False, ament_cmake_args=None, catkin_cmake_args=None, catkin_skip_building_tests=False, mixin_files=None, mixin=None, verb_parser=<colcon_mixin.mixin.mixin_argument.MixinArgumentDecorator object at 0x7df740b3f0a0>, verb_extension=<colcon_core.verb.build.BuildVerb object at 0x7df740b00940>, main=<bound method BuildVerb.main of <colcon_core.verb.build.BuildVerb object at 0x7df740b00940>>, mixin_verb=('build',))
[0.165s] Level 1:colcon.colcon_core.package_discovery:discover_packages(colcon_meta) check parameters
[0.165s] Level 1:colcon.colcon_core.package_discovery:discover_packages(recursive) check parameters
[0.165s] Level 1:colcon.colcon_core.package_discovery:discover_packages(ignore) check parameters
[0.165s] Level 1:colcon.colcon_core.package_discovery:discover_packages(path) check parameters
[0.165s] Level 1:colcon.colcon_core.package_discovery:discover_packages(colcon_meta) discover
[0.165s] Level 1:colcon.colcon_core.package_discovery:discover_packages(recursive) discover
[0.165s] INFO:colcon.colcon_core.package_discovery:Crawling recursively for packages in '/home/llagoeiro/Desktop/Hiperion-ELA220'
[0.165s] Level 1:colcon.colcon_core.package_identification:_identify(.) by extensions ['ignore', 'ignore_ament_install']
[0.165s] Level 1:colcon.colcon_core.package_identification:_identify(.) by extension 'ignore'
[0.165s] Level 1:colcon.colcon_core.package_identification:_identify(.) by extension 'ignore_ament_install'
[0.165s] Level 1:colcon.colcon_core.package_identification:_identify(.) by extensions ['colcon_pkg']
[0.165s] Level 1:colcon.colcon_core.package_identification:_identify(.) by extension 'colcon_pkg'
[0.165s] Level 1:colcon.colcon_core.package_identification:_identify(.) by extensions ['colcon_meta']
[0.165s] Level 1:colcon.colcon_core.package_identification:_identify(.) by extension 'colcon_meta'
[0.165s] Level 1:colcon.colcon_core.package_identification:_identify(.) by extensions ['ros']
[0.165s] Level 1:colcon.colcon_core.package_identification:_identify(.) by extension 'ros'
[0.172s] Level 1:colcon.colcon_core.package_identification:_identify(.) by extensions ['cmake', 'python']
[0.172s] Level 1:colcon.colcon_core.package_identification:_identify(.) by extension 'cmake'
[0.173s] Level 1:colcon.colcon_core.package_identification:_identify(.) by extension 'python'
[0.173s] Level 1:colcon.colcon_core.package_identification:_identify(.) by extensions ['python_setup_py']
[0.173s] Level 1:colcon.colcon_core.package_identification:_identify(.) by extension 'python_setup_py'
[0.173s] Level 1:colcon.colcon_core.package_identification:_identify(build) by extensions ['ignore', 'ignore_ament_install']
[0.173s] Level 1:colcon.colcon_core.package_identification:_identify(build) by extension 'ignore'
[0.173s] Level 1:colcon.colcon_core.package_identification:_identify(build) ignored
[0.173s] Level 1:colcon.colcon_core.package_identification:_identify(install) by extensions ['ignore', 'ignore_ament_install']
[0.173s] Level 1:colcon.colcon_core.package_identification:_identify(install) by extension 'ignore'
[0.173s] Level 1:colcon.colcon_core.package_identification:_identify(install) ignored
[0.173s] Level 1:colcon.colcon_core.package_identification:_identify(log) by extensions ['ignore', 'ignore_ament_install']
[0.173s] Level 1:colcon.colcon_core.package_identification:_identify(log) by extension 'ignore'
[0.173s] Level 1:colcon.colcon_core.package_identification:_identify(log) ignored
[0.173s] Level 1:colcon.colcon_core.package_identification:_identify(src) by extensions ['ignore', 'ignore_ament_install']
[0.173s] Level 1:colcon.colcon_core.package_identification:_identify(src) by extension 'ignore'
[0.173s] Level 1:colcon.colcon_core.package_identification:_identify(src) by extension 'ignore_ament_install'
[0.173s] Level 1:colcon.colcon_core.package_identification:_identify(src) by extensions ['colcon_pkg']
[0.173s] Level 1:colcon.colcon_core.package_identification:_identify(src) by extension 'colcon_pkg'
[0.173s] Level 1:colcon.colcon_core.package_identification:_identify(src) by extensions ['colcon_meta']
[0.173s] Level 1:colcon.colcon_core.package_identification:_identify(src) by extension 'colcon_meta'
[0.173s] Level 1:colcon.colcon_core.package_identification:_identify(src) by extensions ['ros']
[0.173s] Level 1:colcon.colcon_core.package_identification:_identify(src) by extension 'ros'
[0.173s] Level 1:colcon.colcon_core.package_identification:_identify(src) by extensions ['cmake', 'python']
[0.173s] Level 1:colcon.colcon_core.package_identification:_identify(src) by extension 'cmake'
[0.173s] Level 1:colcon.colcon_core.package_identification:_identify(src) by extension 'python'
[0.173s] Level 1:colcon.colcon_core.package_identification:_identify(src) by extensions ['python_setup_py']
[0.173s] Level 1:colcon.colcon_core.package_identification:_identify(src) by extension 'python_setup_py'
[0.173s] Level 1:colcon.colcon_core.package_identification:_identify(src/Node_serial_Arduino) by extensions ['ignore', 'ignore_ament_install']
[0.173s] Level 1:colcon.colcon_core.package_identification:_identify(src/Node_serial_Arduino) by extension 'ignore'
[0.173s] Level 1:colcon.colcon_core.package_identification:_identify(src/Node_serial_Arduino) by extension 'ignore_ament_install'
[0.173s] Level 1:colcon.colcon_core.package_identification:_identify(src/Node_serial_Arduino) by extensions ['colcon_pkg']
[0.173s] Level 1:colcon.colcon_core.package_identification:_identify(src/Node_serial_Arduino) by extension 'colcon_pkg'
[0.173s] Level 1:colcon.colcon_core.package_identification:_identify(src/Node_serial_Arduino) by extensions ['colcon_meta']
[0.174s] Level 1:colcon.colcon_core.package_identification:_identify(src/Node_serial_Arduino) by extension 'colcon_meta'
[0.174s] Level 1:colcon.colcon_core.package_identification:_identify(src/Node_serial_Arduino) by extensions ['ros']
[0.174s] Level 1:colcon.colcon_core.package_identification:_identify(src/Node_serial_Arduino) by extension 'ros'
[0.174s] Level 1:colcon.colcon_core.package_identification:_identify(src/Node_serial_Arduino) by extensions ['cmake', 'python']
[0.174s] Level 1:colcon.colcon_core.package_identification:_identify(src/Node_serial_Arduino) by extension 'cmake'
[0.174s] Level 1:colcon.colcon_core.package_identification:_identify(src/Node_serial_Arduino) by extension 'python'
[0.174s] Level 1:colcon.colcon_core.package_identification:_identify(src/Node_serial_Arduino) by extensions ['python_setup_py']
[0.174s] Level 1:colcon.colcon_core.package_identification:_identify(src/Node_serial_Arduino) by extension 'python_setup_py'
[0.174s] Level 1:colcon.colcon_core.package_identification:_identify(src/Node_serial_Arduino/Node_serial_Arduino) by extensions ['ignore', 'ignore_ament_install']
[0.174s] Level 1:colcon.colcon_core.package_identification:_identify(src/Node_serial_Arduino/Node_serial_Arduino) by extension 'ignore'
[0.174s] Level 1:colcon.colcon_core.package_identification:_identify(src/Node_serial_Arduino/Node_serial_Arduino) by extension 'ignore_ament_install'
[0.174s] Level 1:colcon.colcon_core.package_identification:_identify(src/Node_serial_Arduino/Node_serial_Arduino) by extensions ['colcon_pkg']
[0.174s] Level 1:colcon.colcon_core.package_identification:_identify(src/Node_serial_Arduino/Node_serial_Arduino) by extension 'colcon_pkg'
[0.174s] Level 1:colcon.colcon_core.package_identification:_identify(src/Node_serial_Arduino/Node_serial_Arduino) by extensions ['colcon_meta']
[0.174s] Level 1:colcon.colcon_core.package_identification:_identify(src/Node_serial_Arduino/Node_serial_Arduino) by extension 'colcon_meta'
[0.174s] Level 1:colcon.colcon_core.package_identification:_identify(src/Node_serial_Arduino/Node_serial_Arduino) by extensions ['ros']
[0.174s] Level 1:colcon.colcon_core.package_identification:_identify(src/Node_serial_Arduino/Node_serial_Arduino) by extension 'ros'
[0.174s] Level 1:colcon.colcon_core.package_identification:_identify(src/Node_serial_Arduino/Node_serial_Arduino) by extensions ['cmake', 'python']
[0.174s] Level 1:colcon.colcon_core.package_identification:_identify(src/Node_serial_Arduino/Node_serial_Arduino) by extension 'cmake'
[0.174s] Level 1:colcon.colcon_core.package_identification:_identify(src/Node_serial_Arduino/Node_serial_Arduino) by extension 'python'
[0.174s] Level 1:colcon.colcon_core.package_identification:_identify(src/Node_serial_Arduino/Node_serial_Arduino) by extensions ['python_setup_py']
[0.174s] Level 1:colcon.colcon_core.package_identification:_identify(src/Node_serial_Arduino/Node_serial_Arduino) by extension 'python_setup_py'
[0.174s] Level 1:colcon.colcon_core.package_identification:_identify(src/Node_serial_Arduino/serial_arduino_ROS) by extensions ['ignore', 'ignore_ament_install']
[0.174s] Level 1:colcon.colcon_core.package_identification:_identify(src/Node_serial_Arduino/serial_arduino_ROS) by extension 'ignore'
[0.174s] Level 1:colcon.colcon_core.package_identification:_identify(src/Node_serial_Arduino/serial_arduino_ROS) by extension 'ignore_ament_install'
[0.174s] Level 1:colcon.colcon_core.package_identification:_identify(src/Node_serial_Arduino/serial_arduino_ROS) by extensions ['colcon_pkg']
[0.174s] Level 1:colcon.colcon_core.package_identification:_identify(src/Node_serial_Arduino/serial_arduino_ROS) by extension 'colcon_pkg'
[0.174s] Level 1:colcon.colcon_core.package_identification:_identify(src/Node_serial_Arduino/serial_arduino_ROS) by extensions ['colcon_meta']
[0.174s] Level 1:colcon.colcon_core.package_identification:_identify(src/Node_serial_Arduino/serial_arduino_ROS) by extension 'colcon_meta'
[0.174s] Level 1:colcon.colcon_core.package_identification:_identify(src/Node_serial_Arduino/serial_arduino_ROS) by extensions ['ros']
[0.174s] Level 1:colcon.colcon_core.package_identification:_identify(src/Node_serial_Arduino/serial_arduino_ROS) by extension 'ros'
[0.174s] Level 1:colcon.colcon_core.package_identification:_identify(src/Node_serial_Arduino/serial_arduino_ROS) by extensions ['cmake', 'python']
[0.174s] Level 1:colcon.colcon_core.package_identification:_identify(src/Node_serial_Arduino/serial_arduino_ROS) by extension 'cmake'
[0.174s] Level 1:colcon.colcon_core.package_identification:_identify(src/Node_serial_Arduino/serial_arduino_ROS) by extension 'python'
[0.174s] Level 1:colcon.colcon_core.package_identification:_identify(src/Node_serial_Arduino/serial_arduino_ROS) by extensions ['python_setup_py']
[0.174s] Level 1:colcon.colcon_core.package_identification:_identify(src/Node_serial_Arduino/serial_arduino_ROS) by extension 'python_setup_py'
[0.174s] Level 1:colcon.colcon_core.package_identification:_identify(src/Node_serial_Arduino/serial_arduino_ROS/MotorControlling) by extensions ['ignore', 'ignore_ament_install']
[0.174s] Level 1:colcon.colcon_core.package_identification:_identify(src/Node_serial_Arduino/serial_arduino_ROS/MotorControlling) by extension 'ignore'
[0.174s] Level 1:colcon.colcon_core.package_identification:_identify(src/Node_serial_Arduino/serial_arduino_ROS/MotorControlling) by extension 'ignore_ament_install'
[0.175s] Level 1:colcon.colcon_core.package_identification:_identify(src/Node_serial_Arduino/serial_arduino_ROS/MotorControlling) by extensions ['colcon_pkg']
[0.175s] Level 1:colcon.colcon_core.package_identification:_identify(src/Node_serial_Arduino/serial_arduino_ROS/MotorControlling) by extension 'colcon_pkg'
[0.175s] Level 1:colcon.colcon_core.package_identification:_identify(src/Node_serial_Arduino/serial_arduino_ROS/MotorControlling) by extensions ['colcon_meta']
[0.175s] Level 1:colcon.colcon_core.package_identification:_identify(src/Node_serial_Arduino/serial_arduino_ROS/MotorControlling) by extension 'colcon_meta'
[0.175s] Level 1:colcon.colcon_core.package_identification:_identify(src/Node_serial_Arduino/serial_arduino_ROS/MotorControlling) by extensions ['ros']
[0.175s] Level 1:colcon.colcon_core.package_identification:_identify(src/Node_serial_Arduino/serial_arduino_ROS/MotorControlling) by extension 'ros'
[0.175s] Level 1:colcon.colcon_core.package_identification:_identify(src/Node_serial_Arduino/serial_arduino_ROS/MotorControlling) by extensions ['cmake', 'python']
[0.175s] Level 1:colcon.colcon_core.package_identification:_identify(src/Node_serial_Arduino/serial_arduino_ROS/MotorControlling) by extension 'cmake'
[0.175s] Level 1:colcon.colcon_core.package_identification:_identify(src/Node_serial_Arduino/serial_arduino_ROS/MotorControlling) by extension 'python'
[0.175s] Level 1:colcon.colcon_core.package_identification:_identify(src/Node_serial_Arduino/serial_arduino_ROS/MotorControlling) by extensions ['python_setup_py']
[0.175s] Level 1:colcon.colcon_core.package_identification:_identify(src/Node_serial_Arduino/serial_arduino_ROS/MotorControlling) by extension 'python_setup_py'
[0.175s] Level 1:colcon.colcon_core.package_identification:_identify(src/Node_serial_Arduino/serial_arduino_ROS/MotorSpeedControl) by extensions ['ignore', 'ignore_ament_install']
[0.175s] Level 1:colcon.colcon_core.package_identification:_identify(src/Node_serial_Arduino/serial_arduino_ROS/MotorSpeedControl) by extension 'ignore'
[0.175s] Level 1:colcon.colcon_core.package_identification:_identify(src/Node_serial_Arduino/serial_arduino_ROS/MotorSpeedControl) by extension 'ignore_ament_install'
[0.175s] Level 1:colcon.colcon_core.package_identification:_identify(src/Node_serial_Arduino/serial_arduino_ROS/MotorSpeedControl) by extensions ['colcon_pkg']
[0.175s] Level 1:colcon.colcon_core.package_identification:_identify(src/Node_serial_Arduino/serial_arduino_ROS/MotorSpeedControl) by extension 'colcon_pkg'
[0.175s] Level 1:colcon.colcon_core.package_identification:_identify(src/Node_serial_Arduino/serial_arduino_ROS/MotorSpeedControl) by extensions ['colcon_meta']
[0.175s] Level 1:colcon.colcon_core.package_identification:_identify(src/Node_serial_Arduino/serial_arduino_ROS/MotorSpeedControl) by extension 'colcon_meta'
[0.175s] Level 1:colcon.colcon_core.package_identification:_identify(src/Node_serial_Arduino/serial_arduino_ROS/MotorSpeedControl) by extensions ['ros']
[0.175s] Level 1:colcon.colcon_core.package_identification:_identify(src/Node_serial_Arduino/serial_arduino_ROS/MotorSpeedControl) by extension 'ros'
[0.175s] Level 1:colcon.colcon_core.package_identification:_identify(src/Node_serial_Arduino/serial_arduino_ROS/MotorSpeedControl) by extensions ['cmake', 'python']
[0.175s] Level 1:colcon.colcon_core.package_identification:_identify(src/Node_serial_Arduino/serial_arduino_ROS/MotorSpeedControl) by extension 'cmake'
[0.175s] Level 1:colcon.colcon_core.package_identification:_identify(src/Node_serial_Arduino/serial_arduino_ROS/MotorSpeedControl) by extension 'python'
[0.175s] Level 1:colcon.colcon_core.package_identification:_identify(src/Node_serial_Arduino/serial_arduino_ROS/MotorSpeedControl) by extensions ['python_setup_py']
[0.175s] Level 1:colcon.colcon_core.package_identification:_identify(src/Node_serial_Arduino/serial_arduino_ROS/MotorSpeedControl) by extension 'python_setup_py'
[0.175s] Level 1:colcon.colcon_core.package_identification:_identify(src/Node_serial_Arduino/serial_arduino_ROS/backup) by extensions ['ignore', 'ignore_ament_install']
[0.175s] Level 1:colcon.colcon_core.package_identification:_identify(src/Node_serial_Arduino/serial_arduino_ROS/backup) by extension 'ignore'
[0.175s] Level 1:colcon.colcon_core.package_identification:_identify(src/Node_serial_Arduino/serial_arduino_ROS/backup) by extension 'ignore_ament_install'
[0.175s] Level 1:colcon.colcon_core.package_identification:_identify(src/Node_serial_Arduino/serial_arduino_ROS/backup) by extensions ['colcon_pkg']
[0.175s] Level 1:colcon.colcon_core.package_identification:_identify(src/Node_serial_Arduino/serial_arduino_ROS/backup) by extension 'colcon_pkg'
[0.175s] Level 1:colcon.colcon_core.package_identification:_identify(src/Node_serial_Arduino/serial_arduino_ROS/backup) by extensions ['colcon_meta']
[0.175s] Level 1:colcon.colcon_core.package_identification:_identify(src/Node_serial_Arduino/serial_arduino_ROS/backup) by extension 'colcon_meta'
[0.175s] Level 1:colcon.colcon_core.package_identification:_identify(src/Node_serial_Arduino/serial_arduino_ROS/backup) by extensions ['ros']
[0.175s] Level 1:colcon.colcon_core.package_identification:_identify(src/Node_serial_Arduino/serial_arduino_ROS/backup) by extension 'ros'
[0.175s] Level 1:colcon.colcon_core.package_identification:_identify(src/Node_serial_Arduino/serial_arduino_ROS/backup) by extensions ['cmake', 'python']
[0.175s] Level 1:colcon.colcon_core.package_identification:_identify(src/Node_serial_Arduino/serial_arduino_ROS/backup) by extension 'cmake'
[0.175s] Level 1:colcon.colcon_core.package_identification:_identify(src/Node_serial_Arduino/serial_arduino_ROS/backup) by extension 'python'
[0.175s] Level 1:colcon.colcon_core.package_identification:_identify(src/Node_serial_Arduino/serial_arduino_ROS/backup) by extensions ['python_setup_py']
[0.175s] Level 1:colcon.colcon_core.package_identification:_identify(src/Node_serial_Arduino/serial_arduino_ROS/backup) by extension 'python_setup_py'
[0.175s] Level 1:colcon.colcon_core.package_identification:_identify(src/Node_serial_Arduino/serial_arduino_ROS/encodersTest) by extensions ['ignore', 'ignore_ament_install']
[0.176s] Level 1:colcon.colcon_core.package_identification:_identify(src/Node_serial_Arduino/serial_arduino_ROS/encodersTest) by extension 'ignore'
[0.176s] Level 1:colcon.colcon_core.package_identification:_identify(src/Node_serial_Arduino/serial_arduino_ROS/encodersTest) by extension 'ignore_ament_install'
[0.176s] Level 1:colcon.colcon_core.package_identification:_identify(src/Node_serial_Arduino/serial_arduino_ROS/encodersTest) by extensions ['colcon_pkg']
[0.176s] Level 1:colcon.colcon_core.package_identification:_identify(src/Node_serial_Arduino/serial_arduino_ROS/encodersTest) by extension 'colcon_pkg'
[0.176s] Level 1:colcon.colcon_core.package_identification:_identify(src/Node_serial_Arduino/serial_arduino_ROS/encodersTest) by extensions ['colcon_meta']
[0.176s] Level 1:colcon.colcon_core.package_identification:_identify(src/Node_serial_Arduino/serial_arduino_ROS/encodersTest) by extension 'colcon_meta'
[0.176s] Level 1:colcon.colcon_core.package_identification:_identify(src/Node_serial_Arduino/serial_arduino_ROS/encodersTest) by extensions ['ros']
[0.176s] Level 1:colcon.colcon_core.package_identification:_identify(src/Node_serial_Arduino/serial_arduino_ROS/encodersTest) by extension 'ros'
[0.176s] Level 1:colcon.colcon_core.package_identification:_identify(src/Node_serial_Arduino/serial_arduino_ROS/encodersTest) by extensions ['cmake', 'python']
[0.176s] Level 1:colcon.colcon_core.package_identification:_identify(src/Node_serial_Arduino/serial_arduino_ROS/encodersTest) by extension 'cmake'
[0.176s] Level 1:colcon.colcon_core.package_identification:_identify(src/Node_serial_Arduino/serial_arduino_ROS/encodersTest) by extension 'python'
[0.176s] Level 1:colcon.colcon_core.package_identification:_identify(src/Node_serial_Arduino/serial_arduino_ROS/encodersTest) by extensions ['python_setup_py']
[0.176s] Level 1:colcon.colcon_core.package_identification:_identify(src/Node_serial_Arduino/serial_arduino_ROS/encodersTest) by extension 'python_setup_py'
[0.176s] Level 1:colcon.colcon_core.package_identification:_identify(src/basic_mobile_robot) by extensions ['ignore', 'ignore_ament_install']
[0.176s] Level 1:colcon.colcon_core.package_identification:_identify(src/basic_mobile_robot) by extension 'ignore'
[0.176s] Level 1:colcon.colcon_core.package_identification:_identify(src/basic_mobile_robot) by extension 'ignore_ament_install'
[0.176s] Level 1:colcon.colcon_core.package_identification:_identify(src/basic_mobile_robot) by extensions ['colcon_pkg']
[0.176s] Level 1:colcon.colcon_core.package_identification:_identify(src/basic_mobile_robot) by extension 'colcon_pkg'
[0.176s] Level 1:colcon.colcon_core.package_identification:_identify(src/basic_mobile_robot) by extensions ['colcon_meta']
[0.176s] Level 1:colcon.colcon_core.package_identification:_identify(src/basic_mobile_robot) by extension 'colcon_meta'
[0.176s] Level 1:colcon.colcon_core.package_identification:_identify(src/basic_mobile_robot) by extensions ['ros']
[0.176s] Level 1:colcon.colcon_core.package_identification:_identify(src/basic_mobile_robot) by extension 'ros'
[0.178s] DEBUG:colcon.colcon_core.package_identification:Package 'src/basic_mobile_robot' with type 'ros.ament_cmake' and name 'basic_mobile_robot'
[0.178s] Level 1:colcon.colcon_core.package_identification:_identify(src/ekf) by extensions ['ignore', 'ignore_ament_install']
[0.178s] Level 1:colcon.colcon_core.package_identification:_identify(src/ekf) by extension 'ignore'
[0.178s] Level 1:colcon.colcon_core.package_identification:_identify(src/ekf) by extension 'ignore_ament_install'
[0.178s] Level 1:colcon.colcon_core.package_identification:_identify(src/ekf) by extensions ['colcon_pkg']
[0.178s] Level 1:colcon.colcon_core.package_identification:_identify(src/ekf) by extension 'colcon_pkg'
[0.178s] Level 1:colcon.colcon_core.package_identification:_identify(src/ekf) by extensions ['colcon_meta']
[0.178s] Level 1:colcon.colcon_core.package_identification:_identify(src/ekf) by extension 'colcon_meta'
[0.178s] Level 1:colcon.colcon_core.package_identification:_identify(src/ekf) by extensions ['ros']
[0.178s] Level 1:colcon.colcon_core.package_identification:_identify(src/ekf) by extension 'ros'
[0.179s] DEBUG:colcon.colcon_core.package_identification:Package 'src/ekf' with type 'ros.ament_cmake' and name 'ekf'
[0.179s] Level 1:colcon.colcon_core.package_identification:_identify(src/finalExam_pkg) by extensions ['ignore', 'ignore_ament_install']
[0.179s] Level 1:colcon.colcon_core.package_identification:_identify(src/finalExam_pkg) by extension 'ignore'
[0.179s] Level 1:colcon.colcon_core.package_identification:_identify(src/finalExam_pkg) by extension 'ignore_ament_install'
[0.179s] Level 1:colcon.colcon_core.package_identification:_identify(src/finalExam_pkg) by extensions ['colcon_pkg']
[0.179s] Level 1:colcon.colcon_core.package_identification:_identify(src/finalExam_pkg) by extension 'colcon_pkg'
[0.179s] Level 1:colcon.colcon_core.package_identification:_identify(src/finalExam_pkg) by extensions ['colcon_meta']
[0.179s] Level 1:colcon.colcon_core.package_identification:_identify(src/finalExam_pkg) by extension 'colcon_meta'
[0.179s] Level 1:colcon.colcon_core.package_identification:_identify(src/finalExam_pkg) by extensions ['ros']
[0.179s] Level 1:colcon.colcon_core.package_identification:_identify(src/finalExam_pkg) by extension 'ros'
[0.180s] DEBUG:colcon.colcon_core.package_identification:Package 'src/finalExam_pkg' with type 'ros.ament_python' and name 'finalExam_pkg'
[0.180s] Level 1:colcon.colcon_core.package_identification:_identify(src/gazebo) by extensions ['ignore', 'ignore_ament_install']
[0.180s] Level 1:colcon.colcon_core.package_identification:_identify(src/gazebo) by extension 'ignore'
[0.180s] Level 1:colcon.colcon_core.package_identification:_identify(src/gazebo) by extension 'ignore_ament_install'
[0.180s] Level 1:colcon.colcon_core.package_identification:_identify(src/gazebo) by extensions ['colcon_pkg']
[0.180s] Level 1:colcon.colcon_core.package_identification:_identify(src/gazebo) by extension 'colcon_pkg'
[0.180s] Level 1:colcon.colcon_core.package_identification:_identify(src/gazebo) by extensions ['colcon_meta']
[0.180s] Level 1:colcon.colcon_core.package_identification:_identify(src/gazebo) by extension 'colcon_meta'
[0.181s] Level 1:colcon.colcon_core.package_identification:_identify(src/gazebo) by extensions ['ros']
[0.181s] Level 1:colcon.colcon_core.package_identification:_identify(src/gazebo) by extension 'ros'
[0.181s] DEBUG:colcon.colcon_core.package_identification:Package 'src/gazebo' with type 'ros.ament_python' and name 'gazebo'
[0.181s] Level 1:colcon.colcon_core.package_identification:_identify(src/manip_pkg) by extensions ['ignore', 'ignore_ament_install']
[0.181s] Level 1:colcon.colcon_core.package_identification:_identify(src/manip_pkg) by extension 'ignore'
[0.181s] Level 1:colcon.colcon_core.package_identification:_identify(src/manip_pkg) by extension 'ignore_ament_install'
[0.181s] Level 1:colcon.colcon_core.package_identification:_identify(src/manip_pkg) by extensions ['colcon_pkg']
[0.181s] Level 1:colcon.colcon_core.package_identification:_identify(src/manip_pkg) by extension 'colcon_pkg'
[0.181s] Level 1:colcon.colcon_core.package_identification:_identify(src/manip_pkg) by extensions ['colcon_meta']
[0.181s] Level 1:colcon.colcon_core.package_identification:_identify(src/manip_pkg) by extension 'colcon_meta'
[0.181s] Level 1:colcon.colcon_core.package_identification:_identify(src/manip_pkg) by extensions ['ros']
[0.182s] Level 1:colcon.colcon_core.package_identification:_identify(src/manip_pkg) by extension 'ros'
[0.182s] DEBUG:colcon.colcon_core.package_identification:Package 'src/manip_pkg' with type 'ros.ament_python' and name 'manip_pkg'
[0.182s] Level 1:colcon.colcon_core.package_identification:_identify(src/ros2_mpu6050_driver) by extensions ['ignore', 'ignore_ament_install']
[0.182s] Level 1:colcon.colcon_core.package_identification:_identify(src/ros2_mpu6050_driver) by extension 'ignore'
[0.182s] Level 1:colcon.colcon_core.package_identification:_identify(src/ros2_mpu6050_driver) by extension 'ignore_ament_install'
[0.182s] Level 1:colcon.colcon_core.package_identification:_identify(src/ros2_mpu6050_driver) by extensions ['colcon_pkg']
[0.182s] Level 1:colcon.colcon_core.package_identification:_identify(src/ros2_mpu6050_driver) by extension 'colcon_pkg'
[0.182s] Level 1:colcon.colcon_core.package_identification:_identify(src/ros2_mpu6050_driver) by extensions ['colcon_meta']
[0.182s] Level 1:colcon.colcon_core.package_identification:_identify(src/ros2_mpu6050_driver) by extension 'colcon_meta'
[0.182s] Level 1:colcon.colcon_core.package_identification:_identify(src/ros2_mpu6050_driver) by extensions ['ros']
[0.182s] Level 1:colcon.colcon_core.package_identification:_identify(src/ros2_mpu6050_driver) by extension 'ros'
[0.183s] DEBUG:colcon.colcon_core.package_identification:Package 'src/ros2_mpu6050_driver' with type 'ros.ament_cmake' and name 'mpu6050driver'
[0.183s] Level 1:colcon.colcon_core.package_identification:_identify(src/rplidar_ros) by extensions ['ignore', 'ignore_ament_install']
[0.183s] Level 1:colcon.colcon_core.package_identification:_identify(src/rplidar_ros) by extension 'ignore'
[0.183s] Level 1:colcon.colcon_core.package_identification:_identify(src/rplidar_ros) by extension 'ignore_ament_install'
[0.183s] Level 1:colcon.colcon_core.package_identification:_identify(src/rplidar_ros) by extensions ['colcon_pkg']
[0.183s] Level 1:colcon.colcon_core.package_identification:_identify(src/rplidar_ros) by extension 'colcon_pkg'
[0.183s] Level 1:colcon.colcon_core.package_identification:_identify(src/rplidar_ros) by extensions ['colcon_meta']
[0.183s] Level 1:colcon.colcon_core.package_identification:_identify(src/rplidar_ros) by extension 'colcon_meta'
[0.183s] Level 1:colcon.colcon_core.package_identification:_identify(src/rplidar_ros) by extensions ['ros']
[0.183s] Level 1:colcon.colcon_core.package_identification:_identify(src/rplidar_ros) by extension 'ros'
[0.184s] DEBUG:colcon.colcon_core.package_identification:Package 'src/rplidar_ros' with type 'ros.ament_cmake' and name 'rplidar_ros'
[0.184s] Level 1:colcon.colcon_core.package_discovery:discover_packages(recursive) using defaults
[0.184s] Level 1:colcon.colcon_core.package_discovery:discover_packages(ignore) discover
[0.184s] Level 1:colcon.colcon_core.package_discovery:discover_packages(ignore) using defaults
[0.184s] Level 1:colcon.colcon_core.package_discovery:discover_packages(path) discover
[0.184s] Level 1:colcon.colcon_core.package_discovery:discover_packages(path) using defaults
[0.209s] INFO:colcon.colcon_core.package_selection:Skipping not selected package 'basic_mobile_robot' in 'src/basic_mobile_robot'
[0.209s] INFO:colcon.colcon_core.package_selection:Skipping not selected package 'ekf' in 'src/ekf'
[0.209s] INFO:colcon.colcon_core.package_selection:Skipping not selected package 'gazebo' in 'src/gazebo'
[0.209s] INFO:colcon.colcon_core.package_selection:Skipping not selected package 'manip_pkg' in 'src/manip_pkg'
[0.209s] INFO:colcon.colcon_core.package_selection:Skipping not selected package 'mpu6050driver' in 'src/ros2_mpu6050_driver'
[0.209s] INFO:colcon.colcon_core.package_selection:Skipping not selected package 'rplidar_ros' in 'src/rplidar_ros'
[0.209s] Level 1:colcon.colcon_core.package_discovery:discover_packages(prefix_path) check parameters
[0.209s] Level 1:colcon.colcon_core.package_discovery:discover_packages(prefix_path) discover
[0.210s] DEBUG:colcon.colcon_installed_package_information.package_discovery:Found 1 installed packages in /home/llagoeiro/Desktop/Hiperion-ELA220/install
[0.211s] DEBUG:colcon.colcon_installed_package_information.package_discovery:Found 342 installed packages in /opt/ros/humble
[0.212s] Level 1:colcon.colcon_core.package_discovery:discover_packages(prefix_path) using defaults
[0.237s] Level 5:colcon.colcon_core.verb:set package 'finalExam_pkg' build argument 'cmake_args' from command line to 'None'
[0.237s] Level 5:colcon.colcon_core.verb:set package 'finalExam_pkg' build argument 'cmake_target' from command line to 'None'
[0.237s] Level 5:colcon.colcon_core.verb:set package 'finalExam_pkg' build argument 'cmake_target_skip_unavailable' from command line to 'False'
[0.237s] Level 5:colcon.colcon_core.verb:set package 'finalExam_pkg' build argument 'cmake_clean_cache' from command line to 'False'
[0.237s] Level 5:colcon.colcon_core.verb:set package 'finalExam_pkg' build argument 'cmake_clean_first' from command line to 'False'
[0.237s] Level 5:colcon.colcon_core.verb:set package 'finalExam_pkg' build argument 'cmake_force_configure' from command line to 'False'
[0.237s] Level 5:colcon.colcon_core.verb:set package 'finalExam_pkg' build argument 'ament_cmake_args' from command line to 'None'
[0.237s] Level 5:colcon.colcon_core.verb:set package 'finalExam_pkg' build argument 'catkin_cmake_args' from command line to 'None'
[0.237s] Level 5:colcon.colcon_core.verb:set package 'finalExam_pkg' build argument 'catkin_skip_building_tests' from command line to 'False'
[0.237s] DEBUG:colcon.colcon_core.verb:Building package 'finalExam_pkg' with the following arguments: {'ament_cmake_args': None, 'build_base': '/home/llagoeiro/Desktop/Hiperion-ELA220/build/finalExam_pkg', 'catkin_cmake_args': None, 'catkin_skip_building_tests': False, 'cmake_args': None, 'cmake_clean_cache': False, 'cmake_clean_first': False, 'cmake_force_configure': False, 'cmake_target': None, 'cmake_target_skip_unavailable': False, 'install_base': '/home/llagoeiro/Desktop/Hiperion-ELA220/install/finalExam_pkg', 'merge_install': False, 'path': '/home/llagoeiro/Desktop/Hiperion-ELA220/src/finalExam_pkg', 'symlink_install': False, 'test_result_base': None}
[0.237s] INFO:colcon.colcon_core.executor:Executing jobs using 'parallel' executor
[0.238s] DEBUG:colcon.colcon_parallel_executor.executor.parallel:run_until_complete
[0.238s] INFO:colcon.colcon_ros.task.ament_python.build:Building ROS package in '/home/llagoeiro/Desktop/Hiperion-ELA220/src/finalExam_pkg' with build type 'ament_python'
[0.238s] Level 1:colcon.colcon_core.shell:create_environment_hook('finalExam_pkg', 'ament_prefix_path')
[0.239s] INFO:colcon.colcon_core.plugin_system:Skipping extension 'colcon_core.shell.bat': Not used on non-Windows systems
[0.239s] INFO:colcon.colcon_core.shell:Creating environment hook '/home/llagoeiro/Desktop/Hiperion-ELA220/install/finalExam_pkg/share/finalExam_pkg/hook/ament_prefix_path.ps1'
[0.240s] INFO:colcon.colcon_core.shell:Creating environment descriptor '/home/llagoeiro/Desktop/Hiperion-ELA220/install/finalExam_pkg/share/finalExam_pkg/hook/ament_prefix_path.dsv'
[0.240s] INFO:colcon.colcon_core.shell:Creating environment hook '/home/llagoeiro/Desktop/Hiperion-ELA220/install/finalExam_pkg/share/finalExam_pkg/hook/ament_prefix_path.sh'
[0.240s] INFO:colcon.colcon_core.shell:Skip shell extension 'powershell' for command environment: Not usable outside of PowerShell
[0.240s] DEBUG:colcon.colcon_core.shell:Skip shell extension 'dsv' for command environment
[0.402s] INFO:colcon.colcon_core.task.python.build:Building Python package in '/home/llagoeiro/Desktop/Hiperion-ELA220/src/finalExam_pkg'
[0.402s] INFO:colcon.colcon_core.shell:Skip shell extension 'powershell' for command environment: Not usable outside of PowerShell
[0.402s] DEBUG:colcon.colcon_core.shell:Skip shell extension 'dsv' for command environment
[0.615s] DEBUG:colcon.colcon_core.event_handler.log_command:Invoking command in '/home/llagoeiro/Desktop/Hiperion-ELA220/src/finalExam_pkg': PYTHONPATH=/home/llagoeiro/Desktop/Hiperion-ELA220/build/finalExam_pkg/prefix_override:/home/llagoeiro/Desktop/Hiperion-ELA220/install/finalExam_pkg/lib/python3.10/site-packages:${PYTHONPATH} /usr/bin/python3 -W ignore:setup.py install is deprecated setup.py egg_info --egg-base ../../build/finalExam_pkg build --build-base /home/llagoeiro/Desktop/Hiperion-ELA220/build/finalExam_pkg/build install --record /home/llagoeiro/Desktop/Hiperion-ELA220/build/finalExam_pkg/install.log --single-version-externally-managed install_data
[0.824s] DEBUG:colcon.colcon_core.event_handler.log_command:Invoked command in '/home/llagoeiro/Desktop/Hiperion-ELA220/src/finalExam_pkg' returned '0': PYTHONPATH=/home/llagoeiro/Desktop/Hiperion-ELA220/build/finalExam_pkg/prefix_override:/home/llagoeiro/Desktop/Hiperion-ELA220/install/finalExam_pkg/lib/python3.10/site-packages:${PYTHONPATH} /usr/bin/python3 -W ignore:setup.py install is deprecated setup.py egg_info --egg-base ../../build/finalExam_pkg build --build-base /home/llagoeiro/Desktop/Hiperion-ELA220/build/finalExam_pkg/build install --record /home/llagoeiro/Desktop/Hiperion-ELA220/build/finalExam_pkg/install.log --single-version-externally-managed install_data
[0.827s] Level 1:colcon.colcon_core.environment:checking '/home/llagoeiro/Desktop/Hiperion-ELA220/install/finalExam_pkg' for CMake module files
[0.827s] Level 1:colcon.colcon_core.environment:checking '/home/llagoeiro/Desktop/Hiperion-ELA220/install/finalExam_pkg' for CMake config files
[0.828s] Level 1:colcon.colcon_core.environment:checking '/home/llagoeiro/Desktop/Hiperion-ELA220/install/finalExam_pkg/lib'
[0.828s] Level 1:colcon.colcon_core.environment:checking '/home/llagoeiro/Desktop/Hiperion-ELA220/install/finalExam_pkg/bin'
[0.828s] Level 1:colcon.colcon_core.environment:checking '/home/llagoeiro/Desktop/Hiperion-ELA220/install/finalExam_pkg/lib/pkgconfig/finalExam_pkg.pc'
[0.828s] Level 1:colcon.colcon_core.environment:checking '/home/llagoeiro/Desktop/Hiperion-ELA220/install/finalExam_pkg/lib/python3.10/site-packages'
[0.828s] Level 1:colcon.colcon_core.shell:create_environment_hook('finalExam_pkg', 'pythonpath')
[0.829s] INFO:colcon.colcon_core.shell:Creating environment hook '/home/llagoeiro/Desktop/Hiperion-ELA220/install/finalExam_pkg/share/finalExam_pkg/hook/pythonpath.ps1'
[0.829s] INFO:colcon.colcon_core.shell:Creating environment descriptor '/home/llagoeiro/Desktop/Hiperion-ELA220/install/finalExam_pkg/share/finalExam_pkg/hook/pythonpath.dsv'
[0.829s] INFO:colcon.colcon_core.shell:Creating environment hook '/home/llagoeiro/Desktop/Hiperion-ELA220/install/finalExam_pkg/share/finalExam_pkg/hook/pythonpath.sh'
[0.830s] Level 1:colcon.colcon_core.environment:checking '/home/llagoeiro/Desktop/Hiperion-ELA220/install/finalExam_pkg/bin'
[0.830s] Level 1:colcon.colcon_core.environment:create_environment_scripts_only(finalExam_pkg)
[0.830s] INFO:colcon.colcon_core.shell:Creating package script '/home/llagoeiro/Desktop/Hiperion-ELA220/install/finalExam_pkg/share/finalExam_pkg/package.ps1'
[0.831s] INFO:colcon.colcon_core.shell:Creating package descriptor '/home/llagoeiro/Desktop/Hiperion-ELA220/install/finalExam_pkg/share/finalExam_pkg/package.dsv'
[0.831s] INFO:colcon.colcon_core.shell:Creating package script '/home/llagoeiro/Desktop/Hiperion-ELA220/install/finalExam_pkg/share/finalExam_pkg/package.sh'
[0.832s] INFO:colcon.colcon_core.shell:Creating package script '/home/llagoeiro/Desktop/Hiperion-ELA220/install/finalExam_pkg/share/finalExam_pkg/package.bash'
[0.833s] INFO:colcon.colcon_core.shell:Creating package script '/home/llagoeiro/Desktop/Hiperion-ELA220/install/finalExam_pkg/share/finalExam_pkg/package.zsh'
[0.833s] Level 1:colcon.colcon_core.environment:create_file_with_runtime_dependencies(/home/llagoeiro/Desktop/Hiperion-ELA220/install/finalExam_pkg/share/colcon-core/packages/finalExam_pkg)
[0.834s] DEBUG:colcon.colcon_parallel_executor.executor.parallel:closing loop
[0.834s] DEBUG:colcon.colcon_parallel_executor.executor.parallel:loop closed
[0.834s] DEBUG:colcon.colcon_parallel_executor.executor.parallel:run_until_complete finished with '0'
[0.834s] DEBUG:colcon.colcon_core.event_reactor:joining thread
[0.839s] INFO:colcon.colcon_core.plugin_system:Skipping extension 'colcon_notification.desktop_notification.terminal_notifier': Not used on non-Darwin systems
[0.839s] INFO:colcon.colcon_core.plugin_system:Skipping extension 'colcon_notification.desktop_notification.win32': Not used on non-Windows systems
[0.839s] INFO:colcon.colcon_notification.desktop_notification:Sending desktop notification using 'notify2'
[0.848s] DEBUG:colcon.colcon_core.event_reactor:joined thread
[0.848s] INFO:colcon.colcon_core.shell:Creating prefix script '/home/llagoeiro/Desktop/Hiperion-ELA220/install/local_setup.ps1'
[0.849s] INFO:colcon.colcon_core.shell:Creating prefix util module '/home/llagoeiro/Desktop/Hiperion-ELA220/install/_local_setup_util_ps1.py'
[0.851s] INFO:colcon.colcon_core.shell:Creating prefix chain script '/home/llagoeiro/Desktop/Hiperion-ELA220/install/setup.ps1'
[0.852s] INFO:colcon.colcon_core.shell:Creating prefix script '/home/llagoeiro/Desktop/Hiperion-ELA220/install/local_setup.sh'
[0.852s] INFO:colcon.colcon_core.shell:Creating prefix util module '/home/llagoeiro/Desktop/Hiperion-ELA220/install/_local_setup_util_sh.py'
[0.853s] INFO:colcon.colcon_core.shell:Creating prefix chain script '/home/llagoeiro/Desktop/Hiperion-ELA220/install/setup.sh'
[0.853s] INFO:colcon.colcon_core.shell:Creating prefix script '/home/llagoeiro/Desktop/Hiperion-ELA220/install/local_setup.bash'
[0.853s] INFO:colcon.colcon_core.shell:Creating prefix chain script '/home/llagoeiro/Desktop/Hiperion-ELA220/install/setup.bash'
[0.854s] INFO:colcon.colcon_core.shell:Creating prefix script '/home/llagoeiro/Desktop/Hiperion-ELA220/install/local_setup.zsh'
[0.854s] INFO:colcon.colcon_core.shell:Creating prefix chain script '/home/llagoeiro/Desktop/Hiperion-ELA220/install/setup.zsh'
