[0.466s] DEBUG:colcon:Command line arguments: ['/usr/bin/colcon', 'build', '--packages-select', 'finalExam_pkg']
[0.467s] DEBUG:colcon:Parsed command line arguments: Namespace(log_base=None, log_level=None, verb_name='build', build_base='build', install_base='install', merge_install=False, symlink_install=False, test_result_base=None, continue_on_error=False, executor='parallel', parallel_workers=4, event_handlers=None, ignore_user_meta=False, metas=['./colcon.meta'], base_paths=['.'], packages_ignore=None, packages_ignore_regex=None, paths=None, packages_up_to=None, packages_up_to_regex=None, packages_above=None, packages_above_and_dependencies=None, packages_above_depth=None, packages_select_by_dep=None, packages_skip_by_dep=None, packages_skip_up_to=None, packages_select_build_failed=False, packages_skip_build_finished=False, packages_select_test_failures=False, packages_skip_test_passed=False, packages_select=['finalExam_pkg'], packages_skip=None, packages_select_regex=None, packages_skip_regex=None, packages_start=None, packages_end=None, allow_overriding=[], cmake_args=None, cmake_target=None, cmake_target_skip_unavailable=False, cmake_clean_cache=False, cmake_clean_first=False, cmake_force_configure=False, ament_cmake_args=None, catkin_cmake_args=None, catkin_skip_building_tests=False, mixin_files=None, mixin=None, verb_parser=<colcon_mixin.mixin.mixin_argument.MixinArgumentDecorator object at 0xffff8fde28c0>, verb_extension=<colcon_core.verb.build.BuildVerb object at 0xffff8fef2ec0>, main=<bound method BuildVerb.main of <colcon_core.verb.build.BuildVerb object at 0xffff8fef2ec0>>, mixin_verb=('build',))
[1.297s] Level 1:colcon.colcon_core.package_discovery:discover_packages(colcon_meta) check parameters
[1.298s] Level 1:colcon.colcon_core.package_discovery:discover_packages(recursive) check parameters
[1.298s] Level 1:colcon.colcon_core.package_discovery:discover_packages(ignore) check parameters
[1.298s] Level 1:colcon.colcon_core.package_discovery:discover_packages(path) check parameters
[1.298s] Level 1:colcon.colcon_core.package_discovery:discover_packages(colcon_meta) discover
[1.298s] Level 1:colcon.colcon_core.package_discovery:discover_packages(recursive) discover
[1.299s] INFO:colcon.colcon_core.package_discovery:Crawling recursively for packages in '/home/wall-e/Desktop/daVinci'
[1.299s] Level 1:colcon.colcon_core.package_identification:_identify(.) by extensions ['ignore', 'ignore_ament_install']
[1.299s] Level 1:colcon.colcon_core.package_identification:_identify(.) by extension 'ignore'
[1.300s] Level 1:colcon.colcon_core.package_identification:_identify(.) by extension 'ignore_ament_install'
[1.300s] Level 1:colcon.colcon_core.package_identification:_identify(.) by extensions ['colcon_pkg']
[1.300s] Level 1:colcon.colcon_core.package_identification:_identify(.) by extension 'colcon_pkg'
[1.300s] Level 1:colcon.colcon_core.package_identification:_identify(.) by extensions ['colcon_meta']
[1.300s] Level 1:colcon.colcon_core.package_identification:_identify(.) by extension 'colcon_meta'
[1.300s] Level 1:colcon.colcon_core.package_identification:_identify(.) by extensions ['ros']
[1.301s] Level 1:colcon.colcon_core.package_identification:_identify(.) by extension 'ros'
[1.345s] Level 1:colcon.colcon_core.package_identification:_identify(.) by extensions ['cmake', 'python']
[1.345s] Level 1:colcon.colcon_core.package_identification:_identify(.) by extension 'cmake'
[1.345s] Level 1:colcon.colcon_core.package_identification:_identify(.) by extension 'python'
[1.345s] Level 1:colcon.colcon_core.package_identification:_identify(.) by extensions ['python_setup_py']
[1.345s] Level 1:colcon.colcon_core.package_identification:_identify(.) by extension 'python_setup_py'
[1.346s] Level 1:colcon.colcon_core.package_identification:_identify(build) by extensions ['ignore', 'ignore_ament_install']
[1.346s] Level 1:colcon.colcon_core.package_identification:_identify(build) by extension 'ignore'
[1.347s] Level 1:colcon.colcon_core.package_identification:_identify(build) ignored
[1.347s] Level 1:colcon.colcon_core.package_identification:_identify(install) by extensions ['ignore', 'ignore_ament_install']
[1.348s] Level 1:colcon.colcon_core.package_identification:_identify(install) by extension 'ignore'
[1.348s] Level 1:colcon.colcon_core.package_identification:_identify(install) ignored
[1.348s] Level 1:colcon.colcon_core.package_identification:_identify(log) by extensions ['ignore', 'ignore_ament_install']
[1.348s] Level 1:colcon.colcon_core.package_identification:_identify(log) by extension 'ignore'
[1.349s] Level 1:colcon.colcon_core.package_identification:_identify(log) ignored
[1.349s] Level 1:colcon.colcon_core.package_identification:_identify(src) by extensions ['ignore', 'ignore_ament_install']
[1.349s] Level 1:colcon.colcon_core.package_identification:_identify(src) by extension 'ignore'
[1.349s] Level 1:colcon.colcon_core.package_identification:_identify(src) by extension 'ignore_ament_install'
[1.350s] Level 1:colcon.colcon_core.package_identification:_identify(src) by extensions ['colcon_pkg']
[1.350s] Level 1:colcon.colcon_core.package_identification:_identify(src) by extension 'colcon_pkg'
[1.350s] Level 1:colcon.colcon_core.package_identification:_identify(src) by extensions ['colcon_meta']
[1.350s] Level 1:colcon.colcon_core.package_identification:_identify(src) by extension 'colcon_meta'
[1.350s] Level 1:colcon.colcon_core.package_identification:_identify(src) by extensions ['ros']
[1.350s] Level 1:colcon.colcon_core.package_identification:_identify(src) by extension 'ros'
[1.351s] Level 1:colcon.colcon_core.package_identification:_identify(src) by extensions ['cmake', 'python']
[1.351s] Level 1:colcon.colcon_core.package_identification:_identify(src) by extension 'cmake'
[1.351s] Level 1:colcon.colcon_core.package_identification:_identify(src) by extension 'python'
[1.351s] Level 1:colcon.colcon_core.package_identification:_identify(src) by extensions ['python_setup_py']
[1.351s] Level 1:colcon.colcon_core.package_identification:_identify(src) by extension 'python_setup_py'
[1.352s] Level 1:colcon.colcon_core.package_identification:_identify(src/Node_serial_Arduino) by extensions ['ignore', 'ignore_ament_install']
[1.352s] Level 1:colcon.colcon_core.package_identification:_identify(src/Node_serial_Arduino) by extension 'ignore'
[1.352s] Level 1:colcon.colcon_core.package_identification:_identify(src/Node_serial_Arduino) by extension 'ignore_ament_install'
[1.353s] Level 1:colcon.colcon_core.package_identification:_identify(src/Node_serial_Arduino) by extensions ['colcon_pkg']
[1.353s] Level 1:colcon.colcon_core.package_identification:_identify(src/Node_serial_Arduino) by extension 'colcon_pkg'
[1.353s] Level 1:colcon.colcon_core.package_identification:_identify(src/Node_serial_Arduino) by extensions ['colcon_meta']
[1.353s] Level 1:colcon.colcon_core.package_identification:_identify(src/Node_serial_Arduino) by extension 'colcon_meta'
[1.353s] Level 1:colcon.colcon_core.package_identification:_identify(src/Node_serial_Arduino) by extensions ['ros']
[1.353s] Level 1:colcon.colcon_core.package_identification:_identify(src/Node_serial_Arduino) by extension 'ros'
[1.353s] Level 1:colcon.colcon_core.package_identification:_identify(src/Node_serial_Arduino) by extensions ['cmake', 'python']
[1.354s] Level 1:colcon.colcon_core.package_identification:_identify(src/Node_serial_Arduino) by extension 'cmake'
[1.354s] Level 1:colcon.colcon_core.package_identification:_identify(src/Node_serial_Arduino) by extension 'python'
[1.354s] Level 1:colcon.colcon_core.package_identification:_identify(src/Node_serial_Arduino) by extensions ['python_setup_py']
[1.354s] Level 1:colcon.colcon_core.package_identification:_identify(src/Node_serial_Arduino) by extension 'python_setup_py'
[1.355s] Level 1:colcon.colcon_core.package_identification:_identify(src/Node_serial_Arduino/Node_serial_Arduino) by extensions ['ignore', 'ignore_ament_install']
[1.355s] Level 1:colcon.colcon_core.package_identification:_identify(src/Node_serial_Arduino/Node_serial_Arduino) by extension 'ignore'
[1.355s] Level 1:colcon.colcon_core.package_identification:_identify(src/Node_serial_Arduino/Node_serial_Arduino) by extension 'ignore_ament_install'
[1.356s] Level 1:colcon.colcon_core.package_identification:_identify(src/Node_serial_Arduino/Node_serial_Arduino) by extensions ['colcon_pkg']
[1.356s] Level 1:colcon.colcon_core.package_identification:_identify(src/Node_serial_Arduino/Node_serial_Arduino) by extension 'colcon_pkg'
[1.356s] Level 1:colcon.colcon_core.package_identification:_identify(src/Node_serial_Arduino/Node_serial_Arduino) by extensions ['colcon_meta']
[1.356s] Level 1:colcon.colcon_core.package_identification:_identify(src/Node_serial_Arduino/Node_serial_Arduino) by extension 'colcon_meta'
[1.356s] Level 1:colcon.colcon_core.package_identification:_identify(src/Node_serial_Arduino/Node_serial_Arduino) by extensions ['ros']
[1.356s] Level 1:colcon.colcon_core.package_identification:_identify(src/Node_serial_Arduino/Node_serial_Arduino) by extension 'ros'
[1.357s] Level 1:colcon.colcon_core.package_identification:_identify(src/Node_serial_Arduino/Node_serial_Arduino) by extensions ['cmake', 'python']
[1.357s] Level 1:colcon.colcon_core.package_identification:_identify(src/Node_serial_Arduino/Node_serial_Arduino) by extension 'cmake'
[1.357s] Level 1:colcon.colcon_core.package_identification:_identify(src/Node_serial_Arduino/Node_serial_Arduino) by extension 'python'
[1.357s] Level 1:colcon.colcon_core.package_identification:_identify(src/Node_serial_Arduino/Node_serial_Arduino) by extensions ['python_setup_py']
[1.357s] Level 1:colcon.colcon_core.package_identification:_identify(src/Node_serial_Arduino/Node_serial_Arduino) by extension 'python_setup_py'
[1.358s] Level 1:colcon.colcon_core.package_identification:_identify(src/Node_serial_Arduino/serial_arduino_ROS) by extensions ['ignore', 'ignore_ament_install']
[1.358s] Level 1:colcon.colcon_core.package_identification:_identify(src/Node_serial_Arduino/serial_arduino_ROS) by extension 'ignore'
[1.359s] Level 1:colcon.colcon_core.package_identification:_identify(src/Node_serial_Arduino/serial_arduino_ROS) by extension 'ignore_ament_install'
[1.359s] Level 1:colcon.colcon_core.package_identification:_identify(src/Node_serial_Arduino/serial_arduino_ROS) by extensions ['colcon_pkg']
[1.359s] Level 1:colcon.colcon_core.package_identification:_identify(src/Node_serial_Arduino/serial_arduino_ROS) by extension 'colcon_pkg'
[1.359s] Level 1:colcon.colcon_core.package_identification:_identify(src/Node_serial_Arduino/serial_arduino_ROS) by extensions ['colcon_meta']
[1.359s] Level 1:colcon.colcon_core.package_identification:_identify(src/Node_serial_Arduino/serial_arduino_ROS) by extension 'colcon_meta'
[1.360s] Level 1:colcon.colcon_core.package_identification:_identify(src/Node_serial_Arduino/serial_arduino_ROS) by extensions ['ros']
[1.360s] Level 1:colcon.colcon_core.package_identification:_identify(src/Node_serial_Arduino/serial_arduino_ROS) by extension 'ros'
[1.360s] Level 1:colcon.colcon_core.package_identification:_identify(src/Node_serial_Arduino/serial_arduino_ROS) by extensions ['cmake', 'python']
[1.360s] Level 1:colcon.colcon_core.package_identification:_identify(src/Node_serial_Arduino/serial_arduino_ROS) by extension 'cmake'
[1.360s] Level 1:colcon.colcon_core.package_identification:_identify(src/Node_serial_Arduino/serial_arduino_ROS) by extension 'python'
[1.361s] Level 1:colcon.colcon_core.package_identification:_identify(src/Node_serial_Arduino/serial_arduino_ROS) by extensions ['python_setup_py']
[1.361s] Level 1:colcon.colcon_core.package_identification:_identify(src/Node_serial_Arduino/serial_arduino_ROS) by extension 'python_setup_py'
[1.361s] Level 1:colcon.colcon_core.package_identification:_identify(src/Node_serial_Arduino/serial_arduino_ROS/MotorControlling) by extensions ['ignore', 'ignore_ament_install']
[1.361s] Level 1:colcon.colcon_core.package_identification:_identify(src/Node_serial_Arduino/serial_arduino_ROS/MotorControlling) by extension 'ignore'
[1.362s] Level 1:colcon.colcon_core.package_identification:_identify(src/Node_serial_Arduino/serial_arduino_ROS/MotorControlling) by extension 'ignore_ament_install'
[1.362s] Level 1:colcon.colcon_core.package_identification:_identify(src/Node_serial_Arduino/serial_arduino_ROS/MotorControlling) by extensions ['colcon_pkg']
[1.362s] Level 1:colcon.colcon_core.package_identification:_identify(src/Node_serial_Arduino/serial_arduino_ROS/MotorControlling) by extension 'colcon_pkg'
[1.362s] Level 1:colcon.colcon_core.package_identification:_identify(src/Node_serial_Arduino/serial_arduino_ROS/MotorControlling) by extensions ['colcon_meta']
[1.362s] Level 1:colcon.colcon_core.package_identification:_identify(src/Node_serial_Arduino/serial_arduino_ROS/MotorControlling) by extension 'colcon_meta'
[1.363s] Level 1:colcon.colcon_core.package_identification:_identify(src/Node_serial_Arduino/serial_arduino_ROS/MotorControlling) by extensions ['ros']
[1.363s] Level 1:colcon.colcon_core.package_identification:_identify(src/Node_serial_Arduino/serial_arduino_ROS/MotorControlling) by extension 'ros'
[1.363s] Level 1:colcon.colcon_core.package_identification:_identify(src/Node_serial_Arduino/serial_arduino_ROS/MotorControlling) by extensions ['cmake', 'python']
[1.363s] Level 1:colcon.colcon_core.package_identification:_identify(src/Node_serial_Arduino/serial_arduino_ROS/MotorControlling) by extension 'cmake'
[1.363s] Level 1:colcon.colcon_core.package_identification:_identify(src/Node_serial_Arduino/serial_arduino_ROS/MotorControlling) by extension 'python'
[1.364s] Level 1:colcon.colcon_core.package_identification:_identify(src/Node_serial_Arduino/serial_arduino_ROS/MotorControlling) by extensions ['python_setup_py']
[1.364s] Level 1:colcon.colcon_core.package_identification:_identify(src/Node_serial_Arduino/serial_arduino_ROS/MotorControlling) by extension 'python_setup_py'
[1.364s] Level 1:colcon.colcon_core.package_identification:_identify(src/Node_serial_Arduino/serial_arduino_ROS/MotorSpeedControl) by extensions ['ignore', 'ignore_ament_install']
[1.365s] Level 1:colcon.colcon_core.package_identification:_identify(src/Node_serial_Arduino/serial_arduino_ROS/MotorSpeedControl) by extension 'ignore'
[1.365s] Level 1:colcon.colcon_core.package_identification:_identify(src/Node_serial_Arduino/serial_arduino_ROS/MotorSpeedControl) by extension 'ignore_ament_install'
[1.365s] Level 1:colcon.colcon_core.package_identification:_identify(src/Node_serial_Arduino/serial_arduino_ROS/MotorSpeedControl) by extensions ['colcon_pkg']
[1.365s] Level 1:colcon.colcon_core.package_identification:_identify(src/Node_serial_Arduino/serial_arduino_ROS/MotorSpeedControl) by extension 'colcon_pkg'
[1.365s] Level 1:colcon.colcon_core.package_identification:_identify(src/Node_serial_Arduino/serial_arduino_ROS/MotorSpeedControl) by extensions ['colcon_meta']
[1.365s] Level 1:colcon.colcon_core.package_identification:_identify(src/Node_serial_Arduino/serial_arduino_ROS/MotorSpeedControl) by extension 'colcon_meta'
[1.366s] Level 1:colcon.colcon_core.package_identification:_identify(src/Node_serial_Arduino/serial_arduino_ROS/MotorSpeedControl) by extensions ['ros']
[1.366s] Level 1:colcon.colcon_core.package_identification:_identify(src/Node_serial_Arduino/serial_arduino_ROS/MotorSpeedControl) by extension 'ros'
[1.366s] Level 1:colcon.colcon_core.package_identification:_identify(src/Node_serial_Arduino/serial_arduino_ROS/MotorSpeedControl) by extensions ['cmake', 'python']
[1.366s] Level 1:colcon.colcon_core.package_identification:_identify(src/Node_serial_Arduino/serial_arduino_ROS/MotorSpeedControl) by extension 'cmake'
[1.366s] Level 1:colcon.colcon_core.package_identification:_identify(src/Node_serial_Arduino/serial_arduino_ROS/MotorSpeedControl) by extension 'python'
[1.367s] Level 1:colcon.colcon_core.package_identification:_identify(src/Node_serial_Arduino/serial_arduino_ROS/MotorSpeedControl) by extensions ['python_setup_py']
[1.367s] Level 1:colcon.colcon_core.package_identification:_identify(src/Node_serial_Arduino/serial_arduino_ROS/MotorSpeedControl) by extension 'python_setup_py'
[1.367s] Level 1:colcon.colcon_core.package_identification:_identify(src/Node_serial_Arduino/serial_arduino_ROS/backup) by extensions ['ignore', 'ignore_ament_install']
[1.367s] Level 1:colcon.colcon_core.package_identification:_identify(src/Node_serial_Arduino/serial_arduino_ROS/backup) by extension 'ignore'
[1.368s] Level 1:colcon.colcon_core.package_identification:_identify(src/Node_serial_Arduino/serial_arduino_ROS/backup) by extension 'ignore_ament_install'
[1.368s] Level 1:colcon.colcon_core.package_identification:_identify(src/Node_serial_Arduino/serial_arduino_ROS/backup) by extensions ['colcon_pkg']
[1.368s] Level 1:colcon.colcon_core.package_identification:_identify(src/Node_serial_Arduino/serial_arduino_ROS/backup) by extension 'colcon_pkg'
[1.368s] Level 1:colcon.colcon_core.package_identification:_identify(src/Node_serial_Arduino/serial_arduino_ROS/backup) by extensions ['colcon_meta']
[1.368s] Level 1:colcon.colcon_core.package_identification:_identify(src/Node_serial_Arduino/serial_arduino_ROS/backup) by extension 'colcon_meta'
[1.368s] Level 1:colcon.colcon_core.package_identification:_identify(src/Node_serial_Arduino/serial_arduino_ROS/backup) by extensions ['ros']
[1.369s] Level 1:colcon.colcon_core.package_identification:_identify(src/Node_serial_Arduino/serial_arduino_ROS/backup) by extension 'ros'
[1.369s] Level 1:colcon.colcon_core.package_identification:_identify(src/Node_serial_Arduino/serial_arduino_ROS/backup) by extensions ['cmake', 'python']
[1.369s] Level 1:colcon.colcon_core.package_identification:_identify(src/Node_serial_Arduino/serial_arduino_ROS/backup) by extension 'cmake'
[1.369s] Level 1:colcon.colcon_core.package_identification:_identify(src/Node_serial_Arduino/serial_arduino_ROS/backup) by extension 'python'
[1.369s] Level 1:colcon.colcon_core.package_identification:_identify(src/Node_serial_Arduino/serial_arduino_ROS/backup) by extensions ['python_setup_py']
[1.369s] Level 1:colcon.colcon_core.package_identification:_identify(src/Node_serial_Arduino/serial_arduino_ROS/backup) by extension 'python_setup_py'
[1.370s] Level 1:colcon.colcon_core.package_identification:_identify(src/Node_serial_Arduino/serial_arduino_ROS/encodersTest) by extensions ['ignore', 'ignore_ament_install']
[1.370s] Level 1:colcon.colcon_core.package_identification:_identify(src/Node_serial_Arduino/serial_arduino_ROS/encodersTest) by extension 'ignore'
[1.370s] Level 1:colcon.colcon_core.package_identification:_identify(src/Node_serial_Arduino/serial_arduino_ROS/encodersTest) by extension 'ignore_ament_install'
[1.371s] Level 1:colcon.colcon_core.package_identification:_identify(src/Node_serial_Arduino/serial_arduino_ROS/encodersTest) by extensions ['colcon_pkg']
[1.371s] Level 1:colcon.colcon_core.package_identification:_identify(src/Node_serial_Arduino/serial_arduino_ROS/encodersTest) by extension 'colcon_pkg'
[1.371s] Level 1:colcon.colcon_core.package_identification:_identify(src/Node_serial_Arduino/serial_arduino_ROS/encodersTest) by extensions ['colcon_meta']
[1.371s] Level 1:colcon.colcon_core.package_identification:_identify(src/Node_serial_Arduino/serial_arduino_ROS/encodersTest) by extension 'colcon_meta'
[1.371s] Level 1:colcon.colcon_core.package_identification:_identify(src/Node_serial_Arduino/serial_arduino_ROS/encodersTest) by extensions ['ros']
[1.371s] Level 1:colcon.colcon_core.package_identification:_identify(src/Node_serial_Arduino/serial_arduino_ROS/encodersTest) by extension 'ros'
[1.372s] Level 1:colcon.colcon_core.package_identification:_identify(src/Node_serial_Arduino/serial_arduino_ROS/encodersTest) by extensions ['cmake', 'python']
[1.372s] Level 1:colcon.colcon_core.package_identification:_identify(src/Node_serial_Arduino/serial_arduino_ROS/encodersTest) by extension 'cmake'
[1.372s] Level 1:colcon.colcon_core.package_identification:_identify(src/Node_serial_Arduino/serial_arduino_ROS/encodersTest) by extension 'python'
[1.372s] Level 1:colcon.colcon_core.package_identification:_identify(src/Node_serial_Arduino/serial_arduino_ROS/encodersTest) by extensions ['python_setup_py']
[1.372s] Level 1:colcon.colcon_core.package_identification:_identify(src/Node_serial_Arduino/serial_arduino_ROS/encodersTest) by extension 'python_setup_py'
[1.373s] Level 1:colcon.colcon_core.package_identification:_identify(src/basic_mobile_robot) by extensions ['ignore', 'ignore_ament_install']
[1.373s] Level 1:colcon.colcon_core.package_identification:_identify(src/basic_mobile_robot) by extension 'ignore'
[1.373s] Level 1:colcon.colcon_core.package_identification:_identify(src/basic_mobile_robot) by extension 'ignore_ament_install'
[1.374s] Level 1:colcon.colcon_core.package_identification:_identify(src/basic_mobile_robot) by extensions ['colcon_pkg']
[1.374s] Level 1:colcon.colcon_core.package_identification:_identify(src/basic_mobile_robot) by extension 'colcon_pkg'
[1.374s] Level 1:colcon.colcon_core.package_identification:_identify(src/basic_mobile_robot) by extensions ['colcon_meta']
[1.374s] Level 1:colcon.colcon_core.package_identification:_identify(src/basic_mobile_robot) by extension 'colcon_meta'
[1.374s] Level 1:colcon.colcon_core.package_identification:_identify(src/basic_mobile_robot) by extensions ['ros']
[1.374s] Level 1:colcon.colcon_core.package_identification:_identify(src/basic_mobile_robot) by extension 'ros'
[1.383s] DEBUG:colcon.colcon_core.package_identification:Package 'src/basic_mobile_robot' with type 'ros.ament_cmake' and name 'basic_mobile_robot'
[1.384s] Level 1:colcon.colcon_core.package_identification:_identify(src/ekf) by extensions ['ignore', 'ignore_ament_install']
[1.384s] Level 1:colcon.colcon_core.package_identification:_identify(src/ekf) by extension 'ignore'
[1.384s] Level 1:colcon.colcon_core.package_identification:_identify(src/ekf) by extension 'ignore_ament_install'
[1.385s] Level 1:colcon.colcon_core.package_identification:_identify(src/ekf) by extensions ['colcon_pkg']
[1.385s] Level 1:colcon.colcon_core.package_identification:_identify(src/ekf) by extension 'colcon_pkg'
[1.385s] Level 1:colcon.colcon_core.package_identification:_identify(src/ekf) by extensions ['colcon_meta']
[1.385s] Level 1:colcon.colcon_core.package_identification:_identify(src/ekf) by extension 'colcon_meta'
[1.385s] Level 1:colcon.colcon_core.package_identification:_identify(src/ekf) by extensions ['ros']
[1.385s] Level 1:colcon.colcon_core.package_identification:_identify(src/ekf) by extension 'ros'
[1.387s] DEBUG:colcon.colcon_core.package_identification:Package 'src/ekf' with type 'ros.ament_cmake' and name 'ekf'
[1.388s] Level 1:colcon.colcon_core.package_identification:_identify(src/finalExam_pkg) by extensions ['ignore', 'ignore_ament_install']
[1.388s] Level 1:colcon.colcon_core.package_identification:_identify(src/finalExam_pkg) by extension 'ignore'
[1.389s] Level 1:colcon.colcon_core.package_identification:_identify(src/finalExam_pkg) by extension 'ignore_ament_install'
[1.389s] Level 1:colcon.colcon_core.package_identification:_identify(src/finalExam_pkg) by extensions ['colcon_pkg']
[1.389s] Level 1:colcon.colcon_core.package_identification:_identify(src/finalExam_pkg) by extension 'colcon_pkg'
[1.389s] Level 1:colcon.colcon_core.package_identification:_identify(src/finalExam_pkg) by extensions ['colcon_meta']
[1.389s] Level 1:colcon.colcon_core.package_identification:_identify(src/finalExam_pkg) by extension 'colcon_meta'
[1.389s] Level 1:colcon.colcon_core.package_identification:_identify(src/finalExam_pkg) by extensions ['ros']
[1.390s] Level 1:colcon.colcon_core.package_identification:_identify(src/finalExam_pkg) by extension 'ros'
[1.392s] DEBUG:colcon.colcon_core.package_identification:Package 'src/finalExam_pkg' with type 'ros.ament_python' and name 'finalExam_pkg'
[1.392s] Level 1:colcon.colcon_core.package_identification:_identify(src/gazebo) by extensions ['ignore', 'ignore_ament_install']
[1.393s] Level 1:colcon.colcon_core.package_identification:_identify(src/gazebo) by extension 'ignore'
[1.393s] Level 1:colcon.colcon_core.package_identification:_identify(src/gazebo) by extension 'ignore_ament_install'
[1.393s] Level 1:colcon.colcon_core.package_identification:_identify(src/gazebo) by extensions ['colcon_pkg']
[1.393s] Level 1:colcon.colcon_core.package_identification:_identify(src/gazebo) by extension 'colcon_pkg'
[1.393s] Level 1:colcon.colcon_core.package_identification:_identify(src/gazebo) by extensions ['colcon_meta']
[1.393s] Level 1:colcon.colcon_core.package_identification:_identify(src/gazebo) by extension 'colcon_meta'
[1.394s] Level 1:colcon.colcon_core.package_identification:_identify(src/gazebo) by extensions ['ros']
[1.394s] Level 1:colcon.colcon_core.package_identification:_identify(src/gazebo) by extension 'ros'
[1.396s] DEBUG:colcon.colcon_core.package_identification:Package 'src/gazebo' with type 'ros.ament_python' and name 'gazebo'
[1.396s] Level 1:colcon.colcon_core.package_identification:_identify(src/manip_pkg) by extensions ['ignore', 'ignore_ament_install']
[1.397s] Level 1:colcon.colcon_core.package_identification:_identify(src/manip_pkg) by extension 'ignore'
[1.397s] Level 1:colcon.colcon_core.package_identification:_identify(src/manip_pkg) by extension 'ignore_ament_install'
[1.397s] Level 1:colcon.colcon_core.package_identification:_identify(src/manip_pkg) by extensions ['colcon_pkg']
[1.397s] Level 1:colcon.colcon_core.package_identification:_identify(src/manip_pkg) by extension 'colcon_pkg'
[1.397s] Level 1:colcon.colcon_core.package_identification:_identify(src/manip_pkg) by extensions ['colcon_meta']
[1.397s] Level 1:colcon.colcon_core.package_identification:_identify(src/manip_pkg) by extension 'colcon_meta'
[1.398s] Level 1:colcon.colcon_core.package_identification:_identify(src/manip_pkg) by extensions ['ros']
[1.398s] Level 1:colcon.colcon_core.package_identification:_identify(src/manip_pkg) by extension 'ros'
[1.400s] DEBUG:colcon.colcon_core.package_identification:Package 'src/manip_pkg' with type 'ros.ament_python' and name 'manip_pkg'
[1.400s] Level 1:colcon.colcon_core.package_identification:_identify(src/ros2_mpu6050_driver) by extensions ['ignore', 'ignore_ament_install']
[1.401s] Level 1:colcon.colcon_core.package_identification:_identify(src/ros2_mpu6050_driver) by extension 'ignore'
[1.401s] Level 1:colcon.colcon_core.package_identification:_identify(src/ros2_mpu6050_driver) by extension 'ignore_ament_install'
[1.401s] Level 1:colcon.colcon_core.package_identification:_identify(src/ros2_mpu6050_driver) by extensions ['colcon_pkg']
[1.401s] Level 1:colcon.colcon_core.package_identification:_identify(src/ros2_mpu6050_driver) by extension 'colcon_pkg'
[1.401s] Level 1:colcon.colcon_core.package_identification:_identify(src/ros2_mpu6050_driver) by extensions ['colcon_meta']
[1.401s] Level 1:colcon.colcon_core.package_identification:_identify(src/ros2_mpu6050_driver) by extension 'colcon_meta'
[1.402s] Level 1:colcon.colcon_core.package_identification:_identify(src/ros2_mpu6050_driver) by extensions ['ros']
[1.402s] Level 1:colcon.colcon_core.package_identification:_identify(src/ros2_mpu6050_driver) by extension 'ros'
[1.404s] DEBUG:colcon.colcon_core.package_identification:Package 'src/ros2_mpu6050_driver' with type 'ros.ament_cmake' and name 'mpu6050driver'
[1.405s] Level 1:colcon.colcon_core.package_identification:_identify(src/rplidar_ros) by extensions ['ignore', 'ignore_ament_install']
[1.405s] Level 1:colcon.colcon_core.package_identification:_identify(src/rplidar_ros) by extension 'ignore'
[1.406s] Level 1:colcon.colcon_core.package_identification:_identify(src/rplidar_ros) by extension 'ignore_ament_install'
[1.406s] Level 1:colcon.colcon_core.package_identification:_identify(src/rplidar_ros) by extensions ['colcon_pkg']
[1.406s] Level 1:colcon.colcon_core.package_identification:_identify(src/rplidar_ros) by extension 'colcon_pkg'
[1.407s] Level 1:colcon.colcon_core.package_identification:_identify(src/rplidar_ros) by extensions ['colcon_meta']
[1.407s] Level 1:colcon.colcon_core.package_identification:_identify(src/rplidar_ros) by extension 'colcon_meta'
[1.407s] Level 1:colcon.colcon_core.package_identification:_identify(src/rplidar_ros) by extensions ['ros']
[1.407s] Level 1:colcon.colcon_core.package_identification:_identify(src/rplidar_ros) by extension 'ros'
[1.411s] DEBUG:colcon.colcon_core.package_identification:Package 'src/rplidar_ros' with type 'ros.ament_cmake' and name 'rplidar_ros'
[1.412s] Level 1:colcon.colcon_core.package_discovery:discover_packages(recursive) using defaults
[1.412s] Level 1:colcon.colcon_core.package_discovery:discover_packages(ignore) discover
[1.412s] Level 1:colcon.colcon_core.package_discovery:discover_packages(ignore) using defaults
[1.413s] Level 1:colcon.colcon_core.package_discovery:discover_packages(path) discover
[1.413s] Level 1:colcon.colcon_core.package_discovery:discover_packages(path) using defaults
[1.545s] INFO:colcon.colcon_core.package_selection:Skipping not selected package 'basic_mobile_robot' in 'src/basic_mobile_robot'
[1.545s] INFO:colcon.colcon_core.package_selection:Skipping not selected package 'ekf' in 'src/ekf'
[1.545s] INFO:colcon.colcon_core.package_selection:Skipping not selected package 'gazebo' in 'src/gazebo'
[1.545s] INFO:colcon.colcon_core.package_selection:Skipping not selected package 'manip_pkg' in 'src/manip_pkg'
[1.545s] INFO:colcon.colcon_core.package_selection:Skipping not selected package 'mpu6050driver' in 'src/ros2_mpu6050_driver'
[1.546s] INFO:colcon.colcon_core.package_selection:Skipping not selected package 'rplidar_ros' in 'src/rplidar_ros'
[1.547s] Level 1:colcon.colcon_core.package_discovery:discover_packages(prefix_path) check parameters
[1.548s] Level 1:colcon.colcon_core.package_discovery:discover_packages(prefix_path) discover
[1.552s] WARNING:colcon.colcon_ros.prefix_path.ament:The path '/home/wall-e/Desktop/daVinci/install/rplidar_ros' in the environment variable AMENT_PREFIX_PATH doesn't exist
[1.552s] WARNING:colcon.colcon_ros.prefix_path.ament:The path '/home/wall-e/Desktop/daVinci/install/manip_pkg' in the environment variable AMENT_PREFIX_PATH doesn't exist
[1.553s] WARNING:colcon.colcon_ros.prefix_path.catkin:The path '/home/wall-e/Desktop/daVinci/install/rplidar_ros' in the environment variable CMAKE_PREFIX_PATH doesn't exist
[1.555s] DEBUG:colcon.colcon_installed_package_information.package_discovery:Found 0 installed packages in /home/wall-e/Desktop/daVinci/install
[1.565s] DEBUG:colcon.colcon_installed_package_information.package_discovery:Found 275 installed packages in /opt/ros/humble
[1.571s] Level 1:colcon.colcon_core.package_discovery:discover_packages(prefix_path) using defaults
[1.751s] Level 5:colcon.colcon_core.verb:set package 'finalExam_pkg' build argument 'cmake_args' from command line to 'None'
[1.751s] Level 5:colcon.colcon_core.verb:set package 'finalExam_pkg' build argument 'cmake_target' from command line to 'None'
[1.752s] Level 5:colcon.colcon_core.verb:set package 'finalExam_pkg' build argument 'cmake_target_skip_unavailable' from command line to 'False'
[1.752s] Level 5:colcon.colcon_core.verb:set package 'finalExam_pkg' build argument 'cmake_clean_cache' from command line to 'False'
[1.752s] Level 5:colcon.colcon_core.verb:set package 'finalExam_pkg' build argument 'cmake_clean_first' from command line to 'False'
[1.752s] Level 5:colcon.colcon_core.verb:set package 'finalExam_pkg' build argument 'cmake_force_configure' from command line to 'False'
[1.752s] Level 5:colcon.colcon_core.verb:set package 'finalExam_pkg' build argument 'ament_cmake_args' from command line to 'None'
[1.752s] Level 5:colcon.colcon_core.verb:set package 'finalExam_pkg' build argument 'catkin_cmake_args' from command line to 'None'
[1.752s] Level 5:colcon.colcon_core.verb:set package 'finalExam_pkg' build argument 'catkin_skip_building_tests' from command line to 'False'
[1.752s] DEBUG:colcon.colcon_core.verb:Building package 'finalExam_pkg' with the following arguments: {'ament_cmake_args': None, 'build_base': '/home/wall-e/Desktop/daVinci/build/finalExam_pkg', 'catkin_cmake_args': None, 'catkin_skip_building_tests': False, 'cmake_args': None, 'cmake_clean_cache': False, 'cmake_clean_first': False, 'cmake_force_configure': False, 'cmake_target': None, 'cmake_target_skip_unavailable': False, 'install_base': '/home/wall-e/Desktop/daVinci/install/finalExam_pkg', 'merge_install': False, 'path': '/home/wall-e/Desktop/daVinci/src/finalExam_pkg', 'symlink_install': False, 'test_result_base': None}
[1.753s] INFO:colcon.colcon_core.executor:Executing jobs using 'parallel' executor
[1.756s] DEBUG:colcon.colcon_parallel_executor.executor.parallel:run_until_complete
[1.757s] INFO:colcon.colcon_ros.task.ament_python.build:Building ROS package in '/home/wall-e/Desktop/daVinci/src/finalExam_pkg' with build type 'ament_python'
[1.759s] Level 1:colcon.colcon_core.shell:create_environment_hook('finalExam_pkg', 'ament_prefix_path')
[1.767s] INFO:colcon.colcon_core.plugin_system:Skipping extension 'colcon_core.shell.bat': Not used on non-Windows systems
[1.768s] INFO:colcon.colcon_core.shell:Creating environment hook '/home/wall-e/Desktop/daVinci/install/finalExam_pkg/share/finalExam_pkg/hook/ament_prefix_path.ps1'
[1.771s] INFO:colcon.colcon_core.shell:Creating environment descriptor '/home/wall-e/Desktop/daVinci/install/finalExam_pkg/share/finalExam_pkg/hook/ament_prefix_path.dsv'
[1.774s] INFO:colcon.colcon_core.shell:Creating environment hook '/home/wall-e/Desktop/daVinci/install/finalExam_pkg/share/finalExam_pkg/hook/ament_prefix_path.sh'
[1.777s] INFO:colcon.colcon_core.shell:Skip shell extension 'powershell' for command environment: Not usable outside of PowerShell
[1.778s] DEBUG:colcon.colcon_core.shell:Skip shell extension 'dsv' for command environment
[3.107s] INFO:colcon.colcon_core.task.python.build:Building Python package in '/home/wall-e/Desktop/daVinci/src/finalExam_pkg'
[3.110s] INFO:colcon.colcon_core.shell:Skip shell extension 'powershell' for command environment: Not usable outside of PowerShell
[3.110s] DEBUG:colcon.colcon_core.shell:Skip shell extension 'dsv' for command environment
[4.771s] DEBUG:colcon.colcon_core.event_handler.log_command:Invoking command in '/home/wall-e/Desktop/daVinci/src/finalExam_pkg': PYTHONPATH=/home/wall-e/Desktop/daVinci/build/finalExam_pkg/prefix_override:/home/wall-e/Desktop/daVinci/install/finalExam_pkg/lib/python3.10/site-packages:${PYTHONPATH} /usr/bin/python3 -W ignore:setup.py install is deprecated setup.py egg_info --egg-base ../../build/finalExam_pkg build --build-base /home/wall-e/Desktop/daVinci/build/finalExam_pkg/build install --record /home/wall-e/Desktop/daVinci/build/finalExam_pkg/install.log --single-version-externally-managed install_data
[6.081s] DEBUG:colcon.colcon_core.event_handler.log_command:Invoked command in '/home/wall-e/Desktop/daVinci/src/finalExam_pkg' returned '1': PYTHONPATH=/home/wall-e/Desktop/daVinci/build/finalExam_pkg/prefix_override:/home/wall-e/Desktop/daVinci/install/finalExam_pkg/lib/python3.10/site-packages:${PYTHONPATH} /usr/bin/python3 -W ignore:setup.py install is deprecated setup.py egg_info --egg-base ../../build/finalExam_pkg build --build-base /home/wall-e/Desktop/daVinci/build/finalExam_pkg/build install --record /home/wall-e/Desktop/daVinci/build/finalExam_pkg/install.log --single-version-externally-managed install_data
[6.090s] DEBUG:colcon.colcon_parallel_executor.executor.parallel:closing loop
[6.091s] DEBUG:colcon.colcon_parallel_executor.executor.parallel:loop closed
[6.091s] DEBUG:colcon.colcon_parallel_executor.executor.parallel:run_until_complete finished with '1'
[6.091s] DEBUG:colcon.colcon_core.event_reactor:joining thread
[6.127s] INFO:colcon.colcon_core.plugin_system:Skipping extension 'colcon_notification.desktop_notification.terminal_notifier': Not used on non-Darwin systems
[6.128s] INFO:colcon.colcon_core.plugin_system:Skipping extension 'colcon_notification.desktop_notification.win32': Not used on non-Windows systems
[6.128s] INFO:colcon.colcon_notification.desktop_notification:Sending desktop notification using 'notify2'
[6.185s] DEBUG:colcon.colcon_core.event_reactor:joined thread
[6.186s] INFO:colcon.colcon_core.shell:Creating prefix script '/home/wall-e/Desktop/daVinci/install/local_setup.ps1'
[6.191s] INFO:colcon.colcon_core.shell:Creating prefix util module '/home/wall-e/Desktop/daVinci/install/_local_setup_util_ps1.py'
[6.198s] INFO:colcon.colcon_core.shell:Creating prefix chain script '/home/wall-e/Desktop/daVinci/install/setup.ps1'
[6.203s] INFO:colcon.colcon_core.shell:Creating prefix script '/home/wall-e/Desktop/daVinci/install/local_setup.sh'
[6.205s] INFO:colcon.colcon_core.shell:Creating prefix util module '/home/wall-e/Desktop/daVinci/install/_local_setup_util_sh.py'
[6.208s] INFO:colcon.colcon_core.shell:Creating prefix chain script '/home/wall-e/Desktop/daVinci/install/setup.sh'
[6.214s] INFO:colcon.colcon_core.shell:Creating prefix script '/home/wall-e/Desktop/daVinci/install/local_setup.bash'
[6.218s] INFO:colcon.colcon_core.shell:Creating prefix chain script '/home/wall-e/Desktop/daVinci/install/setup.bash'
[6.223s] INFO:colcon.colcon_core.shell:Creating prefix script '/home/wall-e/Desktop/daVinci/install/local_setup.zsh'
[6.226s] INFO:colcon.colcon_core.shell:Creating prefix chain script '/home/wall-e/Desktop/daVinci/install/setup.zsh'
