/home/llagoeiro/Desktop/Hiperion-ELA220/install/finalExam_pkg/lib/python3.10/site-packages/finalExam_pkg/main_node.py
/home/llagoeiro/Desktop/Hiperion-ELA220/install/finalExam_pkg/lib/python3.10/site-packages/finalExam_pkg/__init__.py
/home/llagoeiro/Desktop/Hiperion-ELA220/install/finalExam_pkg/lib/python3.10/site-packages/finalExam_pkg/submodules/__init__.py
/home/llagoeiro/Desktop/Hiperion-ELA220/install/finalExam_pkg/lib/python3.10/site-packages/finalExam_pkg/submodules/robot.py
/home/llagoeiro/Desktop/Hiperion-ELA220/install/finalExam_pkg/lib/python3.10/site-packages/finalExam_pkg/submodules/ui_mainwindow.py
/home/llagoeiro/Desktop/Hiperion-ELA220/install/finalExam_pkg/lib/python3.10/site-packages/finalExam_pkg/submodules/teste.py
/home/llagoeiro/Desktop/Hiperion-ELA220/install/finalExam_pkg/lib/python3.10/site-packages/finalExam_pkg/submodules/thread.py
/home/llagoeiro/Desktop/Hiperion-ELA220/install/finalExam_pkg/lib/python3.10/site-packages/finalExam_pkg/submodules/mainwindow.py
/home/llagoeiro/Desktop/Hiperion-ELA220/install/finalExam_pkg/lib/python3.10/site-packages/finalExam_pkg/__pycache__/main_node.cpython-310.pyc
/home/llagoeiro/Desktop/Hiperion-ELA220/install/finalExam_pkg/lib/python3.10/site-packages/finalExam_pkg/__pycache__/__init__.cpython-310.pyc
/home/llagoeiro/Desktop/Hiperion-ELA220/install/finalExam_pkg/lib/python3.10/site-packages/finalExam_pkg/submodules/__pycache__/__init__.cpython-310.pyc
/home/llagoeiro/Desktop/Hiperion-ELA220/install/finalExam_pkg/lib/python3.10/site-packages/finalExam_pkg/submodules/__pycache__/robot.cpython-310.pyc
/home/llagoeiro/Desktop/Hiperion-ELA220/install/finalExam_pkg/lib/python3.10/site-packages/finalExam_pkg/submodules/__pycache__/ui_mainwindow.cpython-310.pyc
/home/llagoeiro/Desktop/Hiperion-ELA220/install/finalExam_pkg/lib/python3.10/site-packages/finalExam_pkg/submodules/__pycache__/teste.cpython-310.pyc
/home/llagoeiro/Desktop/Hiperion-ELA220/install/finalExam_pkg/lib/python3.10/site-packages/finalExam_pkg/submodules/__pycache__/thread.cpython-310.pyc
/home/llagoeiro/Desktop/Hiperion-ELA220/install/finalExam_pkg/lib/python3.10/site-packages/finalExam_pkg/submodules/__pycache__/mainwindow.cpython-310.pyc
/home/llagoeiro/Desktop/Hiperion-ELA220/install/finalExam_pkg/share/ament_index/resource_index/packages/finalExam_pkg
/home/llagoeiro/Desktop/Hiperion-ELA220/install/finalExam_pkg/share/finalExam_pkg/package.xml
/home/llagoeiro/Desktop/Hiperion-ELA220/install/finalExam_pkg/lib/python3.10/site-packages/finalExam_pkg-0.0.0-py3.10.egg-info/entry_points.txt
/home/llagoeiro/Desktop/Hiperion-ELA220/install/finalExam_pkg/lib/python3.10/site-packages/finalExam_pkg-0.0.0-py3.10.egg-info/PKG-INFO
/home/llagoeiro/Desktop/Hiperion-ELA220/install/finalExam_pkg/lib/python3.10/site-packages/finalExam_pkg-0.0.0-py3.10.egg-info/top_level.txt
/home/llagoeiro/Desktop/Hiperion-ELA220/install/finalExam_pkg/lib/python3.10/site-packages/finalExam_pkg-0.0.0-py3.10.egg-info/requires.txt
/home/llagoeiro/Desktop/Hiperion-ELA220/install/finalExam_pkg/lib/python3.10/site-packages/finalExam_pkg-0.0.0-py3.10.egg-info/dependency_links.txt
/home/llagoeiro/Desktop/Hiperion-ELA220/install/finalExam_pkg/lib/python3.10/site-packages/finalExam_pkg-0.0.0-py3.10.egg-info/SOURCES.txt
/home/llagoeiro/Desktop/Hiperion-ELA220/install/finalExam_pkg/lib/python3.10/site-packages/finalExam_pkg-0.0.0-py3.10.egg-info/zip-safe
/home/llagoeiro/Desktop/Hiperion-ELA220/install/finalExam_pkg/lib/finalExam_pkg/main_node
