/home/llagoeiro/Desktop/Hiperion-ELA220/install/gazebo/lib/python3.10/site-packages/gazebo/no_com_classe.py
/home/llagoeiro/Desktop/Hiperion-ELA220/install/gazebo/lib/python3.10/site-packages/gazebo/__init__.py
/home/llagoeiro/Desktop/Hiperion-ELA220/install/gazebo/lib/python3.10/site-packages/gazebo/robot.py
/home/llagoeiro/Desktop/Hiperion-ELA220/install/gazebo/lib/python3.10/site-packages/gazebo/no_simples.py
/home/llagoeiro/Desktop/Hiperion-ELA220/install/gazebo/lib/python3.10/site-packages/gazebo/r2d2.py
/home/llagoeiro/Desktop/Hiperion-ELA220/install/gazebo/lib/python3.10/site-packages/gazebo/checkpoints.py
/home/llagoeiro/Desktop/Hiperion-ELA220/install/gazebo/lib/python3.10/site-packages/gazebo/__pycache__/no_com_classe.cpython-310.pyc
/home/llagoeiro/Desktop/Hiperion-ELA220/install/gazebo/lib/python3.10/site-packages/gazebo/__pycache__/__init__.cpython-310.pyc
/home/llagoeiro/Desktop/Hiperion-ELA220/install/gazebo/lib/python3.10/site-packages/gazebo/__pycache__/robot.cpython-310.pyc
/home/llagoeiro/Desktop/Hiperion-ELA220/install/gazebo/lib/python3.10/site-packages/gazebo/__pycache__/no_simples.cpython-310.pyc
/home/llagoeiro/Desktop/Hiperion-ELA220/install/gazebo/lib/python3.10/site-packages/gazebo/__pycache__/r2d2.cpython-310.pyc
/home/llagoeiro/Desktop/Hiperion-ELA220/install/gazebo/lib/python3.10/site-packages/gazebo/__pycache__/checkpoints.cpython-310.pyc
/home/llagoeiro/Desktop/Hiperion-ELA220/install/gazebo/share/ament_index/resource_index/packages/gazebo
/home/llagoeiro/Desktop/Hiperion-ELA220/install/gazebo/share/gazebo/package.xml
/home/llagoeiro/Desktop/Hiperion-ELA220/install/gazebo/share/gazebo/config/Default.perspective
/home/llagoeiro/Desktop/Hiperion-ELA220/install/gazebo/share/gazebo/config/map/checkpoints.json
/home/llagoeiro/Desktop/Hiperion-ELA220/install/gazebo/share/gazebo/config/map/map2.yaml
/home/llagoeiro/Desktop/Hiperion-ELA220/install/gazebo/share/gazebo/config/map/map.yaml
/home/llagoeiro/Desktop/Hiperion-ELA220/install/gazebo/share/gazebo/config/map/map.pgm
/home/llagoeiro/Desktop/Hiperion-ELA220/install/gazebo/share/gazebo/config/map/map2.pgm
/home/llagoeiro/Desktop/Hiperion-ELA220/install/gazebo/share/gazebo/config/rviz/navigation.rviz
/home/llagoeiro/Desktop/Hiperion-ELA220/install/gazebo/share/gazebo/config/rviz/mapping_slam_toolbox.rviz
/home/llagoeiro/Desktop/Hiperion-ELA220/install/gazebo/share/gazebo/config/rviz/mapping_cartographer.rviz
/home/llagoeiro/Desktop/Hiperion-ELA220/install/gazebo/share/gazebo/config/rviz/robot.rviz
/home/llagoeiro/Desktop/Hiperion-ELA220/install/gazebo/share/gazebo/config/nav/nav2_params.yaml
/home/llagoeiro/Desktop/Hiperion-ELA220/install/gazebo/share/gazebo/config/nav/cartographer.lua
/home/llagoeiro/Desktop/Hiperion-ELA220/install/gazebo/share/gazebo/config/nav/slam_toolbox.yaml
/home/llagoeiro/Desktop/Hiperion-ELA220/install/gazebo/share/gazebo/config/nav/ekf.yaml
/home/llagoeiro/Desktop/Hiperion-ELA220/install/gazebo/share/gazebo/launch/mapping_slam_toolbox.launch.py
/home/llagoeiro/Desktop/Hiperion-ELA220/install/gazebo/share/gazebo/launch/load.launch.py
/home/llagoeiro/Desktop/Hiperion-ELA220/install/gazebo/share/gazebo/launch/exemplo.launch.py
/home/llagoeiro/Desktop/Hiperion-ELA220/install/gazebo/share/gazebo/launch/mapping_cartographer.launch.py
/home/llagoeiro/Desktop/Hiperion-ELA220/install/gazebo/share/gazebo/launch/turtlebot.launch.py
/home/llagoeiro/Desktop/Hiperion-ELA220/install/gazebo/share/gazebo/launch/display.launch.py
/home/llagoeiro/Desktop/Hiperion-ELA220/install/gazebo/share/gazebo/launch/simulation.launch.py
/home/llagoeiro/Desktop/Hiperion-ELA220/install/gazebo/share/gazebo/launch/navigation2.launch.py
/home/llagoeiro/Desktop/Hiperion-ELA220/install/gazebo/share/gazebo/launch/load_turtlebot.launch.py
/home/llagoeiro/Desktop/Hiperion-ELA220/install/gazebo/share/gazebo/launch/navigation.launch.py
/home/llagoeiro/Desktop/Hiperion-ELA220/install/gazebo/share/gazebo/simulation/worlds/simple_room.world
/home/llagoeiro/Desktop/Hiperion-ELA220/install/gazebo/share/gazebo/simulation/worlds/empty.world
/home/llagoeiro/Desktop/Hiperion-ELA220/install/gazebo/share/gazebo/simulation/worlds/simple_room_with_fixed_boxes.world
/home/llagoeiro/Desktop/Hiperion-ELA220/install/gazebo/share/gazebo/simulation/worlds/simple_room_with_random_boxes.world
/home/llagoeiro/Desktop/Hiperion-ELA220/install/gazebo/share/gazebo/simulation/models/simple_room/model.config
/home/llagoeiro/Desktop/Hiperion-ELA220/install/gazebo/share/gazebo/simulation/models/simple_room/model.sdf
/home/llagoeiro/Desktop/Hiperion-ELA220/install/gazebo/share/gazebo/simulation/models/r2d2/model.config
/home/llagoeiro/Desktop/Hiperion-ELA220/install/gazebo/share/gazebo/simulation/models/r2d2/model.sdf
/home/llagoeiro/Desktop/Hiperion-ELA220/install/gazebo/share/gazebo/simulation/models/box/model.config
/home/llagoeiro/Desktop/Hiperion-ELA220/install/gazebo/share/gazebo/simulation/models/box/model.sdf
/home/llagoeiro/Desktop/Hiperion-ELA220/install/gazebo/share/gazebo/simulation/models/wood_square/model.config
/home/llagoeiro/Desktop/Hiperion-ELA220/install/gazebo/share/gazebo/simulation/models/wood_square/model.sdf
/home/llagoeiro/Desktop/Hiperion-ELA220/install/gazebo/share/gazebo/urdf/myfirstrobot.urdf
/home/llagoeiro/Desktop/Hiperion-ELA220/install/gazebo/share/gazebo/urdf/robot.urdf
/home/llagoeiro/Desktop/Hiperion-ELA220/install/gazebo/share/gazebo/urdf/sam_bot_description.urdf
/home/llagoeiro/Desktop/Hiperion-ELA220/install/gazebo/share/gazebo/urdf/myurdf.urdf
/home/llagoeiro/Desktop/Hiperion-ELA220/install/gazebo/share/gazebo/urdf/myfirstrobot.urdf.xacro
/home/llagoeiro/Desktop/Hiperion-ELA220/install/gazebo/share/gazebo/urdf/macros/link_geometry.urdf.xacro
/home/llagoeiro/Desktop/Hiperion-ELA220/install/gazebo/share/gazebo/urdf/macros/properties.urdf.xacro
/home/llagoeiro/Desktop/Hiperion-ELA220/install/gazebo/share/gazebo/urdf/macros/parts/head.urdf.xacro
/home/llagoeiro/Desktop/Hiperion-ELA220/install/gazebo/share/gazebo/urdf/macros/parts/wheel.urdf.xacro
/home/llagoeiro/Desktop/Hiperion-ELA220/install/gazebo/share/gazebo/urdf/macros/parts/base.urdf.xacro
/home/llagoeiro/Desktop/Hiperion-ELA220/install/gazebo/share/gazebo/urdf/macros/parts/leg.urdf.xacro
/home/llagoeiro/Desktop/Hiperion-ELA220/install/gazebo/share/gazebo/urdf/simulation/imu.urdf.xacro
/home/llagoeiro/Desktop/Hiperion-ELA220/install/gazebo/share/gazebo/urdf/simulation/gazebo_base.urdf.xacro
/home/llagoeiro/Desktop/Hiperion-ELA220/install/gazebo/share/gazebo/urdf/simulation/gazebo_camera.urdf.xacro
/home/llagoeiro/Desktop/Hiperion-ELA220/install/gazebo/share/gazebo/urdf/simulation/gazebo_laser.urdf.xacro
/home/llagoeiro/Desktop/Hiperion-ELA220/install/gazebo/lib/python3.10/site-packages/gazebo-0.0.0-py3.10.egg-info/entry_points.txt
/home/llagoeiro/Desktop/Hiperion-ELA220/install/gazebo/lib/python3.10/site-packages/gazebo-0.0.0-py3.10.egg-info/PKG-INFO
/home/llagoeiro/Desktop/Hiperion-ELA220/install/gazebo/lib/python3.10/site-packages/gazebo-0.0.0-py3.10.egg-info/top_level.txt
/home/llagoeiro/Desktop/Hiperion-ELA220/install/gazebo/lib/python3.10/site-packages/gazebo-0.0.0-py3.10.egg-info/requires.txt
/home/llagoeiro/Desktop/Hiperion-ELA220/install/gazebo/lib/python3.10/site-packages/gazebo-0.0.0-py3.10.egg-info/dependency_links.txt
/home/llagoeiro/Desktop/Hiperion-ELA220/install/gazebo/lib/python3.10/site-packages/gazebo-0.0.0-py3.10.egg-info/SOURCES.txt
/home/llagoeiro/Desktop/Hiperion-ELA220/install/gazebo/lib/python3.10/site-packages/gazebo-0.0.0-py3.10.egg-info/zip-safe
/home/llagoeiro/Desktop/Hiperion-ELA220/install/gazebo/lib/gazebo/checkpoints
/home/llagoeiro/Desktop/Hiperion-ELA220/install/gazebo/lib/gazebo/no_com_classe
/home/llagoeiro/Desktop/Hiperion-ELA220/install/gazebo/lib/gazebo/no_simples
/home/llagoeiro/Desktop/Hiperion-ELA220/install/gazebo/lib/gazebo/r2d2
