[3.063s] Invoking command in '/home/wall-e/Desktop/daVinci/src/finalExam_pkg': PYTHONPATH=/home/wall-e/Desktop/daVinci/build/finalExam_pkg/prefix_override:/home/wall-e/Desktop/daVinci/install/finalExam_pkg/lib/python3.10/site-packages:${PYTHONPATH} /usr/bin/python3 -W ignore:setup.py install is deprecated setup.py egg_info --egg-base ../../build/finalExam_pkg build --build-base /home/wall-e/Desktop/daVinci/build/finalExam_pkg/build install --record /home/wall-e/Desktop/daVinci/build/finalExam_pkg/install.log --single-version-externally-managed install_data
[4.272s] running egg_info
[4.276s] writing ../../build/finalExam_pkg/finalExam_pkg.egg-info/PKG-INFO
[4.278s] writing dependency_links to ../../build/finalExam_pkg/finalExam_pkg.egg-info/dependency_links.txt
[4.279s] writing entry points to ../../build/finalExam_pkg/finalExam_pkg.egg-info/entry_points.txt
[4.280s] writing requirements to ../../build/finalExam_pkg/finalExam_pkg.egg-info/requires.txt
[4.280s] writing top-level names to ../../build/finalExam_pkg/finalExam_pkg.egg-info/top_level.txt
[4.289s] reading manifest file '../../build/finalExam_pkg/finalExam_pkg.egg-info/SOURCES.txt'
[4.291s] adding license file 'LICENSE'
[4.294s] writing manifest file '../../build/finalExam_pkg/finalExam_pkg.egg-info/SOURCES.txt'
[4.294s] running build
[4.295s] running build_py
[4.295s] copying finalExam_pkg/main_node.py -> /home/wall-e/Desktop/daVinci/build/finalExam_pkg/build/lib/finalExam_pkg
[4.299s] running install
[4.301s] running install_lib
[4.305s] copying /home/wall-e/Desktop/daVinci/build/finalExam_pkg/build/lib/finalExam_pkg/main_node.py -> /home/wall-e/Desktop/daVinci/install/finalExam_pkg/lib/python3.10/site-packages/finalExam_pkg
[4.309s] byte-compiling /home/wall-e/Desktop/daVinci/install/finalExam_pkg/lib/python3.10/site-packages/finalExam_pkg/main_node.py to main_node.cpython-310.pyc
[4.313s] running install_data
[4.313s] running install_egg_info
[4.320s] removing '/home/wall-e/Desktop/daVinci/install/finalExam_pkg/lib/python3.10/site-packages/finalExam_pkg-0.0.0-py3.10.egg-info' (and everything under it)
[4.322s] Copying ../../build/finalExam_pkg/finalExam_pkg.egg-info to /home/wall-e/Desktop/daVinci/install/finalExam_pkg/lib/python3.10/site-packages/finalExam_pkg-0.0.0-py3.10.egg-info
[4.327s] running install_scripts
[4.416s] Installing main_node script to /home/wall-e/Desktop/daVinci/install/finalExam_pkg/lib/finalExam_pkg
[4.418s] writing list of installed files to '/home/wall-e/Desktop/daVinci/build/finalExam_pkg/install.log'
[4.551s] Invoked command in '/home/wall-e/Desktop/daVinci/src/finalExam_pkg' returned '0': PYTHONPATH=/home/wall-e/Desktop/daVinci/build/finalExam_pkg/prefix_override:/home/wall-e/Desktop/daVinci/install/finalExam_pkg/lib/python3.10/site-packages:${PYTHONPATH} /usr/bin/python3 -W ignore:setup.py install is deprecated setup.py egg_info --egg-base ../../build/finalExam_pkg build --build-base /home/wall-e/Desktop/daVinci/build/finalExam_pkg/build install --record /home/wall-e/Desktop/daVinci/build/finalExam_pkg/install.log --single-version-externally-managed install_data
