[0.434s] DEBUG:colcon:Command line arguments: ['/usr/bin/colcon', 'build']
[0.435s] DEBUG:colcon:Parsed command line arguments: Namespace(log_base=None, log_level=None, verb_name='build', build_base='build', install_base='install', merge_install=False, symlink_install=False, test_result_base=None, continue_on_error=False, executor='parallel', parallel_workers=4, event_handlers=None, ignore_user_meta=False, metas=['./colcon.meta'], base_paths=['.'], packages_ignore=None, packages_ignore_regex=None, paths=None, packages_up_to=None, packages_up_to_regex=None, packages_above=None, packages_above_and_dependencies=None, packages_above_depth=None, packages_select_by_dep=None, packages_skip_by_dep=None, packages_skip_up_to=None, packages_select_build_failed=False, packages_skip_build_finished=False, packages_select_test_failures=False, packages_skip_test_passed=False, packages_select=None, packages_skip=None, packages_select_regex=None, packages_skip_regex=None, packages_start=None, packages_end=None, allow_overriding=[], cmake_args=None, cmake_target=None, cmake_target_skip_unavailable=False, cmake_clean_cache=False, cmake_clean_first=False, cmake_force_configure=False, ament_cmake_args=None, catkin_cmake_args=None, catkin_skip_building_tests=False, verb_parser=<colcon_defaults.argument_parser.defaults.DefaultArgumentsDecorator object at 0xffffa9c50c10>, verb_extension=<colcon_core.verb.build.BuildVerb object at 0xffffa9d697e0>, main=<bound method BuildVerb.main of <colcon_core.verb.build.BuildVerb object at 0xffffa9d697e0>>)
[1.260s] Level 1:colcon.colcon_core.package_discovery:discover_packages(colcon_meta) check parameters
[1.260s] Level 1:colcon.colcon_core.package_discovery:discover_packages(recursive) check parameters
[1.261s] Level 1:colcon.colcon_core.package_discovery:discover_packages(ignore) check parameters
[1.261s] Level 1:colcon.colcon_core.package_discovery:discover_packages(path) check parameters
[1.261s] Level 1:colcon.colcon_core.package_discovery:discover_packages(colcon_meta) discover
[1.261s] Level 1:colcon.colcon_core.package_discovery:discover_packages(recursive) discover
[1.261s] INFO:colcon.colcon_core.package_discovery:Crawling recursively for packages in '/home/wall-e/Desktop/manip_ws'
[1.262s] Level 1:colcon.colcon_core.package_identification:_identify(.) by extensions ['ignore', 'ignore_ament_install']
[1.262s] Level 1:colcon.colcon_core.package_identification:_identify(.) by extension 'ignore'
[1.263s] Level 1:colcon.colcon_core.package_identification:_identify(.) by extension 'ignore_ament_install'
[1.263s] Level 1:colcon.colcon_core.package_identification:_identify(.) by extensions ['colcon_pkg']
[1.263s] Level 1:colcon.colcon_core.package_identification:_identify(.) by extension 'colcon_pkg'
[1.263s] Level 1:colcon.colcon_core.package_identification:_identify(.) by extensions ['colcon_meta']
[1.263s] Level 1:colcon.colcon_core.package_identification:_identify(.) by extension 'colcon_meta'
[1.263s] Level 1:colcon.colcon_core.package_identification:_identify(.) by extensions ['ros']
[1.263s] Level 1:colcon.colcon_core.package_identification:_identify(.) by extension 'ros'
[1.310s] Level 1:colcon.colcon_core.package_identification:_identify(.) by extensions ['cmake', 'python']
[1.310s] Level 1:colcon.colcon_core.package_identification:_identify(.) by extension 'cmake'
[1.311s] Level 1:colcon.colcon_core.package_identification:_identify(.) by extension 'python'
[1.311s] Level 1:colcon.colcon_core.package_identification:_identify(.) by extensions ['python_setup_py']
[1.311s] Level 1:colcon.colcon_core.package_identification:_identify(.) by extension 'python_setup_py'
[1.311s] Level 1:colcon.colcon_core.package_identification:_identify(build) by extensions ['ignore', 'ignore_ament_install']
[1.312s] Level 1:colcon.colcon_core.package_identification:_identify(build) by extension 'ignore'
[1.312s] Level 1:colcon.colcon_core.package_identification:_identify(build) ignored
[1.313s] Level 1:colcon.colcon_core.package_identification:_identify(install) by extensions ['ignore', 'ignore_ament_install']
[1.313s] Level 1:colcon.colcon_core.package_identification:_identify(install) by extension 'ignore'
[1.313s] Level 1:colcon.colcon_core.package_identification:_identify(install) ignored
[1.314s] Level 1:colcon.colcon_core.package_identification:_identify(log) by extensions ['ignore', 'ignore_ament_install']
[1.314s] Level 1:colcon.colcon_core.package_identification:_identify(log) by extension 'ignore'
[1.314s] Level 1:colcon.colcon_core.package_identification:_identify(log) ignored
[1.314s] Level 1:colcon.colcon_core.package_identification:_identify(src) by extensions ['ignore', 'ignore_ament_install']
[1.315s] Level 1:colcon.colcon_core.package_identification:_identify(src) by extension 'ignore'
[1.315s] Level 1:colcon.colcon_core.package_identification:_identify(src) by extension 'ignore_ament_install'
[1.315s] Level 1:colcon.colcon_core.package_identification:_identify(src) by extensions ['colcon_pkg']
[1.315s] Level 1:colcon.colcon_core.package_identification:_identify(src) by extension 'colcon_pkg'
[1.315s] Level 1:colcon.colcon_core.package_identification:_identify(src) by extensions ['colcon_meta']
[1.316s] Level 1:colcon.colcon_core.package_identification:_identify(src) by extension 'colcon_meta'
[1.316s] Level 1:colcon.colcon_core.package_identification:_identify(src) by extensions ['ros']
[1.316s] Level 1:colcon.colcon_core.package_identification:_identify(src) by extension 'ros'
[1.316s] Level 1:colcon.colcon_core.package_identification:_identify(src) by extensions ['cmake', 'python']
[1.316s] Level 1:colcon.colcon_core.package_identification:_identify(src) by extension 'cmake'
[1.316s] Level 1:colcon.colcon_core.package_identification:_identify(src) by extension 'python'
[1.317s] Level 1:colcon.colcon_core.package_identification:_identify(src) by extensions ['python_setup_py']
[1.317s] Level 1:colcon.colcon_core.package_identification:_identify(src) by extension 'python_setup_py'
[1.317s] Level 1:colcon.colcon_core.package_identification:_identify(src/manip_pkg) by extensions ['ignore', 'ignore_ament_install']
[1.318s] Level 1:colcon.colcon_core.package_identification:_identify(src/manip_pkg) by extension 'ignore'
[1.318s] Level 1:colcon.colcon_core.package_identification:_identify(src/manip_pkg) by extension 'ignore_ament_install'
[1.318s] Level 1:colcon.colcon_core.package_identification:_identify(src/manip_pkg) by extensions ['colcon_pkg']
[1.318s] Level 1:colcon.colcon_core.package_identification:_identify(src/manip_pkg) by extension 'colcon_pkg'
[1.318s] Level 1:colcon.colcon_core.package_identification:_identify(src/manip_pkg) by extensions ['colcon_meta']
[1.318s] Level 1:colcon.colcon_core.package_identification:_identify(src/manip_pkg) by extension 'colcon_meta'
[1.319s] Level 1:colcon.colcon_core.package_identification:_identify(src/manip_pkg) by extensions ['ros']
[1.319s] Level 1:colcon.colcon_core.package_identification:_identify(src/manip_pkg) by extension 'ros'
[1.327s] DEBUG:colcon.colcon_core.package_identification:Package 'src/manip_pkg' with type 'ros.ament_python' and name 'manip_pkg'
[1.327s] Level 1:colcon.colcon_core.package_discovery:discover_packages(recursive) using defaults
[1.327s] Level 1:colcon.colcon_core.package_discovery:discover_packages(ignore) discover
[1.327s] Level 1:colcon.colcon_core.package_discovery:discover_packages(ignore) using defaults
[1.327s] Level 1:colcon.colcon_core.package_discovery:discover_packages(path) discover
[1.327s] Level 1:colcon.colcon_core.package_discovery:discover_packages(path) using defaults
[1.402s] Level 1:colcon.colcon_core.package_discovery:discover_packages(prefix_path) check parameters
[1.402s] Level 1:colcon.colcon_core.package_discovery:discover_packages(prefix_path) discover
[1.410s] DEBUG:colcon.colcon_installed_package_information.package_discovery:Found 1 installed packages in /home/wall-e/Desktop/manip_ws/install
[1.419s] DEBUG:colcon.colcon_installed_package_information.package_discovery:Found 275 installed packages in /opt/ros/humble
[1.467s] Level 1:colcon.colcon_core.package_discovery:discover_packages(prefix_path) using defaults
[1.627s] Level 5:colcon.colcon_core.verb:set package 'manip_pkg' build argument 'cmake_args' from command line to 'None'
[1.627s] Level 5:colcon.colcon_core.verb:set package 'manip_pkg' build argument 'cmake_target' from command line to 'None'
[1.628s] Level 5:colcon.colcon_core.verb:set package 'manip_pkg' build argument 'cmake_target_skip_unavailable' from command line to 'False'
[1.628s] Level 5:colcon.colcon_core.verb:set package 'manip_pkg' build argument 'cmake_clean_cache' from command line to 'False'
[1.628s] Level 5:colcon.colcon_core.verb:set package 'manip_pkg' build argument 'cmake_clean_first' from command line to 'False'
[1.628s] Level 5:colcon.colcon_core.verb:set package 'manip_pkg' build argument 'cmake_force_configure' from command line to 'False'
[1.628s] Level 5:colcon.colcon_core.verb:set package 'manip_pkg' build argument 'ament_cmake_args' from command line to 'None'
[1.628s] Level 5:colcon.colcon_core.verb:set package 'manip_pkg' build argument 'catkin_cmake_args' from command line to 'None'
[1.628s] Level 5:colcon.colcon_core.verb:set package 'manip_pkg' build argument 'catkin_skip_building_tests' from command line to 'False'
[1.628s] DEBUG:colcon.colcon_core.verb:Building package 'manip_pkg' with the following arguments: {'ament_cmake_args': None, 'build_base': '/home/wall-e/Desktop/manip_ws/build/manip_pkg', 'catkin_cmake_args': None, 'catkin_skip_building_tests': False, 'cmake_args': None, 'cmake_clean_cache': False, 'cmake_clean_first': False, 'cmake_force_configure': False, 'cmake_target': None, 'cmake_target_skip_unavailable': False, 'install_base': '/home/wall-e/Desktop/manip_ws/install/manip_pkg', 'merge_install': False, 'path': '/home/wall-e/Desktop/manip_ws/src/manip_pkg', 'symlink_install': False, 'test_result_base': None}
[1.629s] INFO:colcon.colcon_core.executor:Executing jobs using 'parallel' executor
[1.632s] DEBUG:colcon.colcon_parallel_executor.executor.parallel:run_until_complete
[1.633s] INFO:colcon.colcon_ros.task.ament_python.build:Building ROS package in '/home/wall-e/Desktop/manip_ws/src/manip_pkg' with build type 'ament_python'
[1.634s] Level 1:colcon.colcon_core.shell:create_environment_hook('manip_pkg', 'ament_prefix_path')
[1.642s] INFO:colcon.colcon_core.plugin_system:Skipping extension 'colcon_core.shell.bat': Not used on non-Windows systems
[1.644s] INFO:colcon.colcon_core.shell:Creating environment hook '/home/wall-e/Desktop/manip_ws/install/manip_pkg/share/manip_pkg/hook/ament_prefix_path.ps1'
[1.647s] INFO:colcon.colcon_core.shell:Creating environment descriptor '/home/wall-e/Desktop/manip_ws/install/manip_pkg/share/manip_pkg/hook/ament_prefix_path.dsv'
[1.651s] INFO:colcon.colcon_core.shell:Creating environment hook '/home/wall-e/Desktop/manip_ws/install/manip_pkg/share/manip_pkg/hook/ament_prefix_path.sh'
[1.655s] INFO:colcon.colcon_core.shell:Skip shell extension 'powershell' for command environment: Not usable outside of PowerShell
[1.655s] DEBUG:colcon.colcon_core.shell:Skip shell extension 'dsv' for command environment
[2.852s] INFO:colcon.colcon_core.task.python.build:Building Python package in '/home/wall-e/Desktop/manip_ws/src/manip_pkg'
[2.853s] INFO:colcon.colcon_core.shell:Skip shell extension 'powershell' for command environment: Not usable outside of PowerShell
[2.853s] DEBUG:colcon.colcon_core.shell:Skip shell extension 'dsv' for command environment
[4.332s] DEBUG:colcon.colcon_core.event_handler.log_command:Invoking command in '/home/wall-e/Desktop/manip_ws/src/manip_pkg': PYTHONPATH=/home/wall-e/Desktop/manip_ws/build/manip_pkg/prefix_override:/home/wall-e/Desktop/manip_ws/install/manip_pkg/lib/python3.10/site-packages:${PYTHONPATH} /usr/bin/python3 -W ignore:setup.py install is deprecated setup.py egg_info --egg-base ../../build/manip_pkg build --build-base /home/wall-e/Desktop/manip_ws/build/manip_pkg/build install --record /home/wall-e/Desktop/manip_ws/build/manip_pkg/install.log --single-version-externally-managed install_data
[5.683s] DEBUG:colcon.colcon_core.event_handler.log_command:Invoked command in '/home/wall-e/Desktop/manip_ws/src/manip_pkg' returned '0': PYTHONPATH=/home/wall-e/Desktop/manip_ws/build/manip_pkg/prefix_override:/home/wall-e/Desktop/manip_ws/install/manip_pkg/lib/python3.10/site-packages:${PYTHONPATH} /usr/bin/python3 -W ignore:setup.py install is deprecated setup.py egg_info --egg-base ../../build/manip_pkg build --build-base /home/wall-e/Desktop/manip_ws/build/manip_pkg/build install --record /home/wall-e/Desktop/manip_ws/build/manip_pkg/install.log --single-version-externally-managed install_data
[5.693s] Level 1:colcon.colcon_core.environment:checking '/home/wall-e/Desktop/manip_ws/install/manip_pkg' for CMake module files
[5.696s] Level 1:colcon.colcon_core.environment:checking '/home/wall-e/Desktop/manip_ws/install/manip_pkg' for CMake config files
[5.719s] Level 1:colcon.colcon_core.environment:checking '/home/wall-e/Desktop/manip_ws/install/manip_pkg/lib'
[5.721s] Level 1:colcon.colcon_core.environment:checking '/home/wall-e/Desktop/manip_ws/install/manip_pkg/bin'
[5.722s] Level 1:colcon.colcon_core.environment:checking '/home/wall-e/Desktop/manip_ws/install/manip_pkg/lib/pkgconfig/manip_pkg.pc'
[5.724s] Level 1:colcon.colcon_core.environment:checking '/home/wall-e/Desktop/manip_ws/install/manip_pkg/lib/python3.10/site-packages'
[5.724s] Level 1:colcon.colcon_core.shell:create_environment_hook('manip_pkg', 'pythonpath')
[5.725s] INFO:colcon.colcon_core.shell:Creating environment hook '/home/wall-e/Desktop/manip_ws/install/manip_pkg/share/manip_pkg/hook/pythonpath.ps1'
[5.728s] INFO:colcon.colcon_core.shell:Creating environment descriptor '/home/wall-e/Desktop/manip_ws/install/manip_pkg/share/manip_pkg/hook/pythonpath.dsv'
[5.730s] INFO:colcon.colcon_core.shell:Creating environment hook '/home/wall-e/Desktop/manip_ws/install/manip_pkg/share/manip_pkg/hook/pythonpath.sh'
[5.733s] Level 1:colcon.colcon_core.environment:checking '/home/wall-e/Desktop/manip_ws/install/manip_pkg/bin'
[5.734s] Level 1:colcon.colcon_core.environment:create_environment_scripts_only(manip_pkg)
[5.735s] INFO:colcon.colcon_core.shell:Creating package script '/home/wall-e/Desktop/manip_ws/install/manip_pkg/share/manip_pkg/package.ps1'
[5.738s] INFO:colcon.colcon_core.shell:Creating package descriptor '/home/wall-e/Desktop/manip_ws/install/manip_pkg/share/manip_pkg/package.dsv'
[5.740s] INFO:colcon.colcon_core.shell:Creating package script '/home/wall-e/Desktop/manip_ws/install/manip_pkg/share/manip_pkg/package.sh'
[5.743s] INFO:colcon.colcon_core.shell:Creating package script '/home/wall-e/Desktop/manip_ws/install/manip_pkg/share/manip_pkg/package.bash'
[5.746s] INFO:colcon.colcon_core.shell:Creating package script '/home/wall-e/Desktop/manip_ws/install/manip_pkg/share/manip_pkg/package.zsh'
[5.749s] Level 1:colcon.colcon_core.environment:create_file_with_runtime_dependencies(/home/wall-e/Desktop/manip_ws/install/manip_pkg/share/colcon-core/packages/manip_pkg)
[5.750s] DEBUG:colcon.colcon_parallel_executor.executor.parallel:closing loop
[5.751s] DEBUG:colcon.colcon_parallel_executor.executor.parallel:loop closed
[5.751s] DEBUG:colcon.colcon_parallel_executor.executor.parallel:run_until_complete finished with '0'
[5.752s] DEBUG:colcon.colcon_core.event_reactor:joining thread
[5.777s] INFO:colcon.colcon_core.plugin_system:Skipping extension 'colcon_notification.desktop_notification.terminal_notifier': Not used on non-Darwin systems
[5.777s] INFO:colcon.colcon_core.plugin_system:Skipping extension 'colcon_notification.desktop_notification.win32': Not used on non-Windows systems
[5.778s] INFO:colcon.colcon_notification.desktop_notification:Sending desktop notification using 'notify2'
[5.825s] DEBUG:colcon.colcon_core.event_reactor:joined thread
[5.827s] INFO:colcon.colcon_core.shell:Creating prefix script '/home/wall-e/Desktop/manip_ws/install/local_setup.ps1'
[5.831s] INFO:colcon.colcon_core.shell:Creating prefix util module '/home/wall-e/Desktop/manip_ws/install/_local_setup_util_ps1.py'
[5.838s] INFO:colcon.colcon_core.shell:Creating prefix chain script '/home/wall-e/Desktop/manip_ws/install/setup.ps1'
[5.844s] INFO:colcon.colcon_core.shell:Creating prefix script '/home/wall-e/Desktop/manip_ws/install/local_setup.sh'
[5.852s] INFO:colcon.colcon_core.shell:Creating prefix util module '/home/wall-e/Desktop/manip_ws/install/_local_setup_util_sh.py'
[5.862s] INFO:colcon.colcon_core.shell:Creating prefix chain script '/home/wall-e/Desktop/manip_ws/install/setup.sh'
[5.869s] INFO:colcon.colcon_core.shell:Creating prefix script '/home/wall-e/Desktop/manip_ws/install/local_setup.bash'
[5.877s] INFO:colcon.colcon_core.shell:Creating prefix chain script '/home/wall-e/Desktop/manip_ws/install/setup.bash'
[5.884s] INFO:colcon.colcon_core.shell:Creating prefix script '/home/wall-e/Desktop/manip_ws/install/local_setup.zsh'
[5.887s] INFO:colcon.colcon_core.shell:Creating prefix chain script '/home/wall-e/Desktop/manip_ws/install/setup.zsh'
