[35m[1mConsolidate compiler generated dependencies of target mpu6050driver[0m
[100%] Built target mpu6050driver
-- Install configuration: ""
-- Installing: /home/wall-e/Desktop/Hiperion---ELA220/install/mpu6050driver/lib/mpu6050driver/mpu6050driver
-- Set runtime path of "/home/wall-e/Desktop/Hiperion---ELA220/install/mpu6050driver/lib/mpu6050driver/mpu6050driver" to ""
-- Installing: /home/wall-e/Desktop/Hiperion---ELA220/install/mpu6050driver/share/mpu6050driver//launch
-- Installing: /home/wall-e/Desktop/Hiperion---ELA220/install/mpu6050driver/share/mpu6050driver//launch/mpu6050driver_launch.py
-- Installing: /home/wall-e/Desktop/Hiperion---ELA220/install/mpu6050driver/share/mpu6050driver//params
-- Installing: /home/wall-e/Desktop/Hiperion---ELA220/install/mpu6050driver/share/mpu6050driver//params/mpu6050.yaml
-- Installing: /home/wall-e/Desktop/Hiperion---ELA220/install/mpu6050driver/share/ament_index/resource_index/package_run_dependencies/mpu6050driver
-- Installing: /home/wall-e/Desktop/Hiperion---ELA220/install/mpu6050driver/share/ament_index/resource_index/parent_prefix_path/mpu6050driver
-- Installing: /home/wall-e/Desktop/Hiperion---ELA220/install/mpu6050driver/share/mpu6050driver/environment/ament_prefix_path.sh
-- Installing: /home/wall-e/Desktop/Hiperion---ELA220/install/mpu6050driver/share/mpu6050driver/environment/ament_prefix_path.dsv
-- Installing: /home/wall-e/Desktop/Hiperion---ELA220/install/mpu6050driver/share/mpu6050driver/environment/path.sh
-- Installing: /home/wall-e/Desktop/Hiperion---ELA220/install/mpu6050driver/share/mpu6050driver/environment/path.dsv
-- Installing: /home/wall-e/Desktop/Hiperion---ELA220/install/mpu6050driver/share/mpu6050driver/local_setup.bash
-- Installing: /home/wall-e/Desktop/Hiperion---ELA220/install/mpu6050driver/share/mpu6050driver/local_setup.sh
-- Installing: /home/wall-e/Desktop/Hiperion---ELA220/install/mpu6050driver/share/mpu6050driver/local_setup.zsh
-- Installing: /home/wall-e/Desktop/Hiperion---ELA220/install/mpu6050driver/share/mpu6050driver/local_setup.dsv
-- Installing: /home/wall-e/Desktop/Hiperion---ELA220/install/mpu6050driver/share/mpu6050driver/package.dsv
-- Installing: /home/wall-e/Desktop/Hiperion---ELA220/install/mpu6050driver/share/ament_index/resource_index/packages/mpu6050driver
-- Installing: /home/wall-e/Desktop/Hiperion---ELA220/install/mpu6050driver/share/mpu6050driver/cmake/mpu6050driverConfig.cmake
-- Installing: /home/wall-e/Desktop/Hiperion---ELA220/install/mpu6050driver/share/mpu6050driver/cmake/mpu6050driverConfig-version.cmake
-- Installing: /home/wall-e/Desktop/Hiperion---ELA220/install/mpu6050driver/share/mpu6050driver/package.xml
