[0.816s] Invoking command in '/home/wall-e/Desktop/Hiperion---ELA220/build/my_box_bot_gazebo': AMENT_PREFIX_PATH=/home/wall-e/Desktop/Hiperion---ELA220/install/my_box_bot_description:${AMENT_PREFIX_PATH} CMAKE_PREFIX_PATH=/home/wall-e/Desktop/Hiperion---ELA220/install/my_box_bot_description:/opt/ros/humble /usr/bin/cmake /home/wall-e/Desktop/Hiperion---ELA220/src/my_box_bot_gazebo -DCMAKE_INSTALL_PREFIX=/home/wall-e/Desktop/Hiperion---ELA220/install/my_box_bot_gazebo
[1.095s] -- The C compiler identification is GNU 11.4.0
[1.389s] -- The CXX compiler identification is GNU 11.4.0
[1.420s] -- Detecting C compiler ABI info
[1.745s] -- Detecting C compiler ABI info - done
[1.773s] -- Check for working C compiler: /usr/bin/cc - skipped
[1.774s] -- Detecting C compile features
[1.777s] -- Detecting C compile features - done
[1.789s] -- Detecting CXX compiler ABI info
[2.152s] -- Detecting CXX compiler ABI info - done
[2.181s] -- Check for working CXX compiler: /usr/bin/c++ - skipped
[2.183s] -- Detecting CXX compile features
[2.184s] -- Detecting CXX compile features - done
[2.207s] -- Found ament_cmake: 1.3.8 (/opt/ros/humble/share/ament_cmake/cmake)
[2.950s] -- Found Python3: /usr/bin/python3 (found version "3.10.12") found components: Interpreter 
[3.544s] -- Found rclpy: 3.3.12 (/opt/ros/humble/share/rclpy/cmake)
[3.708s] [31mCMake Error at CMakeLists.txt:11 (find_package):
[3.709s]   By not providing "Findgazebo_ros.cmake" in CMAKE_MODULE_PATH this project
[3.709s]   has asked CMake to find a package configuration file provided by
[3.710s]   "gazebo_ros", but CMake did not find one.
[3.710s] 
[3.711s]   Could not find a package configuration file provided by "gazebo_ros" with
[3.711s]   any of the following names:
[3.712s] 
[3.713s]     gazebo_rosConfig.cmake
[3.714s]     gazebo_ros-config.cmake
[3.716s] 
[3.717s]   Add the installation prefix of "gazebo_ros" to CMAKE_PREFIX_PATH or set
[3.718s]   "gazebo_ros_DIR" to a directory containing one of the above files.  If
[3.719s]   "gazebo_ros" provides a separate development package or SDK, be sure it has
[3.719s]   been installed.
[3.720s] 
[3.721s] [0m
[3.721s] -- Configuring incomplete, errors occurred!
[3.721s] See also "/home/wall-e/Desktop/Hiperion---ELA220/build/my_box_bot_gazebo/CMakeFiles/CMakeOutput.log".
[3.727s] Invoked command in '/home/wall-e/Desktop/Hiperion---ELA220/build/my_box_bot_gazebo' returned '1': AMENT_PREFIX_PATH=/home/wall-e/Desktop/Hiperion---ELA220/install/my_box_bot_description:${AMENT_PREFIX_PATH} CMAKE_PREFIX_PATH=/home/wall-e/Desktop/Hiperion---ELA220/install/my_box_bot_description:/opt/ros/humble /usr/bin/cmake /home/wall-e/Desktop/Hiperion---ELA220/src/my_box_bot_gazebo -DCMAKE_INSTALL_PREFIX=/home/wall-e/Desktop/Hiperion---ELA220/install/my_box_bot_gazebo
