[0.298s] DEBUG:colcon:Command line arguments: ['/usr/bin/colcon', 'list', '-p', '--base-paths', '/home/llagoeiro/Desktop/Hiperion-ELA220']
[0.298s] DEBUG:colcon:Parsed command line arguments: Namespace(log_base=None, log_level=None, verb_name='list', build_base='build', ignore_user_meta=False, metas=['./colcon.meta'], base_paths=['/home/llagoeiro/Desktop/Hiperion-ELA220'], packages_ignore=None, packages_ignore_regex=None, paths=None, packages_up_to=None, packages_up_to_regex=None, packages_above=None, packages_above_and_dependencies=None, packages_above_depth=None, packages_select_by_dep=None, packages_skip_by_dep=None, packages_skip_up_to=None, packages_select_build_failed=False, packages_skip_build_finished=False, packages_select_test_failures=False, packages_skip_test_passed=False, packages_select=None, packages_skip=None, packages_select_regex=None, packages_skip_regex=None, packages_start=None, packages_end=None, allow_overriding=[], topological_order=False, names_only=False, paths_only=True, topological_graph=False, topological_graph_dot=False, topological_graph_density=False, topological_graph_legend=False, topological_graph_dot_cluster=False, topological_graph_dot_include_skipped=False, mixin_files=None, mixin=None, verb_parser=<colcon_mixin.mixin.mixin_argument.MixinArgumentDecorator object at 0x7f0586c33e80>, verb_extension=<colcon_package_information.verb.list.ListVerb object at 0x7f0586dab8b0>, main=<bound method ListVerb.main of <colcon_package_information.verb.list.ListVerb object at 0x7f0586dab8b0>>, mixin_verb=('list',))
[0.889s] Level 1:colcon.colcon_core.package_discovery:discover_packages(colcon_meta) check parameters
[0.889s] Level 1:colcon.colcon_core.package_discovery:discover_packages(recursive) check parameters
[0.889s] Level 1:colcon.colcon_core.package_discovery:discover_packages(ignore) check parameters
[0.890s] Level 1:colcon.colcon_core.package_discovery:discover_packages(path) check parameters
[0.890s] Level 1:colcon.colcon_core.package_discovery:discover_packages(recursive) discover
[0.890s] INFO:colcon.colcon_core.package_discovery:Crawling recursively for packages in '/home/llagoeiro/Desktop/Hiperion-ELA220'
[0.891s] Level 1:colcon.colcon_core.package_identification:_identify(/home/llagoeiro/Desktop/Hiperion-ELA220) by extensions ['ignore', 'ignore_ament_install']
[0.891s] Level 1:colcon.colcon_core.package_identification:_identify(/home/llagoeiro/Desktop/Hiperion-ELA220) by extension 'ignore'
[0.891s] Level 1:colcon.colcon_core.package_identification:_identify(/home/llagoeiro/Desktop/Hiperion-ELA220) by extension 'ignore_ament_install'
[0.891s] Level 1:colcon.colcon_core.package_identification:_identify(/home/llagoeiro/Desktop/Hiperion-ELA220) by extensions ['colcon_pkg']
[0.891s] Level 1:colcon.colcon_core.package_identification:_identify(/home/llagoeiro/Desktop/Hiperion-ELA220) by extension 'colcon_pkg'
[0.892s] Level 1:colcon.colcon_core.package_identification:_identify(/home/llagoeiro/Desktop/Hiperion-ELA220) by extensions ['colcon_meta']
[0.892s] Level 1:colcon.colcon_core.package_identification:_identify(/home/llagoeiro/Desktop/Hiperion-ELA220) by extension 'colcon_meta'
[0.892s] Level 1:colcon.colcon_core.package_identification:_identify(/home/llagoeiro/Desktop/Hiperion-ELA220) by extensions ['ros']
[0.892s] Level 1:colcon.colcon_core.package_identification:_identify(/home/llagoeiro/Desktop/Hiperion-ELA220) by extension 'ros'
[0.925s] Level 1:colcon.colcon_core.package_identification:_identify(/home/llagoeiro/Desktop/Hiperion-ELA220) by extensions ['cmake', 'python']
[0.925s] Level 1:colcon.colcon_core.package_identification:_identify(/home/llagoeiro/Desktop/Hiperion-ELA220) by extension 'cmake'
[0.926s] Level 1:colcon.colcon_core.package_identification:_identify(/home/llagoeiro/Desktop/Hiperion-ELA220) by extension 'python'
[0.926s] Level 1:colcon.colcon_core.package_identification:_identify(/home/llagoeiro/Desktop/Hiperion-ELA220) by extensions ['python_setup_py']
[0.926s] Level 1:colcon.colcon_core.package_identification:_identify(/home/llagoeiro/Desktop/Hiperion-ELA220) by extension 'python_setup_py'
[0.926s] Level 1:colcon.colcon_core.package_identification:_identify(/home/llagoeiro/Desktop/Hiperion-ELA220/build) by extensions ['ignore', 'ignore_ament_install']
[0.926s] Level 1:colcon.colcon_core.package_identification:_identify(/home/llagoeiro/Desktop/Hiperion-ELA220/build) by extension 'ignore'
[0.926s] Level 1:colcon.colcon_core.package_identification:_identify(/home/llagoeiro/Desktop/Hiperion-ELA220/build) ignored
[0.927s] Level 1:colcon.colcon_core.package_identification:_identify(/home/llagoeiro/Desktop/Hiperion-ELA220/install) by extensions ['ignore', 'ignore_ament_install']
[0.927s] Level 1:colcon.colcon_core.package_identification:_identify(/home/llagoeiro/Desktop/Hiperion-ELA220/install) by extension 'ignore'
[0.927s] Level 1:colcon.colcon_core.package_identification:_identify(/home/llagoeiro/Desktop/Hiperion-ELA220/install) ignored
[0.927s] Level 1:colcon.colcon_core.package_identification:_identify(/home/llagoeiro/Desktop/Hiperion-ELA220/log) by extensions ['ignore', 'ignore_ament_install']
[0.927s] Level 1:colcon.colcon_core.package_identification:_identify(/home/llagoeiro/Desktop/Hiperion-ELA220/log) by extension 'ignore'
[0.927s] Level 1:colcon.colcon_core.package_identification:_identify(/home/llagoeiro/Desktop/Hiperion-ELA220/log) ignored
[0.928s] Level 1:colcon.colcon_core.package_identification:_identify(/home/llagoeiro/Desktop/Hiperion-ELA220/src) by extensions ['ignore', 'ignore_ament_install']
[0.928s] Level 1:colcon.colcon_core.package_identification:_identify(/home/llagoeiro/Desktop/Hiperion-ELA220/src) by extension 'ignore'
[0.928s] Level 1:colcon.colcon_core.package_identification:_identify(/home/llagoeiro/Desktop/Hiperion-ELA220/src) by extension 'ignore_ament_install'
[0.928s] Level 1:colcon.colcon_core.package_identification:_identify(/home/llagoeiro/Desktop/Hiperion-ELA220/src) by extensions ['colcon_pkg']
[0.928s] Level 1:colcon.colcon_core.package_identification:_identify(/home/llagoeiro/Desktop/Hiperion-ELA220/src) by extension 'colcon_pkg'
[0.928s] Level 1:colcon.colcon_core.package_identification:_identify(/home/llagoeiro/Desktop/Hiperion-ELA220/src) by extensions ['colcon_meta']
[0.928s] Level 1:colcon.colcon_core.package_identification:_identify(/home/llagoeiro/Desktop/Hiperion-ELA220/src) by extension 'colcon_meta'
[0.929s] Level 1:colcon.colcon_core.package_identification:_identify(/home/llagoeiro/Desktop/Hiperion-ELA220/src) by extensions ['ros']
[0.929s] Level 1:colcon.colcon_core.package_identification:_identify(/home/llagoeiro/Desktop/Hiperion-ELA220/src) by extension 'ros'
[0.929s] Level 1:colcon.colcon_core.package_identification:_identify(/home/llagoeiro/Desktop/Hiperion-ELA220/src) by extensions ['cmake', 'python']
[0.929s] Level 1:colcon.colcon_core.package_identification:_identify(/home/llagoeiro/Desktop/Hiperion-ELA220/src) by extension 'cmake'
[0.929s] Level 1:colcon.colcon_core.package_identification:_identify(/home/llagoeiro/Desktop/Hiperion-ELA220/src) by extension 'python'
[0.929s] Level 1:colcon.colcon_core.package_identification:_identify(/home/llagoeiro/Desktop/Hiperion-ELA220/src) by extensions ['python_setup_py']
[0.929s] Level 1:colcon.colcon_core.package_identification:_identify(/home/llagoeiro/Desktop/Hiperion-ELA220/src) by extension 'python_setup_py'
[0.929s] Level 1:colcon.colcon_core.package_identification:_identify(/home/llagoeiro/Desktop/Hiperion-ELA220/src/Node_serial_Arduino) by extensions ['ignore', 'ignore_ament_install']
[0.929s] Level 1:colcon.colcon_core.package_identification:_identify(/home/llagoeiro/Desktop/Hiperion-ELA220/src/Node_serial_Arduino) by extension 'ignore'
[0.930s] Level 1:colcon.colcon_core.package_identification:_identify(/home/llagoeiro/Desktop/Hiperion-ELA220/src/Node_serial_Arduino) by extension 'ignore_ament_install'
[0.930s] Level 1:colcon.colcon_core.package_identification:_identify(/home/llagoeiro/Desktop/Hiperion-ELA220/src/Node_serial_Arduino) by extensions ['colcon_pkg']
[0.930s] Level 1:colcon.colcon_core.package_identification:_identify(/home/llagoeiro/Desktop/Hiperion-ELA220/src/Node_serial_Arduino) by extension 'colcon_pkg'
[0.930s] Level 1:colcon.colcon_core.package_identification:_identify(/home/llagoeiro/Desktop/Hiperion-ELA220/src/Node_serial_Arduino) by extensions ['colcon_meta']
[0.930s] Level 1:colcon.colcon_core.package_identification:_identify(/home/llagoeiro/Desktop/Hiperion-ELA220/src/Node_serial_Arduino) by extension 'colcon_meta'
[0.930s] Level 1:colcon.colcon_core.package_identification:_identify(/home/llagoeiro/Desktop/Hiperion-ELA220/src/Node_serial_Arduino) by extensions ['ros']
[0.930s] Level 1:colcon.colcon_core.package_identification:_identify(/home/llagoeiro/Desktop/Hiperion-ELA220/src/Node_serial_Arduino) by extension 'ros'
[0.930s] Level 1:colcon.colcon_core.package_identification:_identify(/home/llagoeiro/Desktop/Hiperion-ELA220/src/Node_serial_Arduino) by extensions ['cmake', 'python']
[0.930s] Level 1:colcon.colcon_core.package_identification:_identify(/home/llagoeiro/Desktop/Hiperion-ELA220/src/Node_serial_Arduino) by extension 'cmake'
[0.930s] Level 1:colcon.colcon_core.package_identification:_identify(/home/llagoeiro/Desktop/Hiperion-ELA220/src/Node_serial_Arduino) by extension 'python'
[0.930s] Level 1:colcon.colcon_core.package_identification:_identify(/home/llagoeiro/Desktop/Hiperion-ELA220/src/Node_serial_Arduino) by extensions ['python_setup_py']
[0.930s] Level 1:colcon.colcon_core.package_identification:_identify(/home/llagoeiro/Desktop/Hiperion-ELA220/src/Node_serial_Arduino) by extension 'python_setup_py'
[0.931s] Level 1:colcon.colcon_core.package_identification:_identify(/home/llagoeiro/Desktop/Hiperion-ELA220/src/Node_serial_Arduino/Node_serial_Arduino) by extensions ['ignore', 'ignore_ament_install']
[0.931s] Level 1:colcon.colcon_core.package_identification:_identify(/home/llagoeiro/Desktop/Hiperion-ELA220/src/Node_serial_Arduino/Node_serial_Arduino) by extension 'ignore'
[0.931s] Level 1:colcon.colcon_core.package_identification:_identify(/home/llagoeiro/Desktop/Hiperion-ELA220/src/Node_serial_Arduino/Node_serial_Arduino) by extension 'ignore_ament_install'
[0.931s] Level 1:colcon.colcon_core.package_identification:_identify(/home/llagoeiro/Desktop/Hiperion-ELA220/src/Node_serial_Arduino/Node_serial_Arduino) by extensions ['colcon_pkg']
[0.931s] Level 1:colcon.colcon_core.package_identification:_identify(/home/llagoeiro/Desktop/Hiperion-ELA220/src/Node_serial_Arduino/Node_serial_Arduino) by extension 'colcon_pkg'
[0.931s] Level 1:colcon.colcon_core.package_identification:_identify(/home/llagoeiro/Desktop/Hiperion-ELA220/src/Node_serial_Arduino/Node_serial_Arduino) by extensions ['colcon_meta']
[0.931s] Level 1:colcon.colcon_core.package_identification:_identify(/home/llagoeiro/Desktop/Hiperion-ELA220/src/Node_serial_Arduino/Node_serial_Arduino) by extension 'colcon_meta'
[0.931s] Level 1:colcon.colcon_core.package_identification:_identify(/home/llagoeiro/Desktop/Hiperion-ELA220/src/Node_serial_Arduino/Node_serial_Arduino) by extensions ['ros']
[0.931s] Level 1:colcon.colcon_core.package_identification:_identify(/home/llagoeiro/Desktop/Hiperion-ELA220/src/Node_serial_Arduino/Node_serial_Arduino) by extension 'ros'
[0.932s] Level 1:colcon.colcon_core.package_identification:_identify(/home/llagoeiro/Desktop/Hiperion-ELA220/src/Node_serial_Arduino/Node_serial_Arduino) by extensions ['cmake', 'python']
[0.932s] Level 1:colcon.colcon_core.package_identification:_identify(/home/llagoeiro/Desktop/Hiperion-ELA220/src/Node_serial_Arduino/Node_serial_Arduino) by extension 'cmake'
[0.932s] Level 1:colcon.colcon_core.package_identification:_identify(/home/llagoeiro/Desktop/Hiperion-ELA220/src/Node_serial_Arduino/Node_serial_Arduino) by extension 'python'
[0.932s] Level 1:colcon.colcon_core.package_identification:_identify(/home/llagoeiro/Desktop/Hiperion-ELA220/src/Node_serial_Arduino/Node_serial_Arduino) by extensions ['python_setup_py']
[0.932s] Level 1:colcon.colcon_core.package_identification:_identify(/home/llagoeiro/Desktop/Hiperion-ELA220/src/Node_serial_Arduino/Node_serial_Arduino) by extension 'python_setup_py'
[0.932s] Level 1:colcon.colcon_core.package_identification:_identify(/home/llagoeiro/Desktop/Hiperion-ELA220/src/Node_serial_Arduino/serial_arduino_ROS) by extensions ['ignore', 'ignore_ament_install']
[0.932s] Level 1:colcon.colcon_core.package_identification:_identify(/home/llagoeiro/Desktop/Hiperion-ELA220/src/Node_serial_Arduino/serial_arduino_ROS) by extension 'ignore'
[0.932s] Level 1:colcon.colcon_core.package_identification:_identify(/home/llagoeiro/Desktop/Hiperion-ELA220/src/Node_serial_Arduino/serial_arduino_ROS) by extension 'ignore_ament_install'
[0.933s] Level 1:colcon.colcon_core.package_identification:_identify(/home/llagoeiro/Desktop/Hiperion-ELA220/src/Node_serial_Arduino/serial_arduino_ROS) by extensions ['colcon_pkg']
[0.933s] Level 1:colcon.colcon_core.package_identification:_identify(/home/llagoeiro/Desktop/Hiperion-ELA220/src/Node_serial_Arduino/serial_arduino_ROS) by extension 'colcon_pkg'
[0.933s] Level 1:colcon.colcon_core.package_identification:_identify(/home/llagoeiro/Desktop/Hiperion-ELA220/src/Node_serial_Arduino/serial_arduino_ROS) by extensions ['colcon_meta']
[0.933s] Level 1:colcon.colcon_core.package_identification:_identify(/home/llagoeiro/Desktop/Hiperion-ELA220/src/Node_serial_Arduino/serial_arduino_ROS) by extension 'colcon_meta'
[0.933s] Level 1:colcon.colcon_core.package_identification:_identify(/home/llagoeiro/Desktop/Hiperion-ELA220/src/Node_serial_Arduino/serial_arduino_ROS) by extensions ['ros']
[0.933s] Level 1:colcon.colcon_core.package_identification:_identify(/home/llagoeiro/Desktop/Hiperion-ELA220/src/Node_serial_Arduino/serial_arduino_ROS) by extension 'ros'
[0.933s] Level 1:colcon.colcon_core.package_identification:_identify(/home/llagoeiro/Desktop/Hiperion-ELA220/src/Node_serial_Arduino/serial_arduino_ROS) by extensions ['cmake', 'python']
[0.933s] Level 1:colcon.colcon_core.package_identification:_identify(/home/llagoeiro/Desktop/Hiperion-ELA220/src/Node_serial_Arduino/serial_arduino_ROS) by extension 'cmake'
[0.933s] Level 1:colcon.colcon_core.package_identification:_identify(/home/llagoeiro/Desktop/Hiperion-ELA220/src/Node_serial_Arduino/serial_arduino_ROS) by extension 'python'
[0.933s] Level 1:colcon.colcon_core.package_identification:_identify(/home/llagoeiro/Desktop/Hiperion-ELA220/src/Node_serial_Arduino/serial_arduino_ROS) by extensions ['python_setup_py']
[0.933s] Level 1:colcon.colcon_core.package_identification:_identify(/home/llagoeiro/Desktop/Hiperion-ELA220/src/Node_serial_Arduino/serial_arduino_ROS) by extension 'python_setup_py'
[0.934s] Level 1:colcon.colcon_core.package_identification:_identify(/home/llagoeiro/Desktop/Hiperion-ELA220/src/Node_serial_Arduino/serial_arduino_ROS/MotorControlling) by extensions ['ignore', 'ignore_ament_install']
[0.934s] Level 1:colcon.colcon_core.package_identification:_identify(/home/llagoeiro/Desktop/Hiperion-ELA220/src/Node_serial_Arduino/serial_arduino_ROS/MotorControlling) by extension 'ignore'
[0.934s] Level 1:colcon.colcon_core.package_identification:_identify(/home/llagoeiro/Desktop/Hiperion-ELA220/src/Node_serial_Arduino/serial_arduino_ROS/MotorControlling) by extension 'ignore_ament_install'
[0.934s] Level 1:colcon.colcon_core.package_identification:_identify(/home/llagoeiro/Desktop/Hiperion-ELA220/src/Node_serial_Arduino/serial_arduino_ROS/MotorControlling) by extensions ['colcon_pkg']
[0.934s] Level 1:colcon.colcon_core.package_identification:_identify(/home/llagoeiro/Desktop/Hiperion-ELA220/src/Node_serial_Arduino/serial_arduino_ROS/MotorControlling) by extension 'colcon_pkg'
[0.934s] Level 1:colcon.colcon_core.package_identification:_identify(/home/llagoeiro/Desktop/Hiperion-ELA220/src/Node_serial_Arduino/serial_arduino_ROS/MotorControlling) by extensions ['colcon_meta']
[0.934s] Level 1:colcon.colcon_core.package_identification:_identify(/home/llagoeiro/Desktop/Hiperion-ELA220/src/Node_serial_Arduino/serial_arduino_ROS/MotorControlling) by extension 'colcon_meta'
[0.934s] Level 1:colcon.colcon_core.package_identification:_identify(/home/llagoeiro/Desktop/Hiperion-ELA220/src/Node_serial_Arduino/serial_arduino_ROS/MotorControlling) by extensions ['ros']
[0.935s] Level 1:colcon.colcon_core.package_identification:_identify(/home/llagoeiro/Desktop/Hiperion-ELA220/src/Node_serial_Arduino/serial_arduino_ROS/MotorControlling) by extension 'ros'
[0.935s] Level 1:colcon.colcon_core.package_identification:_identify(/home/llagoeiro/Desktop/Hiperion-ELA220/src/Node_serial_Arduino/serial_arduino_ROS/MotorControlling) by extensions ['cmake', 'python']
[0.935s] Level 1:colcon.colcon_core.package_identification:_identify(/home/llagoeiro/Desktop/Hiperion-ELA220/src/Node_serial_Arduino/serial_arduino_ROS/MotorControlling) by extension 'cmake'
[0.935s] Level 1:colcon.colcon_core.package_identification:_identify(/home/llagoeiro/Desktop/Hiperion-ELA220/src/Node_serial_Arduino/serial_arduino_ROS/MotorControlling) by extension 'python'
[0.935s] Level 1:colcon.colcon_core.package_identification:_identify(/home/llagoeiro/Desktop/Hiperion-ELA220/src/Node_serial_Arduino/serial_arduino_ROS/MotorControlling) by extensions ['python_setup_py']
[0.935s] Level 1:colcon.colcon_core.package_identification:_identify(/home/llagoeiro/Desktop/Hiperion-ELA220/src/Node_serial_Arduino/serial_arduino_ROS/MotorControlling) by extension 'python_setup_py'
[0.935s] Level 1:colcon.colcon_core.package_identification:_identify(/home/llagoeiro/Desktop/Hiperion-ELA220/src/Node_serial_Arduino/serial_arduino_ROS/MotorSpeedControl) by extensions ['ignore', 'ignore_ament_install']
[0.935s] Level 1:colcon.colcon_core.package_identification:_identify(/home/llagoeiro/Desktop/Hiperion-ELA220/src/Node_serial_Arduino/serial_arduino_ROS/MotorSpeedControl) by extension 'ignore'
[0.935s] Level 1:colcon.colcon_core.package_identification:_identify(/home/llagoeiro/Desktop/Hiperion-ELA220/src/Node_serial_Arduino/serial_arduino_ROS/MotorSpeedControl) by extension 'ignore_ament_install'
[0.936s] Level 1:colcon.colcon_core.package_identification:_identify(/home/llagoeiro/Desktop/Hiperion-ELA220/src/Node_serial_Arduino/serial_arduino_ROS/MotorSpeedControl) by extensions ['colcon_pkg']
[0.936s] Level 1:colcon.colcon_core.package_identification:_identify(/home/llagoeiro/Desktop/Hiperion-ELA220/src/Node_serial_Arduino/serial_arduino_ROS/MotorSpeedControl) by extension 'colcon_pkg'
[0.936s] Level 1:colcon.colcon_core.package_identification:_identify(/home/llagoeiro/Desktop/Hiperion-ELA220/src/Node_serial_Arduino/serial_arduino_ROS/MotorSpeedControl) by extensions ['colcon_meta']
[0.936s] Level 1:colcon.colcon_core.package_identification:_identify(/home/llagoeiro/Desktop/Hiperion-ELA220/src/Node_serial_Arduino/serial_arduino_ROS/MotorSpeedControl) by extension 'colcon_meta'
[0.936s] Level 1:colcon.colcon_core.package_identification:_identify(/home/llagoeiro/Desktop/Hiperion-ELA220/src/Node_serial_Arduino/serial_arduino_ROS/MotorSpeedControl) by extensions ['ros']
[0.936s] Level 1:colcon.colcon_core.package_identification:_identify(/home/llagoeiro/Desktop/Hiperion-ELA220/src/Node_serial_Arduino/serial_arduino_ROS/MotorSpeedControl) by extension 'ros'
[0.936s] Level 1:colcon.colcon_core.package_identification:_identify(/home/llagoeiro/Desktop/Hiperion-ELA220/src/Node_serial_Arduino/serial_arduino_ROS/MotorSpeedControl) by extensions ['cmake', 'python']
[0.936s] Level 1:colcon.colcon_core.package_identification:_identify(/home/llagoeiro/Desktop/Hiperion-ELA220/src/Node_serial_Arduino/serial_arduino_ROS/MotorSpeedControl) by extension 'cmake'
[0.936s] Level 1:colcon.colcon_core.package_identification:_identify(/home/llagoeiro/Desktop/Hiperion-ELA220/src/Node_serial_Arduino/serial_arduino_ROS/MotorSpeedControl) by extension 'python'
[0.936s] Level 1:colcon.colcon_core.package_identification:_identify(/home/llagoeiro/Desktop/Hiperion-ELA220/src/Node_serial_Arduino/serial_arduino_ROS/MotorSpeedControl) by extensions ['python_setup_py']
[0.936s] Level 1:colcon.colcon_core.package_identification:_identify(/home/llagoeiro/Desktop/Hiperion-ELA220/src/Node_serial_Arduino/serial_arduino_ROS/MotorSpeedControl) by extension 'python_setup_py'
[0.937s] Level 1:colcon.colcon_core.package_identification:_identify(/home/llagoeiro/Desktop/Hiperion-ELA220/src/Node_serial_Arduino/serial_arduino_ROS/backup) by extensions ['ignore', 'ignore_ament_install']
[0.937s] Level 1:colcon.colcon_core.package_identification:_identify(/home/llagoeiro/Desktop/Hiperion-ELA220/src/Node_serial_Arduino/serial_arduino_ROS/backup) by extension 'ignore'
[0.937s] Level 1:colcon.colcon_core.package_identification:_identify(/home/llagoeiro/Desktop/Hiperion-ELA220/src/Node_serial_Arduino/serial_arduino_ROS/backup) by extension 'ignore_ament_install'
[0.937s] Level 1:colcon.colcon_core.package_identification:_identify(/home/llagoeiro/Desktop/Hiperion-ELA220/src/Node_serial_Arduino/serial_arduino_ROS/backup) by extensions ['colcon_pkg']
[0.937s] Level 1:colcon.colcon_core.package_identification:_identify(/home/llagoeiro/Desktop/Hiperion-ELA220/src/Node_serial_Arduino/serial_arduino_ROS/backup) by extension 'colcon_pkg'
[0.937s] Level 1:colcon.colcon_core.package_identification:_identify(/home/llagoeiro/Desktop/Hiperion-ELA220/src/Node_serial_Arduino/serial_arduino_ROS/backup) by extensions ['colcon_meta']
[0.937s] Level 1:colcon.colcon_core.package_identification:_identify(/home/llagoeiro/Desktop/Hiperion-ELA220/src/Node_serial_Arduino/serial_arduino_ROS/backup) by extension 'colcon_meta'
[0.937s] Level 1:colcon.colcon_core.package_identification:_identify(/home/llagoeiro/Desktop/Hiperion-ELA220/src/Node_serial_Arduino/serial_arduino_ROS/backup) by extensions ['ros']
[0.938s] Level 1:colcon.colcon_core.package_identification:_identify(/home/llagoeiro/Desktop/Hiperion-ELA220/src/Node_serial_Arduino/serial_arduino_ROS/backup) by extension 'ros'
[0.938s] Level 1:colcon.colcon_core.package_identification:_identify(/home/llagoeiro/Desktop/Hiperion-ELA220/src/Node_serial_Arduino/serial_arduino_ROS/backup) by extensions ['cmake', 'python']
[0.938s] Level 1:colcon.colcon_core.package_identification:_identify(/home/llagoeiro/Desktop/Hiperion-ELA220/src/Node_serial_Arduino/serial_arduino_ROS/backup) by extension 'cmake'
[0.938s] Level 1:colcon.colcon_core.package_identification:_identify(/home/llagoeiro/Desktop/Hiperion-ELA220/src/Node_serial_Arduino/serial_arduino_ROS/backup) by extension 'python'
[0.938s] Level 1:colcon.colcon_core.package_identification:_identify(/home/llagoeiro/Desktop/Hiperion-ELA220/src/Node_serial_Arduino/serial_arduino_ROS/backup) by extensions ['python_setup_py']
[0.938s] Level 1:colcon.colcon_core.package_identification:_identify(/home/llagoeiro/Desktop/Hiperion-ELA220/src/Node_serial_Arduino/serial_arduino_ROS/backup) by extension 'python_setup_py'
[0.938s] Level 1:colcon.colcon_core.package_identification:_identify(/home/llagoeiro/Desktop/Hiperion-ELA220/src/Node_serial_Arduino/serial_arduino_ROS/encodersTest) by extensions ['ignore', 'ignore_ament_install']
[0.938s] Level 1:colcon.colcon_core.package_identification:_identify(/home/llagoeiro/Desktop/Hiperion-ELA220/src/Node_serial_Arduino/serial_arduino_ROS/encodersTest) by extension 'ignore'
[0.938s] Level 1:colcon.colcon_core.package_identification:_identify(/home/llagoeiro/Desktop/Hiperion-ELA220/src/Node_serial_Arduino/serial_arduino_ROS/encodersTest) by extension 'ignore_ament_install'
[0.938s] Level 1:colcon.colcon_core.package_identification:_identify(/home/llagoeiro/Desktop/Hiperion-ELA220/src/Node_serial_Arduino/serial_arduino_ROS/encodersTest) by extensions ['colcon_pkg']
[0.939s] Level 1:colcon.colcon_core.package_identification:_identify(/home/llagoeiro/Desktop/Hiperion-ELA220/src/Node_serial_Arduino/serial_arduino_ROS/encodersTest) by extension 'colcon_pkg'
[0.939s] Level 1:colcon.colcon_core.package_identification:_identify(/home/llagoeiro/Desktop/Hiperion-ELA220/src/Node_serial_Arduino/serial_arduino_ROS/encodersTest) by extensions ['colcon_meta']
[0.939s] Level 1:colcon.colcon_core.package_identification:_identify(/home/llagoeiro/Desktop/Hiperion-ELA220/src/Node_serial_Arduino/serial_arduino_ROS/encodersTest) by extension 'colcon_meta'
[0.939s] Level 1:colcon.colcon_core.package_identification:_identify(/home/llagoeiro/Desktop/Hiperion-ELA220/src/Node_serial_Arduino/serial_arduino_ROS/encodersTest) by extensions ['ros']
[0.939s] Level 1:colcon.colcon_core.package_identification:_identify(/home/llagoeiro/Desktop/Hiperion-ELA220/src/Node_serial_Arduino/serial_arduino_ROS/encodersTest) by extension 'ros'
[0.939s] Level 1:colcon.colcon_core.package_identification:_identify(/home/llagoeiro/Desktop/Hiperion-ELA220/src/Node_serial_Arduino/serial_arduino_ROS/encodersTest) by extensions ['cmake', 'python']
[0.939s] Level 1:colcon.colcon_core.package_identification:_identify(/home/llagoeiro/Desktop/Hiperion-ELA220/src/Node_serial_Arduino/serial_arduino_ROS/encodersTest) by extension 'cmake'
[0.939s] Level 1:colcon.colcon_core.package_identification:_identify(/home/llagoeiro/Desktop/Hiperion-ELA220/src/Node_serial_Arduino/serial_arduino_ROS/encodersTest) by extension 'python'
[0.939s] Level 1:colcon.colcon_core.package_identification:_identify(/home/llagoeiro/Desktop/Hiperion-ELA220/src/Node_serial_Arduino/serial_arduino_ROS/encodersTest) by extensions ['python_setup_py']
[0.939s] Level 1:colcon.colcon_core.package_identification:_identify(/home/llagoeiro/Desktop/Hiperion-ELA220/src/Node_serial_Arduino/serial_arduino_ROS/encodersTest) by extension 'python_setup_py'
[0.940s] Level 1:colcon.colcon_core.package_identification:_identify(/home/llagoeiro/Desktop/Hiperion-ELA220/src/finalExam_pkg) by extensions ['ignore', 'ignore_ament_install']
[0.940s] Level 1:colcon.colcon_core.package_identification:_identify(/home/llagoeiro/Desktop/Hiperion-ELA220/src/finalExam_pkg) by extension 'ignore'
[0.940s] Level 1:colcon.colcon_core.package_identification:_identify(/home/llagoeiro/Desktop/Hiperion-ELA220/src/finalExam_pkg) by extension 'ignore_ament_install'
[0.940s] Level 1:colcon.colcon_core.package_identification:_identify(/home/llagoeiro/Desktop/Hiperion-ELA220/src/finalExam_pkg) by extensions ['colcon_pkg']
[0.940s] Level 1:colcon.colcon_core.package_identification:_identify(/home/llagoeiro/Desktop/Hiperion-ELA220/src/finalExam_pkg) by extension 'colcon_pkg'
[0.940s] Level 1:colcon.colcon_core.package_identification:_identify(/home/llagoeiro/Desktop/Hiperion-ELA220/src/finalExam_pkg) by extensions ['colcon_meta']
[0.940s] Level 1:colcon.colcon_core.package_identification:_identify(/home/llagoeiro/Desktop/Hiperion-ELA220/src/finalExam_pkg) by extension 'colcon_meta'
[0.940s] Level 1:colcon.colcon_core.package_identification:_identify(/home/llagoeiro/Desktop/Hiperion-ELA220/src/finalExam_pkg) by extensions ['ros']
[0.940s] Level 1:colcon.colcon_core.package_identification:_identify(/home/llagoeiro/Desktop/Hiperion-ELA220/src/finalExam_pkg) by extension 'ros'
[0.945s] DEBUG:colcon.colcon_core.package_identification:Package '/home/llagoeiro/Desktop/Hiperion-ELA220/src/finalExam_pkg' with type 'ros.ament_python' and name 'finalExam_pkg'
[0.946s] Level 1:colcon.colcon_core.package_identification:_identify(/home/llagoeiro/Desktop/Hiperion-ELA220/src/gazebo) by extensions ['ignore', 'ignore_ament_install']
[0.946s] Level 1:colcon.colcon_core.package_identification:_identify(/home/llagoeiro/Desktop/Hiperion-ELA220/src/gazebo) by extension 'ignore'
[0.946s] Level 1:colcon.colcon_core.package_identification:_identify(/home/llagoeiro/Desktop/Hiperion-ELA220/src/gazebo) by extension 'ignore_ament_install'
[0.946s] Level 1:colcon.colcon_core.package_identification:_identify(/home/llagoeiro/Desktop/Hiperion-ELA220/src/gazebo) by extensions ['colcon_pkg']
[0.946s] Level 1:colcon.colcon_core.package_identification:_identify(/home/llagoeiro/Desktop/Hiperion-ELA220/src/gazebo) by extension 'colcon_pkg'
[0.946s] Level 1:colcon.colcon_core.package_identification:_identify(/home/llagoeiro/Desktop/Hiperion-ELA220/src/gazebo) by extensions ['colcon_meta']
[0.946s] Level 1:colcon.colcon_core.package_identification:_identify(/home/llagoeiro/Desktop/Hiperion-ELA220/src/gazebo) by extension 'colcon_meta'
[0.946s] Level 1:colcon.colcon_core.package_identification:_identify(/home/llagoeiro/Desktop/Hiperion-ELA220/src/gazebo) by extensions ['ros']
[0.946s] Level 1:colcon.colcon_core.package_identification:_identify(/home/llagoeiro/Desktop/Hiperion-ELA220/src/gazebo) by extension 'ros'
[0.947s] DEBUG:colcon.colcon_core.package_identification:Package '/home/llagoeiro/Desktop/Hiperion-ELA220/src/gazebo' with type 'ros.ament_python' and name 'gazebo'
[0.948s] Level 1:colcon.colcon_core.package_identification:_identify(/home/llagoeiro/Desktop/Hiperion-ELA220/src/manip_pkg) by extensions ['ignore', 'ignore_ament_install']
[0.948s] Level 1:colcon.colcon_core.package_identification:_identify(/home/llagoeiro/Desktop/Hiperion-ELA220/src/manip_pkg) by extension 'ignore'
[0.948s] Level 1:colcon.colcon_core.package_identification:_identify(/home/llagoeiro/Desktop/Hiperion-ELA220/src/manip_pkg) by extension 'ignore_ament_install'
[0.948s] Level 1:colcon.colcon_core.package_identification:_identify(/home/llagoeiro/Desktop/Hiperion-ELA220/src/manip_pkg) by extensions ['colcon_pkg']
[0.948s] Level 1:colcon.colcon_core.package_identification:_identify(/home/llagoeiro/Desktop/Hiperion-ELA220/src/manip_pkg) by extension 'colcon_pkg'
[0.948s] Level 1:colcon.colcon_core.package_identification:_identify(/home/llagoeiro/Desktop/Hiperion-ELA220/src/manip_pkg) by extensions ['colcon_meta']
[0.948s] Level 1:colcon.colcon_core.package_identification:_identify(/home/llagoeiro/Desktop/Hiperion-ELA220/src/manip_pkg) by extension 'colcon_meta'
[0.948s] Level 1:colcon.colcon_core.package_identification:_identify(/home/llagoeiro/Desktop/Hiperion-ELA220/src/manip_pkg) by extensions ['ros']
[0.948s] Level 1:colcon.colcon_core.package_identification:_identify(/home/llagoeiro/Desktop/Hiperion-ELA220/src/manip_pkg) by extension 'ros'
[0.949s] DEBUG:colcon.colcon_core.package_identification:Package '/home/llagoeiro/Desktop/Hiperion-ELA220/src/manip_pkg' with type 'ros.ament_python' and name 'manip_pkg'
[0.950s] Level 1:colcon.colcon_core.package_identification:_identify(/home/llagoeiro/Desktop/Hiperion-ELA220/src/ros2_mpu6050_driver) by extensions ['ignore', 'ignore_ament_install']
[0.950s] Level 1:colcon.colcon_core.package_identification:_identify(/home/llagoeiro/Desktop/Hiperion-ELA220/src/ros2_mpu6050_driver) by extension 'ignore'
[0.950s] Level 1:colcon.colcon_core.package_identification:_identify(/home/llagoeiro/Desktop/Hiperion-ELA220/src/ros2_mpu6050_driver) by extension 'ignore_ament_install'
[0.950s] Level 1:colcon.colcon_core.package_identification:_identify(/home/llagoeiro/Desktop/Hiperion-ELA220/src/ros2_mpu6050_driver) by extensions ['colcon_pkg']
[0.950s] Level 1:colcon.colcon_core.package_identification:_identify(/home/llagoeiro/Desktop/Hiperion-ELA220/src/ros2_mpu6050_driver) by extension 'colcon_pkg'
[0.950s] Level 1:colcon.colcon_core.package_identification:_identify(/home/llagoeiro/Desktop/Hiperion-ELA220/src/ros2_mpu6050_driver) by extensions ['colcon_meta']
[0.950s] Level 1:colcon.colcon_core.package_identification:_identify(/home/llagoeiro/Desktop/Hiperion-ELA220/src/ros2_mpu6050_driver) by extension 'colcon_meta'
[0.950s] Level 1:colcon.colcon_core.package_identification:_identify(/home/llagoeiro/Desktop/Hiperion-ELA220/src/ros2_mpu6050_driver) by extensions ['ros']
[0.950s] Level 1:colcon.colcon_core.package_identification:_identify(/home/llagoeiro/Desktop/Hiperion-ELA220/src/ros2_mpu6050_driver) by extension 'ros'
[0.951s] DEBUG:colcon.colcon_core.package_identification:Package '/home/llagoeiro/Desktop/Hiperion-ELA220/src/ros2_mpu6050_driver' with type 'ros.ament_cmake' and name 'mpu6050driver'
[0.951s] Level 1:colcon.colcon_core.package_identification:_identify(/home/llagoeiro/Desktop/Hiperion-ELA220/src/rplidar_ros) by extensions ['ignore', 'ignore_ament_install']
[0.951s] Level 1:colcon.colcon_core.package_identification:_identify(/home/llagoeiro/Desktop/Hiperion-ELA220/src/rplidar_ros) by extension 'ignore'
[0.951s] Level 1:colcon.colcon_core.package_identification:_identify(/home/llagoeiro/Desktop/Hiperion-ELA220/src/rplidar_ros) by extension 'ignore_ament_install'
[0.952s] Level 1:colcon.colcon_core.package_identification:_identify(/home/llagoeiro/Desktop/Hiperion-ELA220/src/rplidar_ros) by extensions ['colcon_pkg']
[0.952s] Level 1:colcon.colcon_core.package_identification:_identify(/home/llagoeiro/Desktop/Hiperion-ELA220/src/rplidar_ros) by extension 'colcon_pkg'
[0.952s] Level 1:colcon.colcon_core.package_identification:_identify(/home/llagoeiro/Desktop/Hiperion-ELA220/src/rplidar_ros) by extensions ['colcon_meta']
[0.952s] Level 1:colcon.colcon_core.package_identification:_identify(/home/llagoeiro/Desktop/Hiperion-ELA220/src/rplidar_ros) by extension 'colcon_meta'
[0.952s] Level 1:colcon.colcon_core.package_identification:_identify(/home/llagoeiro/Desktop/Hiperion-ELA220/src/rplidar_ros) by extensions ['ros']
[0.952s] Level 1:colcon.colcon_core.package_identification:_identify(/home/llagoeiro/Desktop/Hiperion-ELA220/src/rplidar_ros) by extension 'ros'
[0.953s] DEBUG:colcon.colcon_core.package_identification:Package '/home/llagoeiro/Desktop/Hiperion-ELA220/src/rplidar_ros' with type 'ros.ament_cmake' and name 'rplidar_ros'
[0.953s] Level 1:colcon.colcon_core.package_discovery:discover_packages(recursive) using defaults
