[0.377s] Invoking command in '/home/llagoeiro/Desktop/Hiperion-ELA220/src/finalExam_pkg': PYTHONPATH=/home/llagoeiro/Desktop/Hiperion-ELA220/build/finalExam_pkg/prefix_override:/home/llagoeiro/Desktop/Hiperion-ELA220/install/finalExam_pkg/lib/python3.10/site-packages:${PYTHONPATH} /usr/bin/python3 -W ignore:setup.py install is deprecated setup.py egg_info --egg-base ../../build/finalExam_pkg build --build-base /home/llagoeiro/Desktop/Hiperion-ELA220/build/finalExam_pkg/build install --record /home/llagoeiro/Desktop/Hiperion-ELA220/build/finalExam_pkg/install.log --single-version-externally-managed install_data
[0.545s] running egg_info
[0.545s] writing ../../build/finalExam_pkg/finalExam_pkg.egg-info/PKG-INFO
[0.545s] writing dependency_links to ../../build/finalExam_pkg/finalExam_pkg.egg-info/dependency_links.txt
[0.546s] writing entry points to ../../build/finalExam_pkg/finalExam_pkg.egg-info/entry_points.txt
[0.546s] writing requirements to ../../build/finalExam_pkg/finalExam_pkg.egg-info/requires.txt
[0.546s] writing top-level names to ../../build/finalExam_pkg/finalExam_pkg.egg-info/top_level.txt
[0.547s] reading manifest file '../../build/finalExam_pkg/finalExam_pkg.egg-info/SOURCES.txt'
[0.548s] adding license file 'LICENSE'
[0.548s] writing manifest file '../../build/finalExam_pkg/finalExam_pkg.egg-info/SOURCES.txt'
[0.548s] running build
[0.548s] running build_py
[0.548s] copying finalExam_pkg/main_node.py -> /home/llagoeiro/Desktop/Hiperion-ELA220/build/finalExam_pkg/build/lib/finalExam_pkg
[0.549s] running install
[0.549s] running install_lib
[0.550s] copying /home/llagoeiro/Desktop/Hiperion-ELA220/build/finalExam_pkg/build/lib/finalExam_pkg/main_node.py -> /home/llagoeiro/Desktop/Hiperion-ELA220/install/finalExam_pkg/lib/python3.10/site-packages/finalExam_pkg
[0.550s] byte-compiling /home/llagoeiro/Desktop/Hiperion-ELA220/install/finalExam_pkg/lib/python3.10/site-packages/finalExam_pkg/main_node.py to main_node.cpython-310.pyc
[0.551s] running install_data
[0.551s] running install_egg_info
[0.553s] removing '/home/llagoeiro/Desktop/Hiperion-ELA220/install/finalExam_pkg/lib/python3.10/site-packages/finalExam_pkg-0.0.0-py3.10.egg-info' (and everything under it)
[0.553s] Copying ../../build/finalExam_pkg/finalExam_pkg.egg-info to /home/llagoeiro/Desktop/Hiperion-ELA220/install/finalExam_pkg/lib/python3.10/site-packages/finalExam_pkg-0.0.0-py3.10.egg-info
[0.554s] running install_scripts
[0.568s] Installing main_node script to /home/llagoeiro/Desktop/Hiperion-ELA220/install/finalExam_pkg/lib/finalExam_pkg
[0.568s] writing list of installed files to '/home/llagoeiro/Desktop/Hiperion-ELA220/build/finalExam_pkg/install.log'
[0.586s] Invoked command in '/home/llagoeiro/Desktop/Hiperion-ELA220/src/finalExam_pkg' returned '0': PYTHONPATH=/home/llagoeiro/Desktop/Hiperion-ELA220/build/finalExam_pkg/prefix_override:/home/llagoeiro/Desktop/Hiperion-ELA220/install/finalExam_pkg/lib/python3.10/site-packages:${PYTHONPATH} /usr/bin/python3 -W ignore:setup.py install is deprecated setup.py egg_info --egg-base ../../build/finalExam_pkg build --build-base /home/llagoeiro/Desktop/Hiperion-ELA220/build/finalExam_pkg/build install --record /home/llagoeiro/Desktop/Hiperion-ELA220/build/finalExam_pkg/install.log --single-version-externally-managed install_data
