[0.012s] Invoking command in '/home/llagoeiro/Desktop/Hiperion-ELA220/build/my_box_bot_description': CMAKE_PREFIX_PATH=${CMAKE_PREFIX_PATH}:/opt/ros/humble /usr/bin/cmake --build /home/llagoeiro/Desktop/Hiperion-ELA220/build/my_box_bot_description -- -j12 -l12
[0.058s] Invoked command in '/home/llagoeiro/Desktop/Hiperion-ELA220/build/my_box_bot_description' returned '0': CMAKE_PREFIX_PATH=${CMAKE_PREFIX_PATH}:/opt/ros/humble /usr/bin/cmake --build /home/llagoeiro/Desktop/Hiperion-ELA220/build/my_box_bot_description -- -j12 -l12
[0.093s] Invoking command in '/home/llagoeiro/Desktop/Hiperion-ELA220/build/my_box_bot_description': CMAKE_PREFIX_PATH=${CMAKE_PREFIX_PATH}:/opt/ros/humble /usr/bin/cmake --install /home/llagoeiro/Desktop/Hiperion-ELA220/build/my_box_bot_description
[0.101s] -- Install configuration: ""
[0.102s] -- Up-to-date: /home/llagoeiro/Desktop/Hiperion-ELA220/install/my_box_bot_description/share/my_box_bot_description//urdf
[0.102s] -- Installing: /home/llagoeiro/Desktop/Hiperion-ELA220/install/my_box_bot_description/share/my_box_bot_description//urdf/box_bot_geometric.urdf
[0.102s] -- Up-to-date: /home/llagoeiro/Desktop/Hiperion-ELA220/install/my_box_bot_description/share/my_box_bot_description//urdf/ box_bot_meshes_collisions_inertias.urdf 
[0.103s] -- Up-to-date: /home/llagoeiro/Desktop/Hiperion-ELA220/install/my_box_bot_description/share/my_box_bot_description//urdf/box_bot_geometric_meshes.urdf
[0.103s] -- Up-to-date: /home/llagoeiro/Desktop/Hiperion-ELA220/install/my_box_bot_description/share/my_box_bot_description//rviz
[0.103s] -- Up-to-date: /home/llagoeiro/Desktop/Hiperion-ELA220/install/my_box_bot_description/share/my_box_bot_description//launch
[0.103s] -- Up-to-date: /home/llagoeiro/Desktop/Hiperion-ELA220/install/my_box_bot_description/share/my_box_bot_description//launch/urdf_visualize_meshes_collisions_inertias.launch.py
[0.103s] -- Up-to-date: /home/llagoeiro/Desktop/Hiperion-ELA220/install/my_box_bot_description/share/my_box_bot_description//launch/urdf_visualize_sensor.launch.py
[0.103s] -- Up-to-date: /home/llagoeiro/Desktop/Hiperion-ELA220/install/my_box_bot_description/share/my_box_bot_description//launch/urdf_visualize_meshes.launch.py
[0.103s] -- Up-to-date: /home/llagoeiro/Desktop/Hiperion-ELA220/install/my_box_bot_description/share/my_box_bot_description//launch/urdf_visualize_geometric.launch.py
[0.103s] -- Up-to-date: /home/llagoeiro/Desktop/Hiperion-ELA220/install/my_box_bot_description/share/my_box_bot_description//meshes
[0.103s] -- Up-to-date: /home/llagoeiro/Desktop/Hiperion-ELA220/install/my_box_bot_description/share/my_box_bot_description//meshes/cute_cube.blend
[0.104s] -- Up-to-date: /home/llagoeiro/Desktop/Hiperion-ELA220/install/my_box_bot_description/share/my_box_bot_description//meshes/sensors
[0.104s] -- Up-to-date: /home/llagoeiro/Desktop/Hiperion-ELA220/install/my_box_bot_description/share/my_box_bot_description//meshes/sensors/rplidar.dae
[0.104s] -- Up-to-date: /home/llagoeiro/Desktop/Hiperion-ELA220/install/my_box_bot_description/share/my_box_bot_description//meshes/sensors/realsense.dae
[0.104s] -- Up-to-date: /home/llagoeiro/Desktop/Hiperion-ELA220/install/my_box_bot_description/share/my_box_bot_description//meshes/sensors/rplidartexture.png
[0.104s] -- Up-to-date: /home/llagoeiro/Desktop/Hiperion-ELA220/install/my_box_bot_description/share/my_box_bot_description//meshes/lambert3_baseColor.png
[0.105s] -- Up-to-date: /home/llagoeiro/Desktop/Hiperion-ELA220/install/my_box_bot_description/share/my_box_bot_description//meshes/cute_cube.dae
[0.106s] -- Up-to-date: /home/llagoeiro/Desktop/Hiperion-ELA220/install/my_box_bot_description/share/my_box_bot_description//meshes/textures
[0.106s] -- Up-to-date: /home/llagoeiro/Desktop/Hiperion-ELA220/install/my_box_bot_description/share/my_box_bot_description//meshes/textures/lambert3_baseColor.png
[0.106s] -- Up-to-date: /home/llagoeiro/Desktop/Hiperion-ELA220/install/my_box_bot_description/share/ament_index/resource_index/package_run_dependencies/my_box_bot_description
[0.106s] -- Up-to-date: /home/llagoeiro/Desktop/Hiperion-ELA220/install/my_box_bot_description/share/ament_index/resource_index/parent_prefix_path/my_box_bot_description
[0.107s] -- Up-to-date: /home/llagoeiro/Desktop/Hiperion-ELA220/install/my_box_bot_description/share/my_box_bot_description/environment/ament_prefix_path.sh
[0.107s] -- Up-to-date: /home/llagoeiro/Desktop/Hiperion-ELA220/install/my_box_bot_description/share/my_box_bot_description/environment/ament_prefix_path.dsv
[0.107s] -- Up-to-date: /home/llagoeiro/Desktop/Hiperion-ELA220/install/my_box_bot_description/share/my_box_bot_description/environment/path.sh
[0.108s] -- Up-to-date: /home/llagoeiro/Desktop/Hiperion-ELA220/install/my_box_bot_description/share/my_box_bot_description/environment/path.dsv
[0.108s] -- Up-to-date: /home/llagoeiro/Desktop/Hiperion-ELA220/install/my_box_bot_description/share/my_box_bot_description/local_setup.bash
[0.108s] -- Up-to-date: /home/llagoeiro/Desktop/Hiperion-ELA220/install/my_box_bot_description/share/my_box_bot_description/local_setup.sh
[0.108s] -- Up-to-date: /home/llagoeiro/Desktop/Hiperion-ELA220/install/my_box_bot_description/share/my_box_bot_description/local_setup.zsh
[0.109s] -- Up-to-date: /home/llagoeiro/Desktop/Hiperion-ELA220/install/my_box_bot_description/share/my_box_bot_description/local_setup.dsv
[0.109s] -- Installing: /home/llagoeiro/Desktop/Hiperion-ELA220/install/my_box_bot_description/share/my_box_bot_description/package.dsv
[0.109s] -- Up-to-date: /home/llagoeiro/Desktop/Hiperion-ELA220/install/my_box_bot_description/share/ament_index/resource_index/packages/my_box_bot_description
[0.109s] -- Up-to-date: /home/llagoeiro/Desktop/Hiperion-ELA220/install/my_box_bot_description/share/my_box_bot_description/cmake/my_box_bot_descriptionConfig.cmake
[0.109s] -- Up-to-date: /home/llagoeiro/Desktop/Hiperion-ELA220/install/my_box_bot_description/share/my_box_bot_description/cmake/my_box_bot_descriptionConfig-version.cmake
[0.109s] -- Up-to-date: /home/llagoeiro/Desktop/Hiperion-ELA220/install/my_box_bot_description/share/my_box_bot_description/package.xml
[0.109s] Invoked command in '/home/llagoeiro/Desktop/Hiperion-ELA220/build/my_box_bot_description' returned '0': CMAKE_PREFIX_PATH=${CMAKE_PREFIX_PATH}:/opt/ros/humble /usr/bin/cmake --install /home/llagoeiro/Desktop/Hiperion-ELA220/build/my_box_bot_description
