[0.004s] Invoking command in '/home/llagoeiro/Desktop/Hiperion---ELA220/build/my_box_bot_gazebo': AMENT_PREFIX_PATH=/home/llagoeiro/Desktop/Hiperion---ELA220/install/my_box_bot_description:${AMENT_PREFIX_PATH} CMAKE_PREFIX_PATH=/home/llagoeiro/Desktop/Hiperion---ELA220/install/my_box_bot_description:/opt/ros/humble /usr/bin/cmake /home/llagoeiro/Desktop/Hiperion---ELA220/src/my_box_bot_gazebo -DCMAKE_INSTALL_PREFIX=/home/llagoeiro/Desktop/Hiperion---ELA220/install/my_box_bot_gazebo
[0.036s] -- The C compiler identification is GNU 11.4.0
[0.070s] -- The CXX compiler identification is GNU 11.4.0
[0.074s] -- Detecting C compiler ABI info
[0.113s] -- Detecting C compiler ABI info - done
[0.118s] -- Check for working C compiler: /usr/bin/cc - skipped
[0.118s] -- Detecting C compile features
[0.118s] -- Detecting C compile features - done
[0.120s] -- Detecting CXX compiler ABI info
[0.166s] -- Detecting CXX compiler ABI info - done
[0.171s] -- Check for working CXX compiler: /usr/bin/c++ - skipped
[0.171s] -- Detecting CXX compile features
[0.171s] -- Detecting CXX compile features - done
[0.172s] -- Found ament_cmake: 1.3.8 (/opt/ros/humble/share/ament_cmake/cmake)
[0.269s] -- Found Python3: /usr/bin/python3 (found version "3.10.12") found components: Interpreter 
[0.316s] -- Found rclpy: 3.3.12 (/opt/ros/humble/share/rclpy/cmake)
[0.316s] -- Found gazebo_ros: 3.7.0 (/opt/ros/humble/share/gazebo_ros/cmake)
[0.340s] -- Found rosidl_generator_c: 3.1.5 (/opt/ros/humble/share/rosidl_generator_c/cmake)
[0.343s] -- Found rosidl_adapter: 3.1.5 (/opt/ros/humble/share/rosidl_adapter/cmake)
[0.347s] -- Found rosidl_generator_cpp: 3.1.5 (/opt/ros/humble/share/rosidl_generator_cpp/cmake)
[0.355s] -- Using all available rosidl_typesupport_c: rosidl_typesupport_fastrtps_c;rosidl_typesupport_introspection_c
[0.365s] -- Using all available rosidl_typesupport_cpp: rosidl_typesupport_fastrtps_cpp;rosidl_typesupport_introspection_cpp
[0.404s] -- Found rmw_implementation_cmake: 6.1.1 (/opt/ros/humble/share/rmw_implementation_cmake/cmake)
[0.405s] -- Found rmw_fastrtps_cpp: 6.2.6 (/opt/ros/humble/share/rmw_fastrtps_cpp/cmake)
[0.458s] -- Found OpenSSL: /usr/lib/x86_64-linux-gnu/libcrypto.so (found version "3.0.2")  
[0.474s] -- Found FastRTPS: /opt/ros/humble/include  
[0.501s] -- Using RMW implementation 'rmw_fastrtps_cpp' as default
[0.506s] -- Looking for pthread.h
[0.549s] -- Looking for pthread.h - found
[0.549s] -- Performing Test CMAKE_HAVE_LIBC_PTHREAD
[0.593s] -- Performing Test CMAKE_HAVE_LIBC_PTHREAD - Success
[0.594s] -- Found Threads: TRUE  
[0.693s] -- Found PkgConfig: /usr/bin/pkg-config (found version "0.29.2") 
[0.693s] -- Checking for module 'bullet>=2.82'
[0.700s] --   Found bullet, version 3.05
[0.761s] -- Found fcl: /usr/include (found suitable version "0.7.0", minimum required is "0.5.0") 
[0.787s] -- Found assimp: /usr/include (found version "5.2.0") 
[0.798s] -- Found DART: /usr/include (Required is at least version "6.6") found components: dart 
[0.813s] -- Found Boost: /usr/lib/x86_64-linux-gnu/cmake/Boost-1.74.0/BoostConfig.cmake (found suitable version "1.74.0", minimum required is "1.40.0") found components: thread system filesystem program_options regex iostreams date_time 
[0.820s] -- Found Protobuf: /usr/lib/x86_64-linux-gnu/libprotobuf.so (found version "3.12.4") 
[0.823s] -- Looking for ignition-math6 -- found version 6.15.1
[0.826s] -- Searching for dependencies of ignition-math6
[0.827s] -- Looking for OGRE...
[0.827s] -- OGRE_PREFIX_WATCH changed.
[0.831s] -- Checking for module 'OGRE'
[0.838s] --   Found OGRE, version 1.9.0
[0.857s] -- Found Ogre Ghadamon (1.9.0)
[0.860s] -- Found OGRE: optimized;/usr/lib/x86_64-linux-gnu/libOgreMain.so;debug;/usr/lib/x86_64-linux-gnu/libOgreMain.so
[0.866s] -- Looking for OGRE_Paging...
[0.869s] -- Found OGRE_Paging: optimized;/usr/lib/x86_64-linux-gnu/libOgrePaging.so;debug;/usr/lib/x86_64-linux-gnu/libOgrePaging.so
[0.869s] -- Looking for OGRE_Terrain...
[0.871s] -- Found OGRE_Terrain: optimized;/usr/lib/x86_64-linux-gnu/libOgreTerrain.so;debug;/usr/lib/x86_64-linux-gnu/libOgreTerrain.so
[0.871s] -- Looking for OGRE_Property...
[0.873s] -- Found OGRE_Property: optimized;/usr/lib/x86_64-linux-gnu/libOgreProperty.so;debug;/usr/lib/x86_64-linux-gnu/libOgreProperty.so
[0.874s] -- Looking for OGRE_RTShaderSystem...
[0.876s] -- Found OGRE_RTShaderSystem: optimized;/usr/lib/x86_64-linux-gnu/libOgreRTShaderSystem.so;debug;/usr/lib/x86_64-linux-gnu/libOgreRTShaderSystem.so
[0.876s] -- Looking for OGRE_Volume...
[0.878s] -- Found OGRE_Volume: optimized;/usr/lib/x86_64-linux-gnu/libOgreVolume.so;debug;/usr/lib/x86_64-linux-gnu/libOgreVolume.so
[0.878s] -- Looking for OGRE_Overlay...
[0.882s] -- Found OGRE_Overlay: optimized;/usr/lib/x86_64-linux-gnu/libOgreOverlay.so;debug;/usr/lib/x86_64-linux-gnu/libOgreOverlay.so
[0.933s] -- Looking for ignition-math6 -- found version 6.15.1
[0.934s] -- Looking for ignition-transport8 -- found version 8.2.1
[0.934s] -- Searching for dependencies of ignition-transport8
[0.944s] -- Found Protobuf: /usr/lib/x86_64-linux-gnu/libprotobuf.so (found suitable version "3.12.4", minimum required is "3") 
[0.950s] -- Config-file not installed for ZeroMQ -- checking for pkg-config
[0.953s] -- Checking for module 'libzmq >= 4'
[0.960s] --   Found libzmq , version 4.3.4
[0.980s] -- Found ZeroMQ: TRUE (Required is at least version "4") 
[0.983s] -- Checking for module 'uuid'
[0.990s] --   Found uuid, version 2.37.2
[1.009s] -- Found UUID: TRUE  
[1.010s] -- Looking for ignition-msgs5 -- found version 5.8.1
[1.011s] -- Searching for dependencies of ignition-msgs5
[1.023s] -- Looking for ignition-math6 -- found version 6.15.1
[1.026s] -- Checking for module 'tinyxml2'
[1.033s] --   Found tinyxml2, version 9.0.0
[1.053s] -- Looking for ignition-msgs5 -- found version 5.8.1
[1.054s] -- Looking for ignition-common3 -- found version 3.14.0
[1.055s] -- Searching for dependencies of ignition-common3
[1.055s] -- Looking for dlfcn.h - found
[1.055s] -- Looking for libdl - found
[1.056s] -- Found DL: TRUE  
[1.063s] -- Found tinyobjloader: /usr/lib/x86_64-linux-gnu/cmake/tinyobjloader/tinyobjloader-config.cmake (found version "2.0.0") 
[1.063s] -- Searching for <ignition-common3> component [graphics]
[1.064s] -- Looking for ignition-common3-graphics -- found version 3.14.0
[1.064s] -- Searching for dependencies of ignition-common3-graphics
[1.064s] -- Looking for ignition-math6 -- found version 6.15.1
[1.066s] -- Looking for ignition-fuel_tools4 -- found version 4.4.0
[1.066s] -- Searching for dependencies of ignition-fuel_tools4
[1.112s] -- Found CURL: /usr/lib/x86_64-linux-gnu/libcurl.so (found version "7.81.0")  
[1.118s] -- Checking for module 'jsoncpp'
[1.125s] --   Found jsoncpp, version 1.9.5
[1.144s] -- Found JSONCPP: TRUE  
[1.147s] -- Checking for module 'libzip'
[1.155s] --   Found libzip, version 1.7.3
[1.173s] -- Found ZIP: TRUE  
[1.173s] -- Looking for ignition-common3 -- found version 3.14.0
[1.173s] -- Looking for ignition-math6 -- found version 6.15.1
[1.173s] -- Looking for ignition-msgs5 -- found version 5.8.1
[1.175s] -- Gazebo version: 11.10
[1.175s] -- Checking for module 'tbb'
[1.183s] --   Found tbb, version 2021.5.0
[1.205s] -- Found my_box_bot_description: 0.0.0 (/home/llagoeiro/Desktop/Hiperion---ELA220/install/my_box_bot_description/share/my_box_bot_description/cmake)
[1.206s] -- Found ament_lint_auto: 0.12.10 (/opt/ros/humble/share/ament_lint_auto/cmake)
[1.253s] -- Added test 'copyright' to check source files copyright and LICENSE
[1.254s] -- Added test 'flake8' to check Python code syntax and style conventions
[1.254s] -- Added test 'lint_cmake' to check CMake code style
[1.255s] -- Added test 'pep257' to check Python code against some of the docstring style conventions in PEP 257
[1.255s] -- Added test 'xmllint' to check XML markup files
[1.256s] -- Configuring done
[1.259s] -- Generating done
[1.260s] -- Build files have been written to: /home/llagoeiro/Desktop/Hiperion---ELA220/build/my_box_bot_gazebo
[1.269s] Invoked command in '/home/llagoeiro/Desktop/Hiperion---ELA220/build/my_box_bot_gazebo' returned '0': AMENT_PREFIX_PATH=/home/llagoeiro/Desktop/Hiperion---ELA220/install/my_box_bot_description:${AMENT_PREFIX_PATH} CMAKE_PREFIX_PATH=/home/llagoeiro/Desktop/Hiperion---ELA220/install/my_box_bot_description:/opt/ros/humble /usr/bin/cmake /home/llagoeiro/Desktop/Hiperion---ELA220/src/my_box_bot_gazebo -DCMAKE_INSTALL_PREFIX=/home/llagoeiro/Desktop/Hiperion---ELA220/install/my_box_bot_gazebo
[1.270s] Invoking command in '/home/llagoeiro/Desktop/Hiperion---ELA220/build/my_box_bot_gazebo': AMENT_PREFIX_PATH=/home/llagoeiro/Desktop/Hiperion---ELA220/install/my_box_bot_description:${AMENT_PREFIX_PATH} CMAKE_PREFIX_PATH=/home/llagoeiro/Desktop/Hiperion---ELA220/install/my_box_bot_description:/opt/ros/humble /usr/bin/cmake --build /home/llagoeiro/Desktop/Hiperion---ELA220/build/my_box_bot_gazebo -- -j12 -l12
[1.295s] Invoked command in '/home/llagoeiro/Desktop/Hiperion---ELA220/build/my_box_bot_gazebo' returned '0': AMENT_PREFIX_PATH=/home/llagoeiro/Desktop/Hiperion---ELA220/install/my_box_bot_description:${AMENT_PREFIX_PATH} CMAKE_PREFIX_PATH=/home/llagoeiro/Desktop/Hiperion---ELA220/install/my_box_bot_description:/opt/ros/humble /usr/bin/cmake --build /home/llagoeiro/Desktop/Hiperion---ELA220/build/my_box_bot_gazebo -- -j12 -l12
[1.308s] Invoking command in '/home/llagoeiro/Desktop/Hiperion---ELA220/build/my_box_bot_gazebo': AMENT_PREFIX_PATH=/home/llagoeiro/Desktop/Hiperion---ELA220/install/my_box_bot_description:${AMENT_PREFIX_PATH} CMAKE_PREFIX_PATH=/home/llagoeiro/Desktop/Hiperion---ELA220/install/my_box_bot_description:/opt/ros/humble /usr/bin/cmake --install /home/llagoeiro/Desktop/Hiperion---ELA220/build/my_box_bot_gazebo
[1.313s] -- Install configuration: ""
[1.313s] -- Installing: /home/llagoeiro/Desktop/Hiperion---ELA220/install/my_box_bot_gazebo/share/my_box_bot_gazebo//launch
[1.313s] -- Installing: /home/llagoeiro/Desktop/Hiperion---ELA220/install/my_box_bot_gazebo/share/my_box_bot_gazebo//launch/start_world.launch.py
[1.313s] -- Installing: /home/llagoeiro/Desktop/Hiperion---ELA220/install/my_box_bot_gazebo/share/my_box_bot_gazebo//launch/spawn_robot_description.launch.py
[1.313s] -- Installing: /home/llagoeiro/Desktop/Hiperion---ELA220/install/my_box_bot_gazebo/share/my_box_bot_gazebo//launch/spawn_robot_ros2.launch.xml
[1.313s] -- Installing: /home/llagoeiro/Desktop/Hiperion---ELA220/install/my_box_bot_gazebo/share/my_box_bot_gazebo//worlds
[1.313s] -- Installing: /home/llagoeiro/Desktop/Hiperion---ELA220/install/my_box_bot_gazebo/share/my_box_bot_gazebo//worlds/bot_bot_empty.world
[1.313s] -- Installing: /home/llagoeiro/Desktop/Hiperion---ELA220/install/my_box_bot_gazebo/share/my_box_bot_gazebo//models
[1.313s] -- Installing: /home/llagoeiro/Desktop/Hiperion---ELA220/install/my_box_bot_gazebo/share/my_box_bot_gazebo//models/box_room
[1.313s] -- Installing: /home/llagoeiro/Desktop/Hiperion---ELA220/install/my_box_bot_gazebo/share/my_box_bot_gazebo//models/box_room/model.config
[1.313s] -- Installing: /home/llagoeiro/Desktop/Hiperion---ELA220/install/my_box_bot_gazebo/share/my_box_bot_gazebo//models/box_room/meshes
[1.313s] -- Installing: /home/llagoeiro/Desktop/Hiperion---ELA220/install/my_box_bot_gazebo/share/my_box_bot_gazebo//models/box_room/meshes/chambre.png
[1.313s] -- Installing: /home/llagoeiro/Desktop/Hiperion---ELA220/install/my_box_bot_gazebo/share/my_box_bot_gazebo//models/box_room/meshes/box_room.dae
[1.314s] -- Installing: /home/llagoeiro/Desktop/Hiperion---ELA220/install/my_box_bot_gazebo/share/my_box_bot_gazebo//models/box_room/model.sdf
[1.314s] -- Installing: /home/llagoeiro/Desktop/Hiperion---ELA220/install/my_box_bot_gazebo/share/ament_index/resource_index/package_run_dependencies/my_box_bot_gazebo
[1.314s] -- Installing: /home/llagoeiro/Desktop/Hiperion---ELA220/install/my_box_bot_gazebo/share/ament_index/resource_index/parent_prefix_path/my_box_bot_gazebo
[1.314s] -- Installing: /home/llagoeiro/Desktop/Hiperion---ELA220/install/my_box_bot_gazebo/share/my_box_bot_gazebo/environment/ament_prefix_path.sh
[1.314s] -- Installing: /home/llagoeiro/Desktop/Hiperion---ELA220/install/my_box_bot_gazebo/share/my_box_bot_gazebo/environment/ament_prefix_path.dsv
[1.314s] -- Installing: /home/llagoeiro/Desktop/Hiperion---ELA220/install/my_box_bot_gazebo/share/my_box_bot_gazebo/environment/path.sh
[1.314s] -- Installing: /home/llagoeiro/Desktop/Hiperion---ELA220/install/my_box_bot_gazebo/share/my_box_bot_gazebo/environment/path.dsv
[1.314s] -- Installing: /home/llagoeiro/Desktop/Hiperion---ELA220/install/my_box_bot_gazebo/share/my_box_bot_gazebo/local_setup.bash
[1.314s] -- Installing: /home/llagoeiro/Desktop/Hiperion---ELA220/install/my_box_bot_gazebo/share/my_box_bot_gazebo/local_setup.sh
[1.314s] -- Installing: /home/llagoeiro/Desktop/Hiperion---ELA220/install/my_box_bot_gazebo/share/my_box_bot_gazebo/local_setup.zsh
[1.314s] -- Installing: /home/llagoeiro/Desktop/Hiperion---ELA220/install/my_box_bot_gazebo/share/my_box_bot_gazebo/local_setup.dsv
[1.314s] -- Installing: /home/llagoeiro/Desktop/Hiperion---ELA220/install/my_box_bot_gazebo/share/my_box_bot_gazebo/package.dsv
[1.314s] -- Installing: /home/llagoeiro/Desktop/Hiperion---ELA220/install/my_box_bot_gazebo/share/ament_index/resource_index/packages/my_box_bot_gazebo
[1.314s] -- Installing: /home/llagoeiro/Desktop/Hiperion---ELA220/install/my_box_bot_gazebo/share/my_box_bot_gazebo/cmake/my_box_bot_gazeboConfig.cmake
[1.314s] -- Installing: /home/llagoeiro/Desktop/Hiperion---ELA220/install/my_box_bot_gazebo/share/my_box_bot_gazebo/cmake/my_box_bot_gazeboConfig-version.cmake
[1.314s] -- Installing: /home/llagoeiro/Desktop/Hiperion---ELA220/install/my_box_bot_gazebo/share/my_box_bot_gazebo/package.xml
[1.316s] Invoked command in '/home/llagoeiro/Desktop/Hiperion---ELA220/build/my_box_bot_gazebo' returned '0': AMENT_PREFIX_PATH=/home/llagoeiro/Desktop/Hiperion---ELA220/install/my_box_bot_description:${AMENT_PREFIX_PATH} CMAKE_PREFIX_PATH=/home/llagoeiro/Desktop/Hiperion---ELA220/install/my_box_bot_description:/opt/ros/humble /usr/bin/cmake --install /home/llagoeiro/Desktop/Hiperion---ELA220/build/my_box_bot_gazebo
