[2.714s] Invoking command in '/home/wall-e/Desktop/manip_ws/src/manip_pkg': PYTHONPATH=/home/wall-e/Desktop/manip_ws/build/manip_pkg/prefix_override:/home/wall-e/Desktop/manip_ws/install/manip_pkg/lib/python3.10/site-packages:${PYTHONPATH} /usr/bin/python3 -W ignore:setup.py install is deprecated setup.py egg_info --egg-base ../../build/manip_pkg build --build-base /home/wall-e/Desktop/manip_ws/build/manip_pkg/build install --record /home/wall-e/Desktop/manip_ws/build/manip_pkg/install.log --single-version-externally-managed install_data
[3.796s] running egg_info
[3.798s] writing ../../build/manip_pkg/manip_pkg.egg-info/PKG-INFO
[3.800s] writing dependency_links to ../../build/manip_pkg/manip_pkg.egg-info/dependency_links.txt
[3.801s] writing entry points to ../../build/manip_pkg/manip_pkg.egg-info/entry_points.txt
[3.802s] writing requirements to ../../build/manip_pkg/manip_pkg.egg-info/requires.txt
[3.802s] writing top-level names to ../../build/manip_pkg/manip_pkg.egg-info/top_level.txt
[3.811s] reading manifest file '../../build/manip_pkg/manip_pkg.egg-info/SOURCES.txt'
[3.812s] adding license file 'LICENSE'
[3.815s] writing manifest file '../../build/manip_pkg/manip_pkg.egg-info/SOURCES.txt'
[3.816s] running build
[3.816s] running build_py
[3.816s] copying manip_pkg/main_node.py -> /home/wall-e/Desktop/manip_ws/build/manip_pkg/build/lib/manip_pkg
[3.820s] running install
[3.822s] running install_lib
[3.825s] copying /home/wall-e/Desktop/manip_ws/build/manip_pkg/build/lib/manip_pkg/main_node.py -> /home/wall-e/Desktop/manip_ws/install/manip_pkg/lib/python3.10/site-packages/manip_pkg
[3.830s] byte-compiling /home/wall-e/Desktop/manip_ws/install/manip_pkg/lib/python3.10/site-packages/manip_pkg/main_node.py to main_node.cpython-310.pyc
[3.834s] running install_data
[3.835s] running install_egg_info
[3.841s] removing '/home/wall-e/Desktop/manip_ws/install/manip_pkg/lib/python3.10/site-packages/manip_pkg-0.0.0-py3.10.egg-info' (and everything under it)
[3.858s] Copying ../../build/manip_pkg/manip_pkg.egg-info to /home/wall-e/Desktop/manip_ws/install/manip_pkg/lib/python3.10/site-packages/manip_pkg-0.0.0-py3.10.egg-info
[3.858s] running install_scripts
[3.939s] Installing main_node script to /home/wall-e/Desktop/manip_ws/install/manip_pkg/lib/manip_pkg
[3.942s] writing list of installed files to '/home/wall-e/Desktop/manip_ws/build/manip_pkg/install.log'
[4.084s] Invoked command in '/home/wall-e/Desktop/manip_ws/src/manip_pkg' returned '0': PYTHONPATH=/home/wall-e/Desktop/manip_ws/build/manip_pkg/prefix_override:/home/wall-e/Desktop/manip_ws/install/manip_pkg/lib/python3.10/site-packages:${PYTHONPATH} /usr/bin/python3 -W ignore:setup.py install is deprecated setup.py egg_info --egg-base ../../build/manip_pkg build --build-base /home/wall-e/Desktop/manip_ws/build/manip_pkg/build install --record /home/wall-e/Desktop/manip_ws/build/manip_pkg/install.log --single-version-externally-managed install_data
