[4.272s] DEBUG:colcon:Command line arguments: ['/usr/bin/colcon', 'build']
[4.272s] DEBUG:colcon:Parsed command line arguments: Namespace(log_base=None, log_level=None, verb_name='build', build_base='build', install_base='install', merge_install=False, symlink_install=False, test_result_base=None, continue_on_error=False, executor='parallel', parallel_workers=4, event_handlers=None, ignore_user_meta=False, metas=['./colcon.meta'], base_paths=['.'], packages_ignore=None, packages_ignore_regex=None, paths=None, packages_up_to=None, packages_up_to_regex=None, packages_above=None, packages_above_and_dependencies=None, packages_above_depth=None, packages_select_by_dep=None, packages_skip_by_dep=None, packages_skip_up_to=None, packages_select_build_failed=False, packages_skip_build_finished=False, packages_select_test_failures=False, packages_skip_test_passed=False, packages_select=None, packages_skip=None, packages_select_regex=None, packages_skip_regex=None, packages_start=None, packages_end=None, allow_overriding=[], cmake_args=None, cmake_target=None, cmake_target_skip_unavailable=False, cmake_clean_cache=False, cmake_clean_first=False, cmake_force_configure=False, ament_cmake_args=None, catkin_cmake_args=None, catkin_skip_building_tests=False, verb_parser=<colcon_defaults.argument_parser.defaults.DefaultArgumentsDecorator object at 0xffff873193c0>, verb_extension=<colcon_core.verb.build.BuildVerb object at 0xffff875f34c0>, main=<bound method BuildVerb.main of <colcon_core.verb.build.BuildVerb object at 0xffff875f34c0>>)
[4.470s] Level 1:colcon.colcon_core.package_discovery:discover_packages(colcon_meta) check parameters
[4.471s] Level 1:colcon.colcon_core.package_discovery:discover_packages(recursive) check parameters
[4.471s] Level 1:colcon.colcon_core.package_discovery:discover_packages(ignore) check parameters
[4.471s] Level 1:colcon.colcon_core.package_discovery:discover_packages(path) check parameters
[4.471s] Level 1:colcon.colcon_core.package_discovery:discover_packages(colcon_meta) discover
[4.471s] Level 1:colcon.colcon_core.package_discovery:discover_packages(recursive) discover
[4.471s] INFO:colcon.colcon_core.package_discovery:Crawling recursively for packages in '/home/wall-e/Desktop/Hiperion---ELA220'
[4.472s] Level 1:colcon.colcon_core.package_identification:_identify(.) by extensions ['ignore', 'ignore_ament_install']
[4.472s] Level 1:colcon.colcon_core.package_identification:_identify(.) by extension 'ignore'
[4.472s] Level 1:colcon.colcon_core.package_identification:_identify(.) by extension 'ignore_ament_install'
[4.473s] Level 1:colcon.colcon_core.package_identification:_identify(.) by extensions ['colcon_pkg']
[4.473s] Level 1:colcon.colcon_core.package_identification:_identify(.) by extension 'colcon_pkg'
[4.473s] Level 1:colcon.colcon_core.package_identification:_identify(.) by extensions ['colcon_meta']
[4.473s] Level 1:colcon.colcon_core.package_identification:_identify(.) by extension 'colcon_meta'
[4.473s] Level 1:colcon.colcon_core.package_identification:_identify(.) by extensions ['ros']
[4.473s] Level 1:colcon.colcon_core.package_identification:_identify(.) by extension 'ros'
[4.521s] Level 1:colcon.colcon_core.package_identification:_identify(.) by extensions ['cmake', 'python']
[4.521s] Level 1:colcon.colcon_core.package_identification:_identify(.) by extension 'cmake'
[4.521s] Level 1:colcon.colcon_core.package_identification:_identify(.) by extension 'python'
[4.521s] Level 1:colcon.colcon_core.package_identification:_identify(.) by extensions ['python_setup_py']
[4.522s] Level 1:colcon.colcon_core.package_identification:_identify(.) by extension 'python_setup_py'
[4.522s] Level 1:colcon.colcon_core.package_identification:_identify(build) by extensions ['ignore', 'ignore_ament_install']
[4.522s] Level 1:colcon.colcon_core.package_identification:_identify(build) by extension 'ignore'
[4.523s] Level 1:colcon.colcon_core.package_identification:_identify(build) ignored
[4.523s] Level 1:colcon.colcon_core.package_identification:_identify(install) by extensions ['ignore', 'ignore_ament_install']
[4.524s] Level 1:colcon.colcon_core.package_identification:_identify(install) by extension 'ignore'
[4.524s] Level 1:colcon.colcon_core.package_identification:_identify(install) ignored
[4.524s] Level 1:colcon.colcon_core.package_identification:_identify(log) by extensions ['ignore', 'ignore_ament_install']
[4.524s] Level 1:colcon.colcon_core.package_identification:_identify(log) by extension 'ignore'
[4.525s] Level 1:colcon.colcon_core.package_identification:_identify(log) ignored
[4.525s] Level 1:colcon.colcon_core.package_identification:_identify(src) by extensions ['ignore', 'ignore_ament_install']
[4.525s] Level 1:colcon.colcon_core.package_identification:_identify(src) by extension 'ignore'
[4.525s] Level 1:colcon.colcon_core.package_identification:_identify(src) by extension 'ignore_ament_install'
[4.526s] Level 1:colcon.colcon_core.package_identification:_identify(src) by extensions ['colcon_pkg']
[4.526s] Level 1:colcon.colcon_core.package_identification:_identify(src) by extension 'colcon_pkg'
[4.526s] Level 1:colcon.colcon_core.package_identification:_identify(src) by extensions ['colcon_meta']
[4.526s] Level 1:colcon.colcon_core.package_identification:_identify(src) by extension 'colcon_meta'
[4.526s] Level 1:colcon.colcon_core.package_identification:_identify(src) by extensions ['ros']
[4.526s] Level 1:colcon.colcon_core.package_identification:_identify(src) by extension 'ros'
[4.527s] Level 1:colcon.colcon_core.package_identification:_identify(src) by extensions ['cmake', 'python']
[4.527s] Level 1:colcon.colcon_core.package_identification:_identify(src) by extension 'cmake'
[4.527s] Level 1:colcon.colcon_core.package_identification:_identify(src) by extension 'python'
[4.527s] Level 1:colcon.colcon_core.package_identification:_identify(src) by extensions ['python_setup_py']
[4.527s] Level 1:colcon.colcon_core.package_identification:_identify(src) by extension 'python_setup_py'
[4.528s] Level 1:colcon.colcon_core.package_identification:_identify(src/my_box_bot_description) by extensions ['ignore', 'ignore_ament_install']
[4.528s] Level 1:colcon.colcon_core.package_identification:_identify(src/my_box_bot_description) by extension 'ignore'
[4.528s] Level 1:colcon.colcon_core.package_identification:_identify(src/my_box_bot_description) by extension 'ignore_ament_install'
[4.528s] Level 1:colcon.colcon_core.package_identification:_identify(src/my_box_bot_description) by extensions ['colcon_pkg']
[4.528s] Level 1:colcon.colcon_core.package_identification:_identify(src/my_box_bot_description) by extension 'colcon_pkg'
[4.529s] Level 1:colcon.colcon_core.package_identification:_identify(src/my_box_bot_description) by extensions ['colcon_meta']
[4.529s] Level 1:colcon.colcon_core.package_identification:_identify(src/my_box_bot_description) by extension 'colcon_meta'
[4.529s] Level 1:colcon.colcon_core.package_identification:_identify(src/my_box_bot_description) by extensions ['ros']
[4.529s] Level 1:colcon.colcon_core.package_identification:_identify(src/my_box_bot_description) by extension 'ros'
[4.538s] DEBUG:colcon.colcon_core.package_identification:Package 'src/my_box_bot_description' with type 'ros.ament_cmake' and name 'my_box_bot_description'
[4.539s] Level 1:colcon.colcon_core.package_identification:_identify(src/my_box_bot_gazebo) by extensions ['ignore', 'ignore_ament_install']
[4.539s] Level 1:colcon.colcon_core.package_identification:_identify(src/my_box_bot_gazebo) by extension 'ignore'
[4.540s] Level 1:colcon.colcon_core.package_identification:_identify(src/my_box_bot_gazebo) by extension 'ignore_ament_install'
[4.540s] Level 1:colcon.colcon_core.package_identification:_identify(src/my_box_bot_gazebo) by extensions ['colcon_pkg']
[4.540s] Level 1:colcon.colcon_core.package_identification:_identify(src/my_box_bot_gazebo) by extension 'colcon_pkg'
[4.540s] Level 1:colcon.colcon_core.package_identification:_identify(src/my_box_bot_gazebo) by extensions ['colcon_meta']
[4.540s] Level 1:colcon.colcon_core.package_identification:_identify(src/my_box_bot_gazebo) by extension 'colcon_meta'
[4.540s] Level 1:colcon.colcon_core.package_identification:_identify(src/my_box_bot_gazebo) by extensions ['ros']
[4.541s] Level 1:colcon.colcon_core.package_identification:_identify(src/my_box_bot_gazebo) by extension 'ros'
[4.544s] DEBUG:colcon.colcon_core.package_identification:Package 'src/my_box_bot_gazebo' with type 'ros.ament_cmake' and name 'my_box_bot_gazebo'
[4.544s] Level 1:colcon.colcon_core.package_identification:_identify(src/ros2_mpu6050_driver) by extensions ['ignore', 'ignore_ament_install']
[4.545s] Level 1:colcon.colcon_core.package_identification:_identify(src/ros2_mpu6050_driver) by extension 'ignore'
[4.545s] Level 1:colcon.colcon_core.package_identification:_identify(src/ros2_mpu6050_driver) by extension 'ignore_ament_install'
[4.545s] Level 1:colcon.colcon_core.package_identification:_identify(src/ros2_mpu6050_driver) by extensions ['colcon_pkg']
[4.545s] Level 1:colcon.colcon_core.package_identification:_identify(src/ros2_mpu6050_driver) by extension 'colcon_pkg'
[4.546s] Level 1:colcon.colcon_core.package_identification:_identify(src/ros2_mpu6050_driver) by extensions ['colcon_meta']
[4.546s] Level 1:colcon.colcon_core.package_identification:_identify(src/ros2_mpu6050_driver) by extension 'colcon_meta'
[4.546s] Level 1:colcon.colcon_core.package_identification:_identify(src/ros2_mpu6050_driver) by extensions ['ros']
[4.546s] Level 1:colcon.colcon_core.package_identification:_identify(src/ros2_mpu6050_driver) by extension 'ros'
[4.548s] DEBUG:colcon.colcon_core.package_identification:Package 'src/ros2_mpu6050_driver' with type 'ros.ament_cmake' and name 'mpu6050driver'
[4.549s] Level 1:colcon.colcon_core.package_identification:_identify(src/rplidar_ros) by extensions ['ignore', 'ignore_ament_install']
[4.550s] Level 1:colcon.colcon_core.package_identification:_identify(src/rplidar_ros) by extension 'ignore'
[4.550s] Level 1:colcon.colcon_core.package_identification:_identify(src/rplidar_ros) by extension 'ignore_ament_install'
[4.550s] Level 1:colcon.colcon_core.package_identification:_identify(src/rplidar_ros) by extensions ['colcon_pkg']
[4.550s] Level 1:colcon.colcon_core.package_identification:_identify(src/rplidar_ros) by extension 'colcon_pkg'
[4.550s] Level 1:colcon.colcon_core.package_identification:_identify(src/rplidar_ros) by extensions ['colcon_meta']
[4.550s] Level 1:colcon.colcon_core.package_identification:_identify(src/rplidar_ros) by extension 'colcon_meta'
[4.551s] Level 1:colcon.colcon_core.package_identification:_identify(src/rplidar_ros) by extensions ['ros']
[4.551s] Level 1:colcon.colcon_core.package_identification:_identify(src/rplidar_ros) by extension 'ros'
[4.553s] DEBUG:colcon.colcon_core.package_identification:Package 'src/rplidar_ros' with type 'ros.ament_cmake' and name 'rplidar_ros'
[4.553s] Level 1:colcon.colcon_core.package_discovery:discover_packages(recursive) using defaults
[4.554s] Level 1:colcon.colcon_core.package_discovery:discover_packages(ignore) discover
[4.554s] Level 1:colcon.colcon_core.package_discovery:discover_packages(ignore) using defaults
[4.554s] Level 1:colcon.colcon_core.package_discovery:discover_packages(path) discover
[4.554s] Level 1:colcon.colcon_core.package_discovery:discover_packages(path) using defaults
[4.930s] Level 1:colcon.colcon_core.package_discovery:discover_packages(prefix_path) check parameters
[4.930s] Level 1:colcon.colcon_core.package_discovery:discover_packages(prefix_path) discover
[5.062s] DEBUG:colcon.colcon_installed_package_information.package_discovery:Found 272 installed packages in /opt/ros/humble
[5.068s] Level 1:colcon.colcon_core.package_discovery:discover_packages(prefix_path) using defaults
[5.456s] Level 5:colcon.colcon_core.verb:set package 'mpu6050driver' build argument 'cmake_args' from command line to 'None'
[5.456s] Level 5:colcon.colcon_core.verb:set package 'mpu6050driver' build argument 'cmake_target' from command line to 'None'
[5.456s] Level 5:colcon.colcon_core.verb:set package 'mpu6050driver' build argument 'cmake_target_skip_unavailable' from command line to 'False'
[5.456s] Level 5:colcon.colcon_core.verb:set package 'mpu6050driver' build argument 'cmake_clean_cache' from command line to 'False'
[5.457s] Level 5:colcon.colcon_core.verb:set package 'mpu6050driver' build argument 'cmake_clean_first' from command line to 'False'
[5.457s] Level 5:colcon.colcon_core.verb:set package 'mpu6050driver' build argument 'cmake_force_configure' from command line to 'False'
[5.457s] Level 5:colcon.colcon_core.verb:set package 'mpu6050driver' build argument 'ament_cmake_args' from command line to 'None'
[5.457s] Level 5:colcon.colcon_core.verb:set package 'mpu6050driver' build argument 'catkin_cmake_args' from command line to 'None'
[5.457s] Level 5:colcon.colcon_core.verb:set package 'mpu6050driver' build argument 'catkin_skip_building_tests' from command line to 'False'
[5.457s] DEBUG:colcon.colcon_core.verb:Building package 'mpu6050driver' with the following arguments: {'ament_cmake_args': None, 'build_base': '/home/wall-e/Desktop/Hiperion---ELA220/build/mpu6050driver', 'catkin_cmake_args': None, 'catkin_skip_building_tests': False, 'cmake_args': None, 'cmake_clean_cache': False, 'cmake_clean_first': False, 'cmake_force_configure': False, 'cmake_target': None, 'cmake_target_skip_unavailable': False, 'install_base': '/home/wall-e/Desktop/Hiperion---ELA220/install/mpu6050driver', 'merge_install': False, 'path': '/home/wall-e/Desktop/Hiperion---ELA220/src/ros2_mpu6050_driver', 'symlink_install': False, 'test_result_base': None}
[5.518s] Level 5:colcon.colcon_core.verb:set package 'my_box_bot_description' build argument 'cmake_args' from command line to 'None'
[5.519s] Level 5:colcon.colcon_core.verb:set package 'my_box_bot_description' build argument 'cmake_target' from command line to 'None'
[5.519s] Level 5:colcon.colcon_core.verb:set package 'my_box_bot_description' build argument 'cmake_target_skip_unavailable' from command line to 'False'
[5.519s] Level 5:colcon.colcon_core.verb:set package 'my_box_bot_description' build argument 'cmake_clean_cache' from command line to 'False'
[5.519s] Level 5:colcon.colcon_core.verb:set package 'my_box_bot_description' build argument 'cmake_clean_first' from command line to 'False'
[5.519s] Level 5:colcon.colcon_core.verb:set package 'my_box_bot_description' build argument 'cmake_force_configure' from command line to 'False'
[5.519s] Level 5:colcon.colcon_core.verb:set package 'my_box_bot_description' build argument 'ament_cmake_args' from command line to 'None'
[5.519s] Level 5:colcon.colcon_core.verb:set package 'my_box_bot_description' build argument 'catkin_cmake_args' from command line to 'None'
[5.519s] Level 5:colcon.colcon_core.verb:set package 'my_box_bot_description' build argument 'catkin_skip_building_tests' from command line to 'False'
[5.519s] DEBUG:colcon.colcon_core.verb:Building package 'my_box_bot_description' with the following arguments: {'ament_cmake_args': None, 'build_base': '/home/wall-e/Desktop/Hiperion---ELA220/build/my_box_bot_description', 'catkin_cmake_args': None, 'catkin_skip_building_tests': False, 'cmake_args': None, 'cmake_clean_cache': False, 'cmake_clean_first': False, 'cmake_force_configure': False, 'cmake_target': None, 'cmake_target_skip_unavailable': False, 'install_base': '/home/wall-e/Desktop/Hiperion---ELA220/install/my_box_bot_description', 'merge_install': False, 'path': '/home/wall-e/Desktop/Hiperion---ELA220/src/my_box_bot_description', 'symlink_install': False, 'test_result_base': None}
[5.580s] Level 5:colcon.colcon_core.verb:set package 'rplidar_ros' build argument 'cmake_args' from command line to 'None'
[5.580s] Level 5:colcon.colcon_core.verb:set package 'rplidar_ros' build argument 'cmake_target' from command line to 'None'
[5.581s] Level 5:colcon.colcon_core.verb:set package 'rplidar_ros' build argument 'cmake_target_skip_unavailable' from command line to 'False'
[5.581s] Level 5:colcon.colcon_core.verb:set package 'rplidar_ros' build argument 'cmake_clean_cache' from command line to 'False'
[5.581s] Level 5:colcon.colcon_core.verb:set package 'rplidar_ros' build argument 'cmake_clean_first' from command line to 'False'
[5.581s] Level 5:colcon.colcon_core.verb:set package 'rplidar_ros' build argument 'cmake_force_configure' from command line to 'False'
[5.581s] Level 5:colcon.colcon_core.verb:set package 'rplidar_ros' build argument 'ament_cmake_args' from command line to 'None'
[5.581s] Level 5:colcon.colcon_core.verb:set package 'rplidar_ros' build argument 'catkin_cmake_args' from command line to 'None'
[5.581s] Level 5:colcon.colcon_core.verb:set package 'rplidar_ros' build argument 'catkin_skip_building_tests' from command line to 'False'
[5.581s] DEBUG:colcon.colcon_core.verb:Building package 'rplidar_ros' with the following arguments: {'ament_cmake_args': None, 'build_base': '/home/wall-e/Desktop/Hiperion---ELA220/build/rplidar_ros', 'catkin_cmake_args': None, 'catkin_skip_building_tests': False, 'cmake_args': None, 'cmake_clean_cache': False, 'cmake_clean_first': False, 'cmake_force_configure': False, 'cmake_target': None, 'cmake_target_skip_unavailable': False, 'install_base': '/home/wall-e/Desktop/Hiperion---ELA220/install/rplidar_ros', 'merge_install': False, 'path': '/home/wall-e/Desktop/Hiperion---ELA220/src/rplidar_ros', 'symlink_install': False, 'test_result_base': None}
[5.642s] Level 5:colcon.colcon_core.verb:set package 'my_box_bot_gazebo' build argument 'cmake_args' from command line to 'None'
[5.642s] Level 5:colcon.colcon_core.verb:set package 'my_box_bot_gazebo' build argument 'cmake_target' from command line to 'None'
[5.642s] Level 5:colcon.colcon_core.verb:set package 'my_box_bot_gazebo' build argument 'cmake_target_skip_unavailable' from command line to 'False'
[5.642s] Level 5:colcon.colcon_core.verb:set package 'my_box_bot_gazebo' build argument 'cmake_clean_cache' from command line to 'False'
[5.642s] Level 5:colcon.colcon_core.verb:set package 'my_box_bot_gazebo' build argument 'cmake_clean_first' from command line to 'False'
[5.643s] Level 5:colcon.colcon_core.verb:set package 'my_box_bot_gazebo' build argument 'cmake_force_configure' from command line to 'False'
[5.643s] Level 5:colcon.colcon_core.verb:set package 'my_box_bot_gazebo' build argument 'ament_cmake_args' from command line to 'None'
[5.643s] Level 5:colcon.colcon_core.verb:set package 'my_box_bot_gazebo' build argument 'catkin_cmake_args' from command line to 'None'
[5.643s] Level 5:colcon.colcon_core.verb:set package 'my_box_bot_gazebo' build argument 'catkin_skip_building_tests' from command line to 'False'
[5.643s] DEBUG:colcon.colcon_core.verb:Building package 'my_box_bot_gazebo' with the following arguments: {'ament_cmake_args': None, 'build_base': '/home/wall-e/Desktop/Hiperion---ELA220/build/my_box_bot_gazebo', 'catkin_cmake_args': None, 'catkin_skip_building_tests': False, 'cmake_args': None, 'cmake_clean_cache': False, 'cmake_clean_first': False, 'cmake_force_configure': False, 'cmake_target': None, 'cmake_target_skip_unavailable': False, 'install_base': '/home/wall-e/Desktop/Hiperion---ELA220/install/my_box_bot_gazebo', 'merge_install': False, 'path': '/home/wall-e/Desktop/Hiperion---ELA220/src/my_box_bot_gazebo', 'symlink_install': False, 'test_result_base': None}
[5.702s] INFO:colcon.colcon_core.executor:Executing jobs using 'parallel' executor
[5.767s] DEBUG:colcon.colcon_parallel_executor.executor.parallel:run_until_complete
[5.768s] INFO:colcon.colcon_ros.task.ament_cmake.build:Building ROS package in '/home/wall-e/Desktop/Hiperion---ELA220/src/my_box_bot_description' with build type 'ament_cmake'
[5.769s] INFO:colcon.colcon_cmake.task.cmake.build:Building CMake package in '/home/wall-e/Desktop/Hiperion---ELA220/src/my_box_bot_description'
[5.844s] INFO:colcon.colcon_core.plugin_system:Skipping extension 'colcon_core.shell.bat': Not used on non-Windows systems
[5.845s] INFO:colcon.colcon_core.shell:Skip shell extension 'powershell' for command environment: Not usable outside of PowerShell
[5.845s] DEBUG:colcon.colcon_core.shell:Skip shell extension 'dsv' for command environment
[5.990s] INFO:colcon.colcon_ros.task.ament_cmake.build:Building ROS package in '/home/wall-e/Desktop/Hiperion---ELA220/src/ros2_mpu6050_driver' with build type 'ament_cmake'
[5.991s] INFO:colcon.colcon_cmake.task.cmake.build:Building CMake package in '/home/wall-e/Desktop/Hiperion---ELA220/src/ros2_mpu6050_driver'
[6.062s] INFO:colcon.colcon_core.shell:Skip shell extension 'powershell' for command environment: Not usable outside of PowerShell
[6.062s] DEBUG:colcon.colcon_core.shell:Skip shell extension 'dsv' for command environment
[6.209s] INFO:colcon.colcon_ros.task.ament_cmake.build:Building ROS package in '/home/wall-e/Desktop/Hiperion---ELA220/src/rplidar_ros' with build type 'ament_cmake'
[6.210s] INFO:colcon.colcon_cmake.task.cmake.build:Building CMake package in '/home/wall-e/Desktop/Hiperion---ELA220/src/rplidar_ros'
[6.284s] INFO:colcon.colcon_core.shell:Skip shell extension 'powershell' for command environment: Not usable outside of PowerShell
[6.284s] DEBUG:colcon.colcon_core.shell:Skip shell extension 'dsv' for command environment
[6.459s] DEBUG:colcon.colcon_core.event_handler.log_command:Invoking command in '/home/wall-e/Desktop/Hiperion---ELA220/build/my_box_bot_description': CMAKE_PREFIX_PATH=/opt/ros/humble /usr/bin/cmake --build /home/wall-e/Desktop/Hiperion---ELA220/build/my_box_bot_description -- -j4 -l4
[6.477s] DEBUG:colcon.colcon_core.event_handler.log_command:Invoking command in '/home/wall-e/Desktop/Hiperion---ELA220/build/mpu6050driver': CMAKE_PREFIX_PATH=/opt/ros/humble /usr/bin/cmake --build /home/wall-e/Desktop/Hiperion---ELA220/build/mpu6050driver -- -j4 -l4
[6.506s] DEBUG:colcon.colcon_core.event_handler.log_command:Invoking command in '/home/wall-e/Desktop/Hiperion---ELA220/build/rplidar_ros': CMAKE_PREFIX_PATH=/opt/ros/humble /usr/bin/cmake --build /home/wall-e/Desktop/Hiperion---ELA220/build/rplidar_ros -- -j4 -l4
[6.634s] DEBUG:colcon.colcon_core.event_handler.log_command:Invoked command in '/home/wall-e/Desktop/Hiperion---ELA220/build/my_box_bot_description' returned '0': CMAKE_PREFIX_PATH=/opt/ros/humble /usr/bin/cmake --build /home/wall-e/Desktop/Hiperion---ELA220/build/my_box_bot_description -- -j4 -l4
[6.858s] DEBUG:colcon.colcon_core.event_handler.log_command:Invoked command in '/home/wall-e/Desktop/Hiperion---ELA220/build/mpu6050driver' returned '0': CMAKE_PREFIX_PATH=/opt/ros/humble /usr/bin/cmake --build /home/wall-e/Desktop/Hiperion---ELA220/build/mpu6050driver -- -j4 -l4
[6.920s] DEBUG:colcon.colcon_core.event_handler.log_command:Invoking command in '/home/wall-e/Desktop/Hiperion---ELA220/build/my_box_bot_description': CMAKE_PREFIX_PATH=/opt/ros/humble /usr/bin/cmake --install /home/wall-e/Desktop/Hiperion---ELA220/build/my_box_bot_description
[6.983s] DEBUG:colcon.colcon_core.event_handler.log_command:Invoked command in '/home/wall-e/Desktop/Hiperion---ELA220/build/rplidar_ros' returned '0': CMAKE_PREFIX_PATH=/opt/ros/humble /usr/bin/cmake --build /home/wall-e/Desktop/Hiperion---ELA220/build/rplidar_ros -- -j4 -l4
[7.040s] DEBUG:colcon.colcon_core.event_handler.log_command:Invoking command in '/home/wall-e/Desktop/Hiperion---ELA220/build/mpu6050driver': CMAKE_PREFIX_PATH=/opt/ros/humble /usr/bin/cmake --install /home/wall-e/Desktop/Hiperion---ELA220/build/mpu6050driver
[7.054s] Level 1:colcon.colcon_core.environment:create_environment_scripts_only(my_box_bot_description)
[7.057s] DEBUG:colcon.colcon_core.event_handler.log_command:Invoked command in '/home/wall-e/Desktop/Hiperion---ELA220/build/my_box_bot_description' returned '0': CMAKE_PREFIX_PATH=/opt/ros/humble /usr/bin/cmake --install /home/wall-e/Desktop/Hiperion---ELA220/build/my_box_bot_description
[7.179s] Level 1:colcon.colcon_core.environment:checking '/home/wall-e/Desktop/Hiperion---ELA220/install/my_box_bot_description' for CMake module files
[7.182s] Level 1:colcon.colcon_core.environment:checking '/home/wall-e/Desktop/Hiperion---ELA220/install/my_box_bot_description' for CMake config files
[7.184s] Level 1:colcon.colcon_core.shell:create_environment_hook('my_box_bot_description', 'cmake_prefix_path')
[7.262s] INFO:colcon.colcon_core.shell:Creating environment hook '/home/wall-e/Desktop/Hiperion---ELA220/install/my_box_bot_description/share/my_box_bot_description/hook/cmake_prefix_path.ps1'
[7.265s] INFO:colcon.colcon_core.shell:Creating environment descriptor '/home/wall-e/Desktop/Hiperion---ELA220/install/my_box_bot_description/share/my_box_bot_description/hook/cmake_prefix_path.dsv'
[7.267s] INFO:colcon.colcon_core.shell:Creating environment hook '/home/wall-e/Desktop/Hiperion---ELA220/install/my_box_bot_description/share/my_box_bot_description/hook/cmake_prefix_path.sh'
[7.271s] Level 1:colcon.colcon_core.environment:checking '/home/wall-e/Desktop/Hiperion---ELA220/install/my_box_bot_description/bin'
[7.272s] Level 1:colcon.colcon_core.environment:checking '/home/wall-e/Desktop/Hiperion---ELA220/install/my_box_bot_description/lib/pkgconfig/my_box_bot_description.pc'
[7.273s] Level 1:colcon.colcon_core.environment:checking '/home/wall-e/Desktop/Hiperion---ELA220/install/my_box_bot_description/lib/python3.10/site-packages'
[7.274s] Level 1:colcon.colcon_core.environment:checking '/home/wall-e/Desktop/Hiperion---ELA220/install/my_box_bot_description/bin'
[7.397s] INFO:colcon.colcon_core.shell:Creating package script '/home/wall-e/Desktop/Hiperion---ELA220/install/my_box_bot_description/share/my_box_bot_description/package.ps1'
[7.402s] INFO:colcon.colcon_core.shell:Creating package descriptor '/home/wall-e/Desktop/Hiperion---ELA220/install/my_box_bot_description/share/my_box_bot_description/package.dsv'
[7.405s] INFO:colcon.colcon_core.shell:Creating package script '/home/wall-e/Desktop/Hiperion---ELA220/install/my_box_bot_description/share/my_box_bot_description/package.sh'
[7.409s] INFO:colcon.colcon_core.shell:Creating package script '/home/wall-e/Desktop/Hiperion---ELA220/install/my_box_bot_description/share/my_box_bot_description/package.bash'
[7.412s] INFO:colcon.colcon_core.shell:Creating package script '/home/wall-e/Desktop/Hiperion---ELA220/install/my_box_bot_description/share/my_box_bot_description/package.zsh'
[7.415s] Level 1:colcon.colcon_core.environment:create_file_with_runtime_dependencies(/home/wall-e/Desktop/Hiperion---ELA220/install/my_box_bot_description/share/colcon-core/packages/my_box_bot_description)
[7.436s] DEBUG:colcon.colcon_core.event_handler.log_command:Invoking command in '/home/wall-e/Desktop/Hiperion---ELA220/build/rplidar_ros': CMAKE_PREFIX_PATH=/opt/ros/humble /usr/bin/cmake --install /home/wall-e/Desktop/Hiperion---ELA220/build/rplidar_ros
[7.440s] Level 1:colcon.colcon_core.environment:create_environment_scripts_only(mpu6050driver)
[7.443s] DEBUG:colcon.colcon_core.event_handler.log_command:Invoked command in '/home/wall-e/Desktop/Hiperion---ELA220/build/mpu6050driver' returned '0': CMAKE_PREFIX_PATH=/opt/ros/humble /usr/bin/cmake --install /home/wall-e/Desktop/Hiperion---ELA220/build/mpu6050driver
[7.598s] Level 1:colcon.colcon_core.environment:checking '/home/wall-e/Desktop/Hiperion---ELA220/install/mpu6050driver' for CMake module files
[7.602s] Level 1:colcon.colcon_core.environment:checking '/home/wall-e/Desktop/Hiperion---ELA220/install/mpu6050driver' for CMake config files
[7.604s] Level 1:colcon.colcon_core.shell:create_environment_hook('mpu6050driver', 'cmake_prefix_path')
[7.671s] INFO:colcon.colcon_core.shell:Creating environment hook '/home/wall-e/Desktop/Hiperion---ELA220/install/mpu6050driver/share/mpu6050driver/hook/cmake_prefix_path.ps1'
[7.673s] INFO:colcon.colcon_core.shell:Creating environment descriptor '/home/wall-e/Desktop/Hiperion---ELA220/install/mpu6050driver/share/mpu6050driver/hook/cmake_prefix_path.dsv'
[7.675s] INFO:colcon.colcon_core.shell:Creating environment hook '/home/wall-e/Desktop/Hiperion---ELA220/install/mpu6050driver/share/mpu6050driver/hook/cmake_prefix_path.sh'
[7.677s] Level 1:colcon.colcon_core.environment:checking '/home/wall-e/Desktop/Hiperion---ELA220/install/mpu6050driver/lib'
[7.678s] Level 1:colcon.colcon_core.environment:checking '/home/wall-e/Desktop/Hiperion---ELA220/install/mpu6050driver/bin'
[7.678s] Level 1:colcon.colcon_core.environment:checking '/home/wall-e/Desktop/Hiperion---ELA220/install/mpu6050driver/lib/pkgconfig/mpu6050driver.pc'
[7.679s] Level 1:colcon.colcon_core.environment:checking '/home/wall-e/Desktop/Hiperion---ELA220/install/mpu6050driver/lib/python3.10/site-packages'
[7.680s] Level 1:colcon.colcon_core.environment:checking '/home/wall-e/Desktop/Hiperion---ELA220/install/mpu6050driver/bin'
[7.747s] INFO:colcon.colcon_core.shell:Creating package script '/home/wall-e/Desktop/Hiperion---ELA220/install/mpu6050driver/share/mpu6050driver/package.ps1'
[7.749s] INFO:colcon.colcon_core.shell:Creating package descriptor '/home/wall-e/Desktop/Hiperion---ELA220/install/mpu6050driver/share/mpu6050driver/package.dsv'
[7.751s] INFO:colcon.colcon_core.shell:Creating package script '/home/wall-e/Desktop/Hiperion---ELA220/install/mpu6050driver/share/mpu6050driver/package.sh'
[7.753s] INFO:colcon.colcon_core.shell:Creating package script '/home/wall-e/Desktop/Hiperion---ELA220/install/mpu6050driver/share/mpu6050driver/package.bash'
[7.754s] INFO:colcon.colcon_core.shell:Creating package script '/home/wall-e/Desktop/Hiperion---ELA220/install/mpu6050driver/share/mpu6050driver/package.zsh'
[7.755s] Level 1:colcon.colcon_core.environment:create_file_with_runtime_dependencies(/home/wall-e/Desktop/Hiperion---ELA220/install/mpu6050driver/share/colcon-core/packages/mpu6050driver)
[7.848s] Level 1:colcon.colcon_core.environment:create_environment_scripts_only(my_box_bot_description)
[7.919s] Level 1:colcon.colcon_core.environment:checking '/home/wall-e/Desktop/Hiperion---ELA220/install/my_box_bot_description' for CMake module files
[7.922s] Level 1:colcon.colcon_core.environment:checking '/home/wall-e/Desktop/Hiperion---ELA220/install/my_box_bot_description' for CMake config files
[7.924s] Level 1:colcon.colcon_core.shell:create_environment_hook('my_box_bot_description', 'cmake_prefix_path')
[7.991s] INFO:colcon.colcon_core.shell:Creating environment hook '/home/wall-e/Desktop/Hiperion---ELA220/install/my_box_bot_description/share/my_box_bot_description/hook/cmake_prefix_path.ps1'
[7.993s] INFO:colcon.colcon_core.shell:Creating environment descriptor '/home/wall-e/Desktop/Hiperion---ELA220/install/my_box_bot_description/share/my_box_bot_description/hook/cmake_prefix_path.dsv'
[7.995s] INFO:colcon.colcon_core.shell:Creating environment hook '/home/wall-e/Desktop/Hiperion---ELA220/install/my_box_bot_description/share/my_box_bot_description/hook/cmake_prefix_path.sh'
[7.997s] Level 1:colcon.colcon_core.environment:checking '/home/wall-e/Desktop/Hiperion---ELA220/install/my_box_bot_description/bin'
[7.997s] Level 1:colcon.colcon_core.environment:checking '/home/wall-e/Desktop/Hiperion---ELA220/install/my_box_bot_description/lib/pkgconfig/my_box_bot_description.pc'
[7.998s] Level 1:colcon.colcon_core.environment:checking '/home/wall-e/Desktop/Hiperion---ELA220/install/my_box_bot_description/lib/python3.10/site-packages'
[7.999s] Level 1:colcon.colcon_core.environment:checking '/home/wall-e/Desktop/Hiperion---ELA220/install/my_box_bot_description/bin'
[8.066s] INFO:colcon.colcon_core.shell:Creating package script '/home/wall-e/Desktop/Hiperion---ELA220/install/my_box_bot_description/share/my_box_bot_description/package.ps1'
[8.069s] INFO:colcon.colcon_core.shell:Creating package descriptor '/home/wall-e/Desktop/Hiperion---ELA220/install/my_box_bot_description/share/my_box_bot_description/package.dsv'
[8.071s] INFO:colcon.colcon_core.shell:Creating package script '/home/wall-e/Desktop/Hiperion---ELA220/install/my_box_bot_description/share/my_box_bot_description/package.sh'
[8.073s] INFO:colcon.colcon_core.shell:Creating package script '/home/wall-e/Desktop/Hiperion---ELA220/install/my_box_bot_description/share/my_box_bot_description/package.bash'
[8.075s] INFO:colcon.colcon_core.shell:Creating package script '/home/wall-e/Desktop/Hiperion---ELA220/install/my_box_bot_description/share/my_box_bot_description/package.zsh'
[8.077s] Level 1:colcon.colcon_core.environment:create_file_with_runtime_dependencies(/home/wall-e/Desktop/Hiperion---ELA220/install/my_box_bot_description/share/colcon-core/packages/my_box_bot_description)
[8.080s] INFO:colcon.colcon_ros.task.ament_cmake.build:Building ROS package in '/home/wall-e/Desktop/Hiperion---ELA220/src/my_box_bot_gazebo' with build type 'ament_cmake'
[8.081s] INFO:colcon.colcon_cmake.task.cmake.build:Building CMake package in '/home/wall-e/Desktop/Hiperion---ELA220/src/my_box_bot_gazebo'
[8.158s] INFO:colcon.colcon_core.shell:Skip shell extension 'powershell' for command environment: Not usable outside of PowerShell
[8.158s] DEBUG:colcon.colcon_core.shell:Skip shell extension 'dsv' for command environment
[8.300s] Level 1:colcon.colcon_core.environment:create_environment_scripts_only(rplidar_ros)
[8.303s] DEBUG:colcon.colcon_core.event_handler.log_command:Invoked command in '/home/wall-e/Desktop/Hiperion---ELA220/build/rplidar_ros' returned '0': CMAKE_PREFIX_PATH=/opt/ros/humble /usr/bin/cmake --install /home/wall-e/Desktop/Hiperion---ELA220/build/rplidar_ros
[8.374s] Level 1:colcon.colcon_core.environment:checking '/home/wall-e/Desktop/Hiperion---ELA220/install/rplidar_ros' for CMake module files
[8.377s] Level 1:colcon.colcon_core.environment:checking '/home/wall-e/Desktop/Hiperion---ELA220/install/rplidar_ros' for CMake config files
[8.378s] Level 1:colcon.colcon_core.shell:create_environment_hook('rplidar_ros', 'cmake_prefix_path')
[8.443s] INFO:colcon.colcon_core.shell:Creating environment hook '/home/wall-e/Desktop/Hiperion---ELA220/install/rplidar_ros/share/rplidar_ros/hook/cmake_prefix_path.ps1'
[8.445s] INFO:colcon.colcon_core.shell:Creating environment descriptor '/home/wall-e/Desktop/Hiperion---ELA220/install/rplidar_ros/share/rplidar_ros/hook/cmake_prefix_path.dsv'
[8.448s] INFO:colcon.colcon_core.shell:Creating environment hook '/home/wall-e/Desktop/Hiperion---ELA220/install/rplidar_ros/share/rplidar_ros/hook/cmake_prefix_path.sh'
[8.450s] Level 1:colcon.colcon_core.environment:checking '/home/wall-e/Desktop/Hiperion---ELA220/install/rplidar_ros/lib'
[8.451s] Level 1:colcon.colcon_core.environment:checking '/home/wall-e/Desktop/Hiperion---ELA220/install/rplidar_ros/bin'
[8.451s] Level 1:colcon.colcon_core.environment:checking '/home/wall-e/Desktop/Hiperion---ELA220/install/rplidar_ros/lib/pkgconfig/rplidar_ros.pc'
[8.452s] Level 1:colcon.colcon_core.environment:checking '/home/wall-e/Desktop/Hiperion---ELA220/install/rplidar_ros/lib/python3.10/site-packages'
[8.452s] Level 1:colcon.colcon_core.environment:checking '/home/wall-e/Desktop/Hiperion---ELA220/install/rplidar_ros/bin'
[8.515s] INFO:colcon.colcon_core.shell:Creating package script '/home/wall-e/Desktop/Hiperion---ELA220/install/rplidar_ros/share/rplidar_ros/package.ps1'
[8.517s] INFO:colcon.colcon_core.shell:Creating package descriptor '/home/wall-e/Desktop/Hiperion---ELA220/install/rplidar_ros/share/rplidar_ros/package.dsv'
[8.518s] INFO:colcon.colcon_core.shell:Creating package script '/home/wall-e/Desktop/Hiperion---ELA220/install/rplidar_ros/share/rplidar_ros/package.sh'
[8.520s] INFO:colcon.colcon_core.shell:Creating package script '/home/wall-e/Desktop/Hiperion---ELA220/install/rplidar_ros/share/rplidar_ros/package.bash'
[8.522s] INFO:colcon.colcon_core.shell:Creating package script '/home/wall-e/Desktop/Hiperion---ELA220/install/rplidar_ros/share/rplidar_ros/package.zsh'
[8.523s] Level 1:colcon.colcon_core.environment:create_file_with_runtime_dependencies(/home/wall-e/Desktop/Hiperion---ELA220/install/rplidar_ros/share/colcon-core/packages/rplidar_ros)
[8.613s] Level 1:colcon.colcon_core.environment:create_environment_scripts_only(mpu6050driver)
[8.693s] Level 1:colcon.colcon_core.environment:checking '/home/wall-e/Desktop/Hiperion---ELA220/install/mpu6050driver' for CMake module files
[8.696s] Level 1:colcon.colcon_core.environment:checking '/home/wall-e/Desktop/Hiperion---ELA220/install/mpu6050driver' for CMake config files
[8.698s] Level 1:colcon.colcon_core.shell:create_environment_hook('mpu6050driver', 'cmake_prefix_path')
[8.779s] INFO:colcon.colcon_core.shell:Creating environment hook '/home/wall-e/Desktop/Hiperion---ELA220/install/mpu6050driver/share/mpu6050driver/hook/cmake_prefix_path.ps1'
[8.782s] INFO:colcon.colcon_core.shell:Creating environment descriptor '/home/wall-e/Desktop/Hiperion---ELA220/install/mpu6050driver/share/mpu6050driver/hook/cmake_prefix_path.dsv'
[8.784s] INFO:colcon.colcon_core.shell:Creating environment hook '/home/wall-e/Desktop/Hiperion---ELA220/install/mpu6050driver/share/mpu6050driver/hook/cmake_prefix_path.sh'
[8.788s] Level 1:colcon.colcon_core.environment:checking '/home/wall-e/Desktop/Hiperion---ELA220/install/mpu6050driver/lib'
[8.788s] Level 1:colcon.colcon_core.environment:checking '/home/wall-e/Desktop/Hiperion---ELA220/install/mpu6050driver/bin'
[8.789s] Level 1:colcon.colcon_core.environment:checking '/home/wall-e/Desktop/Hiperion---ELA220/install/mpu6050driver/lib/pkgconfig/mpu6050driver.pc'
[8.789s] Level 1:colcon.colcon_core.environment:checking '/home/wall-e/Desktop/Hiperion---ELA220/install/mpu6050driver/lib/python3.10/site-packages'
[8.790s] Level 1:colcon.colcon_core.environment:checking '/home/wall-e/Desktop/Hiperion---ELA220/install/mpu6050driver/bin'
[8.871s] INFO:colcon.colcon_core.shell:Creating package script '/home/wall-e/Desktop/Hiperion---ELA220/install/mpu6050driver/share/mpu6050driver/package.ps1'
[8.873s] INFO:colcon.colcon_core.shell:Creating package descriptor '/home/wall-e/Desktop/Hiperion---ELA220/install/mpu6050driver/share/mpu6050driver/package.dsv'
[8.876s] INFO:colcon.colcon_core.shell:Creating package script '/home/wall-e/Desktop/Hiperion---ELA220/install/mpu6050driver/share/mpu6050driver/package.sh'
[8.879s] INFO:colcon.colcon_core.shell:Creating package script '/home/wall-e/Desktop/Hiperion---ELA220/install/mpu6050driver/share/mpu6050driver/package.bash'
[8.881s] INFO:colcon.colcon_core.shell:Creating package script '/home/wall-e/Desktop/Hiperion---ELA220/install/mpu6050driver/share/mpu6050driver/package.zsh'
[8.884s] Level 1:colcon.colcon_core.environment:create_file_with_runtime_dependencies(/home/wall-e/Desktop/Hiperion---ELA220/install/mpu6050driver/share/colcon-core/packages/mpu6050driver)
[8.899s] DEBUG:colcon.colcon_core.event_handler.log_command:Invoking command in '/home/wall-e/Desktop/Hiperion---ELA220/build/my_box_bot_gazebo': AMENT_PREFIX_PATH=/home/wall-e/Desktop/Hiperion---ELA220/install/my_box_bot_description:${AMENT_PREFIX_PATH} CMAKE_PREFIX_PATH=/home/wall-e/Desktop/Hiperion---ELA220/install/my_box_bot_description:/opt/ros/humble /usr/bin/cmake /home/wall-e/Desktop/Hiperion---ELA220/src/my_box_bot_gazebo -DCMAKE_INSTALL_PREFIX=/home/wall-e/Desktop/Hiperion---ELA220/install/my_box_bot_gazebo
[9.004s] Level 1:colcon.colcon_core.environment:create_environment_scripts_only(rplidar_ros)
[9.095s] Level 1:colcon.colcon_core.environment:checking '/home/wall-e/Desktop/Hiperion---ELA220/install/rplidar_ros' for CMake module files
[9.098s] Level 1:colcon.colcon_core.environment:checking '/home/wall-e/Desktop/Hiperion---ELA220/install/rplidar_ros' for CMake config files
[9.101s] Level 1:colcon.colcon_core.shell:create_environment_hook('rplidar_ros', 'cmake_prefix_path')
[9.205s] INFO:colcon.colcon_core.shell:Creating environment hook '/home/wall-e/Desktop/Hiperion---ELA220/install/rplidar_ros/share/rplidar_ros/hook/cmake_prefix_path.ps1'
[9.208s] INFO:colcon.colcon_core.shell:Creating environment descriptor '/home/wall-e/Desktop/Hiperion---ELA220/install/rplidar_ros/share/rplidar_ros/hook/cmake_prefix_path.dsv'
[9.210s] INFO:colcon.colcon_core.shell:Creating environment hook '/home/wall-e/Desktop/Hiperion---ELA220/install/rplidar_ros/share/rplidar_ros/hook/cmake_prefix_path.sh'
[9.213s] Level 1:colcon.colcon_core.environment:checking '/home/wall-e/Desktop/Hiperion---ELA220/install/rplidar_ros/lib'
[9.213s] Level 1:colcon.colcon_core.environment:checking '/home/wall-e/Desktop/Hiperion---ELA220/install/rplidar_ros/bin'
[9.214s] Level 1:colcon.colcon_core.environment:checking '/home/wall-e/Desktop/Hiperion---ELA220/install/rplidar_ros/lib/pkgconfig/rplidar_ros.pc'
[9.215s] Level 1:colcon.colcon_core.environment:checking '/home/wall-e/Desktop/Hiperion---ELA220/install/rplidar_ros/lib/python3.10/site-packages'
[9.216s] Level 1:colcon.colcon_core.environment:checking '/home/wall-e/Desktop/Hiperion---ELA220/install/rplidar_ros/bin'
[9.301s] INFO:colcon.colcon_core.shell:Creating package script '/home/wall-e/Desktop/Hiperion---ELA220/install/rplidar_ros/share/rplidar_ros/package.ps1'
[9.306s] INFO:colcon.colcon_core.shell:Creating package descriptor '/home/wall-e/Desktop/Hiperion---ELA220/install/rplidar_ros/share/rplidar_ros/package.dsv'
[9.308s] INFO:colcon.colcon_core.shell:Creating package script '/home/wall-e/Desktop/Hiperion---ELA220/install/rplidar_ros/share/rplidar_ros/package.sh'
[9.311s] INFO:colcon.colcon_core.shell:Creating package script '/home/wall-e/Desktop/Hiperion---ELA220/install/rplidar_ros/share/rplidar_ros/package.bash'
[9.313s] INFO:colcon.colcon_core.shell:Creating package script '/home/wall-e/Desktop/Hiperion---ELA220/install/rplidar_ros/share/rplidar_ros/package.zsh'
[9.315s] Level 1:colcon.colcon_core.environment:create_file_with_runtime_dependencies(/home/wall-e/Desktop/Hiperion---ELA220/install/rplidar_ros/share/colcon-core/packages/rplidar_ros)
[11.810s] DEBUG:colcon.colcon_core.event_handler.log_command:Invoked command in '/home/wall-e/Desktop/Hiperion---ELA220/build/my_box_bot_gazebo' returned '1': AMENT_PREFIX_PATH=/home/wall-e/Desktop/Hiperion---ELA220/install/my_box_bot_description:${AMENT_PREFIX_PATH} CMAKE_PREFIX_PATH=/home/wall-e/Desktop/Hiperion---ELA220/install/my_box_bot_description:/opt/ros/humble /usr/bin/cmake /home/wall-e/Desktop/Hiperion---ELA220/src/my_box_bot_gazebo -DCMAKE_INSTALL_PREFIX=/home/wall-e/Desktop/Hiperion---ELA220/install/my_box_bot_gazebo
[11.855s] Level 1:colcon.colcon_core.environment:create_environment_scripts_only(my_box_bot_gazebo)
[11.927s] Level 1:colcon.colcon_core.environment:checking '/home/wall-e/Desktop/Hiperion---ELA220/install/my_box_bot_gazebo' for CMake module files
[11.929s] Level 1:colcon.colcon_core.environment:checking '/home/wall-e/Desktop/Hiperion---ELA220/install/my_box_bot_gazebo' for CMake config files
[11.930s] Level 1:colcon.colcon_core.environment:checking '/home/wall-e/Desktop/Hiperion---ELA220/install/my_box_bot_gazebo/bin'
[11.930s] Level 1:colcon.colcon_core.environment:checking '/home/wall-e/Desktop/Hiperion---ELA220/install/my_box_bot_gazebo/lib/pkgconfig/my_box_bot_gazebo.pc'
[11.931s] Level 1:colcon.colcon_core.environment:checking '/home/wall-e/Desktop/Hiperion---ELA220/install/my_box_bot_gazebo/lib/python3.10/site-packages'
[11.931s] Level 1:colcon.colcon_core.environment:checking '/home/wall-e/Desktop/Hiperion---ELA220/install/my_box_bot_gazebo/bin'
[11.999s] INFO:colcon.colcon_core.shell:Creating package script '/home/wall-e/Desktop/Hiperion---ELA220/install/my_box_bot_gazebo/share/my_box_bot_gazebo/package.ps1'
[12.001s] INFO:colcon.colcon_core.shell:Creating package descriptor '/home/wall-e/Desktop/Hiperion---ELA220/install/my_box_bot_gazebo/share/my_box_bot_gazebo/package.dsv'
[12.002s] INFO:colcon.colcon_core.shell:Creating package script '/home/wall-e/Desktop/Hiperion---ELA220/install/my_box_bot_gazebo/share/my_box_bot_gazebo/package.sh'
[12.003s] INFO:colcon.colcon_core.shell:Creating package script '/home/wall-e/Desktop/Hiperion---ELA220/install/my_box_bot_gazebo/share/my_box_bot_gazebo/package.bash'
[12.004s] INFO:colcon.colcon_core.shell:Creating package script '/home/wall-e/Desktop/Hiperion---ELA220/install/my_box_bot_gazebo/share/my_box_bot_gazebo/package.zsh'
[12.006s] Level 1:colcon.colcon_core.environment:create_file_with_runtime_dependencies(/home/wall-e/Desktop/Hiperion---ELA220/install/my_box_bot_gazebo/share/colcon-core/packages/my_box_bot_gazebo)
[12.017s] DEBUG:colcon.colcon_parallel_executor.executor.parallel:closing loop
[12.018s] DEBUG:colcon.colcon_parallel_executor.executor.parallel:loop closed
[12.018s] DEBUG:colcon.colcon_parallel_executor.executor.parallel:run_until_complete finished with '1'
[12.019s] DEBUG:colcon.colcon_core.event_reactor:joining thread
[12.113s] INFO:colcon.colcon_core.plugin_system:Skipping extension 'colcon_notification.desktop_notification.terminal_notifier': Not used on non-Darwin systems
[12.114s] INFO:colcon.colcon_core.plugin_system:Skipping extension 'colcon_notification.desktop_notification.win32': Not used on non-Windows systems
[12.114s] INFO:colcon.colcon_notification.desktop_notification:Sending desktop notification using 'notify2'
[12.165s] DEBUG:colcon.colcon_core.event_reactor:joined thread
[12.249s] INFO:colcon.colcon_core.shell:Creating prefix script '/home/wall-e/Desktop/Hiperion---ELA220/install/local_setup.ps1'
[12.254s] INFO:colcon.colcon_core.shell:Creating prefix util module '/home/wall-e/Desktop/Hiperion---ELA220/install/_local_setup_util_ps1.py'
[12.259s] INFO:colcon.colcon_core.shell:Creating prefix chain script '/home/wall-e/Desktop/Hiperion---ELA220/install/setup.ps1'
[12.336s] INFO:colcon.colcon_core.shell:Creating prefix script '/home/wall-e/Desktop/Hiperion---ELA220/install/local_setup.sh'
[12.338s] INFO:colcon.colcon_core.shell:Creating prefix util module '/home/wall-e/Desktop/Hiperion---ELA220/install/_local_setup_util_sh.py'
[12.340s] INFO:colcon.colcon_core.shell:Creating prefix chain script '/home/wall-e/Desktop/Hiperion---ELA220/install/setup.sh'
[12.412s] INFO:colcon.colcon_core.shell:Creating prefix script '/home/wall-e/Desktop/Hiperion---ELA220/install/local_setup.bash'
[12.414s] INFO:colcon.colcon_core.shell:Creating prefix chain script '/home/wall-e/Desktop/Hiperion---ELA220/install/setup.bash'
[12.480s] INFO:colcon.colcon_core.shell:Creating prefix script '/home/wall-e/Desktop/Hiperion---ELA220/install/local_setup.zsh'
[12.483s] INFO:colcon.colcon_core.shell:Creating prefix chain script '/home/wall-e/Desktop/Hiperion---ELA220/install/setup.zsh'
