[4.304s] DEBUG:colcon:Command line arguments: ['/usr/bin/colcon', 'build']
[4.305s] DEBUG:colcon:Parsed command line arguments: Namespace(log_base=None, log_level=None, verb_name='build', build_base='build', install_base='install', merge_install=False, symlink_install=False, test_result_base=None, continue_on_error=False, executor='parallel', parallel_workers=4, event_handlers=None, ignore_user_meta=False, metas=['./colcon.meta'], base_paths=['.'], packages_ignore=None, packages_ignore_regex=None, paths=None, packages_up_to=None, packages_up_to_regex=None, packages_above=None, packages_above_and_dependencies=None, packages_above_depth=None, packages_select_by_dep=None, packages_skip_by_dep=None, packages_skip_up_to=None, packages_select_build_failed=False, packages_skip_build_finished=False, packages_select_test_failures=False, packages_skip_test_passed=False, packages_select=None, packages_skip=None, packages_select_regex=None, packages_skip_regex=None, packages_start=None, packages_end=None, allow_overriding=[], cmake_args=None, cmake_target=None, cmake_target_skip_unavailable=False, cmake_clean_cache=False, cmake_clean_first=False, cmake_force_configure=False, ament_cmake_args=None, catkin_cmake_args=None, catkin_skip_building_tests=False, verb_parser=<colcon_defaults.argument_parser.defaults.DefaultArgumentsDecorator object at 0xffff9448b3a0>, verb_extension=<colcon_core.verb.build.BuildVerb object at 0xffff9475e0b0>, main=<bound method BuildVerb.main of <colcon_core.verb.build.BuildVerb object at 0xffff9475e0b0>>)
[4.558s] Level 1:colcon.colcon_core.package_discovery:discover_packages(colcon_meta) check parameters
[4.559s] Level 1:colcon.colcon_core.package_discovery:discover_packages(recursive) check parameters
[4.559s] Level 1:colcon.colcon_core.package_discovery:discover_packages(ignore) check parameters
[4.559s] Level 1:colcon.colcon_core.package_discovery:discover_packages(path) check parameters
[4.560s] Level 1:colcon.colcon_core.package_discovery:discover_packages(colcon_meta) discover
[4.560s] Level 1:colcon.colcon_core.package_discovery:discover_packages(recursive) discover
[4.560s] INFO:colcon.colcon_core.package_discovery:Crawling recursively for packages in '/home/wall-e/Desktop/ws_project'
[4.560s] Level 1:colcon.colcon_core.package_identification:_identify(.) by extensions ['ignore', 'ignore_ament_install']
[4.561s] Level 1:colcon.colcon_core.package_identification:_identify(.) by extension 'ignore'
[4.561s] Level 1:colcon.colcon_core.package_identification:_identify(.) by extension 'ignore_ament_install'
[4.561s] Level 1:colcon.colcon_core.package_identification:_identify(.) by extensions ['colcon_pkg']
[4.561s] Level 1:colcon.colcon_core.package_identification:_identify(.) by extension 'colcon_pkg'
[4.562s] Level 1:colcon.colcon_core.package_identification:_identify(.) by extensions ['colcon_meta']
[4.562s] Level 1:colcon.colcon_core.package_identification:_identify(.) by extension 'colcon_meta'
[4.562s] Level 1:colcon.colcon_core.package_identification:_identify(.) by extensions ['ros']
[4.562s] Level 1:colcon.colcon_core.package_identification:_identify(.) by extension 'ros'
[4.610s] Level 1:colcon.colcon_core.package_identification:_identify(.) by extensions ['cmake', 'python']
[4.610s] Level 1:colcon.colcon_core.package_identification:_identify(.) by extension 'cmake'
[4.611s] Level 1:colcon.colcon_core.package_identification:_identify(.) by extension 'python'
[4.611s] Level 1:colcon.colcon_core.package_identification:_identify(.) by extensions ['python_setup_py']
[4.611s] Level 1:colcon.colcon_core.package_identification:_identify(.) by extension 'python_setup_py'
[4.612s] Level 1:colcon.colcon_core.package_identification:_identify(build) by extensions ['ignore', 'ignore_ament_install']
[4.612s] Level 1:colcon.colcon_core.package_identification:_identify(build) by extension 'ignore'
[4.612s] Level 1:colcon.colcon_core.package_identification:_identify(build) ignored
[4.613s] Level 1:colcon.colcon_core.package_identification:_identify(install) by extensions ['ignore', 'ignore_ament_install']
[4.613s] Level 1:colcon.colcon_core.package_identification:_identify(install) by extension 'ignore'
[4.613s] Level 1:colcon.colcon_core.package_identification:_identify(install) ignored
[4.613s] Level 1:colcon.colcon_core.package_identification:_identify(log) by extensions ['ignore', 'ignore_ament_install']
[4.614s] Level 1:colcon.colcon_core.package_identification:_identify(log) by extension 'ignore'
[4.614s] Level 1:colcon.colcon_core.package_identification:_identify(log) ignored
[4.614s] Level 1:colcon.colcon_core.package_identification:_identify(src) by extensions ['ignore', 'ignore_ament_install']
[4.615s] Level 1:colcon.colcon_core.package_identification:_identify(src) by extension 'ignore'
[4.615s] Level 1:colcon.colcon_core.package_identification:_identify(src) by extension 'ignore_ament_install'
[4.615s] Level 1:colcon.colcon_core.package_identification:_identify(src) by extensions ['colcon_pkg']
[4.615s] Level 1:colcon.colcon_core.package_identification:_identify(src) by extension 'colcon_pkg'
[4.615s] Level 1:colcon.colcon_core.package_identification:_identify(src) by extensions ['colcon_meta']
[4.616s] Level 1:colcon.colcon_core.package_identification:_identify(src) by extension 'colcon_meta'
[4.616s] Level 1:colcon.colcon_core.package_identification:_identify(src) by extensions ['ros']
[4.616s] Level 1:colcon.colcon_core.package_identification:_identify(src) by extension 'ros'
[4.616s] Level 1:colcon.colcon_core.package_identification:_identify(src) by extensions ['cmake', 'python']
[4.616s] Level 1:colcon.colcon_core.package_identification:_identify(src) by extension 'cmake'
[4.616s] Level 1:colcon.colcon_core.package_identification:_identify(src) by extension 'python'
[4.617s] Level 1:colcon.colcon_core.package_identification:_identify(src) by extensions ['python_setup_py']
[4.617s] Level 1:colcon.colcon_core.package_identification:_identify(src) by extension 'python_setup_py'
[4.617s] Level 1:colcon.colcon_core.package_identification:_identify(src/ros2_mpu6050_driver) by extensions ['ignore', 'ignore_ament_install']
[4.618s] Level 1:colcon.colcon_core.package_identification:_identify(src/ros2_mpu6050_driver) by extension 'ignore'
[4.618s] Level 1:colcon.colcon_core.package_identification:_identify(src/ros2_mpu6050_driver) by extension 'ignore_ament_install'
[4.618s] Level 1:colcon.colcon_core.package_identification:_identify(src/ros2_mpu6050_driver) by extensions ['colcon_pkg']
[4.618s] Level 1:colcon.colcon_core.package_identification:_identify(src/ros2_mpu6050_driver) by extension 'colcon_pkg'
[4.618s] Level 1:colcon.colcon_core.package_identification:_identify(src/ros2_mpu6050_driver) by extensions ['colcon_meta']
[4.618s] Level 1:colcon.colcon_core.package_identification:_identify(src/ros2_mpu6050_driver) by extension 'colcon_meta'
[4.619s] Level 1:colcon.colcon_core.package_identification:_identify(src/ros2_mpu6050_driver) by extensions ['ros']
[4.619s] Level 1:colcon.colcon_core.package_identification:_identify(src/ros2_mpu6050_driver) by extension 'ros'
[4.628s] DEBUG:colcon.colcon_core.package_identification:Package 'src/ros2_mpu6050_driver' with type 'ros.ament_cmake' and name 'mpu6050driver'
[4.628s] Level 1:colcon.colcon_core.package_identification:_identify(src/rplidar_ros) by extensions ['ignore', 'ignore_ament_install']
[4.629s] Level 1:colcon.colcon_core.package_identification:_identify(src/rplidar_ros) by extension 'ignore'
[4.629s] Level 1:colcon.colcon_core.package_identification:_identify(src/rplidar_ros) by extension 'ignore_ament_install'
[4.629s] Level 1:colcon.colcon_core.package_identification:_identify(src/rplidar_ros) by extensions ['colcon_pkg']
[4.629s] Level 1:colcon.colcon_core.package_identification:_identify(src/rplidar_ros) by extension 'colcon_pkg'
[4.630s] Level 1:colcon.colcon_core.package_identification:_identify(src/rplidar_ros) by extensions ['colcon_meta']
[4.630s] Level 1:colcon.colcon_core.package_identification:_identify(src/rplidar_ros) by extension 'colcon_meta'
[4.630s] Level 1:colcon.colcon_core.package_identification:_identify(src/rplidar_ros) by extensions ['ros']
[4.630s] Level 1:colcon.colcon_core.package_identification:_identify(src/rplidar_ros) by extension 'ros'
[4.632s] DEBUG:colcon.colcon_core.package_identification:Package 'src/rplidar_ros' with type 'ros.ament_cmake' and name 'rplidar_ros'
[4.633s] Level 1:colcon.colcon_core.package_identification:_identify(src/urdfbot_description) by extensions ['ignore', 'ignore_ament_install']
[4.633s] Level 1:colcon.colcon_core.package_identification:_identify(src/urdfbot_description) by extension 'ignore'
[4.634s] Level 1:colcon.colcon_core.package_identification:_identify(src/urdfbot_description) by extension 'ignore_ament_install'
[4.634s] Level 1:colcon.colcon_core.package_identification:_identify(src/urdfbot_description) by extensions ['colcon_pkg']
[4.634s] Level 1:colcon.colcon_core.package_identification:_identify(src/urdfbot_description) by extension 'colcon_pkg'
[4.634s] Level 1:colcon.colcon_core.package_identification:_identify(src/urdfbot_description) by extensions ['colcon_meta']
[4.634s] Level 1:colcon.colcon_core.package_identification:_identify(src/urdfbot_description) by extension 'colcon_meta'
[4.635s] Level 1:colcon.colcon_core.package_identification:_identify(src/urdfbot_description) by extensions ['ros']
[4.635s] Level 1:colcon.colcon_core.package_identification:_identify(src/urdfbot_description) by extension 'ros'
[4.637s] DEBUG:colcon.colcon_core.package_identification:Package 'src/urdfbot_description' with type 'ros.ament_cmake' and name 'urdfbot_description'
[4.638s] Level 1:colcon.colcon_core.package_discovery:discover_packages(recursive) using defaults
[4.638s] Level 1:colcon.colcon_core.package_discovery:discover_packages(ignore) discover
[4.638s] Level 1:colcon.colcon_core.package_discovery:discover_packages(ignore) using defaults
[4.638s] Level 1:colcon.colcon_core.package_discovery:discover_packages(path) discover
[4.638s] Level 1:colcon.colcon_core.package_discovery:discover_packages(path) using defaults
[5.015s] Level 1:colcon.colcon_core.package_discovery:discover_packages(prefix_path) check parameters
[5.015s] Level 1:colcon.colcon_core.package_discovery:discover_packages(prefix_path) discover
[5.148s] DEBUG:colcon.colcon_installed_package_information.package_discovery:Found 271 installed packages in /opt/ros/humble
[5.155s] Level 1:colcon.colcon_core.package_discovery:discover_packages(prefix_path) using defaults
[5.545s] Level 5:colcon.colcon_core.verb:set package 'mpu6050driver' build argument 'cmake_args' from command line to 'None'
[5.545s] Level 5:colcon.colcon_core.verb:set package 'mpu6050driver' build argument 'cmake_target' from command line to 'None'
[5.545s] Level 5:colcon.colcon_core.verb:set package 'mpu6050driver' build argument 'cmake_target_skip_unavailable' from command line to 'False'
[5.545s] Level 5:colcon.colcon_core.verb:set package 'mpu6050driver' build argument 'cmake_clean_cache' from command line to 'False'
[5.545s] Level 5:colcon.colcon_core.verb:set package 'mpu6050driver' build argument 'cmake_clean_first' from command line to 'False'
[5.545s] Level 5:colcon.colcon_core.verb:set package 'mpu6050driver' build argument 'cmake_force_configure' from command line to 'False'
[5.546s] Level 5:colcon.colcon_core.verb:set package 'mpu6050driver' build argument 'ament_cmake_args' from command line to 'None'
[5.546s] Level 5:colcon.colcon_core.verb:set package 'mpu6050driver' build argument 'catkin_cmake_args' from command line to 'None'
[5.546s] Level 5:colcon.colcon_core.verb:set package 'mpu6050driver' build argument 'catkin_skip_building_tests' from command line to 'False'
[5.546s] DEBUG:colcon.colcon_core.verb:Building package 'mpu6050driver' with the following arguments: {'ament_cmake_args': None, 'build_base': '/home/wall-e/Desktop/ws_project/build/mpu6050driver', 'catkin_cmake_args': None, 'catkin_skip_building_tests': False, 'cmake_args': None, 'cmake_clean_cache': False, 'cmake_clean_first': False, 'cmake_force_configure': False, 'cmake_target': None, 'cmake_target_skip_unavailable': False, 'install_base': '/home/wall-e/Desktop/ws_project/install/mpu6050driver', 'merge_install': False, 'path': '/home/wall-e/Desktop/ws_project/src/ros2_mpu6050_driver', 'symlink_install': False, 'test_result_base': None}
[5.607s] Level 5:colcon.colcon_core.verb:set package 'rplidar_ros' build argument 'cmake_args' from command line to 'None'
[5.608s] Level 5:colcon.colcon_core.verb:set package 'rplidar_ros' build argument 'cmake_target' from command line to 'None'
[5.608s] Level 5:colcon.colcon_core.verb:set package 'rplidar_ros' build argument 'cmake_target_skip_unavailable' from command line to 'False'
[5.608s] Level 5:colcon.colcon_core.verb:set package 'rplidar_ros' build argument 'cmake_clean_cache' from command line to 'False'
[5.608s] Level 5:colcon.colcon_core.verb:set package 'rplidar_ros' build argument 'cmake_clean_first' from command line to 'False'
[5.608s] Level 5:colcon.colcon_core.verb:set package 'rplidar_ros' build argument 'cmake_force_configure' from command line to 'False'
[5.608s] Level 5:colcon.colcon_core.verb:set package 'rplidar_ros' build argument 'ament_cmake_args' from command line to 'None'
[5.608s] Level 5:colcon.colcon_core.verb:set package 'rplidar_ros' build argument 'catkin_cmake_args' from command line to 'None'
[5.609s] Level 5:colcon.colcon_core.verb:set package 'rplidar_ros' build argument 'catkin_skip_building_tests' from command line to 'False'
[5.609s] DEBUG:colcon.colcon_core.verb:Building package 'rplidar_ros' with the following arguments: {'ament_cmake_args': None, 'build_base': '/home/wall-e/Desktop/ws_project/build/rplidar_ros', 'catkin_cmake_args': None, 'catkin_skip_building_tests': False, 'cmake_args': None, 'cmake_clean_cache': False, 'cmake_clean_first': False, 'cmake_force_configure': False, 'cmake_target': None, 'cmake_target_skip_unavailable': False, 'install_base': '/home/wall-e/Desktop/ws_project/install/rplidar_ros', 'merge_install': False, 'path': '/home/wall-e/Desktop/ws_project/src/rplidar_ros', 'symlink_install': False, 'test_result_base': None}
[5.670s] Level 5:colcon.colcon_core.verb:set package 'urdfbot_description' build argument 'cmake_args' from command line to 'None'
[5.670s] Level 5:colcon.colcon_core.verb:set package 'urdfbot_description' build argument 'cmake_target' from command line to 'None'
[5.670s] Level 5:colcon.colcon_core.verb:set package 'urdfbot_description' build argument 'cmake_target_skip_unavailable' from command line to 'False'
[5.670s] Level 5:colcon.colcon_core.verb:set package 'urdfbot_description' build argument 'cmake_clean_cache' from command line to 'False'
[5.670s] Level 5:colcon.colcon_core.verb:set package 'urdfbot_description' build argument 'cmake_clean_first' from command line to 'False'
[5.671s] Level 5:colcon.colcon_core.verb:set package 'urdfbot_description' build argument 'cmake_force_configure' from command line to 'False'
[5.671s] Level 5:colcon.colcon_core.verb:set package 'urdfbot_description' build argument 'ament_cmake_args' from command line to 'None'
[5.671s] Level 5:colcon.colcon_core.verb:set package 'urdfbot_description' build argument 'catkin_cmake_args' from command line to 'None'
[5.671s] Level 5:colcon.colcon_core.verb:set package 'urdfbot_description' build argument 'catkin_skip_building_tests' from command line to 'False'
[5.671s] DEBUG:colcon.colcon_core.verb:Building package 'urdfbot_description' with the following arguments: {'ament_cmake_args': None, 'build_base': '/home/wall-e/Desktop/ws_project/build/urdfbot_description', 'catkin_cmake_args': None, 'catkin_skip_building_tests': False, 'cmake_args': None, 'cmake_clean_cache': False, 'cmake_clean_first': False, 'cmake_force_configure': False, 'cmake_target': None, 'cmake_target_skip_unavailable': False, 'install_base': '/home/wall-e/Desktop/ws_project/install/urdfbot_description', 'merge_install': False, 'path': '/home/wall-e/Desktop/ws_project/src/urdfbot_description', 'symlink_install': False, 'test_result_base': None}
[5.731s] INFO:colcon.colcon_core.executor:Executing jobs using 'parallel' executor
[5.797s] DEBUG:colcon.colcon_parallel_executor.executor.parallel:run_until_complete
[5.798s] INFO:colcon.colcon_ros.task.ament_cmake.build:Building ROS package in '/home/wall-e/Desktop/ws_project/src/ros2_mpu6050_driver' with build type 'ament_cmake'
[5.798s] INFO:colcon.colcon_cmake.task.cmake.build:Building CMake package in '/home/wall-e/Desktop/ws_project/src/ros2_mpu6050_driver'
[5.877s] INFO:colcon.colcon_core.plugin_system:Skipping extension 'colcon_core.shell.bat': Not used on non-Windows systems
[5.878s] INFO:colcon.colcon_core.shell:Skip shell extension 'powershell' for command environment: Not usable outside of PowerShell
[5.878s] DEBUG:colcon.colcon_core.shell:Skip shell extension 'dsv' for command environment
[6.025s] INFO:colcon.colcon_ros.task.ament_cmake.build:Building ROS package in '/home/wall-e/Desktop/ws_project/src/rplidar_ros' with build type 'ament_cmake'
[6.027s] INFO:colcon.colcon_cmake.task.cmake.build:Building CMake package in '/home/wall-e/Desktop/ws_project/src/rplidar_ros'
[6.108s] INFO:colcon.colcon_core.shell:Skip shell extension 'powershell' for command environment: Not usable outside of PowerShell
[6.109s] DEBUG:colcon.colcon_core.shell:Skip shell extension 'dsv' for command environment
[6.258s] INFO:colcon.colcon_ros.task.ament_cmake.build:Building ROS package in '/home/wall-e/Desktop/ws_project/src/urdfbot_description' with build type 'ament_cmake'
[6.258s] INFO:colcon.colcon_cmake.task.cmake.build:Building CMake package in '/home/wall-e/Desktop/ws_project/src/urdfbot_description'
[6.345s] INFO:colcon.colcon_core.shell:Skip shell extension 'powershell' for command environment: Not usable outside of PowerShell
[6.345s] DEBUG:colcon.colcon_core.shell:Skip shell extension 'dsv' for command environment
[6.507s] DEBUG:colcon.colcon_core.event_handler.log_command:Invoking command in '/home/wall-e/Desktop/ws_project/build/mpu6050driver': CMAKE_PREFIX_PATH=/opt/ros/humble /usr/bin/cmake /home/wall-e/Desktop/ws_project/src/ros2_mpu6050_driver -DCMAKE_INSTALL_PREFIX=/home/wall-e/Desktop/ws_project/install/mpu6050driver
[6.520s] DEBUG:colcon.colcon_core.event_handler.log_command:Invoking command in '/home/wall-e/Desktop/ws_project/build/rplidar_ros': CMAKE_PREFIX_PATH=/opt/ros/humble /usr/bin/cmake /home/wall-e/Desktop/ws_project/src/rplidar_ros -DCMAKE_INSTALL_PREFIX=/home/wall-e/Desktop/ws_project/install/rplidar_ros
[6.553s] DEBUG:colcon.colcon_core.event_handler.log_command:Invoking command in '/home/wall-e/Desktop/ws_project/build/urdfbot_description': CMAKE_PREFIX_PATH=/opt/ros/humble /usr/bin/cmake /home/wall-e/Desktop/ws_project/src/urdfbot_description -DCMAKE_INSTALL_PREFIX=/home/wall-e/Desktop/ws_project/install/urdfbot_description
[11.550s] DEBUG:colcon.colcon_core.event_handler.log_command:Invoked command in '/home/wall-e/Desktop/ws_project/build/urdfbot_description' returned '1': CMAKE_PREFIX_PATH=/opt/ros/humble /usr/bin/cmake /home/wall-e/Desktop/ws_project/src/urdfbot_description -DCMAKE_INSTALL_PREFIX=/home/wall-e/Desktop/ws_project/install/urdfbot_description
[11.572s] Level 1:colcon.colcon_core.environment:create_environment_scripts_only(urdfbot_description)
[11.653s] Level 1:colcon.colcon_core.environment:checking '/home/wall-e/Desktop/ws_project/install/urdfbot_description' for CMake module files
[11.655s] Level 1:colcon.colcon_core.environment:checking '/home/wall-e/Desktop/ws_project/install/urdfbot_description' for CMake config files
[11.657s] Level 1:colcon.colcon_core.environment:checking '/home/wall-e/Desktop/ws_project/install/urdfbot_description/bin'
[11.657s] Level 1:colcon.colcon_core.environment:checking '/home/wall-e/Desktop/ws_project/install/urdfbot_description/lib/pkgconfig/urdfbot_description.pc'
[11.658s] Level 1:colcon.colcon_core.environment:checking '/home/wall-e/Desktop/ws_project/install/urdfbot_description/lib/python3.10/site-packages'
[11.660s] Level 1:colcon.colcon_core.environment:checking '/home/wall-e/Desktop/ws_project/install/urdfbot_description/bin'
[11.770s] INFO:colcon.colcon_core.shell:Creating package script '/home/wall-e/Desktop/ws_project/install/urdfbot_description/share/urdfbot_description/package.ps1'
[11.774s] INFO:colcon.colcon_core.shell:Creating package descriptor '/home/wall-e/Desktop/ws_project/install/urdfbot_description/share/urdfbot_description/package.dsv'
[11.777s] INFO:colcon.colcon_core.shell:Creating package script '/home/wall-e/Desktop/ws_project/install/urdfbot_description/share/urdfbot_description/package.sh'
[11.781s] INFO:colcon.colcon_core.shell:Creating package script '/home/wall-e/Desktop/ws_project/install/urdfbot_description/share/urdfbot_description/package.bash'
[11.785s] INFO:colcon.colcon_core.shell:Creating package script '/home/wall-e/Desktop/ws_project/install/urdfbot_description/share/urdfbot_description/package.zsh'
[11.789s] Level 1:colcon.colcon_core.environment:create_file_with_runtime_dependencies(/home/wall-e/Desktop/ws_project/install/urdfbot_description/share/colcon-core/packages/urdfbot_description)
[15.363s] DEBUG:colcon.colcon_parallel_executor.executor.parallel:closing loop
[15.364s] DEBUG:colcon.colcon_parallel_executor.executor.parallel:loop closed
[15.364s] DEBUG:colcon.colcon_parallel_executor.executor.parallel:run_until_complete finished with '1'
[15.365s] DEBUG:colcon.colcon_core.event_reactor:joining thread
[15.487s] INFO:colcon.colcon_core.plugin_system:Skipping extension 'colcon_notification.desktop_notification.terminal_notifier': Not used on non-Darwin systems
[15.488s] INFO:colcon.colcon_core.plugin_system:Skipping extension 'colcon_notification.desktop_notification.win32': Not used on non-Windows systems
[15.488s] INFO:colcon.colcon_notification.desktop_notification:Sending desktop notification using 'notify2'
[15.561s] DEBUG:colcon.colcon_core.event_reactor:joined thread
[15.744s] INFO:colcon.colcon_core.shell:Creating prefix script '/home/wall-e/Desktop/ws_project/install/local_setup.ps1'
[15.747s] INFO:colcon.colcon_core.shell:Creating prefix util module '/home/wall-e/Desktop/ws_project/install/_local_setup_util_ps1.py'
[15.753s] INFO:colcon.colcon_core.shell:Creating prefix chain script '/home/wall-e/Desktop/ws_project/install/setup.ps1'
[15.819s] INFO:colcon.colcon_core.shell:Creating prefix script '/home/wall-e/Desktop/ws_project/install/local_setup.sh'
[15.821s] INFO:colcon.colcon_core.shell:Creating prefix util module '/home/wall-e/Desktop/ws_project/install/_local_setup_util_sh.py'
[15.823s] INFO:colcon.colcon_core.shell:Creating prefix chain script '/home/wall-e/Desktop/ws_project/install/setup.sh'
[15.895s] INFO:colcon.colcon_core.shell:Creating prefix script '/home/wall-e/Desktop/ws_project/install/local_setup.bash'
[15.897s] INFO:colcon.colcon_core.shell:Creating prefix chain script '/home/wall-e/Desktop/ws_project/install/setup.bash'
[15.983s] INFO:colcon.colcon_core.shell:Creating prefix script '/home/wall-e/Desktop/ws_project/install/local_setup.zsh'
[15.985s] INFO:colcon.colcon_core.shell:Creating prefix chain script '/home/wall-e/Desktop/ws_project/install/setup.zsh'
