running egg_info
writing ../../build/finalExam_pkg/finalExam_pkg.egg-info/PKG-INFO
writing dependency_links to ../../build/finalExam_pkg/finalExam_pkg.egg-info/dependency_links.txt
writing entry points to ../../build/finalExam_pkg/finalExam_pkg.egg-info/entry_points.txt
writing requirements to ../../build/finalExam_pkg/finalExam_pkg.egg-info/requires.txt
writing top-level names to ../../build/finalExam_pkg/finalExam_pkg.egg-info/top_level.txt
reading manifest file '../../build/finalExam_pkg/finalExam_pkg.egg-info/SOURCES.txt'
adding license file 'LICENSE'
writing manifest file '../../build/finalExam_pkg/finalExam_pkg.egg-info/SOURCES.txt'
running build
running build_py
copying finalExam_pkg/main_node.py -> /home/llagoeiro/Desktop/Hiperion-ELA220/build/finalExam_pkg/build/lib/finalExam_pkg
running install
running install_lib
copying /home/llagoeiro/Desktop/Hiperion-ELA220/build/finalExam_pkg/build/lib/finalExam_pkg/main_node.py -> /home/llagoeiro/Desktop/Hiperion-ELA220/install/finalExam_pkg/lib/python3.10/site-packages/finalExam_pkg
byte-compiling /home/llagoeiro/Desktop/Hiperion-ELA220/install/finalExam_pkg/lib/python3.10/site-packages/finalExam_pkg/main_node.py to main_node.cpython-310.pyc
running install_data
running install_egg_info
removing '/home/llagoeiro/Desktop/Hiperion-ELA220/install/finalExam_pkg/lib/python3.10/site-packages/finalExam_pkg-0.0.0-py3.10.egg-info' (and everything under it)
Copying ../../build/finalExam_pkg/finalExam_pkg.egg-info to /home/llagoeiro/Desktop/Hiperion-ELA220/install/finalExam_pkg/lib/python3.10/site-packages/finalExam_pkg-0.0.0-py3.10.egg-info
running install_scripts
Installing main_node script to /home/llagoeiro/Desktop/Hiperion-ELA220/install/finalExam_pkg/lib/finalExam_pkg
writing list of installed files to '/home/llagoeiro/Desktop/Hiperion-ELA220/build/finalExam_pkg/install.log'
