-- Found ament_cmake: 1.3.8 (/opt/ros/humble/share/ament_cmake/cmake)
-- Found urdf: 2.6.0 (/opt/ros/humble/share/urdf/cmake)
-- Found xacro: 2.0.8 (/opt/ros/humble/share/xacro/cmake)
-- Found ament_lint_auto: 0.12.10 (/opt/ros/humble/share/ament_lint_auto/cmake)
-- Added test 'copyright' to check source files copyright and LICENSE
-- Added test 'flake8' to check Python code syntax and style conventions
-- Added test 'lint_cmake' to check CMake code style
-- Added test 'pep257' to check Python code against some of the docstring style conventions in PEP 257
-- Added test 'xmllint' to check XML markup files
-- Configuring done
-- Generating done
-- Build files have been written to: /home/wall-e/Desktop/Hiperion---ELA220/build/my_box_bot_description
-- Install configuration: ""
-- Installing: /home/wall-e/Desktop/Hiperion---ELA220/install/my_box_bot_description/share/my_box_bot_description//urdf
-- Installing: /home/wall-e/Desktop/Hiperion---ELA220/install/my_box_bot_description/share/my_box_bot_description//urdf/ box_bot_meshes_collisions_inertias.urdf 
-- Installing: /home/wall-e/Desktop/Hiperion---ELA220/install/my_box_bot_description/share/my_box_bot_description//urdf/box_bot_geometric_meshes.urdf
-- Installing: /home/wall-e/Desktop/Hiperion---ELA220/install/my_box_bot_description/share/my_box_bot_description//urdf/box_bot_geometric.urdf
[31mCMake Error at cmake_install.cmake:46 (file):
  file INSTALL cannot find
  "/home/wall-e/Desktop/Hiperion---ELA220/src/my_box_bot_description/rviz":
  No such file or directory.

[0m
