[0.687s] Invoking command in '/home/wall-e/Desktop/Hiperion---ELA220/build/my_box_bot_description': CMAKE_PREFIX_PATH=/opt/ros/humble /usr/bin/cmake /home/wall-e/Desktop/Hiperion---ELA220/src/my_box_bot_description -DCMAKE_INSTALL_PREFIX=/home/wall-e/Desktop/Hiperion---ELA220/install/my_box_bot_description
[0.753s] -- Found ament_cmake: 1.3.8 (/opt/ros/humble/share/ament_cmake/cmake)
[1.598s] -- Found urdf: 2.6.0 (/opt/ros/humble/share/urdf/cmake)
[2.107s] -- Found xacro: 2.0.8 (/opt/ros/humble/share/xacro/cmake)
[2.170s] -- Found ament_lint_auto: 0.12.10 (/opt/ros/humble/share/ament_lint_auto/cmake)
[2.916s] -- Added test 'copyright' to check source files copyright and LICENSE
[2.989s] -- Added test 'flake8' to check Python code syntax and style conventions
[2.995s] -- Added test 'lint_cmake' to check CMake code style
[3.000s] -- Added test 'pep257' to check Python code against some of the docstring style conventions in PEP 257
[3.045s] -- Added test 'xmllint' to check XML markup files
[3.085s] -- Configuring done
[3.118s] -- Generating done
[3.125s] -- Build files have been written to: /home/wall-e/Desktop/Hiperion---ELA220/build/my_box_bot_description
[3.146s] Invoked command in '/home/wall-e/Desktop/Hiperion---ELA220/build/my_box_bot_description' returned '0': CMAKE_PREFIX_PATH=/opt/ros/humble /usr/bin/cmake /home/wall-e/Desktop/Hiperion---ELA220/src/my_box_bot_description -DCMAKE_INSTALL_PREFIX=/home/wall-e/Desktop/Hiperion---ELA220/install/my_box_bot_description
[3.160s] Invoking command in '/home/wall-e/Desktop/Hiperion---ELA220/build/my_box_bot_description': CMAKE_PREFIX_PATH=/opt/ros/humble /usr/bin/cmake --build /home/wall-e/Desktop/Hiperion---ELA220/build/my_box_bot_description -- -j4 -l4
[3.489s] Invoked command in '/home/wall-e/Desktop/Hiperion---ELA220/build/my_box_bot_description' returned '0': CMAKE_PREFIX_PATH=/opt/ros/humble /usr/bin/cmake --build /home/wall-e/Desktop/Hiperion---ELA220/build/my_box_bot_description -- -j4 -l4
[3.971s] Invoking command in '/home/wall-e/Desktop/Hiperion---ELA220/build/my_box_bot_description': CMAKE_PREFIX_PATH=/opt/ros/humble /usr/bin/cmake --install /home/wall-e/Desktop/Hiperion---ELA220/build/my_box_bot_description
[4.041s] -- Install configuration: ""
[4.049s] -- Installing: /home/wall-e/Desktop/Hiperion---ELA220/install/my_box_bot_description/share/my_box_bot_description//urdf
[4.051s] -- Installing: /home/wall-e/Desktop/Hiperion---ELA220/install/my_box_bot_description/share/my_box_bot_description//urdf/ box_bot_meshes_collisions_inertias.urdf 
[4.054s] -- Installing: /home/wall-e/Desktop/Hiperion---ELA220/install/my_box_bot_description/share/my_box_bot_description//urdf/box_bot_geometric_meshes.urdf
[4.057s] -- Installing: /home/wall-e/Desktop/Hiperion---ELA220/install/my_box_bot_description/share/my_box_bot_description//urdf/box_bot_geometric.urdf
[4.059s] [31mCMake Error at cmake_install.cmake:46 (file):
[4.060s]   file INSTALL cannot find
[4.061s]   "/home/wall-e/Desktop/Hiperion---ELA220/src/my_box_bot_description/rviz":
[4.061s]   No such file or directory.
[4.062s] 
[4.063s] [0m
[4.091s] Invoked command in '/home/wall-e/Desktop/Hiperion---ELA220/build/my_box_bot_description' returned '1': CMAKE_PREFIX_PATH=/opt/ros/humble /usr/bin/cmake --install /home/wall-e/Desktop/Hiperion---ELA220/build/my_box_bot_description
