[3.031s] Invoking command in '/home/wall-e/Desktop/manip_ws/build/manip_pkg': PYTHONPATH=/home/wall-e/Desktop/manip_ws/build/manip_pkg/prefix_override:/home/wall-e/Desktop/manip_ws/install/manip_pkg/lib/python3.10/site-packages:${PYTHONPATH} /usr/bin/python3 -W ignore:setup.py install is deprecated setup.py develop --editable --build-directory /home/wall-e/Desktop/manip_ws/build/manip_pkg/build --no-deps symlink_data --force
[4.274s] running develop
[4.279s] /usr/lib/python3/dist-packages/setuptools/command/easy_install.py:158: EasyInstallDeprecationWarning: easy_install command is deprecated. Use build and pip and other standards-based tools.
[4.279s]   warnings.warn(
[5.084s] running egg_info
[5.085s] writing manip_pkg.egg-info/PKG-INFO
[5.086s] writing dependency_links to manip_pkg.egg-info/dependency_links.txt
[5.087s] writing entry points to manip_pkg.egg-info/entry_points.txt
[5.087s] writing requirements to manip_pkg.egg-info/requires.txt
[5.088s] writing top-level names to manip_pkg.egg-info/top_level.txt
[5.097s] reading manifest file 'manip_pkg.egg-info/SOURCES.txt'
[5.101s] writing manifest file 'manip_pkg.egg-info/SOURCES.txt'
[5.106s] running build_ext
[5.107s] Creating /home/wall-e/Desktop/manip_ws/install/manip_pkg/lib/python3.10/site-packages/manip-pkg.egg-link (link to .)
[5.110s] Installing main_node script to /home/wall-e/Desktop/manip_ws/install/manip_pkg/lib/manip_pkg
[5.112s] 
[5.112s] Installed /home/wall-e/Desktop/manip_ws/build/manip_pkg
[5.113s] running symlink_data
[5.113s] symbolically linking /home/wall-e/Desktop/manip_ws/build/manip_pkg/resource/manip_pkg -> /home/wall-e/Desktop/manip_ws/install/manip_pkg/share/ament_index/resource_index/packages
[5.114s] symbolically linking /home/wall-e/Desktop/manip_ws/build/manip_pkg/package.xml -> /home/wall-e/Desktop/manip_ws/install/manip_pkg/share/manip_pkg
[5.269s] Invoked command in '/home/wall-e/Desktop/manip_ws/build/manip_pkg' returned '0': PYTHONPATH=/home/wall-e/Desktop/manip_ws/build/manip_pkg/prefix_override:/home/wall-e/Desktop/manip_ws/install/manip_pkg/lib/python3.10/site-packages:${PYTHONPATH} /usr/bin/python3 -W ignore:setup.py install is deprecated setup.py develop --editable --build-directory /home/wall-e/Desktop/manip_ws/build/manip_pkg/build --no-deps symlink_data --force
