[0.011s] Invoking command in '/home/llagoeiro/Desktop/Hiperion-ELA220/build/my_box_bot_gazebo': CMAKE_PREFIX_PATH=/home/llagoeiro/Desktop/Hiperion-ELA220/install/my_box_bot_description:/home/llagoeiro/Desktop/Hiperion-ELA220/install/my_box_bot_gazebo:/opt/ros/humble /usr/bin/cmake /home/llagoeiro/Desktop/Hiperion-ELA220/src/my_box_bot_gazebo -DCMAKE_INSTALL_PREFIX=/home/llagoeiro/Desktop/Hiperion-ELA220/install/my_box_bot_gazebo
[0.079s] -- The C compiler identification is GNU 11.4.0
[0.148s] -- The CXX compiler identification is GNU 11.4.0
[0.156s] -- Detecting C compiler ABI info
[0.233s] -- Detecting C compiler ABI info - done
[0.243s] -- Check for working C compiler: /usr/bin/cc - skipped
[0.243s] -- Detecting C compile features
[0.243s] -- Detecting C compile features - done
[0.247s] -- Detecting CXX compiler ABI info
[0.340s] -- Detecting CXX compiler ABI info - done
[0.350s] -- Check for working CXX compiler: /usr/bin/c++ - skipped
[0.350s] -- Detecting CXX compile features
[0.351s] -- Detecting CXX compile features - done
[0.353s] -- Found ament_cmake: 1.3.8 (/opt/ros/humble/share/ament_cmake/cmake)
[0.531s] -- Found Python3: /usr/bin/python3 (found version "3.10.12") found components: Interpreter 
[0.625s] -- Found rclpy: 3.3.12 (/opt/ros/humble/share/rclpy/cmake)
[0.626s] -- Found gazebo_ros: 3.7.0 (/opt/ros/humble/share/gazebo_ros/cmake)
[0.673s] -- Found rosidl_generator_c: 3.1.5 (/opt/ros/humble/share/rosidl_generator_c/cmake)
[0.678s] -- Found rosidl_adapter: 3.1.5 (/opt/ros/humble/share/rosidl_adapter/cmake)
[0.687s] -- Found rosidl_generator_cpp: 3.1.5 (/opt/ros/humble/share/rosidl_generator_cpp/cmake)
[0.703s] -- Using all available rosidl_typesupport_c: rosidl_typesupport_fastrtps_c;rosidl_typesupport_introspection_c
[0.726s] -- Using all available rosidl_typesupport_cpp: rosidl_typesupport_fastrtps_cpp;rosidl_typesupport_introspection_cpp
[0.801s] -- Found rmw_implementation_cmake: 6.1.1 (/opt/ros/humble/share/rmw_implementation_cmake/cmake)
[0.803s] -- Found rmw_fastrtps_cpp: 6.2.6 (/opt/ros/humble/share/rmw_fastrtps_cpp/cmake)
[0.908s] -- Found OpenSSL: /usr/lib/x86_64-linux-gnu/libcrypto.so (found version "3.0.2")  
[0.941s] -- Found FastRTPS: /opt/ros/humble/include  
[0.995s] -- Using RMW implementation 'rmw_fastrtps_cpp' as default
[1.005s] -- Looking for pthread.h
[1.086s] -- Looking for pthread.h - found
[1.086s] -- Performing Test CMAKE_HAVE_LIBC_PTHREAD
[1.170s] -- Performing Test CMAKE_HAVE_LIBC_PTHREAD - Success
[1.171s] -- Found Threads: TRUE  
[1.368s] -- Found PkgConfig: /usr/bin/pkg-config (found version "0.29.2") 
[1.369s] -- Checking for module 'bullet>=2.82'
[1.383s] --   Found bullet, version 3.05
[1.494s] -- Found fcl: /usr/include (found suitable version "0.7.0", minimum required is "0.5.0") 
[1.552s] -- Found assimp: /usr/include (found version "5.2.0") 
[1.577s] -- Found DART: /usr/include (Required is at least version "6.6") found components: dart 
[1.608s] -- Found Boost: /usr/lib/x86_64-linux-gnu/cmake/Boost-1.74.0/BoostConfig.cmake (found suitable version "1.74.0", minimum required is "1.40.0") found components: thread system filesystem program_options regex iostreams date_time 
[1.626s] -- Found Protobuf: /usr/lib/x86_64-linux-gnu/libprotobuf.so (found version "3.12.4") 
[1.631s] -- Looking for ignition-math6 -- found version 6.15.1
[1.638s] -- Searching for dependencies of ignition-math6
[1.640s] -- Looking for OGRE...
[1.640s] -- OGRE_PREFIX_WATCH changed.
[1.647s] -- Checking for module 'OGRE'
[1.660s] --   Found OGRE, version 1.9.0
[1.694s] -- Found Ogre Ghadamon (1.9.0)
[1.701s] -- Found OGRE: optimized;/usr/lib/x86_64-linux-gnu/libOgreMain.so;debug;/usr/lib/x86_64-linux-gnu/libOgreMain.so
[1.716s] -- Looking for OGRE_Paging...
[1.723s] -- Found OGRE_Paging: optimized;/usr/lib/x86_64-linux-gnu/libOgrePaging.so;debug;/usr/lib/x86_64-linux-gnu/libOgrePaging.so
[1.723s] -- Looking for OGRE_Terrain...
[1.729s] -- Found OGRE_Terrain: optimized;/usr/lib/x86_64-linux-gnu/libOgreTerrain.so;debug;/usr/lib/x86_64-linux-gnu/libOgreTerrain.so
[1.729s] -- Looking for OGRE_Property...
[1.734s] -- Found OGRE_Property: optimized;/usr/lib/x86_64-linux-gnu/libOgreProperty.so;debug;/usr/lib/x86_64-linux-gnu/libOgreProperty.so
[1.734s] -- Looking for OGRE_RTShaderSystem...
[1.739s] -- Found OGRE_RTShaderSystem: optimized;/usr/lib/x86_64-linux-gnu/libOgreRTShaderSystem.so;debug;/usr/lib/x86_64-linux-gnu/libOgreRTShaderSystem.so
[1.739s] -- Looking for OGRE_Volume...
[1.744s] -- Found OGRE_Volume: optimized;/usr/lib/x86_64-linux-gnu/libOgreVolume.so;debug;/usr/lib/x86_64-linux-gnu/libOgreVolume.so
[1.744s] -- Looking for OGRE_Overlay...
[1.749s] -- Found OGRE_Overlay: optimized;/usr/lib/x86_64-linux-gnu/libOgreOverlay.so;debug;/usr/lib/x86_64-linux-gnu/libOgreOverlay.so
[1.849s] -- Looking for ignition-math6 -- found version 6.15.1
[1.851s] -- Looking for ignition-transport8 -- found version 8.2.1
[1.852s] -- Searching for dependencies of ignition-transport8
[1.870s] -- Found Protobuf: /usr/lib/x86_64-linux-gnu/libprotobuf.so (found suitable version "3.12.4", minimum required is "3") 
[1.881s] -- Config-file not installed for ZeroMQ -- checking for pkg-config
[1.887s] -- Checking for module 'libzmq >= 4'
[1.900s] --   Found libzmq , version 4.3.4
[1.941s] -- Found ZeroMQ: TRUE (Required is at least version "4") 
[1.948s] -- Checking for module 'uuid'
[1.962s] --   Found uuid, version 2.37.2
[1.995s] -- Found UUID: TRUE  
[1.997s] -- Looking for ignition-msgs5 -- found version 5.8.1
[1.998s] -- Searching for dependencies of ignition-msgs5
[2.021s] -- Looking for ignition-math6 -- found version 6.15.1
[2.028s] -- Checking for module 'tinyxml2'
[2.043s] --   Found tinyxml2, version 9.0.0
[2.078s] -- Looking for ignition-msgs5 -- found version 5.8.1
[2.080s] -- Looking for ignition-common3 -- found version 3.14.0
[2.080s] -- Searching for dependencies of ignition-common3
[2.081s] -- Looking for dlfcn.h - found
[2.082s] -- Looking for libdl - found
[2.084s] -- Found DL: TRUE  
[2.096s] -- Found tinyobjloader: /usr/lib/x86_64-linux-gnu/cmake/tinyobjloader/tinyobjloader-config.cmake (found version "2.0.0") 
[2.097s] -- Searching for <ignition-common3> component [graphics]
[2.099s] -- Looking for ignition-common3-graphics -- found version 3.14.0
[2.099s] -- Searching for dependencies of ignition-common3-graphics
[2.100s] -- Looking for ignition-math6 -- found version 6.15.1
[2.102s] -- Looking for ignition-fuel_tools4 -- found version 4.4.0
[2.103s] -- Searching for dependencies of ignition-fuel_tools4
[2.190s] -- Found CURL: /usr/lib/x86_64-linux-gnu/libcurl.so (found version "7.81.0")  
[2.200s] -- Checking for module 'jsoncpp'
[2.214s] --   Found jsoncpp, version 1.9.5
[2.252s] -- Found JSONCPP: TRUE  
[2.258s] -- Checking for module 'libzip'
[2.272s] --   Found libzip, version 1.7.3
[2.306s] -- Found ZIP: TRUE  
[2.307s] -- Looking for ignition-common3 -- found version 3.14.0
[2.307s] -- Looking for ignition-math6 -- found version 6.15.1
[2.308s] -- Looking for ignition-msgs5 -- found version 5.8.1
[2.312s] -- Gazebo version: 11.10
[2.312s] -- Checking for module 'tbb'
[2.330s] --   Found tbb, version 2021.5.0
[2.374s] -- Found my_box_bot_description: 0.0.0 (/home/llagoeiro/Desktop/Hiperion-ELA220/install/my_box_bot_description/share/my_box_bot_description/cmake)
[2.376s] -- Found ament_lint_auto: 0.12.10 (/opt/ros/humble/share/ament_lint_auto/cmake)
[2.466s] -- Added test 'copyright' to check source files copyright and LICENSE
[2.469s] -- Added test 'flake8' to check Python code syntax and style conventions
[2.470s] -- Added test 'lint_cmake' to check CMake code style
[2.470s] -- Added test 'pep257' to check Python code against some of the docstring style conventions in PEP 257
[2.471s] -- Added test 'xmllint' to check XML markup files
[2.473s] -- Configuring done
[2.478s] -- Generating done
[2.480s] -- Build files have been written to: /home/llagoeiro/Desktop/Hiperion-ELA220/build/my_box_bot_gazebo
[2.495s] Invoked command in '/home/llagoeiro/Desktop/Hiperion-ELA220/build/my_box_bot_gazebo' returned '0': CMAKE_PREFIX_PATH=/home/llagoeiro/Desktop/Hiperion-ELA220/install/my_box_bot_description:/home/llagoeiro/Desktop/Hiperion-ELA220/install/my_box_bot_gazebo:/opt/ros/humble /usr/bin/cmake /home/llagoeiro/Desktop/Hiperion-ELA220/src/my_box_bot_gazebo -DCMAKE_INSTALL_PREFIX=/home/llagoeiro/Desktop/Hiperion-ELA220/install/my_box_bot_gazebo
[2.497s] Invoking command in '/home/llagoeiro/Desktop/Hiperion-ELA220/build/my_box_bot_gazebo': CMAKE_PREFIX_PATH=/home/llagoeiro/Desktop/Hiperion-ELA220/install/my_box_bot_description:/home/llagoeiro/Desktop/Hiperion-ELA220/install/my_box_bot_gazebo:/opt/ros/humble /usr/bin/cmake --build /home/llagoeiro/Desktop/Hiperion-ELA220/build/my_box_bot_gazebo -- -j12 -l12
[2.550s] Invoked command in '/home/llagoeiro/Desktop/Hiperion-ELA220/build/my_box_bot_gazebo' returned '0': CMAKE_PREFIX_PATH=/home/llagoeiro/Desktop/Hiperion-ELA220/install/my_box_bot_description:/home/llagoeiro/Desktop/Hiperion-ELA220/install/my_box_bot_gazebo:/opt/ros/humble /usr/bin/cmake --build /home/llagoeiro/Desktop/Hiperion-ELA220/build/my_box_bot_gazebo -- -j12 -l12
[2.577s] Invoking command in '/home/llagoeiro/Desktop/Hiperion-ELA220/build/my_box_bot_gazebo': CMAKE_PREFIX_PATH=/home/llagoeiro/Desktop/Hiperion-ELA220/install/my_box_bot_description:/home/llagoeiro/Desktop/Hiperion-ELA220/install/my_box_bot_gazebo:/opt/ros/humble /usr/bin/cmake --install /home/llagoeiro/Desktop/Hiperion-ELA220/build/my_box_bot_gazebo
[2.586s] -- Install configuration: ""
[2.586s] -- Installing: /home/llagoeiro/Desktop/Hiperion-ELA220/install/my_box_bot_gazebo/share/my_box_bot_gazebo//launch
[2.586s] -- Installing: /home/llagoeiro/Desktop/Hiperion-ELA220/install/my_box_bot_gazebo/share/my_box_bot_gazebo//launch/start_world.launch.py
[2.586s] -- Installing: /home/llagoeiro/Desktop/Hiperion-ELA220/install/my_box_bot_gazebo/share/my_box_bot_gazebo//launch/spawn_robot_description.launch.py
[2.586s] -- Installing: /home/llagoeiro/Desktop/Hiperion-ELA220/install/my_box_bot_gazebo/share/my_box_bot_gazebo//launch/spawn_robot_ros2_sensor.launch.xml
[2.586s] -- Installing: /home/llagoeiro/Desktop/Hiperion-ELA220/install/my_box_bot_gazebo/share/my_box_bot_gazebo//launch/spawn_robot_ros2.launch.xml
[2.587s] -- Installing: /home/llagoeiro/Desktop/Hiperion-ELA220/install/my_box_bot_gazebo/share/my_box_bot_gazebo//worlds
[2.587s] -- Installing: /home/llagoeiro/Desktop/Hiperion-ELA220/install/my_box_bot_gazebo/share/my_box_bot_gazebo//worlds/bot_bot_empty.world
[2.587s] -- Installing: /home/llagoeiro/Desktop/Hiperion-ELA220/install/my_box_bot_gazebo/share/my_box_bot_gazebo//models
[2.587s] -- Installing: /home/llagoeiro/Desktop/Hiperion-ELA220/install/my_box_bot_gazebo/share/my_box_bot_gazebo//models/box_room
[2.587s] -- Installing: /home/llagoeiro/Desktop/Hiperion-ELA220/install/my_box_bot_gazebo/share/my_box_bot_gazebo//models/box_room/model.config
[2.587s] -- Installing: /home/llagoeiro/Desktop/Hiperion-ELA220/install/my_box_bot_gazebo/share/my_box_bot_gazebo//models/box_room/meshes
[2.587s] -- Installing: /home/llagoeiro/Desktop/Hiperion-ELA220/install/my_box_bot_gazebo/share/my_box_bot_gazebo//models/box_room/meshes/chambre.png
[2.587s] -- Installing: /home/llagoeiro/Desktop/Hiperion-ELA220/install/my_box_bot_gazebo/share/my_box_bot_gazebo//models/box_room/meshes/box_room.dae
[2.587s] -- Installing: /home/llagoeiro/Desktop/Hiperion-ELA220/install/my_box_bot_gazebo/share/my_box_bot_gazebo//models/box_room/model.sdf
[2.588s] -- Installing: /home/llagoeiro/Desktop/Hiperion-ELA220/install/my_box_bot_gazebo/share/ament_index/resource_index/package_run_dependencies/my_box_bot_gazebo
[2.588s] -- Installing: /home/llagoeiro/Desktop/Hiperion-ELA220/install/my_box_bot_gazebo/share/ament_index/resource_index/parent_prefix_path/my_box_bot_gazebo
[2.588s] -- Installing: /home/llagoeiro/Desktop/Hiperion-ELA220/install/my_box_bot_gazebo/share/my_box_bot_gazebo/environment/ament_prefix_path.sh
[2.588s] -- Installing: /home/llagoeiro/Desktop/Hiperion-ELA220/install/my_box_bot_gazebo/share/my_box_bot_gazebo/environment/ament_prefix_path.dsv
[2.588s] -- Installing: /home/llagoeiro/Desktop/Hiperion-ELA220/install/my_box_bot_gazebo/share/my_box_bot_gazebo/environment/path.sh
[2.588s] -- Installing: /home/llagoeiro/Desktop/Hiperion-ELA220/install/my_box_bot_gazebo/share/my_box_bot_gazebo/environment/path.dsv
[2.588s] -- Installing: /home/llagoeiro/Desktop/Hiperion-ELA220/install/my_box_bot_gazebo/share/my_box_bot_gazebo/local_setup.bash
[2.589s] -- Installing: /home/llagoeiro/Desktop/Hiperion-ELA220/install/my_box_bot_gazebo/share/my_box_bot_gazebo/local_setup.sh
[2.589s] -- Installing: /home/llagoeiro/Desktop/Hiperion-ELA220/install/my_box_bot_gazebo/share/my_box_bot_gazebo/local_setup.zsh
[2.589s] -- Installing: /home/llagoeiro/Desktop/Hiperion-ELA220/install/my_box_bot_gazebo/share/my_box_bot_gazebo/local_setup.dsv
[2.589s] -- Installing: /home/llagoeiro/Desktop/Hiperion-ELA220/install/my_box_bot_gazebo/share/my_box_bot_gazebo/package.dsv
[2.589s] -- Installing: /home/llagoeiro/Desktop/Hiperion-ELA220/install/my_box_bot_gazebo/share/ament_index/resource_index/packages/my_box_bot_gazebo
[2.589s] -- Installing: /home/llagoeiro/Desktop/Hiperion-ELA220/install/my_box_bot_gazebo/share/my_box_bot_gazebo/cmake/my_box_bot_gazeboConfig.cmake
[2.589s] -- Installing: /home/llagoeiro/Desktop/Hiperion-ELA220/install/my_box_bot_gazebo/share/my_box_bot_gazebo/cmake/my_box_bot_gazeboConfig-version.cmake
[2.589s] -- Installing: /home/llagoeiro/Desktop/Hiperion-ELA220/install/my_box_bot_gazebo/share/my_box_bot_gazebo/package.xml
[2.591s] Invoked command in '/home/llagoeiro/Desktop/Hiperion-ELA220/build/my_box_bot_gazebo' returned '0': CMAKE_PREFIX_PATH=/home/llagoeiro/Desktop/Hiperion-ELA220/install/my_box_bot_description:/home/llagoeiro/Desktop/Hiperion-ELA220/install/my_box_bot_gazebo:/opt/ros/humble /usr/bin/cmake --install /home/llagoeiro/Desktop/Hiperion-ELA220/build/my_box_bot_gazebo
