[0.059s] DEBUG:colcon:Command line arguments: ['/usr/bin/colcon', 'build']
[0.059s] DEBUG:colcon:Parsed command line arguments: Namespace(log_base=None, log_level=None, verb_name='build', build_base='build', install_base='install', merge_install=False, symlink_install=False, test_result_base=None, continue_on_error=False, executor='parallel', parallel_workers=12, event_handlers=None, ignore_user_meta=False, metas=['./colcon.meta'], base_paths=['.'], packages_ignore=None, packages_ignore_regex=None, paths=None, packages_up_to=None, packages_up_to_regex=None, packages_above=None, packages_above_and_dependencies=None, packages_above_depth=None, packages_select_by_dep=None, packages_skip_by_dep=None, packages_skip_up_to=None, packages_select_build_failed=False, packages_skip_build_finished=False, packages_select_test_failures=False, packages_skip_test_passed=False, packages_select=None, packages_skip=None, packages_select_regex=None, packages_skip_regex=None, packages_start=None, packages_end=None, allow_overriding=[], cmake_args=None, cmake_target=None, cmake_target_skip_unavailable=False, cmake_clean_cache=False, cmake_clean_first=False, cmake_force_configure=False, ament_cmake_args=None, catkin_cmake_args=None, catkin_skip_building_tests=False, verb_parser=<colcon_defaults.argument_parser.defaults.DefaultArgumentsDecorator object at 0x7944ee040040>, verb_extension=<colcon_core.verb.build.BuildVerb object at 0x7944ee1a9630>, main=<bound method BuildVerb.main of <colcon_core.verb.build.BuildVerb object at 0x7944ee1a9630>>)
[0.141s] Level 1:colcon.colcon_core.package_discovery:discover_packages(colcon_meta) check parameters
[0.141s] Level 1:colcon.colcon_core.package_discovery:discover_packages(recursive) check parameters
[0.141s] Level 1:colcon.colcon_core.package_discovery:discover_packages(ignore) check parameters
[0.141s] Level 1:colcon.colcon_core.package_discovery:discover_packages(path) check parameters
[0.141s] Level 1:colcon.colcon_core.package_discovery:discover_packages(colcon_meta) discover
[0.141s] Level 1:colcon.colcon_core.package_discovery:discover_packages(recursive) discover
[0.141s] INFO:colcon.colcon_core.package_discovery:Crawling recursively for packages in '/home/llagoeiro/Desktop/Hiperion---ELA220'
[0.141s] Level 1:colcon.colcon_core.package_identification:_identify(.) by extensions ['ignore', 'ignore_ament_install']
[0.142s] Level 1:colcon.colcon_core.package_identification:_identify(.) by extension 'ignore'
[0.142s] Level 1:colcon.colcon_core.package_identification:_identify(.) by extension 'ignore_ament_install'
[0.142s] Level 1:colcon.colcon_core.package_identification:_identify(.) by extensions ['colcon_pkg']
[0.142s] Level 1:colcon.colcon_core.package_identification:_identify(.) by extension 'colcon_pkg'
[0.142s] Level 1:colcon.colcon_core.package_identification:_identify(.) by extensions ['colcon_meta']
[0.142s] Level 1:colcon.colcon_core.package_identification:_identify(.) by extension 'colcon_meta'
[0.142s] Level 1:colcon.colcon_core.package_identification:_identify(.) by extensions ['ros']
[0.142s] Level 1:colcon.colcon_core.package_identification:_identify(.) by extension 'ros'
[0.150s] Level 1:colcon.colcon_core.package_identification:_identify(.) by extensions ['cmake', 'python']
[0.150s] Level 1:colcon.colcon_core.package_identification:_identify(.) by extension 'cmake'
[0.150s] Level 1:colcon.colcon_core.package_identification:_identify(.) by extension 'python'
[0.150s] Level 1:colcon.colcon_core.package_identification:_identify(.) by extensions ['python_setup_py']
[0.150s] Level 1:colcon.colcon_core.package_identification:_identify(.) by extension 'python_setup_py'
[0.150s] Level 1:colcon.colcon_core.package_identification:_identify(build) by extensions ['ignore', 'ignore_ament_install']
[0.150s] Level 1:colcon.colcon_core.package_identification:_identify(build) by extension 'ignore'
[0.150s] Level 1:colcon.colcon_core.package_identification:_identify(build) ignored
[0.150s] Level 1:colcon.colcon_core.package_identification:_identify(install) by extensions ['ignore', 'ignore_ament_install']
[0.150s] Level 1:colcon.colcon_core.package_identification:_identify(install) by extension 'ignore'
[0.150s] Level 1:colcon.colcon_core.package_identification:_identify(install) ignored
[0.150s] Level 1:colcon.colcon_core.package_identification:_identify(log) by extensions ['ignore', 'ignore_ament_install']
[0.150s] Level 1:colcon.colcon_core.package_identification:_identify(log) by extension 'ignore'
[0.151s] Level 1:colcon.colcon_core.package_identification:_identify(log) ignored
[0.151s] Level 1:colcon.colcon_core.package_identification:_identify(src) by extensions ['ignore', 'ignore_ament_install']
[0.151s] Level 1:colcon.colcon_core.package_identification:_identify(src) by extension 'ignore'
[0.151s] Level 1:colcon.colcon_core.package_identification:_identify(src) by extension 'ignore_ament_install'
[0.151s] Level 1:colcon.colcon_core.package_identification:_identify(src) by extensions ['colcon_pkg']
[0.151s] Level 1:colcon.colcon_core.package_identification:_identify(src) by extension 'colcon_pkg'
[0.151s] Level 1:colcon.colcon_core.package_identification:_identify(src) by extensions ['colcon_meta']
[0.151s] Level 1:colcon.colcon_core.package_identification:_identify(src) by extension 'colcon_meta'
[0.151s] Level 1:colcon.colcon_core.package_identification:_identify(src) by extensions ['ros']
[0.151s] Level 1:colcon.colcon_core.package_identification:_identify(src) by extension 'ros'
[0.151s] Level 1:colcon.colcon_core.package_identification:_identify(src) by extensions ['cmake', 'python']
[0.151s] Level 1:colcon.colcon_core.package_identification:_identify(src) by extension 'cmake'
[0.151s] Level 1:colcon.colcon_core.package_identification:_identify(src) by extension 'python'
[0.151s] Level 1:colcon.colcon_core.package_identification:_identify(src) by extensions ['python_setup_py']
[0.151s] Level 1:colcon.colcon_core.package_identification:_identify(src) by extension 'python_setup_py'
[0.151s] Level 1:colcon.colcon_core.package_identification:_identify(src/my_box_bot_description) by extensions ['ignore', 'ignore_ament_install']
[0.151s] Level 1:colcon.colcon_core.package_identification:_identify(src/my_box_bot_description) by extension 'ignore'
[0.151s] Level 1:colcon.colcon_core.package_identification:_identify(src/my_box_bot_description) by extension 'ignore_ament_install'
[0.151s] Level 1:colcon.colcon_core.package_identification:_identify(src/my_box_bot_description) by extensions ['colcon_pkg']
[0.151s] Level 1:colcon.colcon_core.package_identification:_identify(src/my_box_bot_description) by extension 'colcon_pkg'
[0.151s] Level 1:colcon.colcon_core.package_identification:_identify(src/my_box_bot_description) by extensions ['colcon_meta']
[0.151s] Level 1:colcon.colcon_core.package_identification:_identify(src/my_box_bot_description) by extension 'colcon_meta'
[0.151s] Level 1:colcon.colcon_core.package_identification:_identify(src/my_box_bot_description) by extensions ['ros']
[0.151s] Level 1:colcon.colcon_core.package_identification:_identify(src/my_box_bot_description) by extension 'ros'
[0.152s] DEBUG:colcon.colcon_core.package_identification:Package 'src/my_box_bot_description' with type 'ros.ament_cmake' and name 'my_box_bot_description'
[0.153s] Level 1:colcon.colcon_core.package_identification:_identify(src/my_box_bot_gazebo) by extensions ['ignore', 'ignore_ament_install']
[0.153s] Level 1:colcon.colcon_core.package_identification:_identify(src/my_box_bot_gazebo) by extension 'ignore'
[0.153s] Level 1:colcon.colcon_core.package_identification:_identify(src/my_box_bot_gazebo) by extension 'ignore_ament_install'
[0.153s] Level 1:colcon.colcon_core.package_identification:_identify(src/my_box_bot_gazebo) by extensions ['colcon_pkg']
[0.153s] Level 1:colcon.colcon_core.package_identification:_identify(src/my_box_bot_gazebo) by extension 'colcon_pkg'
[0.153s] Level 1:colcon.colcon_core.package_identification:_identify(src/my_box_bot_gazebo) by extensions ['colcon_meta']
[0.153s] Level 1:colcon.colcon_core.package_identification:_identify(src/my_box_bot_gazebo) by extension 'colcon_meta'
[0.153s] Level 1:colcon.colcon_core.package_identification:_identify(src/my_box_bot_gazebo) by extensions ['ros']
[0.153s] Level 1:colcon.colcon_core.package_identification:_identify(src/my_box_bot_gazebo) by extension 'ros'
[0.153s] DEBUG:colcon.colcon_core.package_identification:Package 'src/my_box_bot_gazebo' with type 'ros.ament_cmake' and name 'my_box_bot_gazebo'
[0.153s] Level 1:colcon.colcon_core.package_discovery:discover_packages(recursive) using defaults
[0.153s] Level 1:colcon.colcon_core.package_discovery:discover_packages(ignore) discover
[0.153s] Level 1:colcon.colcon_core.package_discovery:discover_packages(ignore) using defaults
[0.153s] Level 1:colcon.colcon_core.package_discovery:discover_packages(path) discover
[0.153s] Level 1:colcon.colcon_core.package_discovery:discover_packages(path) using defaults
[0.165s] Level 1:colcon.colcon_core.package_discovery:discover_packages(prefix_path) check parameters
[0.165s] Level 1:colcon.colcon_core.package_discovery:discover_packages(prefix_path) discover
[0.166s] DEBUG:colcon.colcon_installed_package_information.package_discovery:Found 276 installed packages in /opt/ros/humble
[0.167s] Level 1:colcon.colcon_core.package_discovery:discover_packages(prefix_path) using defaults
[0.196s] Level 5:colcon.colcon_core.verb:set package 'my_box_bot_description' build argument 'cmake_args' from command line to 'None'
[0.196s] Level 5:colcon.colcon_core.verb:set package 'my_box_bot_description' build argument 'cmake_target' from command line to 'None'
[0.196s] Level 5:colcon.colcon_core.verb:set package 'my_box_bot_description' build argument 'cmake_target_skip_unavailable' from command line to 'False'
[0.196s] Level 5:colcon.colcon_core.verb:set package 'my_box_bot_description' build argument 'cmake_clean_cache' from command line to 'False'
[0.196s] Level 5:colcon.colcon_core.verb:set package 'my_box_bot_description' build argument 'cmake_clean_first' from command line to 'False'
[0.196s] Level 5:colcon.colcon_core.verb:set package 'my_box_bot_description' build argument 'cmake_force_configure' from command line to 'False'
[0.196s] Level 5:colcon.colcon_core.verb:set package 'my_box_bot_description' build argument 'ament_cmake_args' from command line to 'None'
[0.196s] Level 5:colcon.colcon_core.verb:set package 'my_box_bot_description' build argument 'catkin_cmake_args' from command line to 'None'
[0.196s] Level 5:colcon.colcon_core.verb:set package 'my_box_bot_description' build argument 'catkin_skip_building_tests' from command line to 'False'
[0.196s] DEBUG:colcon.colcon_core.verb:Building package 'my_box_bot_description' with the following arguments: {'ament_cmake_args': None, 'build_base': '/home/llagoeiro/Desktop/Hiperion---ELA220/build/my_box_bot_description', 'catkin_cmake_args': None, 'catkin_skip_building_tests': False, 'cmake_args': None, 'cmake_clean_cache': False, 'cmake_clean_first': False, 'cmake_force_configure': False, 'cmake_target': None, 'cmake_target_skip_unavailable': False, 'install_base': '/home/llagoeiro/Desktop/Hiperion---ELA220/install/my_box_bot_description', 'merge_install': False, 'path': '/home/llagoeiro/Desktop/Hiperion---ELA220/src/my_box_bot_description', 'symlink_install': False, 'test_result_base': None}
[0.196s] Level 5:colcon.colcon_core.verb:set package 'my_box_bot_gazebo' build argument 'cmake_args' from command line to 'None'
[0.196s] Level 5:colcon.colcon_core.verb:set package 'my_box_bot_gazebo' build argument 'cmake_target' from command line to 'None'
[0.196s] Level 5:colcon.colcon_core.verb:set package 'my_box_bot_gazebo' build argument 'cmake_target_skip_unavailable' from command line to 'False'
[0.196s] Level 5:colcon.colcon_core.verb:set package 'my_box_bot_gazebo' build argument 'cmake_clean_cache' from command line to 'False'
[0.196s] Level 5:colcon.colcon_core.verb:set package 'my_box_bot_gazebo' build argument 'cmake_clean_first' from command line to 'False'
[0.196s] Level 5:colcon.colcon_core.verb:set package 'my_box_bot_gazebo' build argument 'cmake_force_configure' from command line to 'False'
[0.196s] Level 5:colcon.colcon_core.verb:set package 'my_box_bot_gazebo' build argument 'ament_cmake_args' from command line to 'None'
[0.196s] Level 5:colcon.colcon_core.verb:set package 'my_box_bot_gazebo' build argument 'catkin_cmake_args' from command line to 'None'
[0.196s] Level 5:colcon.colcon_core.verb:set package 'my_box_bot_gazebo' build argument 'catkin_skip_building_tests' from command line to 'False'
[0.196s] DEBUG:colcon.colcon_core.verb:Building package 'my_box_bot_gazebo' with the following arguments: {'ament_cmake_args': None, 'build_base': '/home/llagoeiro/Desktop/Hiperion---ELA220/build/my_box_bot_gazebo', 'catkin_cmake_args': None, 'catkin_skip_building_tests': False, 'cmake_args': None, 'cmake_clean_cache': False, 'cmake_clean_first': False, 'cmake_force_configure': False, 'cmake_target': None, 'cmake_target_skip_unavailable': False, 'install_base': '/home/llagoeiro/Desktop/Hiperion---ELA220/install/my_box_bot_gazebo', 'merge_install': False, 'path': '/home/llagoeiro/Desktop/Hiperion---ELA220/src/my_box_bot_gazebo', 'symlink_install': False, 'test_result_base': None}
[0.196s] INFO:colcon.colcon_core.executor:Executing jobs using 'parallel' executor
[0.197s] DEBUG:colcon.colcon_parallel_executor.executor.parallel:run_until_complete
[0.197s] INFO:colcon.colcon_ros.task.ament_cmake.build:Building ROS package in '/home/llagoeiro/Desktop/Hiperion---ELA220/src/my_box_bot_description' with build type 'ament_cmake'
[0.197s] INFO:colcon.colcon_cmake.task.cmake.build:Building CMake package in '/home/llagoeiro/Desktop/Hiperion---ELA220/src/my_box_bot_description'
[0.198s] INFO:colcon.colcon_core.plugin_system:Skipping extension 'colcon_core.shell.bat': Not used on non-Windows systems
[0.199s] INFO:colcon.colcon_core.shell:Skip shell extension 'powershell' for command environment: Not usable outside of PowerShell
[0.199s] DEBUG:colcon.colcon_core.shell:Skip shell extension 'dsv' for command environment
[0.203s] DEBUG:colcon.colcon_core.event_handler.log_command:Invoking command in '/home/llagoeiro/Desktop/Hiperion---ELA220/build/my_box_bot_description': CMAKE_PREFIX_PATH=/opt/ros/humble /usr/bin/cmake /home/llagoeiro/Desktop/Hiperion---ELA220/src/my_box_bot_description -DCMAKE_INSTALL_PREFIX=/home/llagoeiro/Desktop/Hiperion---ELA220/install/my_box_bot_description
[0.609s] DEBUG:colcon.colcon_core.event_handler.log_command:Invoked command in '/home/llagoeiro/Desktop/Hiperion---ELA220/build/my_box_bot_description' returned '0': CMAKE_PREFIX_PATH=/opt/ros/humble /usr/bin/cmake /home/llagoeiro/Desktop/Hiperion---ELA220/src/my_box_bot_description -DCMAKE_INSTALL_PREFIX=/home/llagoeiro/Desktop/Hiperion---ELA220/install/my_box_bot_description
[0.609s] DEBUG:colcon.colcon_core.event_handler.log_command:Invoking command in '/home/llagoeiro/Desktop/Hiperion---ELA220/build/my_box_bot_description': CMAKE_PREFIX_PATH=/opt/ros/humble /usr/bin/cmake --build /home/llagoeiro/Desktop/Hiperion---ELA220/build/my_box_bot_description -- -j12 -l12
[0.637s] DEBUG:colcon.colcon_core.event_handler.log_command:Invoked command in '/home/llagoeiro/Desktop/Hiperion---ELA220/build/my_box_bot_description' returned '0': CMAKE_PREFIX_PATH=/opt/ros/humble /usr/bin/cmake --build /home/llagoeiro/Desktop/Hiperion---ELA220/build/my_box_bot_description -- -j12 -l12
[0.655s] DEBUG:colcon.colcon_core.event_handler.log_command:Invoking command in '/home/llagoeiro/Desktop/Hiperion---ELA220/build/my_box_bot_description': CMAKE_PREFIX_PATH=/opt/ros/humble /usr/bin/cmake --install /home/llagoeiro/Desktop/Hiperion---ELA220/build/my_box_bot_description
[0.664s] Level 1:colcon.colcon_core.environment:create_environment_scripts_only(my_box_bot_description)
[0.664s] DEBUG:colcon.colcon_core.event_handler.log_command:Invoked command in '/home/llagoeiro/Desktop/Hiperion---ELA220/build/my_box_bot_description' returned '0': CMAKE_PREFIX_PATH=/opt/ros/humble /usr/bin/cmake --install /home/llagoeiro/Desktop/Hiperion---ELA220/build/my_box_bot_description
[0.665s] Level 1:colcon.colcon_core.environment:checking '/home/llagoeiro/Desktop/Hiperion---ELA220/install/my_box_bot_description' for CMake module files
[0.666s] Level 1:colcon.colcon_core.environment:checking '/home/llagoeiro/Desktop/Hiperion---ELA220/install/my_box_bot_description' for CMake config files
[0.666s] Level 1:colcon.colcon_core.shell:create_environment_hook('my_box_bot_description', 'cmake_prefix_path')
[0.666s] INFO:colcon.colcon_core.shell:Creating environment hook '/home/llagoeiro/Desktop/Hiperion---ELA220/install/my_box_bot_description/share/my_box_bot_description/hook/cmake_prefix_path.ps1'
[0.666s] INFO:colcon.colcon_core.shell:Creating environment descriptor '/home/llagoeiro/Desktop/Hiperion---ELA220/install/my_box_bot_description/share/my_box_bot_description/hook/cmake_prefix_path.dsv'
[0.666s] INFO:colcon.colcon_core.shell:Creating environment hook '/home/llagoeiro/Desktop/Hiperion---ELA220/install/my_box_bot_description/share/my_box_bot_description/hook/cmake_prefix_path.sh'
[0.667s] Level 1:colcon.colcon_core.environment:checking '/home/llagoeiro/Desktop/Hiperion---ELA220/install/my_box_bot_description/bin'
[0.667s] Level 1:colcon.colcon_core.environment:checking '/home/llagoeiro/Desktop/Hiperion---ELA220/install/my_box_bot_description/lib/pkgconfig/my_box_bot_description.pc'
[0.667s] Level 1:colcon.colcon_core.environment:checking '/home/llagoeiro/Desktop/Hiperion---ELA220/install/my_box_bot_description/lib/python3.10/site-packages'
[0.667s] Level 1:colcon.colcon_core.environment:checking '/home/llagoeiro/Desktop/Hiperion---ELA220/install/my_box_bot_description/bin'
[0.667s] INFO:colcon.colcon_core.shell:Creating package script '/home/llagoeiro/Desktop/Hiperion---ELA220/install/my_box_bot_description/share/my_box_bot_description/package.ps1'
[0.668s] INFO:colcon.colcon_core.shell:Creating package descriptor '/home/llagoeiro/Desktop/Hiperion---ELA220/install/my_box_bot_description/share/my_box_bot_description/package.dsv'
[0.668s] INFO:colcon.colcon_core.shell:Creating package script '/home/llagoeiro/Desktop/Hiperion---ELA220/install/my_box_bot_description/share/my_box_bot_description/package.sh'
[0.669s] INFO:colcon.colcon_core.shell:Creating package script '/home/llagoeiro/Desktop/Hiperion---ELA220/install/my_box_bot_description/share/my_box_bot_description/package.bash'
[0.669s] INFO:colcon.colcon_core.shell:Creating package script '/home/llagoeiro/Desktop/Hiperion---ELA220/install/my_box_bot_description/share/my_box_bot_description/package.zsh'
[0.670s] Level 1:colcon.colcon_core.environment:create_file_with_runtime_dependencies(/home/llagoeiro/Desktop/Hiperion---ELA220/install/my_box_bot_description/share/colcon-core/packages/my_box_bot_description)
[0.682s] Level 1:colcon.colcon_core.environment:create_environment_scripts_only(my_box_bot_description)
[0.683s] Level 1:colcon.colcon_core.environment:checking '/home/llagoeiro/Desktop/Hiperion---ELA220/install/my_box_bot_description' for CMake module files
[0.683s] Level 1:colcon.colcon_core.environment:checking '/home/llagoeiro/Desktop/Hiperion---ELA220/install/my_box_bot_description' for CMake config files
[0.683s] Level 1:colcon.colcon_core.shell:create_environment_hook('my_box_bot_description', 'cmake_prefix_path')
[0.684s] INFO:colcon.colcon_core.shell:Creating environment hook '/home/llagoeiro/Desktop/Hiperion---ELA220/install/my_box_bot_description/share/my_box_bot_description/hook/cmake_prefix_path.ps1'
[0.684s] INFO:colcon.colcon_core.shell:Creating environment descriptor '/home/llagoeiro/Desktop/Hiperion---ELA220/install/my_box_bot_description/share/my_box_bot_description/hook/cmake_prefix_path.dsv'
[0.684s] INFO:colcon.colcon_core.shell:Creating environment hook '/home/llagoeiro/Desktop/Hiperion---ELA220/install/my_box_bot_description/share/my_box_bot_description/hook/cmake_prefix_path.sh'
[0.685s] Level 1:colcon.colcon_core.environment:checking '/home/llagoeiro/Desktop/Hiperion---ELA220/install/my_box_bot_description/bin'
[0.685s] Level 1:colcon.colcon_core.environment:checking '/home/llagoeiro/Desktop/Hiperion---ELA220/install/my_box_bot_description/lib/pkgconfig/my_box_bot_description.pc'
[0.685s] Level 1:colcon.colcon_core.environment:checking '/home/llagoeiro/Desktop/Hiperion---ELA220/install/my_box_bot_description/lib/python3.10/site-packages'
[0.685s] Level 1:colcon.colcon_core.environment:checking '/home/llagoeiro/Desktop/Hiperion---ELA220/install/my_box_bot_description/bin'
[0.685s] INFO:colcon.colcon_core.shell:Creating package script '/home/llagoeiro/Desktop/Hiperion---ELA220/install/my_box_bot_description/share/my_box_bot_description/package.ps1'
[0.685s] INFO:colcon.colcon_core.shell:Creating package descriptor '/home/llagoeiro/Desktop/Hiperion---ELA220/install/my_box_bot_description/share/my_box_bot_description/package.dsv'
[0.686s] INFO:colcon.colcon_core.shell:Creating package script '/home/llagoeiro/Desktop/Hiperion---ELA220/install/my_box_bot_description/share/my_box_bot_description/package.sh'
[0.686s] INFO:colcon.colcon_core.shell:Creating package script '/home/llagoeiro/Desktop/Hiperion---ELA220/install/my_box_bot_description/share/my_box_bot_description/package.bash'
[0.686s] INFO:colcon.colcon_core.shell:Creating package script '/home/llagoeiro/Desktop/Hiperion---ELA220/install/my_box_bot_description/share/my_box_bot_description/package.zsh'
[0.686s] Level 1:colcon.colcon_core.environment:create_file_with_runtime_dependencies(/home/llagoeiro/Desktop/Hiperion---ELA220/install/my_box_bot_description/share/colcon-core/packages/my_box_bot_description)
[0.687s] INFO:colcon.colcon_ros.task.ament_cmake.build:Building ROS package in '/home/llagoeiro/Desktop/Hiperion---ELA220/src/my_box_bot_gazebo' with build type 'ament_cmake'
[0.687s] INFO:colcon.colcon_cmake.task.cmake.build:Building CMake package in '/home/llagoeiro/Desktop/Hiperion---ELA220/src/my_box_bot_gazebo'
[0.687s] INFO:colcon.colcon_core.shell:Skip shell extension 'powershell' for command environment: Not usable outside of PowerShell
[0.687s] DEBUG:colcon.colcon_core.shell:Skip shell extension 'dsv' for command environment
[0.692s] DEBUG:colcon.colcon_core.event_handler.log_command:Invoking command in '/home/llagoeiro/Desktop/Hiperion---ELA220/build/my_box_bot_gazebo': AMENT_PREFIX_PATH=/home/llagoeiro/Desktop/Hiperion---ELA220/install/my_box_bot_description:${AMENT_PREFIX_PATH} CMAKE_PREFIX_PATH=/home/llagoeiro/Desktop/Hiperion---ELA220/install/my_box_bot_description:/opt/ros/humble /usr/bin/cmake /home/llagoeiro/Desktop/Hiperion---ELA220/src/my_box_bot_gazebo -DCMAKE_INSTALL_PREFIX=/home/llagoeiro/Desktop/Hiperion---ELA220/install/my_box_bot_gazebo
[1.957s] DEBUG:colcon.colcon_core.event_handler.log_command:Invoked command in '/home/llagoeiro/Desktop/Hiperion---ELA220/build/my_box_bot_gazebo' returned '0': AMENT_PREFIX_PATH=/home/llagoeiro/Desktop/Hiperion---ELA220/install/my_box_bot_description:${AMENT_PREFIX_PATH} CMAKE_PREFIX_PATH=/home/llagoeiro/Desktop/Hiperion---ELA220/install/my_box_bot_description:/opt/ros/humble /usr/bin/cmake /home/llagoeiro/Desktop/Hiperion---ELA220/src/my_box_bot_gazebo -DCMAKE_INSTALL_PREFIX=/home/llagoeiro/Desktop/Hiperion---ELA220/install/my_box_bot_gazebo
[1.957s] DEBUG:colcon.colcon_core.event_handler.log_command:Invoking command in '/home/llagoeiro/Desktop/Hiperion---ELA220/build/my_box_bot_gazebo': AMENT_PREFIX_PATH=/home/llagoeiro/Desktop/Hiperion---ELA220/install/my_box_bot_description:${AMENT_PREFIX_PATH} CMAKE_PREFIX_PATH=/home/llagoeiro/Desktop/Hiperion---ELA220/install/my_box_bot_description:/opt/ros/humble /usr/bin/cmake --build /home/llagoeiro/Desktop/Hiperion---ELA220/build/my_box_bot_gazebo -- -j12 -l12
[1.982s] DEBUG:colcon.colcon_core.event_handler.log_command:Invoked command in '/home/llagoeiro/Desktop/Hiperion---ELA220/build/my_box_bot_gazebo' returned '0': AMENT_PREFIX_PATH=/home/llagoeiro/Desktop/Hiperion---ELA220/install/my_box_bot_description:${AMENT_PREFIX_PATH} CMAKE_PREFIX_PATH=/home/llagoeiro/Desktop/Hiperion---ELA220/install/my_box_bot_description:/opt/ros/humble /usr/bin/cmake --build /home/llagoeiro/Desktop/Hiperion---ELA220/build/my_box_bot_gazebo -- -j12 -l12
[1.996s] DEBUG:colcon.colcon_core.event_handler.log_command:Invoking command in '/home/llagoeiro/Desktop/Hiperion---ELA220/build/my_box_bot_gazebo': AMENT_PREFIX_PATH=/home/llagoeiro/Desktop/Hiperion---ELA220/install/my_box_bot_description:${AMENT_PREFIX_PATH} CMAKE_PREFIX_PATH=/home/llagoeiro/Desktop/Hiperion---ELA220/install/my_box_bot_description:/opt/ros/humble /usr/bin/cmake --install /home/llagoeiro/Desktop/Hiperion---ELA220/build/my_box_bot_gazebo
[2.003s] Level 1:colcon.colcon_core.environment:create_environment_scripts_only(my_box_bot_gazebo)
[2.004s] Level 1:colcon.colcon_core.environment:checking '/home/llagoeiro/Desktop/Hiperion---ELA220/install/my_box_bot_gazebo' for CMake module files
[2.004s] DEBUG:colcon.colcon_core.event_handler.log_command:Invoked command in '/home/llagoeiro/Desktop/Hiperion---ELA220/build/my_box_bot_gazebo' returned '0': AMENT_PREFIX_PATH=/home/llagoeiro/Desktop/Hiperion---ELA220/install/my_box_bot_description:${AMENT_PREFIX_PATH} CMAKE_PREFIX_PATH=/home/llagoeiro/Desktop/Hiperion---ELA220/install/my_box_bot_description:/opt/ros/humble /usr/bin/cmake --install /home/llagoeiro/Desktop/Hiperion---ELA220/build/my_box_bot_gazebo
[2.004s] Level 1:colcon.colcon_core.environment:checking '/home/llagoeiro/Desktop/Hiperion---ELA220/install/my_box_bot_gazebo' for CMake config files
[2.004s] Level 1:colcon.colcon_core.shell:create_environment_hook('my_box_bot_gazebo', 'cmake_prefix_path')
[2.004s] INFO:colcon.colcon_core.shell:Creating environment hook '/home/llagoeiro/Desktop/Hiperion---ELA220/install/my_box_bot_gazebo/share/my_box_bot_gazebo/hook/cmake_prefix_path.ps1'
[2.005s] INFO:colcon.colcon_core.shell:Creating environment descriptor '/home/llagoeiro/Desktop/Hiperion---ELA220/install/my_box_bot_gazebo/share/my_box_bot_gazebo/hook/cmake_prefix_path.dsv'
[2.005s] INFO:colcon.colcon_core.shell:Creating environment hook '/home/llagoeiro/Desktop/Hiperion---ELA220/install/my_box_bot_gazebo/share/my_box_bot_gazebo/hook/cmake_prefix_path.sh'
[2.005s] Level 1:colcon.colcon_core.environment:checking '/home/llagoeiro/Desktop/Hiperion---ELA220/install/my_box_bot_gazebo/bin'
[2.005s] Level 1:colcon.colcon_core.environment:checking '/home/llagoeiro/Desktop/Hiperion---ELA220/install/my_box_bot_gazebo/lib/pkgconfig/my_box_bot_gazebo.pc'
[2.005s] Level 1:colcon.colcon_core.environment:checking '/home/llagoeiro/Desktop/Hiperion---ELA220/install/my_box_bot_gazebo/lib/python3.10/site-packages'
[2.005s] Level 1:colcon.colcon_core.environment:checking '/home/llagoeiro/Desktop/Hiperion---ELA220/install/my_box_bot_gazebo/bin'
[2.006s] INFO:colcon.colcon_core.shell:Creating package script '/home/llagoeiro/Desktop/Hiperion---ELA220/install/my_box_bot_gazebo/share/my_box_bot_gazebo/package.ps1'
[2.006s] INFO:colcon.colcon_core.shell:Creating package descriptor '/home/llagoeiro/Desktop/Hiperion---ELA220/install/my_box_bot_gazebo/share/my_box_bot_gazebo/package.dsv'
[2.006s] INFO:colcon.colcon_core.shell:Creating package script '/home/llagoeiro/Desktop/Hiperion---ELA220/install/my_box_bot_gazebo/share/my_box_bot_gazebo/package.sh'
[2.006s] INFO:colcon.colcon_core.shell:Creating package script '/home/llagoeiro/Desktop/Hiperion---ELA220/install/my_box_bot_gazebo/share/my_box_bot_gazebo/package.bash'
[2.006s] INFO:colcon.colcon_core.shell:Creating package script '/home/llagoeiro/Desktop/Hiperion---ELA220/install/my_box_bot_gazebo/share/my_box_bot_gazebo/package.zsh'
[2.007s] Level 1:colcon.colcon_core.environment:create_file_with_runtime_dependencies(/home/llagoeiro/Desktop/Hiperion---ELA220/install/my_box_bot_gazebo/share/colcon-core/packages/my_box_bot_gazebo)
[2.020s] Level 1:colcon.colcon_core.environment:create_environment_scripts_only(my_box_bot_gazebo)
[2.020s] Level 1:colcon.colcon_core.environment:checking '/home/llagoeiro/Desktop/Hiperion---ELA220/install/my_box_bot_gazebo' for CMake module files
[2.021s] Level 1:colcon.colcon_core.environment:checking '/home/llagoeiro/Desktop/Hiperion---ELA220/install/my_box_bot_gazebo' for CMake config files
[2.021s] Level 1:colcon.colcon_core.shell:create_environment_hook('my_box_bot_gazebo', 'cmake_prefix_path')
[2.021s] INFO:colcon.colcon_core.shell:Creating environment hook '/home/llagoeiro/Desktop/Hiperion---ELA220/install/my_box_bot_gazebo/share/my_box_bot_gazebo/hook/cmake_prefix_path.ps1'
[2.021s] INFO:colcon.colcon_core.shell:Creating environment descriptor '/home/llagoeiro/Desktop/Hiperion---ELA220/install/my_box_bot_gazebo/share/my_box_bot_gazebo/hook/cmake_prefix_path.dsv'
[2.021s] INFO:colcon.colcon_core.shell:Creating environment hook '/home/llagoeiro/Desktop/Hiperion---ELA220/install/my_box_bot_gazebo/share/my_box_bot_gazebo/hook/cmake_prefix_path.sh'
[2.022s] Level 1:colcon.colcon_core.environment:checking '/home/llagoeiro/Desktop/Hiperion---ELA220/install/my_box_bot_gazebo/bin'
[2.022s] Level 1:colcon.colcon_core.environment:checking '/home/llagoeiro/Desktop/Hiperion---ELA220/install/my_box_bot_gazebo/lib/pkgconfig/my_box_bot_gazebo.pc'
[2.022s] Level 1:colcon.colcon_core.environment:checking '/home/llagoeiro/Desktop/Hiperion---ELA220/install/my_box_bot_gazebo/lib/python3.10/site-packages'
[2.022s] Level 1:colcon.colcon_core.environment:checking '/home/llagoeiro/Desktop/Hiperion---ELA220/install/my_box_bot_gazebo/bin'
[2.022s] INFO:colcon.colcon_core.shell:Creating package script '/home/llagoeiro/Desktop/Hiperion---ELA220/install/my_box_bot_gazebo/share/my_box_bot_gazebo/package.ps1'
[2.022s] INFO:colcon.colcon_core.shell:Creating package descriptor '/home/llagoeiro/Desktop/Hiperion---ELA220/install/my_box_bot_gazebo/share/my_box_bot_gazebo/package.dsv'
[2.023s] INFO:colcon.colcon_core.shell:Creating package script '/home/llagoeiro/Desktop/Hiperion---ELA220/install/my_box_bot_gazebo/share/my_box_bot_gazebo/package.sh'
[2.023s] INFO:colcon.colcon_core.shell:Creating package script '/home/llagoeiro/Desktop/Hiperion---ELA220/install/my_box_bot_gazebo/share/my_box_bot_gazebo/package.bash'
[2.023s] INFO:colcon.colcon_core.shell:Creating package script '/home/llagoeiro/Desktop/Hiperion---ELA220/install/my_box_bot_gazebo/share/my_box_bot_gazebo/package.zsh'
[2.023s] Level 1:colcon.colcon_core.environment:create_file_with_runtime_dependencies(/home/llagoeiro/Desktop/Hiperion---ELA220/install/my_box_bot_gazebo/share/colcon-core/packages/my_box_bot_gazebo)
[2.023s] DEBUG:colcon.colcon_parallel_executor.executor.parallel:closing loop
[2.023s] DEBUG:colcon.colcon_parallel_executor.executor.parallel:loop closed
[2.023s] DEBUG:colcon.colcon_parallel_executor.executor.parallel:run_until_complete finished with '0'
[2.023s] DEBUG:colcon.colcon_core.event_reactor:joining thread
[2.027s] INFO:colcon.colcon_core.plugin_system:Skipping extension 'colcon_notification.desktop_notification.terminal_notifier': Not used on non-Darwin systems
[2.027s] INFO:colcon.colcon_core.plugin_system:Skipping extension 'colcon_notification.desktop_notification.win32': Not used on non-Windows systems
[2.027s] INFO:colcon.colcon_notification.desktop_notification:Sending desktop notification using 'notify2'
[2.035s] DEBUG:colcon.colcon_core.event_reactor:joined thread
[2.035s] INFO:colcon.colcon_core.shell:Creating prefix script '/home/llagoeiro/Desktop/Hiperion---ELA220/install/local_setup.ps1'
[2.036s] INFO:colcon.colcon_core.shell:Creating prefix util module '/home/llagoeiro/Desktop/Hiperion---ELA220/install/_local_setup_util_ps1.py'
[2.037s] INFO:colcon.colcon_core.shell:Creating prefix chain script '/home/llagoeiro/Desktop/Hiperion---ELA220/install/setup.ps1'
[2.037s] INFO:colcon.colcon_core.shell:Creating prefix script '/home/llagoeiro/Desktop/Hiperion---ELA220/install/local_setup.sh'
[2.038s] INFO:colcon.colcon_core.shell:Creating prefix util module '/home/llagoeiro/Desktop/Hiperion---ELA220/install/_local_setup_util_sh.py'
[2.038s] INFO:colcon.colcon_core.shell:Creating prefix chain script '/home/llagoeiro/Desktop/Hiperion---ELA220/install/setup.sh'
[2.038s] INFO:colcon.colcon_core.shell:Creating prefix script '/home/llagoeiro/Desktop/Hiperion---ELA220/install/local_setup.bash'
[2.039s] INFO:colcon.colcon_core.shell:Creating prefix chain script '/home/llagoeiro/Desktop/Hiperion---ELA220/install/setup.bash'
[2.039s] INFO:colcon.colcon_core.shell:Creating prefix script '/home/llagoeiro/Desktop/Hiperion---ELA220/install/local_setup.zsh'
[2.039s] INFO:colcon.colcon_core.shell:Creating prefix chain script '/home/llagoeiro/Desktop/Hiperion---ELA220/install/setup.zsh'
