[0.476s] DEBUG:colcon:Command line arguments: ['/usr/bin/colcon', 'build']
[0.476s] DEBUG:colcon:Parsed command line arguments: Namespace(log_base=None, log_level=None, verb_name='build', build_base='build', install_base='install', merge_install=False, symlink_install=False, test_result_base=None, continue_on_error=False, executor='parallel', parallel_workers=4, event_handlers=None, ignore_user_meta=False, metas=['./colcon.meta'], base_paths=['.'], packages_ignore=None, packages_ignore_regex=None, paths=None, packages_up_to=None, packages_up_to_regex=None, packages_above=None, packages_above_and_dependencies=None, packages_above_depth=None, packages_select_by_dep=None, packages_skip_by_dep=None, packages_skip_up_to=None, packages_select_build_failed=False, packages_skip_build_finished=False, packages_select_test_failures=False, packages_skip_test_passed=False, packages_select=None, packages_skip=None, packages_select_regex=None, packages_skip_regex=None, packages_start=None, packages_end=None, allow_overriding=[], cmake_args=None, cmake_target=None, cmake_target_skip_unavailable=False, cmake_clean_cache=False, cmake_clean_first=False, cmake_force_configure=False, ament_cmake_args=None, catkin_cmake_args=None, catkin_skip_building_tests=False, verb_parser=<colcon_defaults.argument_parser.defaults.DefaultArgumentsDecorator object at 0xffffb1f50c40>, verb_extension=<colcon_core.verb.build.BuildVerb object at 0xffffb206d810>, main=<bound method BuildVerb.main of <colcon_core.verb.build.BuildVerb object at 0xffffb206d810>>)
[1.393s] Level 1:colcon.colcon_core.package_discovery:discover_packages(colcon_meta) check parameters
[1.393s] Level 1:colcon.colcon_core.package_discovery:discover_packages(recursive) check parameters
[1.394s] Level 1:colcon.colcon_core.package_discovery:discover_packages(ignore) check parameters
[1.394s] Level 1:colcon.colcon_core.package_discovery:discover_packages(path) check parameters
[1.394s] Level 1:colcon.colcon_core.package_discovery:discover_packages(colcon_meta) discover
[1.394s] Level 1:colcon.colcon_core.package_discovery:discover_packages(recursive) discover
[1.394s] INFO:colcon.colcon_core.package_discovery:Crawling recursively for packages in '/home/wall-e/Desktop/manip_ws'
[1.395s] Level 1:colcon.colcon_core.package_identification:_identify(.) by extensions ['ignore', 'ignore_ament_install']
[1.395s] Level 1:colcon.colcon_core.package_identification:_identify(.) by extension 'ignore'
[1.395s] Level 1:colcon.colcon_core.package_identification:_identify(.) by extension 'ignore_ament_install'
[1.396s] Level 1:colcon.colcon_core.package_identification:_identify(.) by extensions ['colcon_pkg']
[1.396s] Level 1:colcon.colcon_core.package_identification:_identify(.) by extension 'colcon_pkg'
[1.396s] Level 1:colcon.colcon_core.package_identification:_identify(.) by extensions ['colcon_meta']
[1.396s] Level 1:colcon.colcon_core.package_identification:_identify(.) by extension 'colcon_meta'
[1.396s] Level 1:colcon.colcon_core.package_identification:_identify(.) by extensions ['ros']
[1.396s] Level 1:colcon.colcon_core.package_identification:_identify(.) by extension 'ros'
[1.446s] Level 1:colcon.colcon_core.package_identification:_identify(.) by extensions ['cmake', 'python']
[1.447s] Level 1:colcon.colcon_core.package_identification:_identify(.) by extension 'cmake'
[1.447s] Level 1:colcon.colcon_core.package_identification:_identify(.) by extension 'python'
[1.447s] Level 1:colcon.colcon_core.package_identification:_identify(.) by extensions ['python_setup_py']
[1.447s] Level 1:colcon.colcon_core.package_identification:_identify(.) by extension 'python_setup_py'
[1.448s] Level 1:colcon.colcon_core.package_identification:_identify(build) by extensions ['ignore', 'ignore_ament_install']
[1.449s] Level 1:colcon.colcon_core.package_identification:_identify(build) by extension 'ignore'
[1.450s] Level 1:colcon.colcon_core.package_identification:_identify(build) ignored
[1.451s] Level 1:colcon.colcon_core.package_identification:_identify(install) by extensions ['ignore', 'ignore_ament_install']
[1.451s] Level 1:colcon.colcon_core.package_identification:_identify(install) by extension 'ignore'
[1.452s] Level 1:colcon.colcon_core.package_identification:_identify(install) ignored
[1.453s] Level 1:colcon.colcon_core.package_identification:_identify(log) by extensions ['ignore', 'ignore_ament_install']
[1.453s] Level 1:colcon.colcon_core.package_identification:_identify(log) by extension 'ignore'
[1.454s] Level 1:colcon.colcon_core.package_identification:_identify(log) ignored
[1.454s] Level 1:colcon.colcon_core.package_identification:_identify(src) by extensions ['ignore', 'ignore_ament_install']
[1.455s] Level 1:colcon.colcon_core.package_identification:_identify(src) by extension 'ignore'
[1.455s] Level 1:colcon.colcon_core.package_identification:_identify(src) by extension 'ignore_ament_install'
[1.455s] Level 1:colcon.colcon_core.package_identification:_identify(src) by extensions ['colcon_pkg']
[1.455s] Level 1:colcon.colcon_core.package_identification:_identify(src) by extension 'colcon_pkg'
[1.455s] Level 1:colcon.colcon_core.package_identification:_identify(src) by extensions ['colcon_meta']
[1.455s] Level 1:colcon.colcon_core.package_identification:_identify(src) by extension 'colcon_meta'
[1.456s] Level 1:colcon.colcon_core.package_identification:_identify(src) by extensions ['ros']
[1.456s] Level 1:colcon.colcon_core.package_identification:_identify(src) by extension 'ros'
[1.456s] Level 1:colcon.colcon_core.package_identification:_identify(src) by extensions ['cmake', 'python']
[1.456s] Level 1:colcon.colcon_core.package_identification:_identify(src) by extension 'cmake'
[1.457s] Level 1:colcon.colcon_core.package_identification:_identify(src) by extension 'python'
[1.457s] Level 1:colcon.colcon_core.package_identification:_identify(src) by extensions ['python_setup_py']
[1.457s] Level 1:colcon.colcon_core.package_identification:_identify(src) by extension 'python_setup_py'
[1.458s] Level 1:colcon.colcon_core.package_identification:_identify(src/manip_pkg) by extensions ['ignore', 'ignore_ament_install']
[1.459s] Level 1:colcon.colcon_core.package_identification:_identify(src/manip_pkg) by extension 'ignore'
[1.460s] Level 1:colcon.colcon_core.package_identification:_identify(src/manip_pkg) by extension 'ignore_ament_install'
[1.460s] Level 1:colcon.colcon_core.package_identification:_identify(src/manip_pkg) by extensions ['colcon_pkg']
[1.461s] Level 1:colcon.colcon_core.package_identification:_identify(src/manip_pkg) by extension 'colcon_pkg'
[1.461s] Level 1:colcon.colcon_core.package_identification:_identify(src/manip_pkg) by extensions ['colcon_meta']
[1.462s] Level 1:colcon.colcon_core.package_identification:_identify(src/manip_pkg) by extension 'colcon_meta'
[1.462s] Level 1:colcon.colcon_core.package_identification:_identify(src/manip_pkg) by extensions ['ros']
[1.462s] Level 1:colcon.colcon_core.package_identification:_identify(src/manip_pkg) by extension 'ros'
[1.474s] DEBUG:colcon.colcon_core.package_identification:Package 'src/manip_pkg' with type 'ros.ament_python' and name 'manip_pkg'
[1.475s] Level 1:colcon.colcon_core.package_discovery:discover_packages(recursive) using defaults
[1.475s] Level 1:colcon.colcon_core.package_discovery:discover_packages(ignore) discover
[1.475s] Level 1:colcon.colcon_core.package_discovery:discover_packages(ignore) using defaults
[1.476s] Level 1:colcon.colcon_core.package_discovery:discover_packages(path) discover
[1.476s] Level 1:colcon.colcon_core.package_discovery:discover_packages(path) using defaults
[1.568s] Level 1:colcon.colcon_core.package_discovery:discover_packages(prefix_path) check parameters
[1.568s] Level 1:colcon.colcon_core.package_discovery:discover_packages(prefix_path) discover
[1.572s] WARNING:colcon.colcon_ros.prefix_path.ament:The path '/home/wall-e/Desktop/manip_ws/install/manip_pkg' in the environment variable AMENT_PREFIX_PATH doesn't exist
[1.577s] DEBUG:colcon.colcon_installed_package_information.package_discovery:Found 0 installed packages in /home/wall-e/Desktop/manip_ws/install
[1.585s] DEBUG:colcon.colcon_installed_package_information.package_discovery:Found 275 installed packages in /opt/ros/humble
[1.637s] Level 1:colcon.colcon_core.package_discovery:discover_packages(prefix_path) using defaults
[1.813s] Level 5:colcon.colcon_core.verb:set package 'manip_pkg' build argument 'cmake_args' from command line to 'None'
[1.813s] Level 5:colcon.colcon_core.verb:set package 'manip_pkg' build argument 'cmake_target' from command line to 'None'
[1.814s] Level 5:colcon.colcon_core.verb:set package 'manip_pkg' build argument 'cmake_target_skip_unavailable' from command line to 'False'
[1.814s] Level 5:colcon.colcon_core.verb:set package 'manip_pkg' build argument 'cmake_clean_cache' from command line to 'False'
[1.814s] Level 5:colcon.colcon_core.verb:set package 'manip_pkg' build argument 'cmake_clean_first' from command line to 'False'
[1.814s] Level 5:colcon.colcon_core.verb:set package 'manip_pkg' build argument 'cmake_force_configure' from command line to 'False'
[1.814s] Level 5:colcon.colcon_core.verb:set package 'manip_pkg' build argument 'ament_cmake_args' from command line to 'None'
[1.814s] Level 5:colcon.colcon_core.verb:set package 'manip_pkg' build argument 'catkin_cmake_args' from command line to 'None'
[1.814s] Level 5:colcon.colcon_core.verb:set package 'manip_pkg' build argument 'catkin_skip_building_tests' from command line to 'False'
[1.814s] DEBUG:colcon.colcon_core.verb:Building package 'manip_pkg' with the following arguments: {'ament_cmake_args': None, 'build_base': '/home/wall-e/Desktop/manip_ws/build/manip_pkg', 'catkin_cmake_args': None, 'catkin_skip_building_tests': False, 'cmake_args': None, 'cmake_clean_cache': False, 'cmake_clean_first': False, 'cmake_force_configure': False, 'cmake_target': None, 'cmake_target_skip_unavailable': False, 'install_base': '/home/wall-e/Desktop/manip_ws/install/manip_pkg', 'merge_install': False, 'path': '/home/wall-e/Desktop/manip_ws/src/manip_pkg', 'symlink_install': False, 'test_result_base': None}
[1.815s] INFO:colcon.colcon_core.executor:Executing jobs using 'parallel' executor
[1.818s] DEBUG:colcon.colcon_parallel_executor.executor.parallel:run_until_complete
[1.819s] INFO:colcon.colcon_ros.task.ament_python.build:Building ROS package in '/home/wall-e/Desktop/manip_ws/src/manip_pkg' with build type 'ament_python'
[1.820s] Level 1:colcon.colcon_core.shell:create_environment_hook('manip_pkg', 'ament_prefix_path')
[1.829s] INFO:colcon.colcon_core.plugin_system:Skipping extension 'colcon_core.shell.bat': Not used on non-Windows systems
[1.830s] INFO:colcon.colcon_core.shell:Creating environment hook '/home/wall-e/Desktop/manip_ws/install/manip_pkg/share/manip_pkg/hook/ament_prefix_path.ps1'
[1.833s] INFO:colcon.colcon_core.shell:Creating environment descriptor '/home/wall-e/Desktop/manip_ws/install/manip_pkg/share/manip_pkg/hook/ament_prefix_path.dsv'
[1.836s] INFO:colcon.colcon_core.shell:Creating environment hook '/home/wall-e/Desktop/manip_ws/install/manip_pkg/share/manip_pkg/hook/ament_prefix_path.sh'
[1.839s] INFO:colcon.colcon_core.shell:Skip shell extension 'powershell' for command environment: Not usable outside of PowerShell
[1.839s] DEBUG:colcon.colcon_core.shell:Skip shell extension 'dsv' for command environment
[3.062s] INFO:colcon.colcon_core.task.python.build:Building Python package in '/home/wall-e/Desktop/manip_ws/src/manip_pkg'
[3.063s] INFO:colcon.colcon_core.shell:Skip shell extension 'powershell' for command environment: Not usable outside of PowerShell
[3.063s] DEBUG:colcon.colcon_core.shell:Skip shell extension 'dsv' for command environment
[4.548s] DEBUG:colcon.colcon_core.event_handler.log_command:Invoking command in '/home/wall-e/Desktop/manip_ws/src/manip_pkg': PYTHONPATH=/home/wall-e/Desktop/manip_ws/build/manip_pkg/prefix_override:/home/wall-e/Desktop/manip_ws/install/manip_pkg/lib/python3.10/site-packages:${PYTHONPATH} /usr/bin/python3 -W ignore:setup.py install is deprecated setup.py egg_info --egg-base ../../build/manip_pkg build --build-base /home/wall-e/Desktop/manip_ws/build/manip_pkg/build install --record /home/wall-e/Desktop/manip_ws/build/manip_pkg/install.log --single-version-externally-managed install_data
[5.933s] DEBUG:colcon.colcon_core.event_handler.log_command:Invoked command in '/home/wall-e/Desktop/manip_ws/src/manip_pkg' returned '0': PYTHONPATH=/home/wall-e/Desktop/manip_ws/build/manip_pkg/prefix_override:/home/wall-e/Desktop/manip_ws/install/manip_pkg/lib/python3.10/site-packages:${PYTHONPATH} /usr/bin/python3 -W ignore:setup.py install is deprecated setup.py egg_info --egg-base ../../build/manip_pkg build --build-base /home/wall-e/Desktop/manip_ws/build/manip_pkg/build install --record /home/wall-e/Desktop/manip_ws/build/manip_pkg/install.log --single-version-externally-managed install_data
[5.942s] Level 1:colcon.colcon_core.environment:checking '/home/wall-e/Desktop/manip_ws/install/manip_pkg' for CMake module files
[5.944s] Level 1:colcon.colcon_core.environment:checking '/home/wall-e/Desktop/manip_ws/install/manip_pkg' for CMake config files
[5.948s] Level 1:colcon.colcon_core.environment:checking '/home/wall-e/Desktop/manip_ws/install/manip_pkg/lib'
[5.949s] Level 1:colcon.colcon_core.environment:checking '/home/wall-e/Desktop/manip_ws/install/manip_pkg/bin'
[5.950s] Level 1:colcon.colcon_core.environment:checking '/home/wall-e/Desktop/manip_ws/install/manip_pkg/lib/pkgconfig/manip_pkg.pc'
[5.951s] Level 1:colcon.colcon_core.environment:checking '/home/wall-e/Desktop/manip_ws/install/manip_pkg/lib/python3.10/site-packages'
[5.951s] Level 1:colcon.colcon_core.shell:create_environment_hook('manip_pkg', 'pythonpath')
[5.952s] INFO:colcon.colcon_core.shell:Creating environment hook '/home/wall-e/Desktop/manip_ws/install/manip_pkg/share/manip_pkg/hook/pythonpath.ps1'
[5.954s] INFO:colcon.colcon_core.shell:Creating environment descriptor '/home/wall-e/Desktop/manip_ws/install/manip_pkg/share/manip_pkg/hook/pythonpath.dsv'
[5.955s] INFO:colcon.colcon_core.shell:Creating environment hook '/home/wall-e/Desktop/manip_ws/install/manip_pkg/share/manip_pkg/hook/pythonpath.sh'
[5.958s] Level 1:colcon.colcon_core.environment:checking '/home/wall-e/Desktop/manip_ws/install/manip_pkg/bin'
[5.958s] Level 1:colcon.colcon_core.environment:create_environment_scripts_only(manip_pkg)
[5.959s] INFO:colcon.colcon_core.shell:Creating package script '/home/wall-e/Desktop/manip_ws/install/manip_pkg/share/manip_pkg/package.ps1'
[5.962s] INFO:colcon.colcon_core.shell:Creating package descriptor '/home/wall-e/Desktop/manip_ws/install/manip_pkg/share/manip_pkg/package.dsv'
[5.965s] INFO:colcon.colcon_core.shell:Creating package script '/home/wall-e/Desktop/manip_ws/install/manip_pkg/share/manip_pkg/package.sh'
[5.968s] INFO:colcon.colcon_core.shell:Creating package script '/home/wall-e/Desktop/manip_ws/install/manip_pkg/share/manip_pkg/package.bash'
[5.970s] INFO:colcon.colcon_core.shell:Creating package script '/home/wall-e/Desktop/manip_ws/install/manip_pkg/share/manip_pkg/package.zsh'
[5.973s] Level 1:colcon.colcon_core.environment:create_file_with_runtime_dependencies(/home/wall-e/Desktop/manip_ws/install/manip_pkg/share/colcon-core/packages/manip_pkg)
[5.974s] DEBUG:colcon.colcon_parallel_executor.executor.parallel:closing loop
[5.975s] DEBUG:colcon.colcon_parallel_executor.executor.parallel:loop closed
[5.975s] DEBUG:colcon.colcon_parallel_executor.executor.parallel:run_until_complete finished with '0'
[5.976s] DEBUG:colcon.colcon_core.event_reactor:joining thread
[5.996s] INFO:colcon.colcon_core.plugin_system:Skipping extension 'colcon_notification.desktop_notification.terminal_notifier': Not used on non-Darwin systems
[5.996s] INFO:colcon.colcon_core.plugin_system:Skipping extension 'colcon_notification.desktop_notification.win32': Not used on non-Windows systems
[5.996s] INFO:colcon.colcon_notification.desktop_notification:Sending desktop notification using 'notify2'
[6.043s] DEBUG:colcon.colcon_core.event_reactor:joined thread
[6.044s] INFO:colcon.colcon_core.shell:Creating prefix script '/home/wall-e/Desktop/manip_ws/install/local_setup.ps1'
[6.048s] INFO:colcon.colcon_core.shell:Creating prefix util module '/home/wall-e/Desktop/manip_ws/install/_local_setup_util_ps1.py'
[6.054s] INFO:colcon.colcon_core.shell:Creating prefix chain script '/home/wall-e/Desktop/manip_ws/install/setup.ps1'
[6.059s] INFO:colcon.colcon_core.shell:Creating prefix script '/home/wall-e/Desktop/manip_ws/install/local_setup.sh'
[6.062s] INFO:colcon.colcon_core.shell:Creating prefix util module '/home/wall-e/Desktop/manip_ws/install/_local_setup_util_sh.py'
[6.064s] INFO:colcon.colcon_core.shell:Creating prefix chain script '/home/wall-e/Desktop/manip_ws/install/setup.sh'
[6.068s] INFO:colcon.colcon_core.shell:Creating prefix script '/home/wall-e/Desktop/manip_ws/install/local_setup.bash'
[6.071s] INFO:colcon.colcon_core.shell:Creating prefix chain script '/home/wall-e/Desktop/manip_ws/install/setup.bash'
[6.076s] INFO:colcon.colcon_core.shell:Creating prefix script '/home/wall-e/Desktop/manip_ws/install/local_setup.zsh'
[6.078s] INFO:colcon.colcon_core.shell:Creating prefix chain script '/home/wall-e/Desktop/manip_ws/install/setup.zsh'
