[0.489s] DEBUG:colcon:Command line arguments: ['/usr/bin/colcon', 'build', '--symlink-install']
[0.489s] DEBUG:colcon:Parsed command line arguments: Namespace(log_base=None, log_level=None, verb_name='build', build_base='build', install_base='install', merge_install=False, symlink_install=True, test_result_base=None, continue_on_error=False, executor='parallel', parallel_workers=4, event_handlers=None, ignore_user_meta=False, metas=['./colcon.meta'], base_paths=['.'], packages_ignore=None, packages_ignore_regex=None, paths=None, packages_up_to=None, packages_up_to_regex=None, packages_above=None, packages_above_and_dependencies=None, packages_above_depth=None, packages_select_by_dep=None, packages_skip_by_dep=None, packages_skip_up_to=None, packages_select_build_failed=False, packages_skip_build_finished=False, packages_select_test_failures=False, packages_skip_test_passed=False, packages_select=None, packages_skip=None, packages_select_regex=None, packages_skip_regex=None, packages_start=None, packages_end=None, allow_overriding=[], cmake_args=None, cmake_target=None, cmake_target_skip_unavailable=False, cmake_clean_cache=False, cmake_clean_first=False, cmake_force_configure=False, ament_cmake_args=None, catkin_cmake_args=None, catkin_skip_building_tests=False, verb_parser=<colcon_defaults.argument_parser.defaults.DefaultArgumentsDecorator object at 0xffff86b10c10>, verb_extension=<colcon_core.verb.build.BuildVerb object at 0xffff86c2d7e0>, main=<bound method BuildVerb.main of <colcon_core.verb.build.BuildVerb object at 0xffff86c2d7e0>>)
[1.420s] Level 1:colcon.colcon_core.package_discovery:discover_packages(colcon_meta) check parameters
[1.420s] Level 1:colcon.colcon_core.package_discovery:discover_packages(recursive) check parameters
[1.421s] Level 1:colcon.colcon_core.package_discovery:discover_packages(ignore) check parameters
[1.421s] Level 1:colcon.colcon_core.package_discovery:discover_packages(path) check parameters
[1.422s] Level 1:colcon.colcon_core.package_discovery:discover_packages(colcon_meta) discover
[1.422s] Level 1:colcon.colcon_core.package_discovery:discover_packages(recursive) discover
[1.422s] INFO:colcon.colcon_core.package_discovery:Crawling recursively for packages in '/home/wall-e/Desktop/manip_ws'
[1.423s] Level 1:colcon.colcon_core.package_identification:_identify(.) by extensions ['ignore', 'ignore_ament_install']
[1.423s] Level 1:colcon.colcon_core.package_identification:_identify(.) by extension 'ignore'
[1.423s] Level 1:colcon.colcon_core.package_identification:_identify(.) by extension 'ignore_ament_install'
[1.423s] Level 1:colcon.colcon_core.package_identification:_identify(.) by extensions ['colcon_pkg']
[1.424s] Level 1:colcon.colcon_core.package_identification:_identify(.) by extension 'colcon_pkg'
[1.424s] Level 1:colcon.colcon_core.package_identification:_identify(.) by extensions ['colcon_meta']
[1.424s] Level 1:colcon.colcon_core.package_identification:_identify(.) by extension 'colcon_meta'
[1.424s] Level 1:colcon.colcon_core.package_identification:_identify(.) by extensions ['ros']
[1.424s] Level 1:colcon.colcon_core.package_identification:_identify(.) by extension 'ros'
[1.476s] Level 1:colcon.colcon_core.package_identification:_identify(.) by extensions ['cmake', 'python']
[1.476s] Level 1:colcon.colcon_core.package_identification:_identify(.) by extension 'cmake'
[1.476s] Level 1:colcon.colcon_core.package_identification:_identify(.) by extension 'python'
[1.476s] Level 1:colcon.colcon_core.package_identification:_identify(.) by extensions ['python_setup_py']
[1.476s] Level 1:colcon.colcon_core.package_identification:_identify(.) by extension 'python_setup_py'
[1.477s] Level 1:colcon.colcon_core.package_identification:_identify(build) by extensions ['ignore', 'ignore_ament_install']
[1.477s] Level 1:colcon.colcon_core.package_identification:_identify(build) by extension 'ignore'
[1.477s] Level 1:colcon.colcon_core.package_identification:_identify(build) ignored
[1.478s] Level 1:colcon.colcon_core.package_identification:_identify(install) by extensions ['ignore', 'ignore_ament_install']
[1.478s] Level 1:colcon.colcon_core.package_identification:_identify(install) by extension 'ignore'
[1.479s] Level 1:colcon.colcon_core.package_identification:_identify(install) ignored
[1.479s] Level 1:colcon.colcon_core.package_identification:_identify(log) by extensions ['ignore', 'ignore_ament_install']
[1.479s] Level 1:colcon.colcon_core.package_identification:_identify(log) by extension 'ignore'
[1.480s] Level 1:colcon.colcon_core.package_identification:_identify(log) ignored
[1.480s] Level 1:colcon.colcon_core.package_identification:_identify(src) by extensions ['ignore', 'ignore_ament_install']
[1.480s] Level 1:colcon.colcon_core.package_identification:_identify(src) by extension 'ignore'
[1.480s] Level 1:colcon.colcon_core.package_identification:_identify(src) by extension 'ignore_ament_install'
[1.481s] Level 1:colcon.colcon_core.package_identification:_identify(src) by extensions ['colcon_pkg']
[1.481s] Level 1:colcon.colcon_core.package_identification:_identify(src) by extension 'colcon_pkg'
[1.481s] Level 1:colcon.colcon_core.package_identification:_identify(src) by extensions ['colcon_meta']
[1.481s] Level 1:colcon.colcon_core.package_identification:_identify(src) by extension 'colcon_meta'
[1.481s] Level 1:colcon.colcon_core.package_identification:_identify(src) by extensions ['ros']
[1.481s] Level 1:colcon.colcon_core.package_identification:_identify(src) by extension 'ros'
[1.482s] Level 1:colcon.colcon_core.package_identification:_identify(src) by extensions ['cmake', 'python']
[1.482s] Level 1:colcon.colcon_core.package_identification:_identify(src) by extension 'cmake'
[1.483s] Level 1:colcon.colcon_core.package_identification:_identify(src) by extension 'python'
[1.483s] Level 1:colcon.colcon_core.package_identification:_identify(src) by extensions ['python_setup_py']
[1.483s] Level 1:colcon.colcon_core.package_identification:_identify(src) by extension 'python_setup_py'
[1.484s] Level 1:colcon.colcon_core.package_identification:_identify(src/manip_pkg) by extensions ['ignore', 'ignore_ament_install']
[1.484s] Level 1:colcon.colcon_core.package_identification:_identify(src/manip_pkg) by extension 'ignore'
[1.484s] Level 1:colcon.colcon_core.package_identification:_identify(src/manip_pkg) by extension 'ignore_ament_install'
[1.484s] Level 1:colcon.colcon_core.package_identification:_identify(src/manip_pkg) by extensions ['colcon_pkg']
[1.485s] Level 1:colcon.colcon_core.package_identification:_identify(src/manip_pkg) by extension 'colcon_pkg'
[1.485s] Level 1:colcon.colcon_core.package_identification:_identify(src/manip_pkg) by extensions ['colcon_meta']
[1.485s] Level 1:colcon.colcon_core.package_identification:_identify(src/manip_pkg) by extension 'colcon_meta'
[1.485s] Level 1:colcon.colcon_core.package_identification:_identify(src/manip_pkg) by extensions ['ros']
[1.485s] Level 1:colcon.colcon_core.package_identification:_identify(src/manip_pkg) by extension 'ros'
[1.494s] DEBUG:colcon.colcon_core.package_identification:Package 'src/manip_pkg' with type 'ros.ament_python' and name 'manip_pkg'
[1.494s] Level 1:colcon.colcon_core.package_discovery:discover_packages(recursive) using defaults
[1.494s] Level 1:colcon.colcon_core.package_discovery:discover_packages(ignore) discover
[1.495s] Level 1:colcon.colcon_core.package_discovery:discover_packages(ignore) using defaults
[1.495s] Level 1:colcon.colcon_core.package_discovery:discover_packages(path) discover
[1.495s] Level 1:colcon.colcon_core.package_discovery:discover_packages(path) using defaults
[1.575s] Level 1:colcon.colcon_core.package_discovery:discover_packages(prefix_path) check parameters
[1.575s] Level 1:colcon.colcon_core.package_discovery:discover_packages(prefix_path) discover
[1.584s] DEBUG:colcon.colcon_installed_package_information.package_discovery:Found 1 installed packages in /home/wall-e/Desktop/manip_ws/install
[1.593s] DEBUG:colcon.colcon_installed_package_information.package_discovery:Found 275 installed packages in /opt/ros/humble
[1.644s] Level 1:colcon.colcon_core.package_discovery:discover_packages(prefix_path) using defaults
[1.826s] Level 5:colcon.colcon_core.verb:set package 'manip_pkg' build argument 'cmake_args' from command line to 'None'
[1.826s] Level 5:colcon.colcon_core.verb:set package 'manip_pkg' build argument 'cmake_target' from command line to 'None'
[1.827s] Level 5:colcon.colcon_core.verb:set package 'manip_pkg' build argument 'cmake_target_skip_unavailable' from command line to 'False'
[1.827s] Level 5:colcon.colcon_core.verb:set package 'manip_pkg' build argument 'cmake_clean_cache' from command line to 'False'
[1.827s] Level 5:colcon.colcon_core.verb:set package 'manip_pkg' build argument 'cmake_clean_first' from command line to 'False'
[1.827s] Level 5:colcon.colcon_core.verb:set package 'manip_pkg' build argument 'cmake_force_configure' from command line to 'False'
[1.827s] Level 5:colcon.colcon_core.verb:set package 'manip_pkg' build argument 'ament_cmake_args' from command line to 'None'
[1.827s] Level 5:colcon.colcon_core.verb:set package 'manip_pkg' build argument 'catkin_cmake_args' from command line to 'None'
[1.827s] Level 5:colcon.colcon_core.verb:set package 'manip_pkg' build argument 'catkin_skip_building_tests' from command line to 'False'
[1.828s] DEBUG:colcon.colcon_core.verb:Building package 'manip_pkg' with the following arguments: {'ament_cmake_args': None, 'build_base': '/home/wall-e/Desktop/manip_ws/build/manip_pkg', 'catkin_cmake_args': None, 'catkin_skip_building_tests': False, 'cmake_args': None, 'cmake_clean_cache': False, 'cmake_clean_first': False, 'cmake_force_configure': False, 'cmake_target': None, 'cmake_target_skip_unavailable': False, 'install_base': '/home/wall-e/Desktop/manip_ws/install/manip_pkg', 'merge_install': False, 'path': '/home/wall-e/Desktop/manip_ws/src/manip_pkg', 'symlink_install': True, 'test_result_base': None}
[1.828s] INFO:colcon.colcon_core.executor:Executing jobs using 'parallel' executor
[1.831s] DEBUG:colcon.colcon_parallel_executor.executor.parallel:run_until_complete
[1.833s] INFO:colcon.colcon_ros.task.ament_python.build:Building ROS package in '/home/wall-e/Desktop/manip_ws/src/manip_pkg' with build type 'ament_python'
[1.833s] Level 1:colcon.colcon_core.shell:create_environment_hook('manip_pkg', 'ament_prefix_path')
[1.843s] INFO:colcon.colcon_core.plugin_system:Skipping extension 'colcon_core.shell.bat': Not used on non-Windows systems
[1.844s] INFO:colcon.colcon_core.shell:Creating environment hook '/home/wall-e/Desktop/manip_ws/install/manip_pkg/share/manip_pkg/hook/ament_prefix_path.ps1'
[1.847s] INFO:colcon.colcon_core.shell:Creating environment descriptor '/home/wall-e/Desktop/manip_ws/install/manip_pkg/share/manip_pkg/hook/ament_prefix_path.dsv'
[1.849s] INFO:colcon.colcon_core.shell:Creating environment hook '/home/wall-e/Desktop/manip_ws/install/manip_pkg/share/manip_pkg/hook/ament_prefix_path.sh'
[1.853s] INFO:colcon.colcon_core.shell:Skip shell extension 'powershell' for command environment: Not usable outside of PowerShell
[1.854s] DEBUG:colcon.colcon_core.shell:Skip shell extension 'dsv' for command environment
[3.265s] INFO:colcon.colcon_core.task.python.build:Building Python package in '/home/wall-e/Desktop/manip_ws/src/manip_pkg'
[3.266s] INFO:colcon.colcon_core.shell:Skip shell extension 'powershell' for command environment: Not usable outside of PowerShell
[3.266s] DEBUG:colcon.colcon_core.shell:Skip shell extension 'dsv' for command environment
[4.849s] DEBUG:colcon.colcon_core.task.python.build:While undoing a previous installation files outside the Python library path are being ignored: /home/wall-e/Desktop/manip_ws/install/manip_pkg/share/ament_index/resource_index/packages/manip_pkg
[4.849s] DEBUG:colcon.colcon_core.task.python.build:While undoing a previous installation files outside the Python library path are being ignored: /home/wall-e/Desktop/manip_ws/install/manip_pkg/share/manip_pkg/package.xml
[4.850s] DEBUG:colcon.colcon_core.task.python.build:While undoing a previous installation files outside the Python library path are being ignored: /home/wall-e/Desktop/manip_ws/install/manip_pkg/lib/manip_pkg/main_node
[4.867s] DEBUG:colcon.colcon_core.event_handler.log_command:Invoking command in '/home/wall-e/Desktop/manip_ws/build/manip_pkg': PYTHONPATH=/home/wall-e/Desktop/manip_ws/build/manip_pkg/prefix_override:/home/wall-e/Desktop/manip_ws/install/manip_pkg/lib/python3.10/site-packages:${PYTHONPATH} /usr/bin/python3 -W ignore:setup.py install is deprecated setup.py develop --editable --build-directory /home/wall-e/Desktop/manip_ws/build/manip_pkg/build --no-deps symlink_data --force
[7.097s] Level 1:colcon.colcon_core.shell:create_environment_hook('manip_pkg', 'pythonpath_develop')
[7.102s] INFO:colcon.colcon_core.shell:Creating environment hook '/home/wall-e/Desktop/manip_ws/build/manip_pkg/share/manip_pkg/hook/pythonpath_develop.ps1'
[7.103s] DEBUG:colcon.colcon_core.event_handler.log_command:Invoked command in '/home/wall-e/Desktop/manip_ws/build/manip_pkg' returned '0': PYTHONPATH=/home/wall-e/Desktop/manip_ws/build/manip_pkg/prefix_override:/home/wall-e/Desktop/manip_ws/install/manip_pkg/lib/python3.10/site-packages:${PYTHONPATH} /usr/bin/python3 -W ignore:setup.py install is deprecated setup.py develop --editable --build-directory /home/wall-e/Desktop/manip_ws/build/manip_pkg/build --no-deps symlink_data --force
[7.105s] INFO:colcon.colcon_core.shell:Creating environment descriptor '/home/wall-e/Desktop/manip_ws/build/manip_pkg/share/manip_pkg/hook/pythonpath_develop.dsv'
[7.107s] INFO:colcon.colcon_core.shell:Creating environment hook '/home/wall-e/Desktop/manip_ws/build/manip_pkg/share/manip_pkg/hook/pythonpath_develop.sh'
[7.121s] Level 1:colcon.colcon_core.environment:checking '/home/wall-e/Desktop/manip_ws/install/manip_pkg' for CMake module files
[7.123s] Level 1:colcon.colcon_core.environment:checking '/home/wall-e/Desktop/manip_ws/install/manip_pkg' for CMake config files
[7.127s] Level 1:colcon.colcon_core.environment:checking '/home/wall-e/Desktop/manip_ws/install/manip_pkg/lib'
[7.127s] Level 1:colcon.colcon_core.environment:checking '/home/wall-e/Desktop/manip_ws/install/manip_pkg/bin'
[7.128s] Level 1:colcon.colcon_core.environment:checking '/home/wall-e/Desktop/manip_ws/install/manip_pkg/lib/pkgconfig/manip_pkg.pc'
[7.128s] Level 1:colcon.colcon_core.environment:checking '/home/wall-e/Desktop/manip_ws/install/manip_pkg/lib/python3.10/site-packages'
[7.129s] Level 1:colcon.colcon_core.shell:create_environment_hook('manip_pkg', 'pythonpath')
[7.130s] INFO:colcon.colcon_core.shell:Creating environment hook '/home/wall-e/Desktop/manip_ws/install/manip_pkg/share/manip_pkg/hook/pythonpath.ps1'
[7.132s] INFO:colcon.colcon_core.shell:Creating environment descriptor '/home/wall-e/Desktop/manip_ws/install/manip_pkg/share/manip_pkg/hook/pythonpath.dsv'
[7.133s] INFO:colcon.colcon_core.shell:Creating environment hook '/home/wall-e/Desktop/manip_ws/install/manip_pkg/share/manip_pkg/hook/pythonpath.sh'
[7.136s] Level 1:colcon.colcon_core.environment:checking '/home/wall-e/Desktop/manip_ws/install/manip_pkg/bin'
[7.136s] Level 1:colcon.colcon_core.environment:create_environment_scripts_only(manip_pkg)
[7.138s] INFO:colcon.colcon_core.shell:Creating package script '/home/wall-e/Desktop/manip_ws/install/manip_pkg/share/manip_pkg/package.ps1'
[7.141s] INFO:colcon.colcon_core.shell:Creating package descriptor '/home/wall-e/Desktop/manip_ws/install/manip_pkg/share/manip_pkg/package.dsv'
[7.144s] INFO:colcon.colcon_core.shell:Creating package script '/home/wall-e/Desktop/manip_ws/install/manip_pkg/share/manip_pkg/package.sh'
[7.148s] INFO:colcon.colcon_core.shell:Creating package script '/home/wall-e/Desktop/manip_ws/install/manip_pkg/share/manip_pkg/package.bash'
[7.151s] INFO:colcon.colcon_core.shell:Creating package script '/home/wall-e/Desktop/manip_ws/install/manip_pkg/share/manip_pkg/package.zsh'
[7.154s] Level 1:colcon.colcon_core.environment:create_file_with_runtime_dependencies(/home/wall-e/Desktop/manip_ws/install/manip_pkg/share/colcon-core/packages/manip_pkg)
[7.155s] DEBUG:colcon.colcon_parallel_executor.executor.parallel:closing loop
[7.156s] DEBUG:colcon.colcon_parallel_executor.executor.parallel:loop closed
[7.157s] DEBUG:colcon.colcon_parallel_executor.executor.parallel:run_until_complete finished with '0'
[7.157s] DEBUG:colcon.colcon_core.event_reactor:joining thread
[7.181s] INFO:colcon.colcon_core.plugin_system:Skipping extension 'colcon_notification.desktop_notification.terminal_notifier': Not used on non-Darwin systems
[7.181s] INFO:colcon.colcon_core.plugin_system:Skipping extension 'colcon_notification.desktop_notification.win32': Not used on non-Windows systems
[7.181s] INFO:colcon.colcon_notification.desktop_notification:Sending desktop notification using 'notify2'
[7.239s] DEBUG:colcon.colcon_core.event_reactor:joined thread
[7.241s] INFO:colcon.colcon_core.shell:Creating prefix script '/home/wall-e/Desktop/manip_ws/install/local_setup.ps1'
[7.246s] INFO:colcon.colcon_core.shell:Creating prefix util module '/home/wall-e/Desktop/manip_ws/install/_local_setup_util_ps1.py'
[7.253s] INFO:colcon.colcon_core.shell:Creating prefix chain script '/home/wall-e/Desktop/manip_ws/install/setup.ps1'
[7.259s] INFO:colcon.colcon_core.shell:Creating prefix script '/home/wall-e/Desktop/manip_ws/install/local_setup.sh'
[7.263s] INFO:colcon.colcon_core.shell:Creating prefix util module '/home/wall-e/Desktop/manip_ws/install/_local_setup_util_sh.py'
[7.267s] INFO:colcon.colcon_core.shell:Creating prefix chain script '/home/wall-e/Desktop/manip_ws/install/setup.sh'
[7.273s] INFO:colcon.colcon_core.shell:Creating prefix script '/home/wall-e/Desktop/manip_ws/install/local_setup.bash'
[7.276s] INFO:colcon.colcon_core.shell:Creating prefix chain script '/home/wall-e/Desktop/manip_ws/install/setup.bash'
[7.283s] INFO:colcon.colcon_core.shell:Creating prefix script '/home/wall-e/Desktop/manip_ws/install/local_setup.zsh'
[7.286s] INFO:colcon.colcon_core.shell:Creating prefix chain script '/home/wall-e/Desktop/manip_ws/install/setup.zsh'
